make all --print-data-base --no-builtin-variables --no-builtin-rules --question
make: *** No rule to make target 'all'.  Stop.

# GNU Make 4.3
# Built for x86_64-pc-linux-gnu
# Copyright (C) 1988-2020 Free Software Foundation, Inc.
# License GPLv3+: GNU GPL version 3 or later <http://gnu.org/licenses/gpl.html>
# This is free software: you are free to change and redistribute it.
# There is NO WARRANTY, to the extent permitted by law.

# Make data base, printed on Thu Jun  2 20:31:56 2022

# Variables

# environment
LC_ALL = C
# environment
VSCODE_CWD = /home/debian
# default
MAKE_COMMAND := make
# environment
VSCODE_HANDLES_SIGPIPE = true
# automatic
@D = $(patsubst %/,%,$(dir $@))
# environment
VSCODE_HANDLES_UNCAUGHT_ERRORS = true
# default
.VARIABLES := 
# environment
PWD = /home/debian/School/personal/Just-C
# automatic
%D = $(patsubst %/,%,$(dir $%))
# environment
LSCOLORS = Gxfxcxdxbxegedabagacad
# environment
OLDPWD = /home/debian
# automatic
^D = $(patsubst %/,%,$(dir $^))
# environment
VSCODE_LOG_STACK = false
# automatic
%F = $(notdir $%)
# environment
LANG = C
# default
.LOADED := 
# default
.INCLUDE_DIRS = /usr/local/include /usr/include /usr/include
# makefile
MAKEFLAGS = pqrR
# makefile
CURDIR := /home/debian/School/personal/Just-C
# environment
VSCODE_PIPE_LOGGING = true
# environment
APPLICATION_INSIGHTS_NO_DIAGNOSTIC_CHANNEL = true
# automatic
*D = $(patsubst %/,%,$(dir $*))
# environment
MFLAGS = -pqrR
# default
.SHELLFLAGS := -c
# automatic
+D = $(patsubst %/,%,$(dir $+))
# makefile
MAKEFILE_LIST := 
# automatic
@F = $(notdir $@)
# environment
ZSH = /home/debian/.oh-my-zsh
# environment
VSCODE_VERBOSE_LOGGING = true
# environment
XDG_SESSION_TYPE = tty
# automatic
?D = $(patsubst %/,%,$(dir $?))
# automatic
*F = $(notdir $*)
# environment
DBUS_SESSION_BUS_ADDRESS = unix:path=/run/user/1000/bus
# automatic
<D = $(patsubst %/,%,$(dir $<))
# environment
VSCODE_NLS_CONFIG = {"locale":"en","availableLanguages":{}}
# default
MAKE_HOST := x86_64-pc-linux-gnu
# makefile
SHELL = /bin/sh
# default
MAKECMDGOALS := all
# environment
DENO_INSTALL = /home/debian/.deno
# environment
SHLVL = 1
# environment
MAKELEVEL := 0
# default
MAKE = $(MAKE_COMMAND)
# environment
PATH = /home/debian/.vscode-server/bin/c3511e6c69bb39013c4a4b7b9566ec1ca73fc4d5/bin/remote-cli:/home/debian/.cabal/bin:/home/debian/.ghcup/bin:/home/debian/.deno/bin:/home/debian/.nix-profile/bin:/home/debian/.nix-profile/bin:/home/debian/.cargo/bin:/usr/local/bin:/usr/bin:/bin:/usr/games:/home/debian/.scripts/:/home/debian/.local/bin
# environment
NIX_SSL_CERT_FILE = /etc/ssl/certs/ca-certificates.crt
# default
MAKEFILES := 
# environment
MOTD_SHOWN = pam
# automatic
^F = $(notdir $^)
# environment
SSH_CLIENT = 192.168.18.11 51095 22
# environment
VSCODE_LOG_NATIVE = false
# automatic
?F = $(notdir $?)
# environment
LS_COLORS = 
# automatic
+F = $(notdir $+)
# environment
LESS = -R
# 'override' directive
GNUMAKEFLAGS := 
# environment
BROWSER = /home/debian/.vscode-server/bin/c3511e6c69bb39013c4a4b7b9566ec1ca73fc4d5/bin/helpers/browser.sh
# environment
LOGNAME = debian
# makefile
.DEFAULT_GOAL := 
# environment
USER = debian
# default
MAKE_VERSION := 4.3
# environment
NIX_PROFILES = /nix/var/nix/profiles/default /home/debian/.nix-profile
# environment
VSCODE_EXTHOST_WILL_SEND_SOCKET = true
# environment
PAGER = less
# environment
VSCODE_AGENT_FOLDER = /home/debian/.vscode-server
# environment
_ = /home/debian/.vscode-server/bin/c3511e6c69bb39013c4a4b7b9566ec1ca73fc4d5/node
# environment
XDG_RUNTIME_DIR = /run/user/1000
# environment
VSCODE_IPC_HOOK_CLI = /run/user/1000/vscode-ipc-f888f4aa-ce78-4486-b148-63c352154111.sock
# environment
XDG_SESSION_CLASS = user
# environment
VSCODE_AMD_ENTRYPOINT = vs/workbench/api/node/extensionHostProcess
# environment
HOME = /home/debian
# environment
XDG_SESSION_ID = 315
# default
.RECIPEPREFIX := 
# automatic
<F = $(notdir $<)
# default
SUFFIXES := 
# default
.FEATURES := target-specific order-only second-expansion else-if shortest-stem undefine oneshell nocomment grouped-target extra-prereqs archives jobserver output-sync check-symlink load
# environment
SSH_CONNECTION = 192.168.18.11 51095 192.168.18.209 22
# variable set hash-table stats:
# Load=75/1024=7%, Rehash=0, Collisions=4/102=4%

# Pattern-specific Variable Values

# No pattern-specific variable values.

# Directories

# . (device 2053, inode 32248211): 19 files, no impossibilities.

# 19 files, no impossibilities in 1 directories.

# Implicit Rules

# No implicit rules.

# Files

# Not a target:
Makefile:
#  Implicit rule search has been done.
#  File does not exist.
#  File has been updated.
#  Failed to be updated.

# Not a target:
.DEFAULT:
#  Implicit rule search has not been done.
#  Modification time never checked.
#  File has not been updated.

# Not a target:
all:
#  Command line target.
#  Implicit rule search has been done.
#  File does not exist.
#  File has not been updated.

# Not a target:
makefile:
#  Implicit rule search has been done.
#  File does not exist.
#  File has been updated.
#  Failed to be updated.

# Not a target:
GNUmakefile:
#  Implicit rule search has been done.
#  File does not exist.
#  File has been updated.
#  Failed to be updated.

# files hash-table stats:
# Load=6/1024=1%, Rehash=0, Collisions=0/15=0%
# VPATH Search Paths

# No 'vpath' search paths.

# No general ('VPATH' variable) search path.

# strcache buffers: 1 (0) / strings = 27 / storage = 303 B / avg = 11 B
# current buf: size = 8162 B / used = 303 B / count = 27 / avg = 11 B

# strcache performance: lookups = 30 / hit rate = 10%
# hash-table stats:
# Load=27/8192=0%, Rehash=0, Collisions=0/30=0%
# Finished Make data base on Thu Jun  2 20:31:56 2022

 
