   ABCDEFGHIJKLMNOPQRSTU
 1 .....................
 2 .....................
 3 .....................
 4 .....................
 5 .....................
 6 .....................
===
   ABCDEFGHIJKLMNOPQRSTU
 1 .22222...............
 2 ......444444.........
 3 ..............1......
 4 ..............1....6.
 5 555......33........6.
 6 .....................
(Your move)>Miss
(CPU move)>T6
Miss
   ABCDEFGHIJKLMNOPQRSTU
 1 ................../..
 2 .....................
 3 .....................
 4 .....................
 5 .....................
 6 .....................
===
   ABCDEFGHIJKLMNOPQRSTU
 1 .22222...............
 2 ......444444.........
 3 ..............1......
 4 ..............1....6.
 5 555......33........6.
 6 .....................
(Your move)>Miss
(CPU move)>E6
Miss
   ABCDEFGHIJKLMNOPQRSTU
 1 .................././
 2 .....................
 3 .....................
 4 .....................
 5 .....................
 6 .....................
===
   ABCDEFGHIJKLMNOPQRSTU
 1 .22222...............
 2 ......444444.........
 3 ..............1......
 4 ..............1....6.
 5 555......33........6.
 6 .....................
(Your move)>Miss
(CPU move)>C3
Miss
   ABCDEFGHIJKLMNOPQRSTU
 1 .................././
 2 .../.................
 3 .....................
 4 .....................
 5 .....................
 6 .....................
===
   ABCDEFGHIJKLMNOPQRSTU
 1 .22222...............
 2 ......444444.........
 3 ..............1......
 4 ..............1....6.
 5 555......33........6.
 6 .....................
(Your move)>Miss
(CPU move)>C5
Hit
   ABCDEFGHIJKLMNOPQRSTU
 1 .................././
 2 /../.................
 3 .....................
 4 .....................
 5 .....................
 6 .....................
===
   ABCDEFGHIJKLMNOPQRSTU
 1 .22222...............
 2 ......444444.........
 3 ..............1......
 4 ..............1....6.
 5 55*......33........6.
 6 .....................
(Your move)>Miss
(CPU move)>C4
Miss
   ABCDEFGHIJKLMNOPQRSTU
 1 .................././
 2 /../..../............
 3 .....................
 4 .....................
 5 .....................
 6 .....................
===
   ABCDEFGHIJKLMNOPQRSTU
 1 .22222...............
 2 ......444444.........
 3 ..............1......
 4 ..............1....6.
 5 55*......33........6.
 6 .....................
(Your move)>Miss
(CPU move)>C6
Miss
   ABCDEFGHIJKLMNOPQRSTU
 1 .................././
 2 /../..../............
 3 .....................
 4 /....................
 5 .....................
 6 .....................
===
   ABCDEFGHIJKLMNOPQRSTU
 1 .22222...............
 2 ......444444.........
 3 ..............1......
 4 ..............1....6.
 5 55*......33........6.
 6 .....................
(Your move)>Miss
(CPU move)>B5
Hit
   ABCDEFGHIJKLMNOPQRSTU
 1 .................././
 2 /../..../............
 3 .....................
 4 /....................
 5 .....................
 6 ........./...........
===
   ABCDEFGHIJKLMNOPQRSTU
 1 .22222...............
 2 ......444444.........
 3 ..............1......
 4 ..............1....6.
 5 5**......33........6.
 6 .....................
(Your move)>Miss
(CPU move)>D5
Miss
   ABCDEFGHIJKLMNOPQRSTU
 1 .................././
 2 /../..../............
 3 .....................
 4 /....................
 5 .....................
 6 ........./......../..
===
   ABCDEFGHIJKLMNOPQRSTU
 1 .22222...............
 2 ......444444.........
 3 ..............1......
 4 ..............1....6.
 5 5**......33........6.
 6 .....................
(Your move)>Miss
(CPU move)>L3
Miss
   ABCDEFGHIJKLMNOPQRSTU
 1 .................././
 2 /../..../............
 3 ............./.......
 4 /....................
 5 .....................
 6 ........./......../..
===
   ABCDEFGHIJKLMNOPQRSTU
 1 .22222...............
 2 ......444444.........
 3 ..............1......
 4 ..............1....6.
 5 5**......33........6.
 6 .....................
(Your move)>Miss
(CPU move)>D3
Miss
   ABCDEFGHIJKLMNOPQRSTU
 1 .................././
 2 /../..../............
 3 ............./.......
 4 //...................
 5 .....................
 6 ........./......../..
===
   ABCDEFGHIJKLMNOPQRSTU
 1 .22222...............
 2 ......444444.........
 3 ..............1......
 4 ..............1....6.
 5 5**......33........6.
 6 .....................
(Your move)>Miss
(CPU move)>S6
Miss
   ABCDEFGHIJKLMNOPQRSTU
 1 .................././
 2 /../..../............
 3 ............./.......
 4 //...................
 5 ......../............
 6 ........./......../..
===
   ABCDEFGHIJKLMNOPQRSTU
 1 .22222...............
 2 ......444444.........
 3 ..............1......
 4 ..............1....6.
 5 5**......33........6.
 6 .....................
(Your move)>Miss
(CPU move)>Q3
Miss
   ABCDEFGHIJKLMNOPQRSTU
 1 .................././
 2 /../..../............
 3 ............./.......
 4 //...................
 5 ......../............
 6 ........//......../..
===
   ABCDEFGHIJKLMNOPQRSTU
 1 .22222...............
 2 ......444444.........
 3 ..............1......
 4 ..............1....6.
 5 5**......33........6.
 6 .....................
(Your move)>Miss
(CPU move)>I4
Miss
   ABCDEFGHIJKLMNOPQRSTU
 1 .................././
 2 /.././../............
 3 ............./.......
 4 //...................
 5 ......../............
 6 ........//......../..
===
   ABCDEFGHIJKLMNOPQRSTU
 1 .22222...............
 2 ......444444.........
 3 ..............1......
 4 ..............1....6.
 5 5**......33........6.
 6 .....................
(Your move)>Miss
(CPU move)>O5
Miss
   ABCDEFGHIJKLMNOPQRSTU
 1 .................././
 2 /.././../............
 3 ............./.......
 4 //...................
 5 ...../../............
 6 ........//......../..
===
   ABCDEFGHIJKLMNOPQRSTU
 1 .22222...............
 2 ......444444.........
 3 ..............1......
 4 ..............1....6.
 5 5**......33........6.
 6 .....................
(Your move)>Hit
(CPU move)>K1
Miss
   ABCDEFGHIJKLMNOPQRSTU
 1 .................././
 2 /.././../............
 3 ............./.......
 4 //...................
 5 ...../../............
 6 ........//...*..../..
===
   ABCDEFGHIJKLMNOPQRSTU
 1 .22222...............
 2 ......444444.........
 3 ..............1......
 4 ..............1....6.
 5 5**......33........6.
 6 .....................
(Your move)>Miss
(CPU move)>M2
Miss
   ABCDEFGHIJKLMNOPQRSTU
 1 .................././
 2 /.././../............
 3 ............./.......
 4 //...................
 5 ...../../..../.......
 6 ........//...*..../..
===
   ABCDEFGHIJKLMNOPQRSTU
 1 .22222...............
 2 ......444444.........
 3 ..............1......
 4 ..............1....6.
 5 5**......33........6.
 6 .....................
(Your move)>Miss
(CPU move)>B6
Miss
   ABCDEFGHIJKLMNOPQRSTU
 1 .................././
 2 /.././../............
 3 ............./.......
 4 //...................
 5 ...../../..../.......
 6 ........//../*..../..
===
   ABCDEFGHIJKLMNOPQRSTU
 1 .22222...............
 2 ......444444.........
 3 ..............1......
 4 ..............1....6.
 5 5**......33........6.
 6 .....................
(Your move)>Hit
Ship sunk
(CPU move)>N2
Miss
   ABCDEFGHIJKLMNOPQRSTU
 1 .................././
 2 /.././../............
 3 ............./.......
 4 //...................
 5 ...../../..../.......
 6 ........//../**.../..
===
   ABCDEFGHIJKLMNOPQRSTU
 1 .22222...............
 2 ......444444.........
 3 ..............1......
 4 ..............1....6.
 5 5**......33........6.
 6 .....................
(Your move)>Hit
(CPU move)>R6
Miss
   ABCDEFGHIJKLMNOPQRSTU
 1 .................././
 2 /.././../.....*......
 3 ............./.......
 4 //...................
 5 ...../../..../.......
 6 ........//../**.../..
===
   ABCDEFGHIJKLMNOPQRSTU
 1 .22222...............
 2 ......444444.........
 3 ..............1......
 4 ..............1....6.
 5 5**......33........6.
 6 .....................
(Your move)>Miss
(CPU move)>T4
Hit
   ABCDEFGHIJKLMNOPQRSTU
 1 ............../..././
 2 /.././../.....*......
 3 ............./.......
 4 //...................
 5 ...../../..../.......
 6 ........//../**.../..
===
   ABCDEFGHIJKLMNOPQRSTU
 1 .22222...............
 2 ......444444.........
 3 ..............1......
 4 ..............1....*.
 5 5**......33........6.
 6 .....................
(Your move)>Miss
(CPU move)>T3
Miss
   ABCDEFGHIJKLMNOPQRSTU
 1 ............../..././
 2 /.././../.....*......
 3 .............//......
 4 //...................
 5 ...../../..../.......
 6 ........//../**.../..
===
   ABCDEFGHIJKLMNOPQRSTU
 1 .22222...............
 2 ......444444.........
 3 ..............1......
 4 ..............1....*.
 5 5**......33........6.
 6 .....................
(Your move)>Hit
(CPU move)>T5
Hit
Ship sunk
   ABCDEFGHIJKLMNOPQRSTU
 1 ............../..././
 2 /.././../....**......
 3 .............//......
 4 //...................
 5 ...../../..../.......
 6 ........//../**.../..
===
   ABCDEFGHIJKLMNOPQRSTU
 1 .22222...............
 2 ......444444.........
 3 ..............1......
 4 ..............1....*.
 5 5**......33........*.
 6 .....................
(Your move)>Hit
(CPU move)>S4
Miss
   ABCDEFGHIJKLMNOPQRSTU
 1 ............../..././
 2 /.././../....***.....
 3 .............//......
 4 //...................
 5 ...../../..../.......
 6 ........//../**.../..
===
   ABCDEFGHIJKLMNOPQRSTU
 1 .22222...............
 2 ......444444.........
 3 ..............1......
 4 ..............1....*.
 5 5**......33........*.
 6 .....................
(Your move)>Hit
(CPU move)>U4
Miss
   ABCDEFGHIJKLMNOPQRSTU
 1 ............../..././
 2 /.././../.*..***.....
 3 .............//......
 4 //...................
 5 ...../../..../.......
 6 ........//../**.../..
===
   ABCDEFGHIJKLMNOPQRSTU
 1 .22222...............
 2 ......444444.........
 3 ..............1......
 4 ..............1....*.
 5 5**......33........*.
 6 .....................
(Your move)>Miss
(CPU move)>D6
Miss
   ABCDEFGHIJKLMNOPQRSTU
 1 ........../.../..././
 2 /.././../.*..***.....
 3 .............//......
 4 //...................
 5 ...../../..../.......
 6 ........//../**.../..
===
   ABCDEFGHIJKLMNOPQRSTU
 1 .22222...............
 2 ......444444.........
 3 ..............1......
 4 ..............1....*.
 5 5**......33........*.
 6 .....................
(Your move)>Miss
(CPU move)>P5
Miss
   ABCDEFGHIJKLMNOPQRSTU
 1 ........../.../..././
 2 /.././../.*..***.....
 3 ........../..//......
 4 //...................
 5 ...../../..../.......
 6 ........//../**.../..
===
   ABCDEFGHIJKLMNOPQRSTU
 1 .22222...............
 2 ......444444.........
 3 ..............1......
 4 ..............1....*.
 5 5**......33........*.
 6 .....................
(Your move)>Miss
(CPU move)>R4
Miss
   ABCDEFGHIJKLMNOPQRSTU
 1 ........../.../..././
 2 /.././..//*..***.....
 3 ........../..//......
 4 //...................
 5 ...../../..../.......
 6 ........//../**.../..
===
   ABCDEFGHIJKLMNOPQRSTU
 1 .22222...............
 2 ......444444.........
 3 ..............1......
 4 ..............1....*.
 5 5**......33........*.
 6 .....................
(Your move)>Hit
(CPU move)>A5
Hit
Ship sunk
   ABCDEFGHIJKLMNOPQRSTU
 1 ........../.../..././
 2 /.././..//**.***.....
 3 ........../..//......
 4 //...................
 5 ...../../..../.......
 6 ........//../**.../..
===
   ABCDEFGHIJKLMNOPQRSTU
 1 .22222...............
 2 ......444444.........
 3 ..............1......
 4 ..............1....*.
 5 ***......33........*.
 6 .....................
(Your move)>Hit
(CPU move)>A4
Miss
   ABCDEFGHIJKLMNOPQRSTU
 1 ........../.../..././
 2 /.././..//**.***.....
 3 ........../..//......
 4 //...................
 5 ..*../../..../.......
 6 ........//../**.../..
===
   ABCDEFGHIJKLMNOPQRSTU
 1 .22222...............
 2 ......444444.........
 3 ..............1......
 4 ..............1....*.
 5 ***......33........*.
 6 .....................
(Your move)>Hit
(CPU move)>A6
Miss
   ABCDEFGHIJKLMNOPQRSTU
 1 ........../.../..././
 2 /.././..//**.***.....
 3 ........../..//......
 4 //*..................
 5 ..*../../..../.......
 6 ........//../**.../..
===
   ABCDEFGHIJKLMNOPQRSTU
 1 .22222...............
 2 ......444444.........
 3 ..............1......
 4 ..............1....*.
 5 ***......33........*.
 6 .....................
(Your move)>Miss
(CPU move)>I6
Miss
   ABCDEFGHIJKLMNOPQRSTU
 1 ........../.../..././
 2 /.././..//**.***.....
 3 ........../..//......
 4 //*..................
 5 ..*../../..../.......
 6 ../.....//../**.../..
===
   ABCDEFGHIJKLMNOPQRSTU
 1 .22222...............
 2 ......444444.........
 3 ..............1......
 4 ..............1....*.
 5 ***......33........*.
 6 .....................
(Your move)>Miss
(CPU move)>U2
Miss
   ABCDEFGHIJKLMNOPQRSTU
 1 ........../.../..././
 2 /.././..//**.***.....
 3 ........../..//......
 4 //*..................
 5 ./*../../..../.......
 6 ../.....//../**.../..
===
   ABCDEFGHIJKLMNOPQRSTU
 1 .22222...............
 2 ......444444.........
 3 ..............1......
 4 ..............1....*.
 5 ***......33........*.
 6 .....................
(Your move)>Hit
Ship sunk
(CPU move)>E4
Miss
   ABCDEFGHIJKLMNOPQRSTU
 1 ........../.../..././
 2 /.././..//**.***.....
 3 ........../..//......
 4 //*..................
 5 ./**./../..../.......
 6 ../.....//../**.../..
===
   ABCDEFGHIJKLMNOPQRSTU
 1 .22222...............
 2 ......444444.........
 3 ..............1......
 4 ..............1....*.
 5 ***......33........*.
 6 .....................
(Your move)>Miss
(CPU move)>R1
Miss
   ABCDEFGHIJKLMNOPQRSTU
 1 ........../.../..././
 2 /.././..//**.***.....
 3 ........../..//......
 4 //*......./..........
 5 ./**./../..../.......
 6 ../.....//../**.../..
===
   ABCDEFGHIJKLMNOPQRSTU
 1 .22222...............
 2 ......444444.........
 3 ..............1......
 4 ..............1....*.
 5 ***......33........*.
 6 .....................
(Your move)>Hit
(CPU move)>F6
Miss
   ABCDEFGHIJKLMNOPQRSTU
 1 ........../.../..././
 2 /.././..//**.***.....
 3 ........../..//......
 4 //*.*...../..........
 5 ./**./../..../.......
 6 ../.....//../**.../..
===
   ABCDEFGHIJKLMNOPQRSTU
 1 .22222...............
 2 ......444444.........
 3 ..............1......
 4 ..............1....*.
 5 ***......33........*.
 6 .....................
(Your move)>Miss
(CPU move)>U5
Miss
   ABCDEFGHIJKLMNOPQRSTU
 1 ........../.../..././
 2 /.././..//**.***.....
 3 ..../...../..//......
 4 //*.*...../..........
 5 ./**./../..../.......
 6 ../.....//../**.../..
===
   ABCDEFGHIJKLMNOPQRSTU
 1 .22222...............
 2 ......444444.........
 3 ..............1......
 4 ..............1....*.
 5 ***......33........*.
 6 .....................
(Your move)>Miss
(CPU move)>Q5
Miss
   ABCDEFGHIJKLMNOPQRSTU
 1 ........../.../..././
 2 /.././..//**.***.....
 3 ..../...../..//......
 4 //*.*...../..........
 5 ./**//../..../.......
 6 ../.....//../**.../..
===
   ABCDEFGHIJKLMNOPQRSTU
 1 .22222...............
 2 ......444444.........
 3 ..............1......
 4 ..............1....*.
 5 ***......33........*.
 6 .....................
(Your move)>Hit
(CPU move)>G3
Miss
   ABCDEFGHIJKLMNOPQRSTU
 1 ........../.../..././
 2 /.././..//**.***.....
 3 ..../...../..//......
 4 //***...../..........
 5 ./**//../..../.......
 6 ../.....//../**.../..
===
   ABCDEFGHIJKLMNOPQRSTU
 1 .22222...............
 2 ......444444.........
 3 ..............1......
 4 ..............1....*.
 5 ***......33........*.
 6 .....................
(Your move)>Hit
(CPU move)>K2
Hit
   ABCDEFGHIJKLMNOPQRSTU
 1 ........../.../..././
 2 /.././..//**.***.....
 3 ..../...../..//......
 4 //****..../..........
 5 ./**//../..../.......
 6 ../.....//../**.../..
===
   ABCDEFGHIJKLMNOPQRSTU
 1 .22222...............
 2 ......4444*4.........
 3 ..............1......
 4 ..............1....*.
 5 ***......33........*.
 6 .....................
(Your move)>Hit
(CPU move)>K1
Repeated guess
(CPU move)>K3
Miss
   ABCDEFGHIJKLMNOPQRSTU
 1 ........../.../..././
 2 /.././..//**.***..*..
 3 ..../...../..//......
 4 //****..../..........
 5 ./**//../..../.......
 6 ../.....//../**.../..
===
   ABCDEFGHIJKLMNOPQRSTU
 1 .22222...............
 2 ......4444*4.........
 3 ..............1......
 4 ..............1....*.
 5 ***......33........*.
 6 .....................
(Your move)>Repeated guess
(Your move)>Miss
(CPU move)>J2
Hit
   ABCDEFGHIJKLMNOPQRSTU
 1 ........../.../..././
 2 /.././..//**.***..*..
 3 ..../...../..//.../..
 4 //****..../..........
 5 ./**//../..../.......
 6 ../.....//../**.../..
===
   ABCDEFGHIJKLMNOPQRSTU
 1 .22222...............
 2 ......444**4.........
 3 ..............1......
 4 ..............1....*.
 5 ***......33........*.
 6 .....................
(Your move)>Hit
(CPU move)>L2
Hit
   ABCDEFGHIJKLMNOPQRSTU
 1 ........../.../..././
 2 /.././..//**.***.**..
 3 ..../...../..//.../..
 4 //****..../..........
 5 ./**//../..../.......
 6 ../.....//../**.../..
===
   ABCDEFGHIJKLMNOPQRSTU
 1 .22222...............
 2 ......444***.........
 3 ..............1......
 4 ..............1....*.
 5 ***......33........*.
 6 .....................
(Your move)>Hit
(CPU move)>H4
Miss
   ABCDEFGHIJKLMNOPQRSTU
 1 ........../.../..././
 2 /.././..//**.***.***.
 3 ..../...../..//.../..
 4 //****..../..........
 5 ./**//../..../.......
 6 ../.....//../**.../..
===
   ABCDEFGHIJKLMNOPQRSTU
 1 .22222...............
 2 ......444***.........
 3 ..............1......
 4 ..............1....*.
 5 ***......33........*.
 6 .....................
(Your move)>Miss
(CPU move)>T2
Miss
   ABCDEFGHIJKLMNOPQRSTU
 1 ....../.../.../..././
 2 /.././..//**.***.***.
 3 ..../...../..//.../..
 4 //****..../..........
 5 ./**//../..../.......
 6 ../.....//../**.../..
===
   ABCDEFGHIJKLMNOPQRSTU
 1 .22222...............
 2 ......444***.........
 3 ..............1......
 4 ..............1....*.
 5 ***......33........*.
 6 .....................
(Your move)>Miss
(CPU move)>A3
Miss
   ABCDEFGHIJKLMNOPQRSTU
 1 ....../.../.../..././
 2 /.././..//**.***.***.
 3 ..../..././..//.../..
 4 //****..../..........
 5 ./**//../..../.......
 6 ../.....//../**.../..
===
   ABCDEFGHIJKLMNOPQRSTU
 1 .22222...............
 2 ......444***.........
 3 ..............1......
 4 ..............1....*.
 5 ***......33........*.
 6 .....................
(Your move)>Miss
(CPU move)>F3
Miss
   ABCDEFGHIJKLMNOPQRSTU
 1 ....../.../.../..././
 2 /.././..//**.***.***.
 3 ...././././..//.../..
 4 //****..../..........
 5 ./**//../..../.......
 6 ../.....//../**.../..
===
   ABCDEFGHIJKLMNOPQRSTU
 1 .22222...............
 2 ......444***.........
 3 ..............1......
 4 ..............1....*.
 5 ***......33........*.
 6 .....................
(Your move)>Miss
(CPU move)>H5
Miss
   ABCDEFGHIJKLMNOPQRSTU
 1 ....../././.../..././
 2 /.././..//**.***.***.
 3 ...././././..//.../..
 4 //****..../..........
 5 ./**//../..../.......
 6 ../.....//../**.../..
===
   ABCDEFGHIJKLMNOPQRSTU
 1 .22222...............
 2 ......444***.........
 3 ..............1......
 4 ..............1....*.
 5 ***......33........*.
 6 .....................
(Your move)>Hit
Ship sunk
(CPU move)>J5
Hit
   ABCDEFGHIJKLMNOPQRSTU
 1 ....../././.../..././
 2 /.././..//**.***.***.
 3 ...././././..//.../..
 4 //*****.../..........
 5 ./**//../..../.......
 6 ../.....//../**.../..
===
   ABCDEFGHIJKLMNOPQRSTU
 1 .22222...............
 2 ......444***.........
 3 ..............1......
 4 ..............1....*.
 5 ***......*3........*.
 6 .....................
(Your move)>Repeated guess
(Your move)>Miss
(CPU move)>J4
Miss
   ABCDEFGHIJKLMNOPQRSTU
 1 ....../././.../..././
 2 /.././..//**.***.***.
 3 ...././././..//.../..
 4 //*****.../..........
 5 ./**///./..../.......
 6 ../.....//../**.../..
===
   ABCDEFGHIJKLMNOPQRSTU
 1 .22222...............
 2 ......444***.........
 3 ..............1......
 4 ..............1....*.
 5 ***......*3........*.
 6 .....................
(Your move)>Miss
(CPU move)>J6
Miss
   ABCDEFGHIJKLMNOPQRSTU
 1 ....../././.../..././
 2 /.././..//**.***.***.
 3 ...././././..//.../..
 4 //*****/../..........
 5 ./**///./..../.......
 6 ../.....//../**.../..
===
   ABCDEFGHIJKLMNOPQRSTU
 1 .22222...............
 2 ......444***.........
 3 ..............1......
 4 ..............1....*.
 5 ***......*3........*.
 6 .....................
(Your move)>Miss
(CPU move)>I5
Miss
   ABCDEFGHIJKLMNOPQRSTU
 1 ....../././.../..././
 2 /.././..//**.***.***.
 3 ..../././././//.../..
 4 //*****/../..........
 5 ./**///./..../.......
 6 ../.....//../**.../..
===
   ABCDEFGHIJKLMNOPQRSTU
 1 .22222...............
 2 ......444***.........
 3 ..............1......
 4 ..............1....*.
 5 ***......*3........*.
 6 .....................
(Your move)>Miss
(CPU move)>K5
Hit
Ship sunk
   ABCDEFGHIJKLMNOPQRSTU
 1 ....../././.../..././
 2 /.././..//**.***.***.
 3 ..../././//.///.../..
 4 //*****/../..........
 5 ./**///./..../.......
 6 ../.....//../**.../..
===
   ABCDEFGHIJKLMNOPQRSTU
 1 .22222...............
 2 ......444***.........
 3 ..............1......
 4 ..............1....*.
 5 ***......**........*.
 6 .....................
(Your move)>Miss
(CPU move)>G2
Hit
   ABCDEFGHIJKLMNOPQRSTU
 1 ....../././.../..././
 2 /.././..//**.***.***.
 3 ...//././//.///.../..
 4 //*****/../..........
 5 ./**///./..../.......
 6 ../.....//../**.../..
===
   ABCDEFGHIJKLMNOPQRSTU
 1 .22222...............
 2 ......*44***.........
 3 ..............1......
 4 ..............1....*.
 5 ***......**........*.
 6 .....................
(Your move)>Miss
(CPU move)>G1
Miss
   ABCDEFGHIJKLMNOPQRSTU
 1 ....../././.../..././
 2 /.././..//**.***.***.
 3 ...//././//.///.../..
 4 //*****/../..........
 5 ./**///./..../.......
 6 /./.....//../**.../..
===
   ABCDEFGHIJKLMNOPQRSTU
 1 .22222...............
 2 ......*44***.........
 3 ..............1......
 4 ..............1....*.
 5 ***......**........*.
 6 .....................
(Your move)>Miss
(CPU move)>G3
Repeated guess
(CPU move)>F2
Miss
   ABCDEFGHIJKLMNOPQRSTU
 1 ....../././.../..././
 2 /.././..//**.***.***.
 3 ...////.///.///.../..
 4 //*****/../..........
 5 ./**///./..../.......
 6 /./.....//../**.../..
===
   ABCDEFGHIJKLMNOPQRSTU
 1 .22222...............
 2 ......*44***.........
 3 ..............1......
 4 ..............1....*.
 5 ***......**........*.
 6 .....................
(Your move)>Miss
(CPU move)>H2
Hit
   ABCDEFGHIJKLMNOPQRSTU
 1 ....../././.../...///
 2 /.././..//**.***.***.
 3 ...////.///.///.../..
 4 //*****/../..........
 5 ./**///./..../.......
 6 /./.....//../**.../..
===
   ABCDEFGHIJKLMNOPQRSTU
 1 .22222...............
 2 ......**4***.........
 3 ..............1......
 4 ..............1....*.
 5 ***......**........*.
 6 .....................
(Your move)>Miss
(CPU move)>U6
Miss
   ABCDEFGHIJKLMNOPQRSTU
 1 ....../././.../...///
 2 /.././..//**.***.***.
 3 ...////.///.///.../..
 4 //*****/../..........
 5 ./**///./..../.......
 6 /./....///../**.../..
===
   ABCDEFGHIJKLMNOPQRSTU
 1 .22222...............
 2 ......**4***.........
 3 ..............1......
 4 ..............1....*.
 5 ***......**........*.
 6 .....................
(Your move)>Miss
(CPU move)>P2
Miss
   ABCDEFGHIJKLMNOPQRSTU
 1 ....../././.../...///
 2 /.././..//**.***.***.
 3 ...////.///.///...//.
 4 //*****/../..........
 5 ./**///./..../.......
 6 /./....///../**.../..
===
   ABCDEFGHIJKLMNOPQRSTU
 1 .22222...............
 2 ......**4***.........
 3 ..............1......
 4 ..............1....*.
 5 ***......**........*.
 6 .....................
(Your move)>Miss
(CPU move)>R5
Miss
   ABCDEFGHIJKLMNOPQRSTU
 1 ....../././.../...///
 2 /.././..//**.***.***.
 3 ...////.///.///...//.
 4 //*****/../..........
 5 ./**///./..../../....
 6 /./....///../**.../..
===
   ABCDEFGHIJKLMNOPQRSTU
 1 .22222...............
 2 ......**4***.........
 3 ..............1......
 4 ..............1....*.
 5 ***......**........*.
 6 .....................
(Your move)>Miss
(CPU move)>S5
Miss
   ABCDEFGHIJKLMNOPQRSTU
 1 ....../././.../...///
 2 /.././..//**.***.***.
 3 ...////.///.///...//.
 4 //*****/../.../......
 5 ./**///./..../../....
 6 /./....///../**.../..
===
   ABCDEFGHIJKLMNOPQRSTU
 1 .22222...............
 2 ......**4***.........
 3 ..............1......
 4 ..............1....*.
 5 ***......**........*.
 6 .....................
(Your move)>Miss
(CPU move)>H6
Miss
   ABCDEFGHIJKLMNOPQRSTU
 1 .....//././.../...///
 2 /.././..//**.***.***.
 3 ...////.///.///...//.
 4 //*****/../.../......
 5 ./**///./..../../....
 6 /./....///../**.../..
===
   ABCDEFGHIJKLMNOPQRSTU
 1 .22222...............
 2 ......**4***.........
 3 ..............1......
 4 ..............1....*.
 5 ***......**........*.
 6 .....................
(Your move)>Miss
(CPU move)>E5
Miss
   ABCDEFGHIJKLMNOPQRSTU
 1 .....//.///.../...///
 2 /.././..//**.***.***.
 3 ...////.///.///...//.
 4 //*****/../.../......
 5 ./**///./..../../....
 6 /./....///../**.../..
===
   ABCDEFGHIJKLMNOPQRSTU
 1 .22222...............
 2 ......**4***.........
 3 ..............1......
 4 ..............1....*.
 5 ***......**........*.
 6 .....................
(Your move)>Miss
(CPU move)>P1
Miss
   ABCDEFGHIJKLMNOPQRSTU
 1 .....//.///.../...///
 2 /.././..//**.***.***.
 3 ...////.///.///...//.
 4 //*****/../.../......
 5 ./**///.//.../../....
 6 /./....///../**.../..
===
   ABCDEFGHIJKLMNOPQRSTU
 1 .22222...............
 2 ......**4***.........
 3 ..............1......
 4 ..............1....*.
 5 ***......**........*.
 6 .....................
(Your move)>Miss
(CPU move)>M1
Miss
   ABCDEFGHIJKLMNOPQRSTU
 1 .....//.///.../...///
 2 /.././..//**.***.***.
 3 ...////.///.///...//.
 4 //*****/../.../......
 5 ./**///.//.../../../.
 6 /./....///../**.../..
===
   ABCDEFGHIJKLMNOPQRSTU
 1 .22222...............
 2 ......**4***.........
 3 ..............1......
 4 ..............1....*.
 5 ***......**........*.
 6 .....................
(Your move)>Miss
(CPU move)>D4
Miss
   ABCDEFGHIJKLMNOPQRSTU
 1 .....//.///.../...///
 2 /.././..//**.***.***.
 3 ...////.///.///...//.
 4 //*****/../.../..../.
 5 ./**///.//.../../../.
 6 /./....///../**.../..
===
   ABCDEFGHIJKLMNOPQRSTU
 1 .22222...............
 2 ......**4***.........
 3 ..............1......
 4 ..............1....*.
 5 ***......**........*.
 6 .....................
(Your move)>Miss
(CPU move)>O2
Miss
   ABCDEFGHIJKLMNOPQRSTU
 1 .....//.///.../...///
 2 /.././..//**.***.***.
 3 ...////.///.///...//.
 4 //*****/../.../..../.
 5 ./**///.///../../../.
 6 /./....///../**.../..
===
   ABCDEFGHIJKLMNOPQRSTU
 1 .22222...............
 2 ......**4***.........
 3 ..............1......
 4 ..............1....*.
 5 ***......**........*.
 6 .....................
(Your move)>Miss
(CPU move)>J1
Miss
   ABCDEFGHIJKLMNOPQRSTU
 1 .....//.///.../...///
 2 /.././..//**.***.***.
 3 ...////.///.///...//.
 4 //*****/../.../..../.
 5 ./**///.///../../../.
 6 /./.././//../**.../..
===
   ABCDEFGHIJKLMNOPQRSTU
 1 .22222...............
 2 ......**4***.........
 3 ..............1......
 4 ..............1....*.
 5 ***......**........*.
 6 .....................
(Your move)>Miss
(CPU move)>N1
Miss
   ABCDEFGHIJKLMNOPQRSTU
 1 .....//.///.../...///
 2 /.././..//**.***.***.
 3 ././///.///.///...//.
 4 //*****/../.../..../.
 5 ./**///.///../../../.
 6 /./.././//../**.../..
===
   ABCDEFGHIJKLMNOPQRSTU
 1 .22222...............
 2 ......**4***.........
 3 ..............1......
 4 ..............1....*.
 5 ***......**........*.
 6 .....................
(Your move)>Miss
(CPU move)>Q2
Miss
   ABCDEFGHIJKLMNOPQRSTU
 1 ./...//.///.../...///
 2 /.././..//**.***.***.
 3 ././///.///.///...//.
 4 //*****/../.../..../.
 5 ./**///.///../../../.
 6 /./.././//../**.../..
===
   ABCDEFGHIJKLMNOPQRSTU
 1 .22222...............
 2 ......**4***.........
 3 ..............1......
 4 ..............1....*.
 5 ***......**........*.
 6 .....................
(Your move)>Miss
(CPU move)>Q6
Miss
   ABCDEFGHIJKLMNOPQRSTU
 1 ./...//.///.../...///
 2 /.././..//**.***.***.
 3 ././///.///////...//.
 4 //*****/../.../..../.
 5 ./**///.///../../../.
 6 /./.././//../**.../..
===
   ABCDEFGHIJKLMNOPQRSTU
 1 .22222...............
 2 ......**4***.........
 3 ..............1......
 4 ..............1....*.
 5 ***......**........*.
 6 .....................
(Your move)>Miss
(CPU move)>I2
Hit
Ship sunk
   ABCDEFGHIJKLMNOPQRSTU
 1 ./...//.///.../...///
 2 /..///..//**.***.***.
 3 ././///.///////...//.
 4 //*****/../.../..../.
 5 ./**///.///../../../.
 6 /./.././//../**.../..
===
   ABCDEFGHIJKLMNOPQRSTU
 1 .22222...............
 2 ......******.........
 3 ..............1......
 4 ..............1....*.
 5 ***......**........*.
 6 .....................
(Your move)>Miss
(CPU move)>I1
Miss
   ABCDEFGHIJKLMNOPQRSTU
 1 ./...//.///.../...///
 2 /..///..//**.***.***.
 3 ././///.///////...//.
 4 //*****/../.../..../.
 5 ./**///.///../../../.
 6 /./.././//../**././..
===
   ABCDEFGHIJKLMNOPQRSTU
 1 .22222...............
 2 ......******.........
 3 ..............1......
 4 ..............1....*.
 5 ***......**........*.
 6 .....................
(Your move)>Miss
(CPU move)>I3
Miss
   ABCDEFGHIJKLMNOPQRSTU
 1 ./...//.///.../...///
 2 /..///..//**.***.***.
 3 ././///.///////...//.
 4 //*****/../.../..../.
 5 ./**///.///../../../.
 6 /././/.///../**././..
===
   ABCDEFGHIJKLMNOPQRSTU
 1 .22222...............
 2 ......******.........
 3 ..............1......
 4 ..............1....*.
 5 ***......**........*.
 6 .....................
(Your move)>Hit
Ship sunk
(CPU move)>O3
Hit
   ABCDEFGHIJKLMNOPQRSTU
 1 ./...//.///.../...///
 2 /..///..//******.***.
 3 ././///.///////...//.
 4 //*****/../.../..../.
 5 ./**///.///../../../.
 6 /././/.///../**././..
===
   ABCDEFGHIJKLMNOPQRSTU
 1 .22222...............
 2 ......******.........
 3 ..............*......
 4 ..............1....*.
 5 ***......**........*.
 6 .....................
(Your move)>Miss
(CPU move)>O2
Repeated guess
(CPU move)>O4
Hit
Ship sunk
   ABCDEFGHIJKLMNOPQRSTU
 1 ./...//.///././...///
 2 /..///..//******.***.
 3 ././///.///////...//.
 4 //*****/../.../..../.
 5 ./**///.///../../../.
 6 /././/.///../**././..
===
   ABCDEFGHIJKLMNOPQRSTU
 1 .22222...............
 2 ......******.........
 3 ..............*......
 4 ..............*....*.
 5 ***......**........*.
 6 .....................
(Your move)>Repeated guess
(Your move)>Miss
(CPU move)>N3
Miss
   ABCDEFGHIJKLMNOPQRSTU
 1 ./...//.///././...///
 2 /..///..//******.***.
 3 ././///.///////...//.
 4 //*****/../.../..../.
 5 ./**///.////./../../.
 6 /././/.///../**././..
===
   ABCDEFGHIJKLMNOPQRSTU
 1 .22222...............
 2 ......******.........
 3 ..............*......
 4 ..............*....*.
 5 ***......**........*.
 6 .....................
(Your move)>Miss
(CPU move)>P3
Miss
   ABCDEFGHIJKLMNOPQRSTU
 1 ./...//.///././...///
 2 /..///..//******.***.
 3 ././///.///////...//.
 4 //*****/../.../..../.
 5 ./**///.////./../../.
 6 /././/.///../**././/.
===
   ABCDEFGHIJKLMNOPQRSTU
 1 .22222...............
 2 ......******.........
 3 ..............*......
 4 ..............*....*.
 5 ***......**........*.
 6 .....................
(Your move)>Miss
(CPU move)>B1
Hit
   ABCDEFGHIJKLMNOPQRSTU
 1 ./...//.///././...///
 2 /..///..//******.***.
 3 ././///.///////...//.
 4 //*****/../.../..../.
 5 //**///.////./../../.
 6 /././/.///../**././/.
===
   ABCDEFGHIJKLMNOPQRSTU
 1 .*2222...............
 2 ......******.........
 3 ..............*......
 4 ..............*....*.
 5 ***......**........*.
 6 .....................
(Your move)>Miss
(CPU move)>B2
Miss
   ABCDEFGHIJKLMNOPQRSTU
 1 ./...//.///././...///
 2 /..///..//******.***.
 3 ././///.///////...//.
 4 //*****/../.../...//.
 5 //**///.////./../../.
 6 /././/.///../**././/.
===
   ABCDEFGHIJKLMNOPQRSTU
 1 .*2222...............
 2 ......******.........
 3 ..............*......
 4 ..............*....*.
 5 ***......**........*.
 6 .....................
(Your move)>Miss
(CPU move)>A1
Miss
   ABCDEFGHIJKLMNOPQRSTU
 1 ./...//.///././...///
 2 /..///..//******/***.
 3 ././///.///////...//.
 4 //*****/../.../...//.
 5 //**///.////./../../.
 6 /././/.///../**././/.
===
   ABCDEFGHIJKLMNOPQRSTU
 1 .*2222...............
 2 ......******.........
 3 ..............*......
 4 ..............*....*.
 5 ***......**........*.
 6 .....................
(Your move)>Miss
(CPU move)>C1
Hit
   ABCDEFGHIJKLMNOPQRSTU
 1 ./...//.///././...///
 2 /..///..//******/***.
 3 ././///.///////...//.
 4 //*****/../.../...//.
 5 //**////////./../../.
 6 /././/.///../**././/.
===
   ABCDEFGHIJKLMNOPQRSTU
 1 .**222...............
 2 ......******.........
 3 ..............*......
 4 ..............*....*.
 5 ***......**........*.
 6 .....................
(Your move)>Miss
(CPU move)>N5
Miss
   ABCDEFGHIJKLMNOPQRSTU
 1 .//..//.///././...///
 2 /..///..//******/***.
 3 ././///.///////...//.
 4 //*****/../.../...//.
 5 //**////////./../../.
 6 /././/.///../**././/.
===
   ABCDEFGHIJKLMNOPQRSTU
 1 .**222...............
 2 ......******.........
 3 ..............*......
 4 ..............*....*.
 5 ***......**........*.
 6 .....................
(Your move)>Miss
(CPU move)>S2
Miss
   ABCDEFGHIJKLMNOPQRSTU
 1 .//..//.///././/..///
 2 /..///..//******/***.
 3 ././///.///////...//.
 4 //*****/../.../...//.
 5 //**////////./../../.
 6 /././/.///../**././/.
===
   ABCDEFGHIJKLMNOPQRSTU
 1 .**222...............
 2 ......******.........
 3 ..............*......
 4 ..............*....*.
 5 ***......**........*.
 6 .....................
(Your move)>Miss
(CPU move)>L1
Miss
   ABCDEFGHIJKLMNOPQRSTU
 1 .//..//.///././/..///
 2 /..///..//******/***.
 3 ././///.///////...//.
 4 //*****//./.../...//.
 5 //**////////./../../.
 6 /././/.///../**././/.
===
   ABCDEFGHIJKLMNOPQRSTU
 1 .**222...............
 2 ......******.........
 3 ..............*......
 4 ..............*....*.
 5 ***......**........*.
 6 .....................
(Your move)>Hit
Ship sunk
(CPU move)>S1
Miss
   ABCDEFGHIJKLMNOPQRSTU
 1 .//..//.///././/..///
 2 /..///..//******/****
 3 ././///.///////...//.
 4 //*****//./.../...//.
 5 //**////////./../../.
 6 /././/.///../**././/.
===
   ABCDEFGHIJKLMNOPQRSTU
 1 .**222...............
 2 ......******.........
 3 ..............*......
 4 ..............*....*.
 5 ***......**........*.
 6 .....................
(Your move)>Repeated guess
(Your move)>Miss
(CPU move)>P6
Miss
   ABCDEFGHIJKLMNOPQRSTU
 1 .//..//.///././/..///
 2 /..///..//******/****
 3 ././///.///////...///
 4 //*****//./.../...//.
 5 //**////////./../../.
 6 /././/.///../**././/.
===
   ABCDEFGHIJKLMNOPQRSTU
 1 .**222...............
 2 ......******.........
 3 ..............*......
 4 ..............*....*.
 5 ***......**........*.
 6 .....................
(Your move)>Miss
(CPU move)>R3
Miss
   ABCDEFGHIJKLMNOPQRSTU
 1 .//..//.///././//.///
 2 /..///..//******/****
 3 ././///.///////...///
 4 //*****//./.../...//.
 5 //**////////./../../.
 6 /././/.///../**././/.
===
   ABCDEFGHIJKLMNOPQRSTU
 1 .**222...............
 2 ......******.........
 3 ..............*......
 4 ..............*....*.
 5 ***......**........*.
 6 .....................
(Your move)>Miss
(CPU move)>G5
Miss
   ABCDEFGHIJKLMNOPQRSTU
 1 .//..//.///././//.///
 2 //.///..//******/****
 3 ././///.///////...///
 4 //*****//./.../...//.
 5 //**////////./../../.
 6 /././/.///../**././/.
===
   ABCDEFGHIJKLMNOPQRSTU
 1 .**222...............
 2 ......******.........
 3 ..............*......
 4 ..............*....*.
 5 ***......**........*.
 6 .....................
(Your move)>Miss
(CPU move)>M5
Miss
   ABCDEFGHIJKLMNOPQRSTU
 1 .//..//.///././//.///
 2 //.///..//******/****
 3 ././///.///////...///
 4 //*****//./.../...//.
 5 //**////////./../../.
 6 /././/.///.//**././/.
===
   ABCDEFGHIJKLMNOPQRSTU
 1 .**222...............
 2 ......******.........
 3 ..............*......
 4 ..............*....*.
 5 ***......**........*.
 6 .....................
(Your move)>Miss
(CPU move)>H3
Miss
   ABCDEFGHIJKLMNOPQRSTU
 1 .//..//////././//.///
 2 //.///..//******/****
 3 ././///.///////...///
 4 //*****//./.../...//.
 5 //**////////./../../.
 6 /././/.///.//**././/.
===
   ABCDEFGHIJKLMNOPQRSTU
 1 .**222...............
 2 ......******.........
 3 ..............*......
 4 ..............*....*.
 5 ***......**........*.
 6 .....................
(Your move)>Miss
(CPU move)>L4
Miss
   ABCDEFGHIJKLMNOPQRSTU
 1 .//..//////././//.///
 2 //.///..//******/****
 3 ././///.///////...///
 4 //*****//./.../...//.
 5 //**////////./..//./.
 6 /././/.///.//**././/.
===
   ABCDEFGHIJKLMNOPQRSTU
 1 .**222...............
 2 ......******.........
 3 ..............*......
 4 ..............*....*.
 5 ***......**........*.
 6 .....................
(Your move)>Miss
(CPU move)>B4
Miss
   ABCDEFGHIJKLMNOPQRSTU
 1 .//..//////././//.///
 2 //.///..//******/****
 3 ././///.///////...///
 4 //*****//./.../...//.
 5 //**////////./..//./.
 6 /././/.///.//**././//
===
   ABCDEFGHIJKLMNOPQRSTU
 1 .**222...............
 2 ......******.........
 3 ..............*......
 4 ..............*....*.
 5 ***......**........*.
 6 .....................
(Your move)>Miss
(CPU move)>L6
Miss
   ABCDEFGHIJKLMNOPQRSTU
 1 .//.///////././//.///
 2 //.///..//******/****
 3 ././///.///////...///
 4 //*****//./.../...//.
 5 //**////////./..//./.
 6 /././/.///.//**././//
===
   ABCDEFGHIJKLMNOPQRSTU
 1 .**222...............
 2 ......******.........
 3 ..............*......
 4 ..............*....*.
 5 ***......**........*.
 6 .....................
(Your move)>Hit
Ship sunk
Game over - you win
