   ABCDEFGHIJ
 1 ..........
 2 ..........
 3 ..........
 4 ..........
 5 ..........
 6 ..........
 7 ..........
 8 ..........
 9 ..........
10 ..........
===
   ABCDEFGHIJ
 1 ...44.....
 2 ..........
 3 ..........
 4 ....66666.
 5 ..........
 6 .....11111
 7 ....333333
 8 .5555.....
 9 .....222..
10 ..........
(Your move)>Hit
(CPU move)>J8
Miss
   ABCDEFGHIJ
 1 ..........
 2 ..........
 3 ..........
 4 ..........
 5 ..........
 6 ..........
 7 ..........
 8 ..........
 9 .....*....
10 ..........
===
   ABCDEFGHIJ
 1 ...44.....
 2 ..........
 3 ..........
 4 ....66666.
 5 ..........
 6 .....11111
 7 ....333333
 8 .5555.....
 9 .....222..
10 ..........
(Your move)>Miss
(CPU move)>G9
Hit
   ABCDEFGHIJ
 1 ..........
 2 ..........
 3 ..........
 4 ..........
 5 ..........
 6 ..........
 7 ..........
 8 ...../....
 9 .....*....
10 ..........
===
   ABCDEFGHIJ
 1 ...44.....
 2 ..........
 3 ..........
 4 ....66666.
 5 ..........
 6 .....11111
 7 ....333333
 8 .5555.....
 9 .....2*2..
10 ..........
(Your move)>Miss
(CPU move)>G8
Miss
   ABCDEFGHIJ
 1 ..........
 2 ..........
 3 ..........
 4 ..........
 5 ..........
 6 ..........
 7 ..........
 8 ...../....
 9 .....*....
10 ...../....
===
   ABCDEFGHIJ
 1 ...44.....
 2 ..........
 3 ..........
 4 ....66666.
 5 ..........
 6 .....11111
 7 ....333333
 8 .5555.....
 9 .....2*2..
10 ..........
(Your move)>Hit
(CPU move)>G10
Miss
   ABCDEFGHIJ
 1 ..........
 2 ..........
 3 ..........
 4 ..........
 5 ..........
 6 ..........
 7 ..........
 8 ...../....
 9 ....**....
10 ...../....
===
   ABCDEFGHIJ
 1 ...44.....
 2 ..........
 3 ..........
 4 ....66666.
 5 ..........
 6 .....11111
 7 ....333333
 8 .5555.....
 9 .....2*2..
10 ..........
(Your move)>Hit
Ship sunk
(CPU move)>F9
Hit
   ABCDEFGHIJ
 1 ..........
 2 ..........
 3 ..........
 4 ..........
 5 ..........
 6 ..........
 7 ..........
 8 ...../....
 9 ....***...
10 ...../....
===
   ABCDEFGHIJ
 1 ...44.....
 2 ..........
 3 ..........
 4 ....66666.
 5 ..........
 6 .....11111
 7 ....333333
 8 .5555.....
 9 .....**2..
10 ..........
(Your move)>Hit
(CPU move)>H9
Hit
Ship sunk
   ABCDEFGHIJ
 1 ..........
 2 ..........
 3 ..........
 4 ..........
 5 ..........
 6 ..........
 7 ..........
 8 ...../....
 9 ....***...
10 ...*./....
===
   ABCDEFGHIJ
 1 ...44.....
 2 ..........
 3 ..........
 4 ....66666.
 5 ..........
 6 .....11111
 7 ....333333
 8 .5555.....
 9 .....***..
10 ..........
(Your move)>Hit
(CPU move)>E8
Hit
   ABCDEFGHIJ
 1 ..........
 2 ..........
 3 ..........
 4 ..........
 5 ..........
 6 ..........
 7 ..........
 8 ...../....
 9 ...****...
10 ...*./....
===
   ABCDEFGHIJ
 1 ...44.....
 2 ..........
 3 ..........
 4 ....66666.
 5 ..........
 6 .....11111
 7 ....333333
 8 .555*.....
 9 .....***..
10 ..........
(Your move)>Miss
(CPU move)>E7
Hit
   ABCDEFGHIJ
 1 ..........
 2 ..........
 3 ..........
 4 ..........
 5 ..........
 6 ..........
 7 ..........
 8 ...../....
 9 ...****...
10 ../*./....
===
   ABCDEFGHIJ
 1 ...44.....
 2 ..........
 3 ..........
 4 ....66666.
 5 ..........
 6 .....11111
 7 ....*33333
 8 .555*.....
 9 .....***..
10 ..........
(Your move)>Miss
(CPU move)>E9
Miss
   ABCDEFGHIJ
 1 ..........
 2 ..........
 3 ..........
 4 ..........
 5 ..........
 6 ..........
 7 ..........
 8 ...../....
 9 ...****...
10 ../*//....
===
   ABCDEFGHIJ
 1 ...44.....
 2 ..........
 3 ..........
 4 ....66666.
 5 ..........
 6 .....11111
 7 ....*33333
 8 .555*.....
 9 .....***..
10 ..........
(Your move)>Miss
(CPU move)>D8
Hit
   ABCDEFGHIJ
 1 ......../.
 2 ..........
 3 ..........
 4 ..........
 5 ..........
 6 ..........
 7 ..........
 8 ...../....
 9 ...****...
10 ../*//....
===
   ABCDEFGHIJ
 1 ...44.....
 2 ..........
 3 ..........
 4 ....66666.
 5 ..........
 6 .....11111
 7 ....*33333
 8 .55**.....
 9 .....***..
10 ..........
(Your move)>Miss
(CPU move)>F8
Miss
   ABCDEFGHIJ
 1 ......../.
 2 ..........
 3 ..........
 4 ..........
 5 ..........
 6 ..........
 7 ..........
 8 /..../....
 9 ...****...
10 ../*//....
===
   ABCDEFGHIJ
 1 ...44.....
 2 ..........
 3 ..........
 4 ....66666.
 5 ..........
 6 .....11111
 7 ....*33333
 8 .55**.....
 9 .....***..
10 ..........
(Your move)>Miss
(CPU move)>B10
Miss
   ABCDEFGHIJ
 1 ......../.
 2 ..../.....
 3 ..........
 4 ..........
 5 ..........
 6 ..........
 7 ..........
 8 /..../....
 9 ...****...
10 ../*//....
===
   ABCDEFGHIJ
 1 ...44.....
 2 ..........
 3 ..........
 4 ....66666.
 5 ..........
 6 .....11111
 7 ....*33333
 8 .55**.....
 9 .....***..
10 ..........
(Your move)>Hit
(CPU move)>D4
Miss
   ABCDEFGHIJ
 1 ......../.
 2 ..../.....
 3 ..........
 4 ..........
 5 ..........
 6 ..........
 7 ........*.
 8 /..../....
 9 ...****...
10 ../*//....
===
   ABCDEFGHIJ
 1 ...44.....
 2 ..........
 3 ..........
 4 ....66666.
 5 ..........
 6 .....11111
 7 ....*33333
 8 .55**.....
 9 .....***..
10 ..........
(Your move)>Hit
(CPU move)>E6
Miss
   ABCDEFGHIJ
 1 ......../.
 2 ..../.....
 3 ..........
 4 ..........
 5 ..........
 6 ........*.
 7 ........*.
 8 /..../....
 9 ...****...
10 ../*//....
===
   ABCDEFGHIJ
 1 ...44.....
 2 ..........
 3 ..........
 4 ....66666.
 5 ..........
 6 .....11111
 7 ....*33333
 8 .55**.....
 9 .....***..
10 ..........
(Your move)>Hit
(CPU move)>H2
Miss
   ABCDEFGHIJ
 1 ......../.
 2 ..../.....
 3 ..........
 4 ..........
 5 ..........
 6 ........*.
 7 ........*.
 8 /..../..*.
 9 ...****...
10 ../*//....
===
   ABCDEFGHIJ
 1 ...44.....
 2 ..........
 3 ..........
 4 ....66666.
 5 ..........
 6 .....11111
 7 ....*33333
 8 .55**.....
 9 .....***..
10 ..........
(Your move)>Miss
(CPU move)>G7
Hit
   ABCDEFGHIJ
 1 ......../.
 2 ..../.....
 3 ..........
 4 ..........
 5 ..........
 6 ........*.
 7 ......./*.
 8 /..../..*.
 9 ...****...
10 ../*//....
===
   ABCDEFGHIJ
 1 ...44.....
 2 ..........
 3 ..........
 4 ....66666.
 5 ..........
 6 .....11111
 7 ....*3*333
 8 .55**.....
 9 .....***..
10 ..........
(Your move)>Hit
(CPU move)>G6
Hit
   ABCDEFGHIJ
 1 ......../.
 2 ..../.....
 3 ..........
 4 ..........
 5 ..........
 6 ........*.
 7 ......./**
 8 /..../..*.
 9 ...****...
10 ../*//....
===
   ABCDEFGHIJ
 1 ...44.....
 2 ..........
 3 ..........
 4 ....66666.
 5 ..........
 6 .....1*111
 7 ....*3*333
 8 .55**.....
 9 .....***..
10 ..........
(Your move)>Miss
(CPU move)>F7
Hit
   ABCDEFGHIJ
 1 ......../.
 2 ..../.....
 3 ...../....
 4 ..........
 5 ..........
 6 ........*.
 7 ......./**
 8 /..../..*.
 9 ...****...
10 ../*//....
===
   ABCDEFGHIJ
 1 ...44.....
 2 ..........
 3 ..........
 4 ....66666.
 5 ..........
 6 .....1*111
 7 ....***333
 8 .55**.....
 9 .....***..
10 ..........
(Your move)>Miss
(CPU move)>H7
Hit
   ABCDEFGHIJ
 1 ......../.
 2 ..../.....
 3 ...../....
 4 ..........
 5 ..........
 6 ........*.
 7 ......./**
 8 /..../..*/
 9 ...****...
10 ../*//....
===
   ABCDEFGHIJ
 1 ...44.....
 2 ..........
 3 ..........
 4 ....66666.
 5 ..........
 6 .....1*111
 7 ....****33
 8 .55**.....
 9 .....***..
10 ..........
(Your move)>Miss
(CPU move)>H10
Miss
   ABCDEFGHIJ
 1 ......../.
 2 ..../.....
 3 ...../....
 4 .../......
 5 ..........
 6 ........*.
 7 ......./**
 8 /..../..*/
 9 ...****...
10 ../*//....
===
   ABCDEFGHIJ
 1 ...44.....
 2 ..........
 3 ..........
 4 ....66666.
 5 ..........
 6 .....1*111
 7 ....****33
 8 .55**.....
 9 .....***..
10 ..........
(Your move)>Hit
(CPU move)>F1
Miss
   ABCDEFGHIJ
 1 ......../.
 2 ..../.....
 3 ...../...*
 4 .../......
 5 ..........
 6 ........*.
 7 ......./**
 8 /..../..*/
 9 ...****...
10 ../*//....
===
   ABCDEFGHIJ
 1 ...44.....
 2 ..........
 3 ..........
 4 ....66666.
 5 ..........
 6 .....1*111
 7 ....****33
 8 .55**.....
 9 .....***..
10 ..........
(Your move)>Miss
(CPU move)>A9
Miss
   ABCDEFGHIJ
 1 ......../.
 2 ..../..../
 3 ...../...*
 4 .../......
 5 ..........
 6 ........*.
 7 ......./**
 8 /..../..*/
 9 ...****...
10 ../*//....
===
   ABCDEFGHIJ
 1 ...44.....
 2 ..........
 3 ..........
 4 ....66666.
 5 ..........
 6 .....1*111
 7 ....****33
 8 .55**.....
 9 .....***..
10 ..........
(Your move)>Hit
(CPU move)>C6
Miss
   ABCDEFGHIJ
 1 ......../.
 2 ..../..../
 3 ...../...*
 4 .../.....*
 5 ..........
 6 ........*.
 7 ......./**
 8 /..../..*/
 9 ...****...
10 ../*//....
===
   ABCDEFGHIJ
 1 ...44.....
 2 ..........
 3 ..........
 4 ....66666.
 5 ..........
 6 .....1*111
 7 ....****33
 8 .55**.....
 9 .....***..
10 ..........
(Your move)>Miss
(CPU move)>B1
Miss
   ABCDEFGHIJ
 1 ......../.
 2 ..../..../
 3 ...../../*
 4 .../.....*
 5 ..........
 6 ........*.
 7 ......./**
 8 /..../..*/
 9 ...****...
10 ../*//....
===
   ABCDEFGHIJ
 1 ...44.....
 2 ..........
 3 ..........
 4 ....66666.
 5 ..........
 6 .....1*111
 7 ....****33
 8 .55**.....
 9 .....***..
10 ..........
(Your move)>Miss
(CPU move)>A7
Miss
   ABCDEFGHIJ
 1 ......../.
 2 ..../..../
 3 ...../../*
 4 .../.....*
 5 ..........
 6 ........*.
 7 ......./**
 8 /..../..*/
 9 ...****...
10 .//*//....
===
   ABCDEFGHIJ
 1 ...44.....
 2 ..........
 3 ..........
 4 ....66666.
 5 ..........
 6 .....1*111
 7 ....****33
 8 .55**.....
 9 .....***..
10 ..........
(Your move)>Miss
(CPU move)>D5
Miss
   ABCDEFGHIJ
 1 ......../.
 2 ..../..../
 3 ...../../*
 4 ...//....*
 5 ..........
 6 ........*.
 7 ......./**
 8 /..../..*/
 9 ...****...
10 .//*//....
===
   ABCDEFGHIJ
 1 ...44.....
 2 ..........
 3 ..........
 4 ....66666.
 5 ..........
 6 .....1*111
 7 ....****33
 8 .55**.....
 9 .....***..
10 ..........
(Your move)>Hit
(CPU move)>E4
Hit
   ABCDEFGHIJ
 1 ......../.
 2 ..../..../
 3 ...../../*
 4 ...//...**
 5 ..........
 6 ........*.
 7 ......./**
 8 /..../..*/
 9 ...****...
10 .//*//....
===
   ABCDEFGHIJ
 1 ...44.....
 2 ..........
 3 ..........
 4 ....*6666.
 5 ..........
 6 .....1*111
 7 ....****33
 8 .55**.....
 9 .....***..
10 ..........
(Your move)>Miss
(CPU move)>E3
Miss
   ABCDEFGHIJ
 1 ......../.
 2 ..../..../
 3 ...../../*
 4 ...//...**
 5 ......../.
 6 ........*.
 7 ......./**
 8 /..../..*/
 9 ...****...
10 .//*//....
===
   ABCDEFGHIJ
 1 ...44.....
 2 ..........
 3 ..........
 4 ....*6666.
 5 ..........
 6 .....1*111
 7 ....****33
 8 .55**.....
 9 .....***..
10 ..........
(Your move)>Hit
(CPU move)>E5
Miss
   ABCDEFGHIJ
 1 ......../.
 2 ..../..../
 3 ...../../*
 4 ...//..***
 5 ......../.
 6 ........*.
 7 ......./**
 8 /..../..*/
 9 ...****...
10 .//*//....
===
   ABCDEFGHIJ
 1 ...44.....
 2 ..........
 3 ..........
 4 ....*6666.
 5 ..........
 6 .....1*111
 7 ....****33
 8 .55**.....
 9 .....***..
10 ..........
(Your move)>Miss
(CPU move)>D4
Repeated guess
(CPU move)>F4
Hit
   ABCDEFGHIJ
 1 ......../.
 2 ..../..../
 3 ...../../*
 4 ...//..***
 5 /......./.
 6 ........*.
 7 ......./**
 8 /..../..*/
 9 ...****...
10 .//*//....
===
   ABCDEFGHIJ
 1 ...44.....
 2 ..........
 3 ..........
 4 ....**666.
 5 ..........
 6 .....1*111
 7 ....****33
 8 .55**.....
 9 .....***..
10 ..........
(Your move)>Miss
(CPU move)>J2
Miss
   ABCDEFGHIJ
 1 ......../.
 2 ..../..../
 3 ...../../*
 4 ...//..***
 5 /......./.
 6 ........*.
 7 /....../**
 8 /..../..*/
 9 ...****...
10 .//*//....
===
   ABCDEFGHIJ
 1 ...44.....
 2 ..........
 3 ..........
 4 ....**666.
 5 ..........
 6 .....1*111
 7 ....****33
 8 .55**.....
 9 .....***..
10 ..........
(Your move)>Miss
(CPU move)>A1
Miss
   ABCDEFGHIJ
 1 ......../.
 2 ..../..../
 3 ...../../*
 4 ...//..***
 5 /......./.
 6 ........*.
 7 /....../**
 8 /..../..*/
 9 ...****...
10 ///*//....
===
   ABCDEFGHIJ
 1 ...44.....
 2 ..........
 3 ..........
 4 ....**666.
 5 ..........
 6 .....1*111
 7 ....****33
 8 .55**.....
 9 .....***..
10 ..........
(Your move)>Miss
(CPU move)>E2
Miss
   ABCDEFGHIJ
 1 ......../.
 2 ..../...//
 3 ...../../*
 4 ...//..***
 5 /......./.
 6 ........*.
 7 /....../**
 8 /..../..*/
 9 ...****...
10 ///*//....
===
   ABCDEFGHIJ
 1 ...44.....
 2 ..........
 3 ..........
 4 ....**666.
 5 ..........
 6 .....1*111
 7 ....****33
 8 .55**.....
 9 .....***..
10 ..........
(Your move)>Miss
(CPU move)>I7
Hit
   ABCDEFGHIJ
 1 .......//.
 2 ..../...//
 3 ...../../*
 4 ...//..***
 5 /......./.
 6 ........*.
 7 /....../**
 8 /..../..*/
 9 ...****...
10 ///*//....
===
   ABCDEFGHIJ
 1 ...44.....
 2 ..........
 3 ..........
 4 ....**666.
 5 ..........
 6 .....1*111
 7 ....*****3
 8 .55**.....
 9 .....***..
10 ..........
(Your move)>Miss
(CPU move)>I6
Hit
   ABCDEFGHIJ
 1 .......//.
 2 ...//...//
 3 ...../../*
 4 ...//..***
 5 /......./.
 6 ........*.
 7 /....../**
 8 /..../..*/
 9 ...****...
10 ///*//....
===
   ABCDEFGHIJ
 1 ...44.....
 2 ..........
 3 ..........
 4 ....**666.
 5 ..........
 6 .....1*1*1
 7 ....*****3
 8 .55**.....
 9 .....***..
10 ..........
(Your move)>Miss
(CPU move)>I8
Miss
   ABCDEFGHIJ
 1 .......//.
 2 ...//...//
 3 ...../../*
 4 ...//..***
 5 /......./.
 6 ........*.
 7 /./..../**
 8 /..../..*/
 9 ...****...
10 ///*//....
===
   ABCDEFGHIJ
 1 ...44.....
 2 ..........
 3 ..........
 4 ....**666.
 5 ..........
 6 .....1*1*1
 7 ....*****3
 8 .55**.....
 9 .....***..
10 ..........
(Your move)>Miss
(CPU move)>J7
Hit
Ship sunk
   ABCDEFGHIJ
 1 .......//.
 2 ...//...//
 3 ...../../*
 4 ...//..***
 5 /......./.
 6 ........*.
 7 /./..../**
 8 /..../..*/
 9 ...****...
10 ///*///...
===
   ABCDEFGHIJ
 1 ...44.....
 2 ..........
 3 ..........
 4 ....**666.
 5 ..........
 6 .....1*1*1
 7 ....******
 8 .55**.....
 9 .....***..
10 ..........
(Your move)>Miss
(CPU move)>F5
Miss
   ABCDEFGHIJ
 1 .......//.
 2 ...//...//
 3 ...../../*
 4 ...//..***
 5 /......./.
 6 ........*.
 7 /./..../**
 8 /..../..*/
 9 ...****../
10 ///*///...
===
   ABCDEFGHIJ
 1 ...44.....
 2 ..........
 3 ..........
 4 ....**666.
 5 ..........
 6 .....1*1*1
 7 ....******
 8 .55**.....
 9 .....***..
10 ..........
(Your move)>Hit
(CPU move)>C9
Miss
   ABCDEFGHIJ
 1 .......//.
 2 ...//...//
 3 ...../../*
 4 ...//..***
 5 /......./*
 6 ........*.
 7 /./..../**
 8 /..../..*/
 9 ...****../
10 ///*///...
===
   ABCDEFGHIJ
 1 ...44.....
 2 ..........
 3 ..........
 4 ....**666.
 5 ..........
 6 .....1*1*1
 7 ....******
 8 .55**.....
 9 .....***..
10 ..........
(Your move)>Hit
Ship sunk
(CPU move)>A2
Miss
   ABCDEFGHIJ
 1 .......//.
 2 ...//...//
 3 ...../../*
 4 ...//..***
 5 /......./*
 6 ........**
 7 /./..../**
 8 /..../..*/
 9 ...****../
10 ///*///...
===
   ABCDEFGHIJ
 1 ...44.....
 2 ..........
 3 ..........
 4 ....**666.
 5 ..........
 6 .....1*1*1
 7 ....******
 8 .55**.....
 9 .....***..
10 ..........
(Your move)>Miss
(CPU move)>I1
Miss
   ABCDEFGHIJ
 1 .......//.
 2 ...//...//
 3 ...../../*
 4 ...//..***
 5 /......./*
 6 ......./**
 7 /./..../**
 8 /..../..*/
 9 ...****../
10 ///*///...
===
   ABCDEFGHIJ
 1 ...44.....
 2 ..........
 3 ..........
 4 ....**666.
 5 ..........
 6 .....1*1*1
 7 ....******
 8 .55**.....
 9 .....***..
10 ..........
(Your move)>Miss
(CPU move)>H4
Hit
   ABCDEFGHIJ
 1 ./.....//.
 2 ...//...//
 3 ...../../*
 4 ...//..***
 5 /......./*
 6 ......./**
 7 /./..../**
 8 /..../..*/
 9 ...****../
10 ///*///...
===
   ABCDEFGHIJ
 1 ...44.....
 2 ..........
 3 ..........
 4 ....**6*6.
 5 ..........
 6 .....1*1*1
 7 ....******
 8 .55**.....
 9 .....***..
10 ..........
(Your move)>Miss
(CPU move)>H3
Miss
   ABCDEFGHIJ
 1 ./.....//.
 2 ...//...//
 3 ...../../*
 4 ...//..***
 5 /......./*
 6 ......./**
 7 /./...//**
 8 /..../..*/
 9 ...****../
10 ///*///...
===
   ABCDEFGHIJ
 1 ...44.....
 2 ..........
 3 ..........
 4 ....**6*6.
 5 ..........
 6 .....1*1*1
 7 ....******
 8 .55**.....
 9 .....***..
10 ..........
(Your move)>Miss
(CPU move)>H5
Miss
   ABCDEFGHIJ
 1 ./.....//.
 2 ...//...//
 3 ...../../*
 4 ...//..***
 5 /......./*
 6 ......./**
 7 /./...//**
 8 /..../..*/
 9 ...****/./
10 ///*///...
===
   ABCDEFGHIJ
 1 ...44.....
 2 ..........
 3 ..........
 4 ....**6*6.
 5 ..........
 6 .....1*1*1
 7 ....******
 8 .55**.....
 9 .....***..
10 ..........
(Your move)>Miss
(CPU move)>G4
Hit
   ABCDEFGHIJ
 1 ./.....//.
 2 ..///...//
 3 ...../../*
 4 ...//..***
 5 /......./*
 6 ......./**
 7 /./...//**
 8 /..../..*/
 9 ...****/./
10 ///*///...
===
   ABCDEFGHIJ
 1 ...44.....
 2 ..........
 3 ..........
 4 ....****6.
 5 ..........
 6 .....1*1*1
 7 ....******
 8 .55**.....
 9 .....***..
10 ..........
(Your move)>Miss
(CPU move)>I4
Hit
Ship sunk
   ABCDEFGHIJ
 1 //.....//.
 2 ..///...//
 3 ...../../*
 4 ...//..***
 5 /......./*
 6 ......./**
 7 /./...//**
 8 /..../..*/
 9 ...****/./
10 ///*///...
===
   ABCDEFGHIJ
 1 ...44.....
 2 ..........
 3 ..........
 4 ....*****.
 5 ..........
 6 .....1*1*1
 7 ....******
 8 .55**.....
 9 .....***..
10 ..........
(Your move)>Miss
(CPU move)>F2
Miss
   ABCDEFGHIJ
 1 //.....//.
 2 .////...//
 3 ...../../*
 4 ...//..***
 5 /......./*
 6 ......./**
 7 /./...//**
 8 /..../..*/
 9 ...****/./
10 ///*///...
===
   ABCDEFGHIJ
 1 ...44.....
 2 ..........
 3 ..........
 4 ....*****.
 5 ..........
 6 .....1*1*1
 7 ....******
 8 .55**.....
 9 .....***..
10 ..........
(Your move)>Hit
(CPU move)>D1
Hit
   ABCDEFGHIJ
 1 //.....//.
 2 .////...//
 3 ...../../*
 4 ...//*.***
 5 /......./*
 6 ......./**
 7 /./...//**
 8 /..../..*/
 9 ...****/./
10 ///*///...
===
   ABCDEFGHIJ
 1 ...*4.....
 2 ..........
 3 ..........
 4 ....*****.
 5 ..........
 6 .....1*1*1
 7 ....******
 8 .55**.....
 9 .....***..
10 ..........
(Your move)>Repeated guess
(Your move)>Miss
(CPU move)>D2
Miss
   ABCDEFGHIJ
 1 //.....//.
 2 .////...//
 3 ...../../*
 4 ...//*.***
 5 /..../../*
 6 ......./**
 7 /./...//**
 8 /..../..*/
 9 ...****/./
10 ///*///...
===
   ABCDEFGHIJ
 1 ...*4.....
 2 ..........
 3 ..........
 4 ....*****.
 5 ..........
 6 .....1*1*1
 7 ....******
 8 .55**.....
 9 .....***..
10 ..........
(Your move)>Repeated guess
(Your move)>Hit
Ship sunk
(CPU move)>C1
Miss
   ABCDEFGHIJ
 1 //.....//.
 2 .////...//
 3 ...../../*
 4 ...//*****
 5 /..../../*
 6 ......./**
 7 /./...//**
 8 /..../..*/
 9 ...****/./
10 ///*///...
===
   ABCDEFGHIJ
 1 ...*4.....
 2 ..........
 3 ..........
 4 ....*****.
 5 ..........
 6 .....1*1*1
 7 ....******
 8 .55**.....
 9 .....***..
10 ..........
(Your move)>Miss
(CPU move)>E1
Hit
Ship sunk
   ABCDEFGHIJ
 1 //.....//.
 2 .////...//
 3 ...../../*
 4 ...//*****
 5 /..../../*
 6 ......./**
 7 /./...//**
 8 /...//..*/
 9 ...****/./
10 ///*///...
===
   ABCDEFGHIJ
 1 ...**.....
 2 ..........
 3 ..........
 4 ....*****.
 5 ..........
 6 .....1*1*1
 7 ....******
 8 .55**.....
 9 .....***..
10 ..........
(Your move)>Hit
(CPU move)>B5
Miss
   ABCDEFGHIJ
 1 //.....//.
 2 .////...//
 3 ...../../*
 4 ...//*****
 5 /..../../*
 6 ......./**
 7 /./...//**
 8 /...//..*/
 9 ...****/./
10 ///*///.*.
===
   ABCDEFGHIJ
 1 ...**.....
 2 ..........
 3 ..........
 4 ....*****.
 5 ..........
 6 .....1*1*1
 7 ....******
 8 .55**.....
 9 .....***..
10 ..........
(Your move)>Hit
Ship sunk
(CPU move)>C3
Miss
   ABCDEFGHIJ
 1 //.....//.
 2 .////...//
 3 ...../../*
 4 ...//*****
 5 /..../../*
 6 ......./**
 7 /./...//**
 8 /...//..*/
 9 ...****/*/
10 ///*///.*.
===
   ABCDEFGHIJ
 1 ...**.....
 2 ..........
 3 ..........
 4 ....*****.
 5 ..........
 6 .....1*1*1
 7 ....******
 8 .55**.....
 9 .....***..
10 ..........
(Your move)>Miss
(CPU move)>A3
Miss
   ABCDEFGHIJ
 1 //.....//.
 2 .////...//
 3 ...../../*
 4 ...//*****
 5 /..../../*
 6 ......./**
 7 /./...//**
 8 /...//..*/
 9 ...****/*/
10 ///*////*.
===
   ABCDEFGHIJ
 1 ...**.....
 2 ..........
 3 ..........
 4 ....*****.
 5 ..........
 6 .....1*1*1
 7 ....******
 8 .55**.....
 9 .....***..
10 ..........
(Your move)>Miss
(CPU move)>B8
Hit
   ABCDEFGHIJ
 1 //.....//.
 2 .////...//
 3 ...../../*
 4 ...//*****
 5 /..../../*
 6 ......./**
 7 /./...//**
 8 /...//..*/
 9 ...****/*/
10 ///*////*/
===
   ABCDEFGHIJ
 1 ...**.....
 2 ..........
 3 ..........
 4 ....*****.
 5 ..........
 6 .....1*1*1
 7 ....******
 8 .*5**.....
 9 .....***..
10 ..........
(Your move)>Hit
(CPU move)>B7
Miss
   ABCDEFGHIJ
 1 //.....//.
 2 .////...//
 3 ...../../*
 4 ...//*****
 5 /*.../../*
 6 ......./**
 7 /./...//**
 8 /...//..*/
 9 ...****/*/
10 ///*////*/
===
   ABCDEFGHIJ
 1 ...**.....
 2 ..........
 3 ..........
 4 ....*****.
 5 ..........
 6 .....1*1*1
 7 ....******
 8 .*5**.....
 9 .....***..
10 ..........
(Your move)>Miss
(CPU move)>B9
Miss
   ABCDEFGHIJ
 1 //.....//.
 2 .////...//
 3 ...../../*
 4 ././/*****
 5 /*.../../*
 6 ......./**
 7 /./...//**
 8 /...//..*/
 9 ...****/*/
10 ///*////*/
===
   ABCDEFGHIJ
 1 ...**.....
 2 ..........
 3 ..........
 4 ....*****.
 5 ..........
 6 .....1*1*1
 7 ....******
 8 .*5**.....
 9 .....***..
10 ..........
(Your move)>Miss
(CPU move)>A8
Miss
   ABCDEFGHIJ
 1 //.....//.
 2 .////...//
 3 ...../../*
 4 ././/*****
 5 /*.../../*
 6 ./...../**
 7 /./...//**
 8 /...//..*/
 9 ...****/*/
10 ///*////*/
===
   ABCDEFGHIJ
 1 ...**.....
 2 ..........
 3 ..........
 4 ....*****.
 5 ..........
 6 .....1*1*1
 7 ....******
 8 .*5**.....
 9 .....***..
10 ..........
(Your move)>Repeated guess
(Your move)>Hit
Ship sunk
(CPU move)>C8
Hit
Ship sunk
   ABCDEFGHIJ
 1 //.....//.
 2 .////...//
 3 ...../../*
 4 ././/*****
 5 /**../../*
 6 ./...../**
 7 /./...//**
 8 /...//..*/
 9 ...****/*/
10 ///*////*/
===
   ABCDEFGHIJ
 1 ...**.....
 2 ..........
 3 ..........
 4 ....*****.
 5 ..........
 6 .....1*1*1
 7 ....******
 8 .****.....
 9 .....***..
10 ..........
(Your move)>Miss
(CPU move)>J3
Miss
   ABCDEFGHIJ
 1 //.....//.
 2 .////...//
 3 ...../../*
 4 ././/*****
 5 /**.//../*
 6 ./...../**
 7 /./...//**
 8 /...//..*/
 9 ...****/*/
10 ///*////*/
===
   ABCDEFGHIJ
 1 ...**.....
 2 ..........
 3 ..........
 4 ....*****.
 5 ..........
 6 .....1*1*1
 7 ....******
 8 .****.....
 9 .....***..
10 ..........
(Your move)>Miss
(CPU move)>J6
Hit
   ABCDEFGHIJ
 1 //.....//.
 2 .////...//
 3 ...../../*
 4 ././/*****
 5 /**.//../*
 6 ./...../**
 7 /./...//**
 8 /...//..*/
 9 /..****/*/
10 ///*////*/
===
   ABCDEFGHIJ
 1 ...**.....
 2 ..........
 3 ..........
 4 ....*****.
 5 ..........
 6 .....1*1**
 7 ....******
 8 .****.....
 9 .....***..
10 ..........
(Your move)>Miss
(CPU move)>J5
Miss
   ABCDEFGHIJ
 1 ///....//.
 2 .////...//
 3 ...../../*
 4 ././/*****
 5 /**.//../*
 6 ./...../**
 7 /./...//**
 8 /...//..*/
 9 /..****/*/
10 ///*////*/
===
   ABCDEFGHIJ
 1 ...**.....
 2 ..........
 3 ..........
 4 ....*****.
 5 ..........
 6 .....1*1**
 7 ....******
 8 .****.....
 9 .....***..
10 ..........
(Your move)>Miss
(CPU move)>C2
Miss
   ABCDEFGHIJ
 1 ///....//.
 2 .////...//
 3 .....//./*
 4 ././/*****
 5 /**.//../*
 6 ./...../**
 7 /./...//**
 8 /...//..*/
 9 /..****/*/
10 ///*////*/
===
   ABCDEFGHIJ
 1 ...**.....
 2 ..........
 3 ..........
 4 ....*****.
 5 ..........
 6 .....1*1**
 7 ....******
 8 .****.....
 9 .....***..
10 ..........
(Your move)>Miss
(CPU move)>I3
Miss
   ABCDEFGHIJ
 1 ///....//.
 2 .////...//
 3 .....//./*
 4 ././/*****
 5 /**.//../*
 6 ./...../**
 7 /./...//**
 8 /././/..*/
 9 /..****/*/
10 ///*////*/
===
   ABCDEFGHIJ
 1 ...**.....
 2 ..........
 3 ..........
 4 ....*****.
 5 ..........
 6 .....1*1**
 7 ....******
 8 .****.....
 9 .....***..
10 ..........
(Your move)>Miss
(CPU move)>I5
Miss
   ABCDEFGHIJ
 1 ///...///.
 2 .////...//
 3 .....//./*
 4 ././/*****
 5 /**.//../*
 6 ./...../**
 7 /./...//**
 8 /././/..*/
 9 /..****/*/
10 ///*////*/
===
   ABCDEFGHIJ
 1 ...**.....
 2 ..........
 3 ..........
 4 ....*****.
 5 ..........
 6 .....1*1**
 7 ....******
 8 .****.....
 9 .....***..
10 ..........
(Your move)>Miss
(CPU move)>D7
Miss
   ABCDEFGHIJ
 1 ///...///.
 2 .////...//
 3 .....//./*
 4 ././/*****
 5 /**.//../*
 6 ./...../**
 7 ///...//**
 8 /././/..*/
 9 /..****/*/
10 ///*////*/
===
   ABCDEFGHIJ
 1 ...**.....
 2 ..........
 3 ..........
 4 ....*****.
 5 ..........
 6 .....1*1**
 7 ....******
 8 .****.....
 9 .....***..
10 ..........
(Your move)>Hit
(CPU move)>H6
Hit
   ABCDEFGHIJ
 1 ///...///.
 2 .////...//
 3 .....//./*
 4 ././/*****
 5 /**.//../*
 6 ./...../**
 7 ///*..//**
 8 /././/..*/
 9 /..****/*/
10 ///*////*/
===
   ABCDEFGHIJ
 1 ...**.....
 2 ..........
 3 ..........
 4 ....*****.
 5 ..........
 6 .....1****
 7 ....******
 8 .****.....
 9 .....***..
10 ..........
(Your move)>Hit
(CPU move)>A4
Miss
   ABCDEFGHIJ
 1 ///...///.
 2 .////...//
 3 .....//./*
 4 ././/*****
 5 /**.//../*
 6 ./.*.../**
 7 ///*..//**
 8 /././/..*/
 9 /..****/*/
10 ///*////*/
===
   ABCDEFGHIJ
 1 ...**.....
 2 ..........
 3 ..........
 4 ....*****.
 5 ..........
 6 .....1****
 7 ....******
 8 .****.....
 9 .....***..
10 ..........
(Your move)>Hit
(CPU move)>E10
Miss
   ABCDEFGHIJ
 1 ///...///.
 2 .////...//
 3 .....//./*
 4 ././/*****
 5 /**.//../*
 6 ./.*.../**
 7 ///*..//**
 8 /./*//..*/
 9 /..****/*/
10 ///*////*/
===
   ABCDEFGHIJ
 1 ...**.....
 2 ..........
 3 ..........
 4 ....*****.
 5 ..........
 6 .....1****
 7 ....******
 8 .****.....
 9 .....***..
10 ..........
(Your move)>Repeated guess
(Your move)>Miss
(CPU move)>G1
Miss
   ABCDEFGHIJ
 1 ///...///.
 2 .////...//
 3 .....//./*
 4 ././/*****
 5 /**.//../*
 6 ./.*.../**
 7 ///*/.//**
 8 /./*//..*/
 9 /..****/*/
10 ///*////*/
===
   ABCDEFGHIJ
 1 ...**.....
 2 ..........
 3 ..........
 4 ....*****.
 5 ..........
 6 .....1****
 7 ....******
 8 .****.....
 9 .....***..
10 ..........
(Your move)>Miss
(CPU move)>J4
Miss
   ABCDEFGHIJ
 1 ///...///.
 2 .////...//
 3 .....////*
 4 ././/*****
 5 /**.//../*
 6 ./.*.../**
 7 ///*/.//**
 8 /./*//..*/
 9 /..****/*/
10 ///*////*/
===
   ABCDEFGHIJ
 1 ...**.....
 2 ..........
 3 ..........
 4 ....*****.
 5 ..........
 6 .....1****
 7 ....******
 8 .****.....
 9 .....***..
10 ..........
(Your move)>Miss
(CPU move)>F10
Miss
   ABCDEFGHIJ
 1 ///...///.
 2 .////...//
 3 ../..////*
 4 ././/*****
 5 /**.//../*
 6 ./.*.../**
 7 ///*/.//**
 8 /./*//..*/
 9 /..****/*/
10 ///*////*/
===
   ABCDEFGHIJ
 1 ...**.....
 2 ..........
 3 ..........
 4 ....*****.
 5 ..........
 6 .....1****
 7 ....******
 8 .****.....
 9 .....***..
10 ..........
(Your move)>Miss
(CPU move)>I10
Miss
   ABCDEFGHIJ
 1 ///...///.
 2 .////...//
 3 ../..////*
 4 //.//*****
 5 /**.//../*
 6 ./.*.../**
 7 ///*/.//**
 8 /./*//..*/
 9 /..****/*/
10 ///*////*/
===
   ABCDEFGHIJ
 1 ...**.....
 2 ..........
 3 ..........
 4 ....*****.
 5 ..........
 6 .....1****
 7 ....******
 8 .****.....
 9 .....***..
10 ..........
(Your move)>Miss
(CPU move)>D6
Miss
   ABCDEFGHIJ
 1 ///...///.
 2 .////...//
 3 ../..////*
 4 //.//*****
 5 /**.//../*
 6 ./.*/../**
 7 ///*/.//**
 8 /./*//..*/
 9 /..****/*/
10 ///*////*/
===
   ABCDEFGHIJ
 1 ...**.....
 2 ..........
 3 ..........
 4 ....*****.
 5 ..........
 6 .....1****
 7 ....******
 8 .****.....
 9 .....***..
10 ..........
(Your move)>Miss
(CPU move)>C10
Miss
   ABCDEFGHIJ
 1 ///...///.
 2 .////...//
 3 /./..////*
 4 //.//*****
 5 /**.//../*
 6 ./.*/../**
 7 ///*/.//**
 8 /./*//..*/
 9 /..****/*/
10 ///*////*/
===
   ABCDEFGHIJ
 1 ...**.....
 2 ..........
 3 ..........
 4 ....*****.
 5 ..........
 6 .....1****
 7 ....******
 8 .****.....
 9 .....***..
10 ..........
(Your move)>Miss
(CPU move)>B3
Miss
   ABCDEFGHIJ
 1 ///...///.
 2 ./////..//
 3 /./..////*
 4 //.//*****
 5 /**.//../*
 6 ./.*/../**
 7 ///*/.//**
 8 /./*//..*/
 9 /..****/*/
10 ///*////*/
===
   ABCDEFGHIJ
 1 ...**.....
 2 ..........
 3 ..........
 4 ....*****.
 5 ..........
 6 .....1****
 7 ....******
 8 .****.....
 9 .....***..
10 ..........
(Your move)>Miss
(CPU move)>H1
Miss
   ABCDEFGHIJ
 1 ///...///.
 2 ./////..//
 3 ///..////*
 4 //.//*****
 5 /**.//../*
 6 ./.*/../**
 7 ///*/.//**
 8 /./*//..*/
 9 /..****/*/
10 ///*////*/
===
   ABCDEFGHIJ
 1 ...**.....
 2 ..........
 3 ..........
 4 ....*****.
 5 ..........
 6 .....1****
 7 ....******
 8 .****.....
 9 .....***..
10 ..........
(Your move)>Miss
(CPU move)>A5
Miss
   ABCDEFGHIJ
 1 ///...///.
 2 //////..//
 3 ///..////*
 4 //.//*****
 5 /**.//../*
 6 ./.*/../**
 7 ///*/.//**
 8 /./*//..*/
 9 /..****/*/
10 ///*////*/
===
   ABCDEFGHIJ
 1 ...**.....
 2 ..........
 3 ..........
 4 ....*****.
 5 ..........
 6 .....1****
 7 ....******
 8 .****.....
 9 .....***..
10 ..........
(Your move)>Miss
(CPU move)>J9
Miss
   ABCDEFGHIJ
 1 ///...///.
 2 //////..//
 3 ///..////*
 4 //.//*****
 5 /**.//../*
 6 ./.*/.//**
 7 ///*/.//**
 8 /./*//..*/
 9 /..****/*/
10 ///*////*/
===
   ABCDEFGHIJ
 1 ...**.....
 2 ..........
 3 ..........
 4 ....*****.
 5 ..........
 6 .....1****
 7 ....******
 8 .****.....
 9 .....***..
10 ..........
(Your move)>Miss
(CPU move)>B2
Miss
   ABCDEFGHIJ
 1 ///...///.
 2 //////..//
 3 ///..////*
 4 //.//*****
 5 /**.//../*
 6 ./.*////**
 7 ///*/.//**
 8 /./*//..*/
 9 /..****/*/
10 ///*////*/
===
   ABCDEFGHIJ
 1 ...**.....
 2 ..........
 3 ..........
 4 ....*****.
 5 ..........
 6 .....1****
 7 ....******
 8 .****.....
 9 .....***..
10 ..........
(Your move)>Hit
Ship sunk
Game over - you win
