   ABCDEFGHIJK
 1 ...........
 2 ...........
 3 ...........
 4 ...........
 5 ...........
 6 ...........
 7 ...........
 8 ...........
 9 ...........
10 ...........
11 ...........
12 ...........
===
   ABCDEFGHIJK
 1 ...........
 2 ...........
 3 ...........
 4 .222.......
 5 ...........
 6 5......1...
 7 5......1...
 8 .......1...
 9 .....4.....
10 .....4....3
11 .....4.....
12 .....4.....
(Your move)>Miss
(CPU move)>B5
Miss
   ABCDEFGHIJK
 1 ...........
 2 ...........
 3 ...........
 4 ...........
 5 ...........
 6 .../.......
 7 ...........
 8 ...........
 9 ...........
10 ...........
11 ...........
12 ...........
===
   ABCDEFGHIJK
 1 ...........
 2 ...........
 3 ...........
 4 .222.......
 5 ...........
 6 5......1...
 7 5......1...
 8 .......1...
 9 .....4.....
10 .....4....3
11 .....4.....
12 .....4.....
(Your move)>Miss
(CPU move)>A11
Miss
   ABCDEFGHIJK
 1 ...........
 2 ...........
 3 ...........
 4 ...........
 5 ...........
 6 .../.......
 7 ...........
 8 .../.......
 9 ...........
10 ...........
11 ...........
12 ...........
===
   ABCDEFGHIJK
 1 ...........
 2 ...........
 3 ...........
 4 .222.......
 5 ...........
 6 5......1...
 7 5......1...
 8 .......1...
 9 .....4.....
10 .....4....3
11 .....4.....
12 .....4.....
(Your move)>Miss
(CPU move)>E11
Miss
   ABCDEFGHIJK
 1 ...........
 2 ...........
 3 ...........
 4 ...........
 5 ........./.
 6 .../.......
 7 ...........
 8 .../.......
 9 ...........
10 ...........
11 ...........
12 ...........
===
   ABCDEFGHIJK
 1 ...........
 2 ...........
 3 ...........
 4 .222.......
 5 ...........
 6 5......1...
 7 5......1...
 8 .......1...
 9 .....4.....
10 .....4....3
11 .....4.....
12 .....4.....
(Your move)>Miss
(CPU move)>J6
Miss
   ABCDEFGHIJK
 1 ...........
 2 ...........
 3 ........../
 4 ...........
 5 ........./.
 6 .../.......
 7 ...........
 8 .../.......
 9 ...........
10 ...........
11 ...........
12 ...........
===
   ABCDEFGHIJK
 1 ...........
 2 ...........
 3 ...........
 4 .222.......
 5 ...........
 6 5......1...
 7 5......1...
 8 .......1...
 9 .....4.....
10 .....4....3
11 .....4.....
12 .....4.....
(Your move)>Miss
(CPU move)>H12
Miss
   ABCDEFGHIJK
 1 ...........
 2 ...........
 3 ........../
 4 ../........
 5 ........./.
 6 .../.......
 7 ...........
 8 .../.......
 9 ...........
10 ...........
11 ...........
12 ...........
===
   ABCDEFGHIJK
 1 ...........
 2 ...........
 3 ...........
 4 .222.......
 5 ...........
 6 5......1...
 7 5......1...
 8 .......1...
 9 .....4.....
10 .....4....3
11 .....4.....
12 .....4.....
(Your move)>Miss
(CPU move)>F4
Miss
   ABCDEFGHIJK
 1 ...........
 2 ...........
 3 ........../
 4 ../........
 5 ........./.
 6 .../.......
 7 ...........
 8 .../...../.
 9 ...........
10 ...........
11 ...........
12 ...........
===
   ABCDEFGHIJK
 1 ...........
 2 ...........
 3 ...........
 4 .222.......
 5 ...........
 6 5......1...
 7 5......1...
 8 .......1...
 9 .....4.....
10 .....4....3
11 .....4.....
12 .....4.....
(Your move)>Bad guess
(Your move)>Miss
(CPU move)>B12
Miss
   ABCDEFGHIJK
 1 ...........
 2 ...........
 3 ........../
 4 ../........
 5 ........./.
 6 .../.......
 7 ........./.
 8 .../...../.
 9 ...........
10 ...........
11 ...........
12 ...........
===
   ABCDEFGHIJK
 1 ...........
 2 ...........
 3 ...........
 4 .222.......
 5 ...........
 6 5......1...
 7 5......1...
 8 .......1...
 9 .....4.....
10 .....4....3
11 .....4.....
12 .....4.....
(Your move)>Miss
(CPU move)>C9
Miss
   ABCDEFGHIJK
 1 ...........
 2 ...........
 3 ........../
 4 ../........
 5 ........./.
 6 .../.......
 7 ........./.
 8 .../...../.
 9 ...........
10 ..../......
11 ...........
12 ...........
===
   ABCDEFGHIJK
 1 ...........
 2 ...........
 3 ...........
 4 .222.......
 5 ...........
 6 5......1...
 7 5......1...
 8 .......1...
 9 .....4.....
10 .....4....3
11 .....4.....
12 .....4.....
(Your move)>Miss
(CPU move)>K6
Miss
   ABCDEFGHIJK
 1 ...........
 2 ...........
 3 ........../
 4 ../........
 5 ........./.
 6 .../.......
 7 ........./.
 8 ..//...../.
 9 ...........
10 ..../......
11 ...........
12 ...........
===
   ABCDEFGHIJK
 1 ...........
 2 ...........
 3 ...........
 4 .222.......
 5 ...........
 6 5......1...
 7 5......1...
 8 .......1...
 9 .....4.....
10 .....4....3
11 .....4.....
12 .....4.....
(Your move)>Bad guess
(Your move)>Miss
(CPU move)>K7
Miss
   ABCDEFGHIJK
 1 ...........
 2 ...........
 3 ...../..../
 4 ../........
 5 ........./.
 6 .../.......
 7 ........./.
 8 ..//...../.
 9 ...........
10 ..../......
11 ...........
12 ...........
===
   ABCDEFGHIJK
 1 ...........
 2 ...........
 3 ...........
 4 .222.......
 5 ...........
 6 5......1...
 7 5......1...
 8 .......1...
 9 .....4.....
10 .....4....3
11 .....4.....
12 .....4.....
(Your move)>Miss
(CPU move)>A2
Miss
   ABCDEFGHIJK
 1 ...........
 2 ...........
 3 ...../..../
 4 ../........
 5 ........//.
 6 .../.......
 7 ........./.
 8 ..//...../.
 9 ...........
10 ..../......
11 ...........
12 ...........
===
   ABCDEFGHIJK
 1 ...........
 2 ...........
 3 ...........
 4 .222.......
 5 ...........
 6 5......1...
 7 5......1...
 8 .......1...
 9 .....4.....
10 .....4....3
11 .....4.....
12 .....4.....
(Your move)>Miss
(CPU move)>F7
Miss
   ABCDEFGHIJK
 1 ...........
 2 ...........
 3 .....//.../
 4 ../........
 5 ........//.
 6 .../.......
 7 ........./.
 8 ..//...../.
 9 ...........
10 ..../......
11 ...........
12 ...........
===
   ABCDEFGHIJK
 1 ...........
 2 ...........
 3 ...........
 4 .222.......
 5 ...........
 6 5......1...
 7 5......1...
 8 .......1...
 9 .....4.....
10 .....4....3
11 .....4.....
12 .....4.....
(Your move)>Miss
(CPU move)>G5
Miss
   ABCDEFGHIJK
 1 ...........
 2 ...........
 3 .....//.../
 4 ../...../..
 5 ........//.
 6 .../.......
 7 ........./.
 8 ..//...../.
 9 ...........
10 ..../......
11 ...........
12 ...........
===
   ABCDEFGHIJK
 1 ...........
 2 ...........
 3 ...........
 4 .222.......
 5 ...........
 6 5......1...
 7 5......1...
 8 .......1...
 9 .....4.....
10 .....4....3
11 .....4.....
12 .....4.....
(Your move)>Miss
(CPU move)>D6
Miss
   ABCDEFGHIJK
 1 ...........
 2 ...........
 3 .....//.../
 4 ../...../..
 5 ........//.
 6 .../.......
 7 .........//
 8 ..//...../.
 9 ...........
10 ..../......
11 ...........
12 ...........
===
   ABCDEFGHIJK
 1 ...........
 2 ...........
 3 ...........
 4 .222.......
 5 ...........
 6 5......1...
 7 5......1...
 8 .......1...
 9 .....4.....
10 .....4....3
11 .....4.....
12 .....4.....
(Your move)>Miss
(CPU move)>A1
Miss
   ABCDEFGHIJK
 1 ...........
 2 ...........
 3 .....//././
 4 ../...../..
 5 ........//.
 6 .../.......
 7 .........//
 8 ..//...../.
 9 ...........
10 ..../......
11 ...........
12 ...........
===
   ABCDEFGHIJK
 1 ...........
 2 ...........
 3 ...........
 4 .222.......
 5 ...........
 6 5......1...
 7 5......1...
 8 .......1...
 9 .....4.....
10 .....4....3
11 .....4.....
12 .....4.....
(Your move)>Miss
(CPU move)>B9
Miss
   ABCDEFGHIJK
 1 ...........
 2 ...........
 3 ....///././
 4 ../...../..
 5 ........//.
 6 .../.......
 7 .........//
 8 ..//...../.
 9 ...........
10 ..../......
11 ...........
12 ...........
===
   ABCDEFGHIJK
 1 ...........
 2 ...........
 3 ...........
 4 .222.......
 5 ...........
 6 5......1...
 7 5......1...
 8 .......1...
 9 .....4.....
10 .....4....3
11 .....4.....
12 .....4.....
(Your move)>Miss
(CPU move)>D10
Miss
   ABCDEFGHIJK
 1 ...........
 2 ...........
 3 ....///././
 4 ../...../..
 5 /.......//.
 6 .../.......
 7 .........//
 8 ..//...../.
 9 ...........
10 ..../......
11 ...........
12 ...........
===
   ABCDEFGHIJK
 1 ...........
 2 ...........
 3 ...........
 4 .222.......
 5 ...........
 6 5......1...
 7 5......1...
 8 .......1...
 9 .....4.....
10 .....4....3
11 .....4.....
12 .....4.....
(Your move)>Miss
(CPU move)>G12
Miss
   ABCDEFGHIJK
 1 ...........
 2 ...........
 3 ....///././
 4 ../...../..
 5 /.......//.
 6 .../.......
 7 .........//
 8 ..//...../.
 9 ...........
10 ..../......
11 ..../......
12 ...........
===
   ABCDEFGHIJK
 1 ...........
 2 ...........
 3 ...........
 4 .222.......
 5 ...........
 6 5......1...
 7 5......1...
 8 .......1...
 9 .....4.....
10 .....4....3
11 .....4.....
12 .....4.....
(Your move)>Miss
(CPU move)>G8
Miss
   ABCDEFGHIJK
 1 ...........
 2 ...........
 3 ....///././
 4 ../...../..
 5 /.......//.
 6 .../.......
 7 .........//
 8 ..//...../.
 9 ...........
10 ..../......
11 /.../......
12 ...........
===
   ABCDEFGHIJK
 1 ...........
 2 ...........
 3 ...........
 4 .222.......
 5 ...........
 6 5......1...
 7 5......1...
 8 .......1...
 9 .....4.....
10 .....4....3
11 .....4.....
12 .....4.....
(Your move)>Miss
(CPU move)>G6
Miss
   ABCDEFGHIJK
 1 ...........
 2 ...........
 3 /...///././
 4 ../...../..
 5 /.......//.
 6 .../.......
 7 .........//
 8 ..//...../.
 9 ...........
10 ..../......
11 /.../......
12 ...........
===
   ABCDEFGHIJK
 1 ...........
 2 ...........
 3 ...........
 4 .222.......
 5 ...........
 6 5......1...
 7 5......1...
 8 .......1...
 9 .....4.....
10 .....4....3
11 .....4.....
12 .....4.....
(Your move)>Miss
(CPU move)>E4
Miss
   ABCDEFGHIJK
 1 ...........
 2 ...........
 3 /...///././
 4 ../...../..
 5 /.......//.
 6 .../.......
 7 .........//
 8 ..//...../.
 9 ...........
10 ...//......
11 /.../......
12 ...........
===
   ABCDEFGHIJK
 1 ...........
 2 ...........
 3 ...........
 4 .222.......
 5 ...........
 6 5......1...
 7 5......1...
 8 .......1...
 9 .....4.....
10 .....4....3
11 .....4.....
12 .....4.....
(Your move)>Miss
(CPU move)>F1
Miss
   ABCDEFGHIJK
 1 ...........
 2 ...........
 3 /...///././
 4 ../...../..
 5 /.......//.
 6 .../.......
 7 .........//
 8 ..//...../.
 9 ...........
10 ...//......
11 /.../......
12 /..........
===
   ABCDEFGHIJK
 1 ...........
 2 ...........
 3 ...........
 4 .222.......
 5 ...........
 6 5......1...
 7 5......1...
 8 .......1...
 9 .....4.....
10 .....4....3
11 .....4.....
12 .....4.....
(Your move)>Miss
(CPU move)>J11
Miss
   ABCDEFGHIJK
 1 ...........
 2 ...........
 3 /...///././
 4 ../...../..
 5 /.../...//.
 6 .../.......
 7 .........//
 8 ..//...../.
 9 ...........
10 ...//......
11 /.../......
12 /..........
===
   ABCDEFGHIJK
 1 ...........
 2 ...........
 3 ...........
 4 .222.......
 5 ...........
 6 5......1...
 7 5......1...
 8 .......1...
 9 .....4.....
10 .....4....3
11 .....4.....
12 .....4.....
(Your move)>Miss
(CPU move)>J12
Miss
   ABCDEFGHIJK
 1 ...........
 2 ...........
 3 /...///././
 4 ../...../..
 5 /.../...//.
 6 .../../....
 7 .........//
 8 ..//...../.
 9 ...........
10 ...//......
11 /.../......
12 /..........
===
   ABCDEFGHIJK
 1 ...........
 2 ...........
 3 ...........
 4 .222.......
 5 ...........
 6 5......1...
 7 5......1...
 8 .......1...
 9 .....4.....
10 .....4....3
11 .....4.....
12 .....4.....
(Your move)>Miss
(CPU move)>D9
Miss
   ABCDEFGHIJK
 1 ...........
 2 /..........
 3 /...///././
 4 ../...../..
 5 /.../...//.
 6 .../../....
 7 .........//
 8 ..//...../.
 9 ...........
10 ...//......
11 /.../......
12 /..........
===
   ABCDEFGHIJK
 1 ...........
 2 ...........
 3 ...........
 4 .222.......
 5 ...........
 6 5......1...
 7 5......1...
 8 .......1...
 9 .....4.....
10 .....4....3
11 .....4.....
12 .....4.....
(Your move)>Miss
(CPU move)>B8
Miss
   ABCDEFGHIJK
 1 ......./...
 2 /..........
 3 /...///././
 4 ../...../..
 5 /.../...//.
 6 .../../....
 7 .........//
 8 ..//...../.
 9 ...........
10 ...//......
11 /.../......
12 /..........
===
   ABCDEFGHIJK
 1 ...........
 2 ...........
 3 ...........
 4 .222.......
 5 ...........
 6 5......1...
 7 5......1...
 8 .......1...
 9 .....4.....
10 .....4....3
11 .....4.....
12 .....4.....
(Your move)>Miss
(CPU move)>E12
Miss
   ABCDEFGHIJK
 1 ......./...
 2 /..........
 3 /...///././
 4 ../...../..
 5 /.../...//.
 6 .../../....
 7 ....../..//
 8 ..//...../.
 9 ...........
10 ...//......
11 /.../......
12 /..........
===
   ABCDEFGHIJK
 1 ...........
 2 ...........
 3 ...........
 4 .222.......
 5 ...........
 6 5......1...
 7 5......1...
 8 .......1...
 9 .....4.....
10 .....4....3
11 .....4.....
12 .....4.....
(Your move)>Miss
(CPU move)>K12
Miss
   ABCDEFGHIJK
 1 ......./...
 2 /..........
 3 /...///././
 4 ../...../..
 5 /.../...//.
 6 .../../....
 7 ....../..//
 8 ..//...../.
 9 ..../......
10 ...//......
11 /.../......
12 /..........
===
   ABCDEFGHIJK
 1 ...........
 2 ...........
 3 ...........
 4 .222.......
 5 ...........
 6 5......1...
 7 5......1...
 8 .......1...
 9 .....4.....
10 .....4....3
11 .....4.....
12 .....4.....
(Your move)>Miss
(CPU move)>E9
Miss
   ABCDEFGHIJK
 1 ......./...
 2 /..........
 3 /...///././
 4 ../...../..
 5 /.../...//.
 6 .../../....
 7 ....../..//
 8 ..//...../.
 9 ..../......
10 ...//../...
11 /.../......
12 /..........
===
   ABCDEFGHIJK
 1 ...........
 2 ...........
 3 ...........
 4 .222.......
 5 ...........
 6 5......1...
 7 5......1...
 8 .......1...
 9 .....4.....
10 .....4....3
11 .....4.....
12 .....4.....
(Your move)>Hit
Ship sunk
(CPU move)>F12
Hit
   ABCDEFGHIJK
 1 ......./.*.
 2 /..........
 3 /...///././
 4 ../...../..
 5 /.../...//.
 6 .../../....
 7 ....../..//
 8 ..//...../.
 9 ..../......
10 ...//../...
11 /.../......
12 /..........
===
   ABCDEFGHIJK
 1 ...........
 2 ...........
 3 ...........
 4 .222.......
 5 ...........
 6 5......1...
 7 5......1...
 8 .......1...
 9 .....4.....
10 .....4....3
11 .....4.....
12 .....*.....
(Your move)>Miss
(CPU move)>F11
Hit
   ABCDEFGHIJK
 1 ......./.*.
 2 /......../.
 3 /...///././
 4 ../...../..
 5 /.../...//.
 6 .../../....
 7 ....../..//
 8 ..//...../.
 9 ..../......
10 ...//../...
11 /.../......
12 /..........
===
   ABCDEFGHIJK
 1 ...........
 2 ...........
 3 ...........
 4 .222.......
 5 ...........
 6 5......1...
 7 5......1...
 8 .......1...
 9 .....4.....
10 .....4....3
11 .....*.....
12 .....*.....
(Your move)>Miss
(CPU move)>E12
Repeated guess
(CPU move)>G12
Repeated guess
(CPU move)>A8
Miss
   ABCDEFGHIJK
 1 .......//*.
 2 /......../.
 3 /...///././
 4 ../...../..
 5 /.../...//.
 6 .../../....
 7 ....../..//
 8 ..//...../.
 9 ..../......
10 ...//../...
11 /.../......
12 /..........
===
   ABCDEFGHIJK
 1 ...........
 2 ...........
 3 ...........
 4 .222.......
 5 ...........
 6 5......1...
 7 5......1...
 8 .......1...
 9 .....4.....
10 .....4....3
11 .....*.....
12 .....*.....
(Your move)>Miss
(CPU move)>J5
Miss
   ABCDEFGHIJK
 1 .......//*/
 2 /......../.
 3 /...///././
 4 ../...../..
 5 /.../...//.
 6 .../../....
 7 ....../..//
 8 ..//...../.
 9 ..../......
10 ...//../...
11 /.../......
12 /..........
===
   ABCDEFGHIJK
 1 ...........
 2 ...........
 3 ...........
 4 .222.......
 5 ...........
 6 5......1...
 7 5......1...
 8 .......1...
 9 .....4.....
10 .....4....3
11 .....*.....
12 .....*.....
(Your move)>Miss
(CPU move)>F5
Miss
   ABCDEFGHIJK
 1 .......//*/
 2 /......../.
 3 /...///././
 4 ../...../..
 5 /.../...//.
 6 .../../....
 7 ...././..//
 8 ..//...../.
 9 ..../......
10 ...//../...
11 /.../......
12 /..........
===
   ABCDEFGHIJK
 1 ...........
 2 ...........
 3 ...........
 4 .222.......
 5 ...........
 6 5......1...
 7 5......1...
 8 .......1...
 9 .....4.....
10 .....4....3
11 .....*.....
12 .....*.....
(Your move)>Hit
(CPU move)>A9
Miss
   ABCDEFGHIJK
 1 .......//*/
 2 /......../.
 3 /...///././
 4 ../...../..
 5 /.../...//.
 6 .../../....
 7 ...././..//
 8 ..//...../.
 9 ..../......
10 ...//*./...
11 /.../......
12 /..........
===
   ABCDEFGHIJK
 1 ...........
 2 ...........
 3 ...........
 4 .222.......
 5 ...........
 6 5......1...
 7 5......1...
 8 .......1...
 9 .....4.....
10 .....4....3
11 .....*.....
12 .....*.....
(Your move)>Hit
(CPU move)>I9
Miss
   ABCDEFGHIJK
 1 .......//*/
 2 /......../.
 3 /...///././
 4 ../...../..
 5 /.../...//.
 6 .../../....
 7 ...././..//
 8 ..//...../.
 9 ..../*.....
10 ...//*./...
11 /.../......
12 /..........
===
   ABCDEFGHIJK
 1 ...........
 2 ...........
 3 ...........
 4 .222.......
 5 ...........
 6 5......1...
 7 5......1...
 8 .......1...
 9 .....4.....
10 .....4....3
11 .....*.....
12 .....*.....
(Your move)>Hit
(CPU move)>A7
Hit
   ABCDEFGHIJK
 1 .......//*/
 2 /......../.
 3 /...///././
 4 ../...../..
 5 /.../...//.
 6 .../../....
 7 ...././..//
 8 ..//...../.
 9 ..../*.....
10 ...//*./...
11 /.../*.....
12 /..........
===
   ABCDEFGHIJK
 1 ...........
 2 ...........
 3 ...........
 4 .222.......
 5 ...........
 6 5......1...
 7 *......1...
 8 .......1...
 9 .....4.....
10 .....4....3
11 .....*.....
12 .....*.....
(Your move)>Repeated guess
(Your move)>Miss
(CPU move)>A6
Hit
Ship sunk
   ABCDEFGHIJK
 1 .......//*/
 2 /......../.
 3 /...///././
 4 ../...../..
 5 /.../...//.
 6 .../../....
 7 ...././..//
 8 ..//...../.
 9 ..../*.....
10 ...//*//...
11 /.../*.....
12 /..........
===
   ABCDEFGHIJK
 1 ...........
 2 ...........
 3 ...........
 4 .222.......
 5 ...........
 6 *......1...
 7 *......1...
 8 .......1...
 9 .....4.....
10 .....4....3
11 .....*.....
12 .....*.....
(Your move)>Miss
(CPU move)>A8
Repeated guess
(CPU move)>B7
Miss
   ABCDEFGHIJK
 1 .......//*/
 2 /.......//.
 3 /...///././
 4 ../...../..
 5 /.../...//.
 6 .../../....
 7 ...././..//
 8 ..//...../.
 9 ..../*.....
10 ...//*//...
11 /.../*.....
12 /..........
===
   ABCDEFGHIJK
 1 ...........
 2 ...........
 3 ...........
 4 .222.......
 5 ...........
 6 *......1...
 7 *......1...
 8 .......1...
 9 .....4.....
10 .....4....3
11 .....*.....
12 .....*.....
(Your move)>Miss
(CPU move)>B4
Hit
   ABCDEFGHIJK
 1 .......//*/
 2 /.......//.
 3 /...///././
 4 ../...../..
 5 /.../...//.
 6 ...//./....
 7 ...././..//
 8 ..//...../.
 9 ..../*.....
10 ...//*//...
11 /.../*.....
12 /..........
===
   ABCDEFGHIJK
 1 ...........
 2 ...........
 3 ...........
 4 .*22.......
 5 ...........
 6 *......1...
 7 *......1...
 8 .......1...
 9 .....4.....
10 .....4....3
11 .....*.....
12 .....*.....
(Your move)>Miss
(CPU move)>B3
Miss
   ABCDEFGHIJK
 1 .......//*/
 2 /.......//.
 3 /...///././
 4 ../..././..
 5 /.../...//.
 6 ...//./....
 7 ...././..//
 8 ..//...../.
 9 ..../*.....
10 ...//*//...
11 /.../*.....
12 /..........
===
   ABCDEFGHIJK
 1 ...........
 2 ...........
 3 ...........
 4 .*22.......
 5 ...........
 6 *......1...
 7 *......1...
 8 .......1...
 9 .....4.....
10 .....4....3
11 .....*.....
12 .....*.....
(Your move)>Miss
(CPU move)>B5
Repeated guess
(CPU move)>A4
Miss
   ABCDEFGHIJK
 1 .......//*/
 2 /.......//.
 3 /...///././
 4 ../..././..
 5 /.../...//.
 6 ...//./....
 7 ...././..//
 8 ..//...../.
 9 ..../*.....
10 ...//*//...
11 /.../*.....
12 /../.......
===
   ABCDEFGHIJK
 1 ...........
 2 ...........
 3 ...........
 4 .*22.......
 5 ...........
 6 *......1...
 7 *......1...
 8 .......1...
 9 .....4.....
10 .....4....3
11 .....*.....
12 .....*.....
(Your move)>Miss
(CPU move)>C4
Hit
   ABCDEFGHIJK
 1 .......//*/
 2 /.......//.
 3 /...///././
 4 ../..././..
 5 /.../...//.
 6 ././/./....
 7 ...././..//
 8 ..//...../.
 9 ..../*.....
10 ...//*//...
11 /.../*.....
12 /../.......
===
   ABCDEFGHIJK
 1 ...........
 2 ...........
 3 ...........
 4 .**2.......
 5 ...........
 6 *......1...
 7 *......1...
 8 .......1...
 9 .....4.....
10 .....4....3
11 .....*.....
12 .....*.....
(Your move)>Miss
(CPU move)>E10
Miss
   ABCDEFGHIJK
 1 .......//*/
 2 /.......//.
 3 /...///././
 4 ../..././..
 5 /.../...//.
 6 ././/./../.
 7 ...././..//
 8 ..//...../.
 9 ..../*.....
10 ...//*//...
11 /.../*.....
12 /../.......
===
   ABCDEFGHIJK
 1 ...........
 2 ...........
 3 ...........
 4 .**2.......
 5 ...........
 6 *......1...
 7 *......1...
 8 .......1...
 9 .....4.....
10 .....4....3
11 .....*.....
12 .....*.....
(Your move)>Miss
(CPU move)>J2
Miss
   ABCDEFGHIJK
 1 .......//*/
 2 /.......//.
 3 /...///././
 4 ../..././..
 5 /.../...//.
 6 ././/./../.
 7 ...././..//
 8 ..//.....//
 9 ..../*.....
10 ...//*//...
11 /.../*.....
12 /../.......
===
   ABCDEFGHIJK
 1 ...........
 2 ...........
 3 ...........
 4 .**2.......
 5 ...........
 6 *......1...
 7 *......1...
 8 .......1...
 9 .....4.....
10 .....4....3
11 .....*.....
12 .....*.....
(Your move)>Miss
(CPU move)>F3
Miss
   ABCDEFGHIJK
 1 .......//*/
 2 /.......//.
 3 /...///././
 4 /./..././..
 5 /.../...//.
 6 ././/./../.
 7 ...././..//
 8 ..//.....//
 9 ..../*.....
10 ...//*//...
11 /.../*.....
12 /../.......
===
   ABCDEFGHIJK
 1 ...........
 2 ...........
 3 ...........
 4 .**2.......
 5 ...........
 6 *......1...
 7 *......1...
 8 .......1...
 9 .....4.....
10 .....4....3
11 .....*.....
12 .....*.....
(Your move)>Miss
(CPU move)>A10
Miss
   ABCDEFGHIJK
 1 ..../..//*/
 2 /.......//.
 3 /...///././
 4 /./..././..
 5 /.../...//.
 6 ././/./../.
 7 ...././..//
 8 ..//.....//
 9 ..../*.....
10 ...//*//...
11 /.../*.....
12 /../.......
===
   ABCDEFGHIJK
 1 ...........
 2 ...........
 3 ...........
 4 .**2.......
 5 ...........
 6 *......1...
 7 *......1...
 8 .......1...
 9 .....4.....
10 .....4....3
11 .....*.....
12 .....*.....
(Your move)>Miss
(CPU move)>C3
Miss
   ABCDEFGHIJK
 1 ..../..//*/
 2 /.......//.
 3 /...///././
 4 /./..././..
 5 /.../...//.
 6 ././/./../.
 7 ...././..//
 8 ..//.....//
 9 ..../*.....
10 ...//*//...
11 /.../*.....
12 /../../....
===
   ABCDEFGHIJK
 1 ...........
 2 ...........
 3 ...........
 4 .**2.......
 5 ...........
 6 *......1...
 7 *......1...
 8 .......1...
 9 .....4.....
10 .....4....3
11 .....*.....
12 .....*.....
(Your move)>Miss
(CPU move)>C11
Miss
   ABCDEFGHIJK
 1 ..../..//*/
 2 /.......//.
 3 /...///././
 4 /./..././..
 5 /.../...//.
 6 ././/./../.
 7 ...././..//
 8 .///.....//
 9 ..../*.....
10 ...//*//...
11 /.../*.....
12 /../../....
===
   ABCDEFGHIJK
 1 ...........
 2 ...........
 3 ...........
 4 .**2.......
 5 ...........
 6 *......1...
 7 *......1...
 8 .......1...
 9 .....4.....
10 .....4....3
11 .....*.....
12 .....*.....
(Your move)>Miss
(CPU move)>K11
Miss
   ABCDEFGHIJK
 1 ..../..//*/
 2 /.......//.
 3 /...///././
 4 /./..././..
 5 /.../...//.
 6 ././/./../.
 7 ...././..//
 8 .///.....//
 9 ..../*.....
10 ...//*//...
11 /.../*.....
12 /../../../.
===
   ABCDEFGHIJK
 1 ...........
 2 ...........
 3 ...........
 4 .**2.......
 5 ...........
 6 *......1...
 7 *......1...
 8 .......1...
 9 .....4.....
10 .....4....3
11 .....*.....
12 .....*.....
(Your move)>Miss
(CPU move)>H4
Miss
   ABCDEFGHIJK
 1 ..../..//*/
 2 /.......//.
 3 /...///././
 4 /./..././..
 5 //../...//.
 6 ././/./../.
 7 ...././..//
 8 .///.....//
 9 ..../*.....
10 ...//*//...
11 /.../*.....
12 /../../../.
===
   ABCDEFGHIJK
 1 ...........
 2 ...........
 3 ...........
 4 .**2.......
 5 ...........
 6 *......1...
 7 *......1...
 8 .......1...
 9 .....4.....
10 .....4....3
11 .....*.....
12 .....*.....
(Your move)>Miss
(CPU move)>I11
Miss
   ABCDEFGHIJK
 1 ..../..//*/
 2 /.......//.
 3 /...///././
 4 /./..././..
 5 //../...//.
 6 //.//./../.
 7 ...././..//
 8 .///.....//
 9 ..../*.....
10 ...//*//...
11 /.../*.....
12 /../../../.
===
   ABCDEFGHIJK
 1 ...........
 2 ...........
 3 ...........
 4 .**2.......
 5 ...........
 6 *......1...
 7 *......1...
 8 .......1...
 9 .....4.....
10 .....4....3
11 .....*.....
12 .....*.....
(Your move)>Hit
(CPU move)>C7
Miss
   ABCDEFGHIJK
 1 ..../..//*/
 2 /.......//.
 3 /...///././
 4 /./..././..
 5 //../...//.
 6 //.//./../.
 7 ...././..//
 8 .///.....//
 9 ..../*.*...
10 ...//*//...
11 /.../*.....
12 /../../../.
===
   ABCDEFGHIJK
 1 ...........
 2 ...........
 3 ...........
 4 .**2.......
 5 ...........
 6 *......1...
 7 *......1...
 8 .......1...
 9 .....4.....
10 .....4....3
11 .....*.....
12 .....*.....
(Your move)>Hit
Ship sunk
(CPU move)>K4
Miss
   ABCDEFGHIJK
 1 ..../..//*/
 2 /.......//.
 3 /...///././
 4 /./..././..
 5 //../...//.
 6 //.//./../.
 7 ...././..//
 8 .///...*.//
 9 ..../*.*...
10 ...//*//...
11 /.../*.....
12 /../../../.
===
   ABCDEFGHIJK
 1 ...........
 2 ...........
 3 ...........
 4 .**2.......
 5 ...........
 6 *......1...
 7 *......1...
 8 .......1...
 9 .....4.....
10 .....4....3
11 .....*.....
12 .....*.....
(Your move)>Repeated guess
(Your move)>Miss
(CPU move)>H2
Miss
   ABCDEFGHIJK
 1 ..../..//*/
 2 /.......//.
 3 /...///././
 4 /./..././..
 5 //../...//.
 6 //.//./../.
 7 ...././..//
 8 .///...*.//
 9 ..../*/*...
10 ...//*//...
11 /.../*.....
12 /../../../.
===
   ABCDEFGHIJK
 1 ...........
 2 ...........
 3 ...........
 4 .**2.......
 5 ...........
 6 *......1...
 7 *......1...
 8 .......1...
 9 .....4.....
10 .....4....3
11 .....*.....
12 .....*.....
(Your move)>Miss
(CPU move)>G7
Miss
   ABCDEFGHIJK
 1 ..../..//*/
 2 /.......//.
 3 /...///././
 4 /./..././..
 5 //../...//.
 6 //.//./../.
 7 ...././..//
 8 .///...*.//
 9 ..../*/*/..
10 ...//*//...
11 /.../*.....
12 /../../../.
===
   ABCDEFGHIJK
 1 ...........
 2 ...........
 3 ...........
 4 .**2.......
 5 ...........
 6 *......1...
 7 *......1...
 8 .......1...
 9 .....4.....
10 .....4....3
11 .....*.....
12 .....*.....
(Your move)>Miss
(CPU move)>B11
Miss
   ABCDEFGHIJK
 1 ..../..//*/
 2 /.......//.
 3 /...///././
 4 /./..././..
 5 //../...//.
 6 //.//./../.
 7 ...././..//
 8 .///...*.//
 9 ..../*/*/..
10 ...//*//../
11 /.../*.....
12 /../../../.
===
   ABCDEFGHIJK
 1 ...........
 2 ...........
 3 ...........
 4 .**2.......
 5 ...........
 6 *......1...
 7 *......1...
 8 .......1...
 9 .....4.....
10 .....4....3
11 .....*.....
12 .....*.....
(Your move)>Miss
(CPU move)>F9
Hit
   ABCDEFGHIJK
 1 ..../..//*/
 2 /.......//.
 3 /...///././
 4 /./..././..
 5 //../...//.
 6 //.//./../.
 7 ...//./..//
 8 .///...*.//
 9 ..../*/*/..
10 ...//*//../
11 /.../*.....
12 /../../../.
===
   ABCDEFGHIJK
 1 ...........
 2 ...........
 3 ...........
 4 .**2.......
 5 ...........
 6 *......1...
 7 *......1...
 8 .......1...
 9 .....*.....
10 .....4....3
11 .....*.....
12 .....*.....
(Your move)>Miss
(CPU move)>F8
Miss
   ABCDEFGHIJK
 1 ..../..//*/
 2 /.......//.
 3 /...///././
 4 ///..././..
 5 //../...//.
 6 //.//./../.
 7 ...//./..//
 8 .///...*.//
 9 ..../*/*/..
10 ...//*//../
11 /.../*.....
12 /../../../.
===
   ABCDEFGHIJK
 1 ...........
 2 ...........
 3 ...........
 4 .**2.......
 5 ...........
 6 *......1...
 7 *......1...
 8 .......1...
 9 .....*.....
10 .....4....3
11 .....*.....
12 .....*.....
(Your move)>Miss
(CPU move)>F10
Hit
Ship sunk
   ABCDEFGHIJK
 1 ..../..//*/
 2 /.......//.
 3 /...///././
 4 ///..././..
 5 ///./...//.
 6 //.//./../.
 7 ...//./..//
 8 .///...*.//
 9 ..../*/*/..
10 ...//*//../
11 /.../*.....
12 /../../../.
===
   ABCDEFGHIJK
 1 ...........
 2 ...........
 3 ...........
 4 .**2.......
 5 ...........
 6 *......1...
 7 *......1...
 8 .......1...
 9 .....*.....
10 .....*....3
11 .....*.....
12 .....*.....
(Your move)>Miss
(CPU move)>E9
Repeated guess
(CPU move)>G9
Miss
   ABCDEFGHIJK
 1 ..../..//*/
 2 /.......//.
 3 /...///././
 4 ///..././..
 5 ///./...//.
 6 //.//./../.
 7 ..///./..//
 8 .///...*.//
 9 ..../*/*/..
10 ...//*//../
11 /.../*.....
12 /../../../.
===
   ABCDEFGHIJK
 1 ...........
 2 ...........
 3 ...........
 4 .**2.......
 5 ...........
 6 *......1...
 7 *......1...
 8 .......1...
 9 .....*.....
10 .....*....3
11 .....*.....
12 .....*.....
(Your move)>Miss
(CPU move)>E7
Miss
   ABCDEFGHIJK
 1 ..../..//*/
 2 /.......//.
 3 /...///././
 4 ///..././..
 5 ///./...//.
 6 //.//./../.
 7 ..///./..//
 8 .///...*.//
 9 ..../*/*/..
10 ...//*//../
11 /.../*/....
12 /../../../.
===
   ABCDEFGHIJK
 1 ...........
 2 ...........
 3 ...........
 4 .**2.......
 5 ...........
 6 *......1...
 7 *......1...
 8 .......1...
 9 .....*.....
10 .....*....3
11 .....*.....
12 .....*.....
(Your move)>Miss
(CPU move)>B10
Miss
   ABCDEFGHIJK
 1 ..../..//*/
 2 /.......//.
 3 /...///././
 4 ///..././..
 5 ///./...//.
 6 //.//./../.
 7 ..///./..//
 8 .///...*.//
 9 ..../*/*/..
10 ...//*//../
11 /././*/....
12 /../../../.
===
   ABCDEFGHIJK
 1 ...........
 2 ...........
 3 ...........
 4 .**2.......
 5 ...........
 6 *......1...
 7 *......1...
 8 .......1...
 9 .....*.....
10 .....*....3
11 .....*.....
12 .....*.....
(Your move)>Miss
(CPU move)>H9
Miss
   ABCDEFGHIJK
 1 ..../..//*/
 2 /.......//.
 3 /././//././
 4 ///..././..
 5 ///./...//.
 6 //.//./../.
 7 ..///./..//
 8 .///...*.//
 9 ..../*/*/..
10 ...//*//../
11 /././*/....
12 /../../../.
===
   ABCDEFGHIJK
 1 ...........
 2 ...........
 3 ...........
 4 .**2.......
 5 ...........
 6 *......1...
 7 *......1...
 8 .......1...
 9 .....*.....
10 .....*....3
11 .....*.....
12 .....*.....
(Your move)>Miss
(CPU move)>E3
Miss
   ABCDEFGHIJK
 1 ..../..//*/
 2 /.......//.
 3 /././//././
 4 ///..././..
 5 ///./...//.
 6 //.//./../.
 7 .////./..//
 8 .///...*.//
 9 ..../*/*/..
10 ...//*//../
11 /././*/....
12 /../../../.
===
   ABCDEFGHIJK
 1 ...........
 2 ...........
 3 ...........
 4 .**2.......
 5 ...........
 6 *......1...
 7 *......1...
 8 .......1...
 9 .....*.....
10 .....*....3
11 .....*.....
12 .....*.....
(Your move)>Miss
(CPU move)>B6
Miss
   ABCDEFGHIJK
 1 ..../..//*/
 2 /.......//.
 3 /././//././
 4 ///..././..
 5 ///./...//.
 6 //.//./../.
 7 .////./..//
 8 .///...*.//
 9 ..../*/*/..
10 ..///*//../
11 /././*/....
12 /../../../.
===
   ABCDEFGHIJK
 1 ...........
 2 ...........
 3 ...........
 4 .**2.......
 5 ...........
 6 *......1...
 7 *......1...
 8 .......1...
 9 .....*.....
10 .....*....3
11 .....*.....
12 .....*.....
(Your move)>Miss
(CPU move)>C12
Miss
   ABCDEFGHIJK
 1 ..../..//*/
 2 /.......//.
 3 /././//././
 4 ///..././..
 5 ///./...//.
 6 //.//./../.
 7 .////./..//
 8 .///...*.//
 9 ..../*/*/..
10 ..///*///./
11 /././*/....
12 /../../../.
===
   ABCDEFGHIJK
 1 ...........
 2 ...........
 3 ...........
 4 .**2.......
 5 ...........
 6 *......1...
 7 *......1...
 8 .......1...
 9 .....*.....
10 .....*....3
11 .....*.....
12 .....*.....
(Your move)>Miss
(CPU move)>I10
Miss
   ABCDEFGHIJK
 1 ..../..//*/
 2 /.......///
 3 /././//././
 4 ///..././..
 5 ///./...//.
 6 //.//./../.
 7 .////./..//
 8 .///...*.//
 9 ..../*/*/..
10 ..///*///./
11 /././*/....
12 /../../../.
===
   ABCDEFGHIJK
 1 ...........
 2 ...........
 3 ...........
 4 .**2.......
 5 ...........
 6 *......1...
 7 *......1...
 8 .......1...
 9 .....*.....
10 .....*....3
11 .....*.....
12 .....*.....
(Your move)>Miss
(CPU move)>E6
Miss
   ABCDEFGHIJK
 1 ..../..//*/
 2 /../....///
 3 /././//././
 4 ///..././..
 5 ///./...//.
 6 //.//./../.
 7 .////./..//
 8 .///...*.//
 9 ..../*/*/..
10 ..///*///./
11 /././*/....
12 /../../../.
===
   ABCDEFGHIJK
 1 ...........
 2 ...........
 3 ...........
 4 .**2.......
 5 ...........
 6 *......1...
 7 *......1...
 8 .......1...
 9 .....*.....
10 .....*....3
11 .....*.....
12 .....*.....
(Your move)>Miss
(CPU move)>C6
Miss
   ABCDEFGHIJK
 1 ..../..//*/
 2 /../....///
 3 /././//././
 4 ///..././..
 5 ///./...//.
 6 //.//./../.
 7 .////./..//
 8 .///...*.//
 9 ..../*/*/..
10 .////*///./
11 /././*/....
12 /../../../.
===
   ABCDEFGHIJK
 1 ...........
 2 ...........
 3 ...........
 4 .**2.......
 5 ...........
 6 *......1...
 7 *......1...
 8 .......1...
 9 .....*.....
10 .....*....3
11 .....*.....
12 .....*.....
(Your move)>Miss
(CPU move)>I2
Miss
   ABCDEFGHIJK
 1 /.../..//*/
 2 /../....///
 3 /././//././
 4 ///..././..
 5 ///./...//.
 6 //.//./../.
 7 .////./..//
 8 .///...*.//
 9 ..../*/*/..
10 .////*///./
11 /././*/....
12 /../../../.
===
   ABCDEFGHIJK
 1 ...........
 2 ...........
 3 ...........
 4 .**2.......
 5 ...........
 6 *......1...
 7 *......1...
 8 .......1...
 9 .....*.....
10 .....*....3
11 .....*.....
12 .....*.....
(Your move)>Miss
(CPU move)>I7
Miss
   ABCDEFGHIJK
 1 /.../..//*/
 2 /../....///
 3 /././//././
 4 ///..././..
 5 ///./...//.
 6 //.//./../.
 7 .////././//
 8 .///...*.//
 9 ..../*/*/..
10 .////*///./
11 /././*/....
12 /../../../.
===
   ABCDEFGHIJK
 1 ...........
 2 ...........
 3 ...........
 4 .**2.......
 5 ...........
 6 *......1...
 7 *......1...
 8 .......1...
 9 .....*.....
10 .....*....3
11 .....*.....
12 .....*.....
(Your move)>Miss
(CPU move)>H11
Miss
   ABCDEFGHIJK
 1 /.../..//*/
 2 /../....///
 3 /././//././
 4 ///..././..
 5 ///./...//.
 6 //.//./../.
 7 /////././//
 8 .///...*.//
 9 ..../*/*/..
10 .////*///./
11 /././*/....
12 /../../../.
===
   ABCDEFGHIJK
 1 ...........
 2 ...........
 3 ...........
 4 .**2.......
 5 ...........
 6 *......1...
 7 *......1...
 8 .......1...
 9 .....*.....
10 .....*....3
11 .....*.....
12 .....*.....
(Your move)>Miss
(CPU move)>I3
Miss
   ABCDEFGHIJK
 1 /.../..//*/
 2 /../....///
 3 /././//././
 4 ///..././/.
 5 ///./...//.
 6 //.//./../.
 7 /////././//
 8 .///...*.//
 9 ..../*/*/..
10 .////*///./
11 /././*/....
12 /../../../.
===
   ABCDEFGHIJK
 1 ...........
 2 ...........
 3 ...........
 4 .**2.......
 5 ...........
 6 *......1...
 7 *......1...
 8 .......1...
 9 .....*.....
10 .....*....3
11 .....*.....
12 .....*.....
(Your move)>Miss
(CPU move)>A12
Miss
   ABCDEFGHIJK
 1 /.../..//*/
 2 /../....///
 3 /././//././
 4 ///..././/.
 5 ///./...//.
 6 //.//.//./.
 7 /////././//
 8 .///...*.//
 9 ..../*/*/..
10 .////*///./
11 /././*/....
12 /../../../.
===
   ABCDEFGHIJK
 1 ...........
 2 ...........
 3 ...........
 4 .**2.......
 5 ...........
 6 *......1...
 7 *......1...
 8 .......1...
 9 .....*.....
10 .....*....3
11 .....*.....
12 .....*.....
(Your move)>Miss
(CPU move)>J3
Miss
   ABCDEFGHIJK
 1 /..././//*/
 2 /../....///
 3 /././//././
 4 ///..././/.
 5 ///./...//.
 6 //.//.//./.
 7 /////././//
 8 .///...*.//
 9 ..../*/*/..
10 .////*///./
11 /././*/....
12 /../../../.
===
   ABCDEFGHIJK
 1 ...........
 2 ...........
 3 ...........
 4 .**2.......
 5 ...........
 6 *......1...
 7 *......1...
 8 .......1...
 9 .....*.....
10 .....*....3
11 .....*.....
12 .....*.....
(Your move)>Miss
(CPU move)>G11
Miss
   ABCDEFGHIJK
 1 /..././//*/
 2 /../....///
 3 /././//././
 4 ///..././/.
 5 ///./...//.
 6 //.//.//./.
 7 /////././//
 8 .///...*.//
 9 ..../*/*/..
10 .////*///./
11 /././*//...
12 /../../../.
===
   ABCDEFGHIJK
 1 ...........
 2 ...........
 3 ...........
 4 .**2.......
 5 ...........
 6 *......1...
 7 *......1...
 8 .......1...
 9 .....*.....
10 .....*....3
11 .....*.....
12 .....*.....
(Your move)>Miss
(CPU move)>C5
Miss
   ABCDEFGHIJK
 1 /..././//*/
 2 /../....///
 3 /././//././
 4 ///..././/.
 5 ///./...//.
 6 //.//.//./.
 7 /////././//
 8 .///...*.//
 9 ..../*/*/..
10 .////*///./
11 /././*//...
12 /../.././/.
===
   ABCDEFGHIJK
 1 ...........
 2 ...........
 3 ...........
 4 .**2.......
 5 ...........
 6 *......1...
 7 *......1...
 8 .......1...
 9 .....*.....
10 .....*....3
11 .....*.....
12 .....*.....
(Your move)>Miss
(CPU move)>H1
Miss
   ABCDEFGHIJK
 1 /..././//*/
 2 /../....///
 3 /././//././
 4 ///..././/.
 5 ///./...//.
 6 //.//.//./.
 7 /////././//
 8 .///...*.//
 9 ..../*/*/..
10 .////*///./
11 /././*//...
12 //./.././/.
===
   ABCDEFGHIJK
 1 ...........
 2 ...........
 3 ...........
 4 .**2.......
 5 ...........
 6 *......1...
 7 *......1...
 8 .......1...
 9 .....*.....
10 .....*....3
11 .....*.....
12 .....*.....
(Your move)>Miss
(CPU move)>H10
Miss
   ABCDEFGHIJK
 1 /..././//*/
 2 /../....///
 3 /././//././
 4 ////.././/.
 5 ///./...//.
 6 //.//.//./.
 7 /////././//
 8 .///...*.//
 9 ..../*/*/..
10 .////*///./
11 /././*//...
12 //./.././/.
===
   ABCDEFGHIJK
 1 ...........
 2 ...........
 3 ...........
 4 .**2.......
 5 ...........
 6 *......1...
 7 *......1...
 8 .......1...
 9 .....*.....
10 .....*....3
11 .....*.....
12 .....*.....
(Your move)>Hit
Ship sunk
(CPU move)>K10
Hit
Ship sunk
   ABCDEFGHIJK
 1 /..././//*/
 2 /../....///
 3 /././//././
 4 ////.././/.
 5 ///./...//.
 6 //.//.//./.
 7 /////././//
 8 .///.*.*.//
 9 ..../*/*/..
10 .////*///./
11 /././*//...
12 //./.././/.
===
   ABCDEFGHIJK
 1 ...........
 2 ...........
 3 ...........
 4 .**2.......
 5 ...........
 6 *......1...
 7 *......1...
 8 .......1...
 9 .....*.....
10 .....*....*
11 .....*.....
12 .....*.....
(Your move)>Miss
(CPU move)>K9
Miss
   ABCDEFGHIJK
 1 /..././//*/
 2 /../....///
 3 /././//././
 4 ////.././/.
 5 ///./...//.
 6 //.//.//./.
 7 ///////.///
 8 .///.*.*.//
 9 ..../*/*/..
10 .////*///./
11 /././*//...
12 //./.././/.
===
   ABCDEFGHIJK
 1 ...........
 2 ...........
 3 ...........
 4 .**2.......
 5 ...........
 6 *......1...
 7 *......1...
 8 .......1...
 9 .....*.....
10 .....*....*
11 .....*.....
12 .....*.....
(Your move)>Miss
(CPU move)>K11
Repeated guess
(CPU move)>J10
Miss
   ABCDEFGHIJK
 1 /..././//*/
 2 /../....///
 3 /././//././
 4 ////.././/.
 5 ///./...//.
 6 //.//.//./.
 7 ///////.///
 8 .////*.*.//
 9 ..../*/*/..
10 .////*///./
11 /././*//...
12 //./.././/.
===
   ABCDEFGHIJK
 1 ...........
 2 ...........
 3 ...........
 4 .**2.......
 5 ...........
 6 *......1...
 7 *......1...
 8 .......1...
 9 .....*.....
10 .....*....*
11 .....*.....
12 .....*.....
(Your move)>Miss
(CPU move)>D8
Miss
   ABCDEFGHIJK
 1 /..././//*/
 2 /../....///
 3 /././//././
 4 ////.././/.
 5 ///./...//.
 6 //.//.//./.
 7 ///////.///
 8 .////*/*.//
 9 ..../*/*/..
10 .////*///./
11 /././*//...
12 //./.././/.
===
   ABCDEFGHIJK
 1 ...........
 2 ...........
 3 ...........
 4 .**2.......
 5 ...........
 6 *......1...
 7 *......1...
 8 .......1...
 9 .....*.....
10 .....*....*
11 .....*.....
12 .....*.....
(Your move)>Miss
(CPU move)>H5
Miss
   ABCDEFGHIJK
 1 /..././//*/
 2 /../....///
 3 /././//././
 4 ////.././/.
 5 ///./...//.
 6 //.//.//./.
 7 ///////.///
 8 .////*/*.//
 9 ..../*/*/..
10 .////*///./
11 ///./*//...
12 //./.././/.
===
   ABCDEFGHIJK
 1 ...........
 2 ...........
 3 ...........
 4 .**2.......
 5 ...........
 6 *......1...
 7 *......1...
 8 .......1...
 9 .....*.....
10 .....*....*
11 .....*.....
12 .....*.....
(Your move)>Miss
(CPU move)>G4
Miss
   ABCDEFGHIJK
 1 /..././//*/
 2 /../....///
 3 /././//././
 4 ////.//.//.
 5 ///./...//.
 6 //.//.//./.
 7 ///////.///
 8 .////*/*.//
 9 ..../*/*/..
10 .////*///./
11 ///./*//...
12 //./.././/.
===
   ABCDEFGHIJK
 1 ...........
 2 ...........
 3 ...........
 4 .**2.......
 5 ...........
 6 *......1...
 7 *......1...
 8 .......1...
 9 .....*.....
10 .....*....*
11 .....*.....
12 .....*.....
(Your move)>Miss
(CPU move)>C2
Miss
   ABCDEFGHIJK
 1 /..././//*/
 2 /../.././//
 3 /././//././
 4 ////.//.//.
 5 ///./...//.
 6 //.//.//./.
 7 ///////.///
 8 .////*/*.//
 9 ..../*/*/..
10 .////*///./
11 ///./*//...
12 //./.././/.
===
   ABCDEFGHIJK
 1 ...........
 2 ...........
 3 ...........
 4 .**2.......
 5 ...........
 6 *......1...
 7 *......1...
 8 .......1...
 9 .....*.....
10 .....*....*
11 .....*.....
12 .....*.....
(Your move)>Miss
(CPU move)>D7
Miss
   ABCDEFGHIJK
 1 /..././//*/
 2 /../.././//
 3 /././//././
 4 ////.//.//.
 5 ///./...//.
 6 //.//.//./.
 7 ///////.///
 8 .////*/*.//
 9 .././*/*/..
10 .////*///./
11 ///./*//...
12 //./.././/.
===
   ABCDEFGHIJK
 1 ...........
 2 ...........
 3 ...........
 4 .**2.......
 5 ...........
 6 *......1...
 7 *......1...
 8 .......1...
 9 .....*.....
10 .....*....*
11 .....*.....
12 .....*.....
(Your move)>Miss
(CPU move)>K3
Miss
   ABCDEFGHIJK
 1 /..././//*/
 2 /../.././//
 3 /././//././
 4 ////.//.//.
 5 ///./...//.
 6 //.//.//./.
 7 ///////.///
 8 .////*/*.//
 9 .././*/*/..
10 /////*///./
11 ///./*//...
12 //./.././/.
===
   ABCDEFGHIJK
 1 ...........
 2 ...........
 3 ...........
 4 .**2.......
 5 ...........
 6 *......1...
 7 *......1...
 8 .......1...
 9 .....*.....
10 .....*....*
11 .....*.....
12 .....*.....
(Your move)>Miss
(CPU move)>H7
Hit
   ABCDEFGHIJK
 1 /..././//*/
 2 /../.././//
 3 /././//././
 4 ////.//.//.
 5 ///./...//.
 6 //.//.////.
 7 ///////.///
 8 .////*/*.//
 9 .././*/*/..
10 /////*///./
11 ///./*//...
12 //./.././/.
===
   ABCDEFGHIJK
 1 ...........
 2 ...........
 3 ...........
 4 .**2.......
 5 ...........
 6 *......1...
 7 *......*...
 8 .......1...
 9 .....*.....
10 .....*....*
11 .....*.....
12 .....*.....
(Your move)>Miss
(CPU move)>H6
Hit
   ABCDEFGHIJK
 1 /..././//*/
 2 /../.././//
 3 ///.///././
 4 ////.//.//.
 5 ///./...//.
 6 //.//.////.
 7 ///////.///
 8 .////*/*.//
 9 .././*/*/..
10 /////*///./
11 ///./*//...
12 //./.././/.
===
   ABCDEFGHIJK
 1 ...........
 2 ...........
 3 ...........
 4 .**2.......
 5 ...........
 6 *......*...
 7 *......*...
 8 .......1...
 9 .....*.....
10 .....*....*
11 .....*.....
12 .....*.....
(Your move)>Miss
(CPU move)>H8
Hit
Ship sunk
   ABCDEFGHIJK
 1 /.../////*/
 2 /../.././//
 3 ///.///././
 4 ////.//.//.
 5 ///./...//.
 6 //.//.////.
 7 ///////.///
 8 .////*/*.//
 9 .././*/*/..
10 /////*///./
11 ///./*//...
12 //./.././/.
===
   ABCDEFGHIJK
 1 ...........
 2 ...........
 3 ...........
 4 .**2.......
 5 ...........
 6 *......*...
 7 *......*...
 8 .......*...
 9 .....*.....
10 .....*....*
11 .....*.....
12 .....*.....
(Your move)>Hit
(CPU move)>G7
Repeated guess
(CPU move)>I7
Repeated guess
(CPU move)>C8
Miss
   ABCDEFGHIJK
 1 /.../////*/
 2 /../.././//
 3 ///.///././
 4 ////.//.//.
 5 ///./*..//.
 6 //.//.////.
 7 ///////.///
 8 .////*/*.//
 9 .././*/*/..
10 /////*///./
11 ///./*//...
12 //./.././/.
===
   ABCDEFGHIJK
 1 ...........
 2 ...........
 3 ...........
 4 .**2.......
 5 ...........
 6 *......*...
 7 *......*...
 8 .......*...
 9 .....*.....
10 .....*....*
11 .....*.....
12 .....*.....
(Your move)>Repeated guess
(Your move)>Miss
(CPU move)>D5
Miss
   ABCDEFGHIJK
 1 /.../////*/
 2 /../.././//
 3 ///.///././
 4 ////.//.//.
 5 ///./*..//.
 6 //.///////.
 7 ///////.///
 8 .////*/*.//
 9 .././*/*/..
10 /////*///./
11 ///./*//...
12 //./.././/.
===
   ABCDEFGHIJK
 1 ...........
 2 ...........
 3 ...........
 4 .**2.......
 5 ...........
 6 *......*...
 7 *......*...
 8 .......*...
 9 .....*.....
10 .....*....*
11 .....*.....
12 .....*.....
(Your move)>Repeated guess
(Your move)>Hit
(CPU move)>E5
Miss
   ABCDEFGHIJK
 1 /.../////*/
 2 /../.././//
 3 ///.///././
 4 ////.//.//.
 5 ///./**.//.
 6 //.///////.
 7 ///////.///
 8 .////*/*.//
 9 .././*/*/..
10 /////*///./
11 ///./*//...
12 //./.././/.
===
   ABCDEFGHIJK
 1 ...........
 2 ...........
 3 ...........
 4 .**2.......
 5 ...........
 6 *......*...
 7 *......*...
 8 .......*...
 9 .....*.....
10 .....*....*
11 .....*.....
12 .....*.....
(Your move)>Miss
(CPU move)>K5
Miss
   ABCDEFGHIJK
 1 /.../////*/
 2 /../.././//
 3 ///.///././
 4 ////.//.//.
 5 ///./**.//.
 6 //.///////.
 7 ///////.///
 8 .////*/*.//
 9 .././*/*/..
10 /////*///./
11 ///./*//...
12 ////.././/.
===
   ABCDEFGHIJK
 1 ...........
 2 ...........
 3 ...........
 4 .**2.......
 5 ...........
 6 *......*...
 7 *......*...
 8 .......*...
 9 .....*.....
10 .....*....*
11 .....*.....
12 .....*.....
(Your move)>Hit
(CPU move)>K8
Miss
   ABCDEFGHIJK
 1 /.../////*/
 2 /../../*///
 3 ///.///././
 4 ////.//.//.
 5 ///./**.//.
 6 //.///////.
 7 ///////.///
 8 .////*/*.//
 9 .././*/*/..
10 /////*///./
11 ///./*//...
12 ////.././/.
===
   ABCDEFGHIJK
 1 ...........
 2 ...........
 3 ...........
 4 .**2.......
 5 ...........
 6 *......*...
 7 *......*...
 8 .......*...
 9 .....*.....
10 .....*....*
11 .....*.....
12 .....*.....
(Your move)>Repeated guess
(Your move)>Hit
(CPU move)>F6
Miss
   ABCDEFGHIJK
 1 /.../////*/
 2 /../../*///
 3 ///.///*/./
 4 ////.//.//.
 5 ///./**.//.
 6 //.///////.
 7 ///////.///
 8 .////*/*.//
 9 .././*/*/..
10 /////*///./
11 ///./*//...
12 ////.././/.
===
   ABCDEFGHIJK
 1 ...........
 2 ...........
 3 ...........
 4 .**2.......
 5 ...........
 6 *......*...
 7 *......*...
 8 .......*...
 9 .....*.....
10 .....*....*
11 .....*.....
12 .....*.....
(Your move)>Repeated guess
(Your move)>Repeated guess
(Your move)>Miss
(CPU move)>I1
Miss
   ABCDEFGHIJK
 1 /.../////*/
 2 /../../*///
 3 ///.///*/./
 4 ////.//.//.
 5 ///./**.//.
 6 //.///////.
 7 ///////.///
 8 .////*/*.//
 9 .././*/*/..
10 /////*///./
11 ///./*//./.
12 ////.././/.
===
   ABCDEFGHIJK
 1 ...........
 2 ...........
 3 ...........
 4 .**2.......
 5 ...........
 6 *......*...
 7 *......*...
 8 .......*...
 9 .....*.....
10 .....*....*
11 .....*.....
12 .....*.....
(Your move)>Miss
(CPU move)>A5
Miss
   ABCDEFGHIJK
 1 /.../////*/
 2 /../../*///
 3 ///.///*/./
 4 ////.//.//.
 5 ///./**.//.
 6 //.///////.
 7 ///////.///
 8 .////*/*.//
 9 /././*/*/..
10 /////*///./
11 ///./*//./.
12 ////.././/.
===
   ABCDEFGHIJK
 1 ...........
 2 ...........
 3 ...........
 4 .**2.......
 5 ...........
 6 *......*...
 7 *......*...
 8 .......*...
 9 .....*.....
10 .....*....*
11 .....*.....
12 .....*.....
(Your move)>Miss
(CPU move)>G2
Miss
   ABCDEFGHIJK
 1 /..//////*/
 2 /../../*///
 3 ///.///*/./
 4 ////.//.//.
 5 ///./**.//.
 6 //.///////.
 7 ///////.///
 8 .////*/*.//
 9 /././*/*/..
10 /////*///./
11 ///./*//./.
12 ////.././/.
===
   ABCDEFGHIJK
 1 ...........
 2 ...........
 3 ...........
 4 .**2.......
 5 ...........
 6 *......*...
 7 *......*...
 8 .......*...
 9 .....*.....
10 .....*....*
11 .....*.....
12 .....*.....
(Your move)>Miss
(CPU move)>E2
Miss
   ABCDEFGHIJK
 1 /..//////*/
 2 /..//./*///
 3 ///.///*/./
 4 ////.//.//.
 5 ///./**.//.
 6 //.///////.
 7 ///////.///
 8 .////*/*.//
 9 /././*/*/..
10 /////*///./
11 ///./*//./.
12 ////.././/.
===
   ABCDEFGHIJK
 1 ...........
 2 ...........
 3 ...........
 4 .**2.......
 5 ...........
 6 *......*...
 7 *......*...
 8 .......*...
 9 .....*.....
10 .....*....*
11 .....*.....
12 .....*.....
(Your move)>Miss
(CPU move)>D11
Miss
   ABCDEFGHIJK
 1 /..//////*/
 2 /..//./*///
 3 ///.///*/./
 4 ///////.//.
 5 ///./**.//.
 6 //.///////.
 7 ///////.///
 8 .////*/*.//
 9 /././*/*/..
10 /////*///./
11 ///./*//./.
12 ////.././/.
===
   ABCDEFGHIJK
 1 ...........
 2 ...........
 3 ...........
 4 .**2.......
 5 ...........
 6 *......*...
 7 *......*...
 8 .......*...
 9 .....*.....
10 .....*....*
11 .....*.....
12 .....*.....
(Your move)>Miss
(CPU move)>B1
Miss
   ABCDEFGHIJK
 1 /..//////*/
 2 /..//./*///
 3 ///.///*/./
 4 ///////.//.
 5 ///./**.//.
 6 //.///////.
 7 ///////.///
 8 .////*/*.//
 9 /././*/*/..
10 /////*///./
11 ///./*//./.
12 ////.//.//.
===
   ABCDEFGHIJK
 1 ...........
 2 ...........
 3 ...........
 4 .**2.......
 5 ...........
 6 *......*...
 7 *......*...
 8 .......*...
 9 .....*.....
10 .....*....*
11 .....*.....
12 .....*.....
(Your move)>Miss
(CPU move)>G10
Miss
   ABCDEFGHIJK
 1 /..//////*/
 2 /..//./*///
 3 ///.///*/./
 4 ///////.//.
 5 /////**.//.
 6 //.///////.
 7 ///////.///
 8 .////*/*.//
 9 /././*/*/..
10 /////*///./
11 ///./*//./.
12 ////.//.//.
===
   ABCDEFGHIJK
 1 ...........
 2 ...........
 3 ...........
 4 .**2.......
 5 ...........
 6 *......*...
 7 *......*...
 8 .......*...
 9 .....*.....
10 .....*....*
11 .....*.....
12 .....*.....
(Your move)>Miss
(CPU move)>J7
Miss
   ABCDEFGHIJK
 1 /..//////*/
 2 /..//./*///
 3 ///.///*/./
 4 ///////.//.
 5 /////**.//.
 6 //.////////
 7 ///////.///
 8 .////*/*.//
 9 /././*/*/..
10 /////*///./
11 ///./*//./.
12 ////.//.//.
===
   ABCDEFGHIJK
 1 ...........
 2 ...........
 3 ...........
 4 .**2.......
 5 ...........
 6 *......*...
 7 *......*...
 8 .......*...
 9 .....*.....
10 .....*....*
11 .....*.....
12 .....*.....
(Your move)>Miss
(CPU move)>G1
Miss
   ABCDEFGHIJK
 1 /..//////*/
 2 /..//./*///
 3 ///.///*/./
 4 ///////.//.
 5 /////**.//.
 6 //.////////
 7 ///////.///
 8 .////*/*.//
 9 /././*/*//.
10 /////*///./
11 ///./*//./.
12 ////.//.//.
===
   ABCDEFGHIJK
 1 ...........
 2 ...........
 3 ...........
 4 .**2.......
 5 ...........
 6 *......*...
 7 *......*...
 8 .......*...
 9 .....*.....
10 .....*....*
11 .....*.....
12 .....*.....
(Your move)>Miss
(CPU move)>D4
Hit
Ship sunk
Game over - you lose
