   ABCDEFGHIJKL
 1 ............
 2 ............
 3 ............
 4 ............
 5 ............
 6 ............
 7 ............
 8 ............
 9 ............
===
   ABCDEFGHIJKL
 1 ...3........
 2 ...3........
 3 ...3........
 4 ...3........
 5 ...3........
 6 ...34444444.
 7 ............
 8 ...........1
 9 .....22222..
(Your move)>Miss
(CPU move)>H7
Miss
   ABCDEFGHIJKL
 1 /...........
 2 ............
 3 ............
 4 ............
 5 ............
 6 ............
 7 ............
 8 ............
 9 ............
===
   ABCDEFGHIJKL
 1 ...3........
 2 ...3........
 3 ...3........
 4 ...3........
 5 ...3........
 6 ...34444444.
 7 ............
 8 ...........1
 9 .....22222..
(Your move)>Miss
(CPU move)>E7
Miss
   ABCDEFGHIJKL
 1 /...........
 2 ............
 3 ../.........
 4 ............
 5 ............
 6 ............
 7 ............
 8 ............
 9 ............
===
   ABCDEFGHIJKL
 1 ...3........
 2 ...3........
 3 ...3........
 4 ...3........
 5 ...3........
 6 ...34444444.
 7 ............
 8 ...........1
 9 .....22222..
(Your move)>Hit
(CPU move)>D5
Hit
   ABCDEFGHIJKL
 1 /...........
 2 ............
 3 ../.........
 4 ............
 5 ........*...
 6 ............
 7 ............
 8 ............
 9 ............
===
   ABCDEFGHIJKL
 1 ...3........
 2 ...3........
 3 ...3........
 4 ...3........
 5 ...*........
 6 ...34444444.
 7 ............
 8 ...........1
 9 .....22222..
(Your move)>Hit
(CPU move)>D4
Hit
   ABCDEFGHIJKL
 1 /...........
 2 ............
 3 ../.........
 4 ........*...
 5 ........*...
 6 ............
 7 ............
 8 ............
 9 ............
===
   ABCDEFGHIJKL
 1 ...3........
 2 ...3........
 3 ...3........
 4 ...*........
 5 ...*........
 6 ...34444444.
 7 ............
 8 ...........1
 9 .....22222..
(Your move)>Hit
(CPU move)>D6
Hit
   ABCDEFGHIJKL
 1 /...........
 2 ............
 3 ../.........
 4 ........*...
 5 ........*...
 6 ........*...
 7 ............
 8 ............
 9 ............
===
   ABCDEFGHIJKL
 1 ...3........
 2 ...3........
 3 ...3........
 4 ...*........
 5 ...*........
 6 ...*4444444.
 7 ............
 8 ...........1
 9 .....22222..
(Your move)>Miss
(CPU move)>C5
Miss
   ABCDEFGHIJKL
 1 /...........
 2 ............
 3 ../.........
 4 ........*...
 5 ......./*...
 6 ........*...
 7 ............
 8 ............
 9 ............
===
   ABCDEFGHIJKL
 1 ...3........
 2 ...3........
 3 ...3........
 4 ...*........
 5 ...*........
 6 ...*4444444.
 7 ............
 8 ...........1
 9 .....22222..
(Your move)>Hit
(CPU move)>E5
Miss
   ABCDEFGHIJKL
 1 /...........
 2 ............
 3 ../.........
 4 ........*...
 5 ......./**..
 6 ........*...
 7 ............
 8 ............
 9 ............
===
   ABCDEFGHIJKL
 1 ...3........
 2 ...3........
 3 ...3........
 4 ...*........
 5 ...*........
 6 ...*4444444.
 7 ............
 8 ...........1
 9 .....22222..
(Your move)>Hit
(CPU move)>C1
Miss
   ABCDEFGHIJKL
 1 /...........
 2 .........*..
 3 ../.........
 4 ........*...
 5 ......./**..
 6 ........*...
 7 ............
 8 ............
 9 ............
===
   ABCDEFGHIJKL
 1 ...3........
 2 ...3........
 3 ...3........
 4 ...*........
 5 ...*........
 6 ...*4444444.
 7 ............
 8 ...........1
 9 .....22222..
(Your move)>Miss
(CPU move)>Z22
Bad guess
(CPU move)>H30
Bad guess
(CPU move)>Z4
Bad guess
(CPU move)>H8
Miss
   ABCDEFGHIJKL
 1 /......../..
 2 .........*..
 3 ../.........
 4 ........*...
 5 ......./**..
 6 ........*...
 7 ............
 8 ............
 9 ............
===
   ABCDEFGHIJKL
 1 ...3........
 2 ...3........
 3 ...3........
 4 ...*........
 5 ...*........
 6 ...*4444444.
 7 ............
 8 ...........1
 9 .....22222..
(Your move)>Hit
(CPU move)>L9
Miss
   ABCDEFGHIJKL
 1 /......../..
 2 .........*..
 3 ../......*..
 4 ........*...
 5 ......./**..
 6 ........*...
 7 ............
 8 ............
 9 ............
===
   ABCDEFGHIJKL
 1 ...3........
 2 ...3........
 3 ...3........
 4 ...*........
 5 ...*........
 6 ...*4444444.
 7 ............
 8 ...........1
 9 .....22222..
(Your move)>Hit
(CPU move)>J6
Hit
   ABCDEFGHIJKL
 1 /......../..
 2 ........**..
 3 ../......*..
 4 ........*...
 5 ......./**..
 6 ........*...
 7 ............
 8 ............
 9 ............
===
   ABCDEFGHIJKL
 1 ...3........
 2 ...3........
 3 ...3........
 4 ...*........
 5 ...*........
 6 ...*44444*4.
 7 ............
 8 ...........1
 9 .....22222..
(Your move)>Miss
(CPU move)>J5
Miss
   ABCDEFGHIJKL
 1 /......../..
 2 ........**/.
 3 ../......*..
 4 ........*...
 5 ......./**..
 6 ........*...
 7 ............
 8 ............
 9 ............
===
   ABCDEFGHIJKL
 1 ...3........
 2 ...3........
 3 ...3........
 4 ...*........
 5 ...*........
 6 ...*44444*4.
 7 ............
 8 ...........1
 9 .....22222..
(Your move)>Miss
(CPU move)>J7
Miss
   ABCDEFGHIJKL
 1 /......../..
 2 ........**/.
 3 ../......*..
 4 ........*./.
 5 ......./**..
 6 ........*...
 7 ............
 8 ............
 9 ............
===
   ABCDEFGHIJKL
 1 ...3........
 2 ...3........
 3 ...3........
 4 ...*........
 5 ...*........
 6 ...*44444*4.
 7 ............
 8 ...........1
 9 .....22222..
(Your move)>Hit
(CPU move)>I6
Hit
   ABCDEFGHIJKL
 1 /......../..
 2 ........**/.
 3 ../......*..
 4 ........**/.
 5 ......./**..
 6 ........*...
 7 ............
 8 ............
 9 ............
===
   ABCDEFGHIJKL
 1 ...3........
 2 ...3........
 3 ...3........
 4 ...*........
 5 ...*........
 6 ...*4444**4.
 7 ............
 8 ...........1
 9 .....22222..
(Your move)>Repeated guess
(Your move)>Miss
(CPU move)>K6
Hit
   ABCDEFGHIJKL
 1 /......../..
 2 ........**/.
 3 ../......*..
 4 ........**/.
 5 ......./**..
 6 /.......*...
 7 ............
 8 ............
 9 ............
===
   ABCDEFGHIJKL
 1 ...3........
 2 ...3........
 3 ...3........
 4 ...*........
 5 ...*........
 6 ...*4444***.
 7 ............
 8 ...........1
 9 .....22222..
(Your move)>Miss
(CPU move)>G9
Hit
   ABCDEFGHIJKL
 1 /......../..
 2 ........**/.
 3 ../......*..
 4 ........**/.
 5 ......./**..
 6 /.......*...
 7 ..../.......
 8 ............
 9 ............
===
   ABCDEFGHIJKL
 1 ...3........
 2 ...3........
 3 ...3........
 4 ...*........
 5 ...*........
 6 ...*4444***.
 7 ............
 8 ...........1
 9 .....2*222..
(Your move)>Miss
(CPU move)>G8
Miss
   ABCDEFGHIJKL
 1 /......../..
 2 ./......**/.
 3 ../......*..
 4 ........**/.
 5 ......./**..
 6 /.......*...
 7 ..../.......
 8 ............
 9 ............
===
   ABCDEFGHIJKL
 1 ...3........
 2 ...3........
 3 ...3........
 4 ...*........
 5 ...*........
 6 ...*4444***.
 7 ............
 8 ...........1
 9 .....2*222..
(Your move)>Miss
(CPU move)>F9
Hit
   ABCDEFGHIJKL
 1 /......../..
 2 ./......**/.
 3 ../......*..
 4 ........**/.
 5 ......./**..
 6 /.......*...
 7 ...././.....
 8 ............
 9 ............
===
   ABCDEFGHIJKL
 1 ...3........
 2 ...3........
 3 ...3........
 4 ...*........
 5 ...*........
 6 ...*4444***.
 7 ............
 8 ...........1
 9 .....**222..
(Your move)>Miss
(CPU move)>H9
Hit
   ABCDEFGHIJKL
 1 /...../../..
 2 ./......**/.
 3 ../......*..
 4 ........**/.
 5 ......./**..
 6 /.......*...
 7 ...././.....
 8 ............
 9 ............
===
   ABCDEFGHIJKL
 1 ...3........
 2 ...3........
 3 ...3........
 4 ...*........
 5 ...*........
 6 ...*4444***.
 7 ............
 8 ...........1
 9 .....***22..
(Your move)>Miss
(CPU move)>L8
Hit
Ship sunk
   ABCDEFGHIJKL
 1 /...../../..
 2 ./......**/.
 3 ../......*..
 4 ........**/.
 5 ......./**./
 6 /.......*...
 7 ...././.....
 8 ............
 9 ............
===
   ABCDEFGHIJKL
 1 ...3........
 2 ...3........
 3 ...3........
 4 ...*........
 5 ...*........
 6 ...*4444***.
 7 ............
 8 ...........*
 9 .....***22..
(Your move)>Hit
Ship sunk
(CPU move)>L7
Miss
   ABCDEFGHIJKL
 1 /...../../..
 2 ./......**/.
 3 ../......*..
 4 ........**/.
 5 ......./**./
 6 /.......*.*.
 7 ...././.....
 8 ............
 9 ............
===
   ABCDEFGHIJKL
 1 ...3........
 2 ...3........
 3 ...3........
 4 ...*........
 5 ...*........
 6 ...*4444***.
 7 ............
 8 ...........*
 9 .....***22..
(Your move)>Miss
(CPU move)>L9
Repeated guess
(CPU move)>K8
Miss
   ABCDEFGHIJKL
 1 /...../../..
 2 ./......**/.
 3 ../......*..
 4 ........**/.
 5 ......./**//
 6 /.......*.*.
 7 ...././.....
 8 ............
 9 ............
===
   ABCDEFGHIJKL
 1 ...3........
 2 ...3........
 3 ...3........
 4 ...*........
 5 ...*........
 6 ...*4444***.
 7 ............
 8 ...........*
 9 .....***22..
(Your move)>Miss
(CPU move)>K7
Miss
   ABCDEFGHIJKL
 1 /...../../..
 2 ./......**/.
 3 ../......*..
 4 ........**/.
 5 ......./**//
 6 /.......*.*.
 7 ...././.../.
 8 ............
 9 ............
===
   ABCDEFGHIJKL
 1 ...3........
 2 ...3........
 3 ...3........
 4 ...*........
 5 ...*........
 6 ...*4444***.
 7 ............
 8 ...........*
 9 .....***22..
(Your move)>Hit
Ship sunk
(CPU move)>J2
Miss
   ABCDEFGHIJKL
 1 /...../../..
 2 ./......**/.
 3 ../......*..
 4 ........**/.
 5 ......./**//
 6 /.......***.
 7 ...././.../.
 8 ............
 9 ............
===
   ABCDEFGHIJKL
 1 ...3........
 2 ...3........
 3 ...3........
 4 ...*........
 5 ...*........
 6 ...*4444***.
 7 ............
 8 ...........*
 9 .....***22..
(Your move)>Miss
(CPU move)>H2
Miss
   ABCDEFGHIJKL
 1 /...../../..
 2 ./......**/.
 3 ../......*..
 4 ........**/.
 5 ......./**//
 6 /.......***/
 7 ...././.../.
 8 ............
 9 ............
===
   ABCDEFGHIJKL
 1 ...3........
 2 ...3........
 3 ...3........
 4 ...*........
 5 ...*........
 6 ...*4444***.
 7 ............
 8 ...........*
 9 .....***22..
(Your move)>Miss
(CPU move)>I5
Miss
   ABCDEFGHIJKL
 1 /...../../..
 2 ./......**/.
 3 ../......*..
 4 ........**/.
 5 ......./**//
 6 /.......***/
 7 ...././.../.
 8 /...........
 9 ............
===
   ABCDEFGHIJKL
 1 ...3........
 2 ...3........
 3 ...3........
 4 ...*........
 5 ...*........
 6 ...*4444***.
 7 ............
 8 ...........*
 9 .....***22..
(Your move)>Miss
(CPU move)>B3
Miss
   ABCDEFGHIJKL
 1 /...../../..
 2 ./......**/.
 3 ../......*..
 4 ........**/.
 5 ......./**//
 6 /.......***/
 7 ...././...//
 8 /...........
 9 ............
===
   ABCDEFGHIJKL
 1 ...3........
 2 ...3........
 3 ...3........
 4 ...*........
 5 ...*........
 6 ...*4444***.
 7 ............
 8 ...........*
 9 .....***22..
(Your move)>Miss
(CPU move)>H5
Miss
   ABCDEFGHIJKL
 1 /...../../..
 2 ./......**/.
 3 ../......*..
 4 ./......**/.
 5 ......./**//
 6 /.......***/
 7 ...././...//
 8 /...........
 9 ............
===
   ABCDEFGHIJKL
 1 ...3........
 2 ...3........
 3 ...3........
 4 ...*........
 5 ...*........
 6 ...*4444***.
 7 ............
 8 ...........*
 9 .....***22..
(Your move)>Miss
(CPU move)>G7
Miss
   ABCDEFGHIJKL
 1 /...../../..
 2 ./......**/.
 3 ../../...*..
 4 ./......**/.
 5 ......./**//
 6 /.......***/
 7 ...././...//
 8 /...........
 9 ............
===
   ABCDEFGHIJKL
 1 ...3........
 2 ...3........
 3 ...3........
 4 ...*........
 5 ...*........
 6 ...*4444***.
 7 ............
 8 ...........*
 9 .....***22..
(Your move)>Miss
(CPU move)>F6
Hit
   ABCDEFGHIJKL
 1 /...../../..
 2 ./......**/.
 3 /./../...*..
 4 ./......**/.
 5 ......./**//
 6 /.......***/
 7 ...././...//
 8 /...........
 9 ............
===
   ABCDEFGHIJKL
 1 ...3........
 2 ...3........
 3 ...3........
 4 ...*........
 5 ...*........
 6 ...*4*44***.
 7 ............
 8 ...........*
 9 .....***22..
(Your move)>Hit
(CPU move)>F5
Miss
   ABCDEFGHIJKL
 1 /...../../..
 2 ./...*..**/.
 3 /./../...*..
 4 ./......**/.
 5 ......./**//
 6 /.......***/
 7 ...././...//
 8 /...........
 9 ............
===
   ABCDEFGHIJKL
 1 ...3........
 2 ...3........
 3 ...3........
 4 ...*........
 5 ...*........
 6 ...*4*44***.
 7 ............
 8 ...........*
 9 .....***22..
(Your move)>Miss
(CPU move)>F7
Miss
   ABCDEFGHIJKL
 1 /....//../..
 2 ./...*..**/.
 3 /./../...*..
 4 ./......**/.
 5 ......./**//
 6 /.......***/
 7 ...././...//
 8 /...........
 9 ............
===
   ABCDEFGHIJKL
 1 ...3........
 2 ...3........
 3 ...3........
 4 ...*........
 5 ...*........
 6 ...*4*44***.
 7 ............
 8 ...........*
 9 .....***22..
(Your move)>Repeated guess
(Your move)>Hit
(CPU move)>E6
Hit
   ABCDEFGHIJKL
 1 /....//../..
 2 ./..**..**/.
 3 /./../...*..
 4 ./......**/.
 5 ......./**//
 6 /.......***/
 7 ...././...//
 8 /...........
 9 ............
===
   ABCDEFGHIJKL
 1 ...3........
 2 ...3........
 3 ...3........
 4 ...*........
 5 ...*........
 6 ...***44***.
 7 ............
 8 ...........*
 9 .....***22..
(Your move)>Hit
(CPU move)>G6
Hit
   ABCDEFGHIJKL
 1 /....//../..
 2 ./..***.**/.
 3 /./../...*..
 4 ./......**/.
 5 ......./**//
 6 /.......***/
 7 ...././...//
 8 /...........
 9 ............
===
   ABCDEFGHIJKL
 1 ...3........
 2 ...3........
 3 ...3........
 4 ...*........
 5 ...*........
 6 ...****4***.
 7 ............
 8 ...........*
 9 .....***22..
(Your move)>Miss
(CPU move)>K9
Miss
   ABCDEFGHIJKL
 1 /....//../..
 2 ./..***.**/.
 3 /./../...*..
 4 ./......**/.
 5 ......./**//
 6 /.......***/
 7 ...././...//
 8 //..........
 9 ............
===
   ABCDEFGHIJKL
 1 ...3........
 2 ...3........
 3 ...3........
 4 ...*........
 5 ...*........
 6 ...****4***.
 7 ............
 8 ...........*
 9 .....***22..
(Your move)>Miss
(CPU move)>C2
Miss
   ABCDEFGHIJKL
 1 /./..//../..
 2 ./..***.**/.
 3 /./../...*..
 4 ./......**/.
 5 ......./**//
 6 /.......***/
 7 ...././...//
 8 //..........
 9 ............
===
   ABCDEFGHIJKL
 1 ...3........
 2 ...3........
 3 ...3........
 4 ...*........
 5 ...*........
 6 ...****4***.
 7 ............
 8 ...........*
 9 .....***22..
(Your move)>Miss
(CPU move)>D3
Hit
   ABCDEFGHIJKL
 1 /./..//../..
 2 ./..***.**/.
 3 /./../...*..
 4 ./......**/.
 5 ......./**//
 6 /.......***/
 7 ....///...//
 8 //..........
 9 ............
===
   ABCDEFGHIJKL
 1 ...3........
 2 ...3........
 3 ...*........
 4 ...*........
 5 ...*........
 6 ...****4***.
 7 ............
 8 ...........*
 9 .....***22..
(Your move)>Miss
(CPU move)>D2
Hit
   ABCDEFGHIJKL
 1 /./..//..//.
 2 ./..***.**/.
 3 /./../...*..
 4 ./......**/.
 5 ......./**//
 6 /.......***/
 7 ....///...//
 8 //..........
 9 ............
===
   ABCDEFGHIJKL
 1 ...3........
 2 ...*........
 3 ...*........
 4 ...*........
 5 ...*........
 6 ...****4***.
 7 ............
 8 ...........*
 9 .....***22..
(Your move)>Miss
(CPU move)>C3
Miss
   ABCDEFGHIJKL
 1 /./..//..//.
 2 ./..***.**/.
 3 /./../...*..
 4 ./......**/.
 5 ......./**//
 6 /.......***/
 7 ....///...//
 8 //.../......
 9 ............
===
   ABCDEFGHIJKL
 1 ...3........
 2 ...*........
 3 ...*........
 4 ...*........
 5 ...*........
 6 ...****4***.
 7 ............
 8 ...........*
 9 .....***22..
(Your move)>Miss
(CPU move)>E3
Miss
   ABCDEFGHIJKL
 1 /./..//..//.
 2 ./..***.**/.
 3 /./../...*..
 4 ./......**/.
 5 ......./**//
 6 /.......***/
 7 ....///...//
 8 //...//.....
 9 ............
===
   ABCDEFGHIJKL
 1 ...3........
 2 ...*........
 3 ...*........
 4 ...*........
 5 ...*........
 6 ...****4***.
 7 ............
 8 ...........*
 9 .....***22..
(Your move)>Miss
(CPU move)>B8
Miss
   ABCDEFGHIJKL
 1 /./..//..//.
 2 ./..***.**/.
 3 /./../...*..
 4 ./......**/.
 5 ......./**//
 6 /.......***/
 7 ....///...//
 8 //...//.....
 9 ./..........
===
   ABCDEFGHIJKL
 1 ...3........
 2 ...*........
 3 ...*........
 4 ...*........
 5 ...*........
 6 ...****4***.
 7 ............
 8 ...........*
 9 .....***22..
(Your move)>Miss
(CPU move)>C4
Miss
   ABCDEFGHIJKL
 1 /./..//..//.
 2 ./..***.**/.
 3 /./../...*..
 4 ./......**/.
 5 ......./**//
 6 /....../***/
 7 ....///...//
 8 //...//.....
 9 ./..........
===
   ABCDEFGHIJKL
 1 ...3........
 2 ...*........
 3 ...*........
 4 ...*........
 5 ...*........
 6 ...****4***.
 7 ............
 8 ...........*
 9 .....***22..
(Your move)>Miss
(CPU move)>A9
Miss
   ABCDEFGHIJKL
 1 /./..//..//.
 2 ./..***.**/.
 3 /./../...*..
 4 ./......**/.
 5 ....././**//
 6 /....../***/
 7 ....///...//
 8 //...//.....
 9 ./..........
===
   ABCDEFGHIJKL
 1 ...3........
 2 ...*........
 3 ...*........
 4 ...*........
 5 ...*........
 6 ...****4***.
 7 ............
 8 ...........*
 9 .....***22..
(Your move)>Hit
(CPU move)>E4
Miss
   ABCDEFGHIJKL
 1 /./..//..//.
 2 ./..******/.
 3 /./../...*..
 4 ./......**/.
 5 ....././**//
 6 /....../***/
 7 ....///...//
 8 //...//.....
 9 ./..........
===
   ABCDEFGHIJKL
 1 ...3........
 2 ...*........
 3 ...*........
 4 ...*........
 5 ...*........
 6 ...****4***.
 7 ............
 8 ...........*
 9 .....***22..
(Your move)>Miss
(CPU move)>G3
Miss
   ABCDEFGHIJKL
 1 /./..///.//.
 2 ./..******/.
 3 /./../...*..
 4 ./......**/.
 5 ....././**//
 6 /....../***/
 7 ....///...//
 8 //...//.....
 9 ./..........
===
   ABCDEFGHIJKL
 1 ...3........
 2 ...*........
 3 ...*........
 4 ...*........
 5 ...*........
 6 ...****4***.
 7 ............
 8 ...........*
 9 .....***22..
(Your move)>Miss
(CPU move)>A6
Miss
   ABCDEFGHIJKL
 1 /./..///.//.
 2 ./..******/.
 3 /./.././.*..
 4 ./......**/.
 5 ....././**//
 6 /....../***/
 7 ....///...//
 8 //...//.....
 9 ./..........
===
   ABCDEFGHIJKL
 1 ...3........
 2 ...*........
 3 ...*........
 4 ...*........
 5 ...*........
 6 ...****4***.
 7 ............
 8 ...........*
 9 .....***22..
(Your move)>Miss
(CPU move)>G4
Miss
   ABCDEFGHIJKL
 1 /./..///.//.
 2 ./..******/.
 3 /./.././.*..
 4 ./......**/.
 5 ....././**//
 6 /....../***/
 7 ....///...//
 8 ///..//.....
 9 ./..........
===
   ABCDEFGHIJKL
 1 ...3........
 2 ...*........
 3 ...*........
 4 ...*........
 5 ...*........
 6 ...****4***.
 7 ............
 8 ...........*
 9 .....***22..
(Your move)>Miss
(CPU move)>K3
Miss
   ABCDEFGHIJKL
 1 /./..///.//.
 2 ./..******/.
 3 /./.././.*..
 4 ./......**/.
 5 ....././**//
 6 /....../***/
 7 ....///...//
 8 ////.//.....
 9 ./..........
===
   ABCDEFGHIJKL
 1 ...3........
 2 ...*........
 3 ...*........
 4 ...*........
 5 ...*........
 6 ...****4***.
 7 ............
 8 ...........*
 9 .....***22..
(Your move)>Hit
(CPU move)>L1
Miss
   ABCDEFGHIJKL
 1 /./..///.//.
 2 ./.*******/.
 3 /./.././.*..
 4 ./......**/.
 5 ....././**//
 6 /....../***/
 7 ....///...//
 8 ////.//.....
 9 ./..........
===
   ABCDEFGHIJKL
 1 ...3........
 2 ...*........
 3 ...*........
 4 ...*........
 5 ...*........
 6 ...****4***.
 7 ............
 8 ...........*
 9 .....***22..
(Your move)>Miss
(CPU move)>B1
Miss
   ABCDEFGHIJKL
 1 /.//.///.//.
 2 ./.*******/.
 3 /./.././.*..
 4 ./......**/.
 5 ....././**//
 6 /....../***/
 7 ....///...//
 8 ////.//.....
 9 ./..........
===
   ABCDEFGHIJKL
 1 ...3........
 2 ...*........
 3 ...*........
 4 ...*........
 5 ...*........
 6 ...****4***.
 7 ............
 8 ...........*
 9 .....***22..
(Your move)>Miss
(CPU move)>B7
Miss
   ABCDEFGHIJKL
 1 /.//.///.//.
 2 ./.*******/.
 3 /.//././.*..
 4 ./......**/.
 5 ....././**//
 6 /....../***/
 7 ....///...//
 8 ////.//.....
 9 ./..........
===
   ABCDEFGHIJKL
 1 ...3........
 2 ...*........
 3 ...*........
 4 ...*........
 5 ...*........
 6 ...****4***.
 7 ............
 8 ...........*
 9 .....***22..
(Your move)>Hit
Ship sunk
(CPU move)>B2
Miss
   ABCDEFGHIJKL
 1 /.//.///.//.
 2 ./********/.
 3 /.//././.*..
 4 ./......**/.
 5 ....././**//
 6 /....../***/
 7 ....///...//
 8 ////.//.....
 9 ./..........
===
   ABCDEFGHIJKL
 1 ...3........
 2 ...*........
 3 ...*........
 4 ...*........
 5 ...*........
 6 ...****4***.
 7 ............
 8 ...........*
 9 .....***22..
(Your move)>Miss
(CPU move)>A2
Miss
   ABCDEFGHIJKL
 1 /.//.///.//.
 2 ./********/.
 3 /.//././.*..
 4 ./......**/.
 5 ....././**//
 6 /....../***/
 7 ....///...//
 8 ////.//.....
 9 ./........./
===
   ABCDEFGHIJKL
 1 ...3........
 2 ...*........
 3 ...*........
 4 ...*........
 5 ...*........
 6 ...****4***.
 7 ............
 8 ...........*
 9 .....***22..
(Your move)>Hit
(CPU move)>K2
Miss
   ABCDEFGHIJKL
 1 /.//.///.//.
 2 ./********/.
 3 /.//././.*..
 4 ./......**/.
 5 ....././**//
 6 /....../***/
 7 ....///...//
 8 ////.//.*...
 9 ./........./
===
   ABCDEFGHIJKL
 1 ...3........
 2 ...*........
 3 ...*........
 4 ...*........
 5 ...*........
 6 ...****4***.
 7 ............
 8 ...........*
 9 .....***22..
(Your move)>Hit
(CPU move)>I3
Miss
   ABCDEFGHIJKL
 1 /.//.///.//.
 2 ./********/.
 3 /.//././.*..
 4 ./......**/.
 5 ....././**//
 6 /....../***/
 7 ....///.*.//
 8 ////.//.*...
 9 ./........./
===
   ABCDEFGHIJKL
 1 ...3........
 2 ...*........
 3 ...*........
 4 ...*........
 5 ...*........
 6 ...****4***.
 7 ............
 8 ...........*
 9 .....***22..
(Your move)>Miss
(CPU move)>J9
Hit
   ABCDEFGHIJKL
 1 /.//.///.//.
 2 ./********/.
 3 /.//././.*..
 4 ./......**/.
 5 ....././**//
 6 /....../***/
 7 ....///.*.//
 8 ////.//.*...
 9 ./....../../
===
   ABCDEFGHIJKL
 1 ...3........
 2 ...*........
 3 ...*........
 4 ...*........
 5 ...*........
 6 ...****4***.
 7 ............
 8 ...........*
 9 .....***2*..
(Your move)>Miss
(CPU move)>J8
Miss
   ABCDEFGHIJKL
 1 /.//.///.//.
 2 ./********/.
 3 /.//././.*..
 4 ./......**/.
 5 ....././**//
 6 /....../***/
 7 ....///.*.//
 8 ////.///*...
 9 ./....../../
===
   ABCDEFGHIJKL
 1 ...3........
 2 ...*........
 3 ...*........
 4 ...*........
 5 ...*........
 6 ...****4***.
 7 ............
 8 ...........*
 9 .....***2*..
(Your move)>Miss
(CPU move)>I9
Hit
Ship sunk
   ABCDEFGHIJKL
 1 /.//.///.//.
 2 ./********/.
 3 /.//././.*..
 4 ./......**/.
 5 ....././**//
 6 /....../***/
 7 ....///.*.//
 8 ////.///*/..
 9 ./....../../
===
   ABCDEFGHIJKL
 1 ...3........
 2 ...*........
 3 ...*........
 4 ...*........
 5 ...*........
 6 ...****4***.
 7 ............
 8 ...........*
 9 .....*****..
(Your move)>Miss
(CPU move)>K9
Repeated guess
(CPU move)>A3
Miss
   ABCDEFGHIJKL
 1 /.//.///.//.
 2 ./********//
 3 /.//././.*..
 4 ./......**/.
 5 ....././**//
 6 /....../***/
 7 ....///.*.//
 8 ////.///*/..
 9 ./....../../
===
   ABCDEFGHIJKL
 1 ...3........
 2 ...*........
 3 ...*........
 4 ...*........
 5 ...*........
 6 ...****4***.
 7 ............
 8 ...........*
 9 .....*****..
(Your move)>Miss
(CPU move)>K1
Miss
   ABCDEFGHIJKL
 1 /.//.//////.
 2 ./********//
 3 /.//././.*..
 4 ./......**/.
 5 ....././**//
 6 /....../***/
 7 ....///.*.//
 8 ////.///*/..
 9 ./....../../
===
   ABCDEFGHIJKL
 1 ...3........
 2 ...*........
 3 ...*........
 4 ...*........
 5 ...*........
 6 ...****4***.
 7 ............
 8 ...........*
 9 .....*****..
(Your move)>Miss
(CPU move)>D9
Miss
   ABCDEFGHIJKL
 1 /.//.//////.
 2 ./********//
 3 ////././.*..
 4 ./......**/.
 5 ....././**//
 6 /....../***/
 7 ....///.*.//
 8 ////.///*/..
 9 ./....../../
===
   ABCDEFGHIJKL
 1 ...3........
 2 ...*........
 3 ...*........
 4 ...*........
 5 ...*........
 6 ...****4***.
 7 ............
 8 ...........*
 9 .....*****..
(Your move)>Miss
(CPU move)>J3
Miss
   ABCDEFGHIJKL
 1 /.//.//////.
 2 ./********//
 3 ////././.*..
 4 ./......**/.
 5 ....//./**//
 6 /....../***/
 7 ....///.*.//
 8 ////.///*/..
 9 ./....../../
===
   ABCDEFGHIJKL
 1 ...3........
 2 ...*........
 3 ...*........
 4 ...*........
 5 ...*........
 6 ...****4***.
 7 ............
 8 ...........*
 9 .....*****..
(Your move)>Miss
(CPU move)>K4
Miss
   ABCDEFGHIJKL
 1 /.//.//////.
 2 ./********//
 3 ////././.*..
 4 //......**/.
 5 ....//./**//
 6 /....../***/
 7 ....///.*.//
 8 ////.///*/..
 9 ./....../../
===
   ABCDEFGHIJKL
 1 ...3........
 2 ...*........
 3 ...*........
 4 ...*........
 5 ...*........
 6 ...****4***.
 7 ............
 8 ...........*
 9 .....*****..
(Your move)>Miss
(CPU move)>E8
Miss
   ABCDEFGHIJKL
 1 /.//.//////.
 2 ./********//
 3 ////././.*..
 4 //......**/.
 5 ....//./**//
 6 /....../***/
 7 ....///.*.//
 8 ////////*/..
 9 ./....../../
===
   ABCDEFGHIJKL
 1 ...3........
 2 ...*........
 3 ...*........
 4 ...*........
 5 ...*........
 6 ...****4***.
 7 ............
 8 ...........*
 9 .....*****..
(Your move)>Miss
(CPU move)>L4
Miss
   ABCDEFGHIJKL
 1 /.//.//////.
 2 ./********//
 3 ////././.*..
 4 //......**/.
 5 ....//./**//
 6 /....../***/
 7 ....///.*.//
 8 ////////*/..
 9 ./...././../
===
   ABCDEFGHIJKL
 1 ...3........
 2 ...*........
 3 ...*........
 4 ...*........
 5 ...*........
 6 ...****4***.
 7 ............
 8 ...........*
 9 .....*****..
(Your move)>Miss
(CPU move)>I2
Miss
   ABCDEFGHIJKL
 1 /.//.//////.
 2 ./********//
 3 ////././.*..
 4 //......**/.
 5 ....//./**//
 6 /...././***/
 7 ....///.*.//
 8 ////////*/..
 9 ./...././../
===
   ABCDEFGHIJKL
 1 ...3........
 2 ...*........
 3 ...*........
 4 ...*........
 5 ...*........
 6 ...****4***.
 7 ............
 8 ...........*
 9 .....*****..
(Your move)>Miss
(CPU move)>L6
Miss
   ABCDEFGHIJKL
 1 /.//.//////.
 2 ./********//
 3 ////././.*..
 4 //../...**/.
 5 ....//./**//
 6 /...././***/
 7 ....///.*.//
 8 ////////*/..
 9 ./...././../
===
   ABCDEFGHIJKL
 1 ...3........
 2 ...*........
 3 ...*........
 4 ...*........
 5 ...*........
 6 ...****4***.
 7 ............
 8 ...........*
 9 .....*****..
(Your move)>Miss
(CPU move)>F3
Miss
   ABCDEFGHIJKL
 1 /.//.//////.
 2 ./********//
 3 ////././.*..
 4 //../...**/.
 5 ....//./**//
 6 /...././***/
 7 ....///.*.//
 8 ////////*/..
 9 ./....///../
===
   ABCDEFGHIJKL
 1 ...3........
 2 ...*........
 3 ...*........
 4 ...*........
 5 ...*........
 6 ...****4***.
 7 ............
 8 ...........*
 9 .....*****..
(Your move)>Miss
(CPU move)>B5
Miss
   ABCDEFGHIJKL
 1 /.//.//////.
 2 ./********//
 3 ////././.*..
 4 //../...**/.
 5 ./..//./**//
 6 /...././***/
 7 ....///.*.//
 8 ////////*/..
 9 ./....///../
===
   ABCDEFGHIJKL
 1 ...3........
 2 ...*........
 3 ...*........
 4 ...*........
 5 ...*........
 6 ...****4***.
 7 ............
 8 ...........*
 9 .....*****..
(Your move)>Miss
(CPU move)>F2
Miss
   ABCDEFGHIJKL
 1 /.//.//////.
 2 ./********//
 3 ////././.*..
 4 //../...**/.
 5 ./..//./**//
 6 /...././***/
 7 ....///.*.//
 8 ////////*/..
 9 ./....///.//
===
   ABCDEFGHIJKL
 1 ...3........
 2 ...*........
 3 ...*........
 4 ...*........
 5 ...*........
 6 ...****4***.
 7 ............
 8 ...........*
 9 .....*****..
(Your move)>Miss
(CPU move)>A8
Miss
   ABCDEFGHIJKL
 1 /.//.//////.
 2 ./********//
 3 ////././.*..
 4 //../...**/.
 5 ./..//./**//
 6 /...././***/
 7 ....///.*.//
 8 ////////*/..
 9 ./...////.//
===
   ABCDEFGHIJKL
 1 ...3........
 2 ...*........
 3 ...*........
 4 ...*........
 5 ...*........
 6 ...****4***.
 7 ............
 8 ...........*
 9 .....*****..
(Your move)>Miss
(CPU move)>F4
Miss
   ABCDEFGHIJKL
 1 /.//.//////.
 2 ./********//
 3 ////././.*..
 4 //../...**/.
 5 ./..//./**//
 6 /....///***/
 7 ....///.*.//
 8 ////////*/..
 9 ./...////.//
===
   ABCDEFGHIJKL
 1 ...3........
 2 ...*........
 3 ...*........
 4 ...*........
 5 ...*........
 6 ...****4***.
 7 ............
 8 ...........*
 9 .....*****..
(Your move)>Miss
(CPU move)>G5
Miss
   ABCDEFGHIJKL
 1 /.//.//////.
 2 ./********//
 3 ////././.*..
 4 //../...**/.
 5 ./..//./**//
 6 //...///***/
 7 ....///.*.//
 8 ////////*/..
 9 ./...////.//
===
   ABCDEFGHIJKL
 1 ...3........
 2 ...*........
 3 ...*........
 4 ...*........
 5 ...*........
 6 ...****4***.
 7 ............
 8 ...........*
 9 .....*****..
(Your move)>Miss
(CPU move)>I1
Miss
   ABCDEFGHIJKL
 1 /.//.//////.
 2 ./********//
 3 ////././.*..
 4 //.././.**/.
 5 ./..//./**//
 6 //...///***/
 7 ....///.*.//
 8 ////////*/..
 9 ./...////.//
===
   ABCDEFGHIJKL
 1 ...3........
 2 ...*........
 3 ...*........
 4 ...*........
 5 ...*........
 6 ...****4***.
 7 ............
 8 ...........*
 9 .....*****..
(Your move)>Miss
(CPU move)>H6
Hit
Ship sunk
   ABCDEFGHIJKL
 1 /.//.//////.
 2 ./********//
 3 ////././.*..
 4 //.././.**/.
 5 ./..//./**//
 6 //...///***/
 7 ....///.*///
 8 ////////*/..
 9 ./...////.//
===
   ABCDEFGHIJKL
 1 ...3........
 2 ...*........
 3 ...*........
 4 ...*........
 5 ...*........
 6 ...********.
 7 ............
 8 ...........*
 9 .....*****..
(Your move)>Miss
(CPU move)>H5
Repeated guess
(CPU move)>H7
Repeated guess
(CPU move)>J1
Miss
   ABCDEFGHIJKL
 1 /.//.//////.
 2 ./********//
 3 ////././.*..
 4 //.././.**/.
 5 ./..//./**//
 6 //...///***/
 7 ....///.*///
 8 ////////*/..
 9 ./././///.//
===
   ABCDEFGHIJKL
 1 ...3........
 2 ...*........
 3 ...*........
 4 ...*........
 5 ...*........
 6 ...********.
 7 ............
 8 ...........*
 9 .....*****..
(Your move)>Miss
(CPU move)>E2
Miss
   ABCDEFGHIJKL
 1 /.//.//////.
 2 ./********//
 3 ////././.*..
 4 //.././.**/.
 5 ./..//./**//
 6 //...///***/
 7 ....///.*///
 8 ////////*/..
 9 ./././//////
===
   ABCDEFGHIJKL
 1 ...3........
 2 ...*........
 3 ...*........
 4 ...*........
 5 ...*........
 6 ...********.
 7 ............
 8 ...........*
 9 .....*****..
(Your move)>Miss
(CPU move)>H4
Miss
   ABCDEFGHIJKL
 1 ////.//////.
 2 ./********//
 3 ////././.*..
 4 //.././.**/.
 5 ./..//./**//
 6 //...///***/
 7 ....///.*///
 8 ////////*/..
 9 ./././//////
===
   ABCDEFGHIJKL
 1 ...3........
 2 ...*........
 3 ...*........
 4 ...*........
 5 ...*........
 6 ...********.
 7 ............
 8 ...........*
 9 .....*****..
(Your move)>Miss
(CPU move)>H1
Miss
   ABCDEFGHIJKL
 1 ////.//////.
 2 //********//
 3 ////././.*..
 4 //.././.**/.
 5 ./..//./**//
 6 //...///***/
 7 ....///.*///
 8 ////////*/..
 9 ./././//////
===
   ABCDEFGHIJKL
 1 ...3........
 2 ...*........
 3 ...*........
 4 ...*........
 5 ...*........
 6 ...********.
 7 ............
 8 ...........*
 9 .....*****..
(Your move)>Miss
(CPU move)>C8
Miss
   ABCDEFGHIJKL
 1 ////.//////.
 2 //********//
 3 ////././.*..
 4 //.././.**/.
 5 ./..//./**//
 6 ///..///***/
 7 ....///.*///
 8 ////////*/..
 9 ./././//////
===
   ABCDEFGHIJKL
 1 ...3........
 2 ...*........
 3 ...*........
 4 ...*........
 5 ...*........
 6 ...********.
 7 ............
 8 ...........*
 9 .....*****..
(Your move)>Miss
(CPU move)>F8
Miss
   ABCDEFGHIJKL
 1 ////.//////.
 2 //********//
 3 ////././.*..
 4 //.././.**/.
 5 ./..//./**//
 6 ///..///***/
 7 ....///.*///
 8 ////////*/..
 9 ././////////
===
   ABCDEFGHIJKL
 1 ...3........
 2 ...*........
 3 ...*........
 4 ...*........
 5 ...*........
 6 ...********.
 7 ............
 8 ...........*
 9 .....*****..
(Your move)>Miss
(CPU move)>C9
Miss
   ABCDEFGHIJKL
 1 ///////////.
 2 //********//
 3 ////././.*..
 4 //.././.**/.
 5 ./..//./**//
 6 ///..///***/
 7 ....///.*///
 8 ////////*/..
 9 ././////////
===
   ABCDEFGHIJKL
 1 ...3........
 2 ...*........
 3 ...*........
 4 ...*........
 5 ...*........
 6 ...********.
 7 ............
 8 ...........*
 9 .....*****..
(Your move)>Miss
(CPU move)>A1
Miss
   ABCDEFGHIJKL
 1 ///////////.
 2 //********//
 3 ////././.*..
 4 //.././.**/.
 5 //..//./**//
 6 ///..///***/
 7 ....///.*///
 8 ////////*/..
 9 ././////////
===
   ABCDEFGHIJKL
 1 ...3........
 2 ...*........
 3 ...*........
 4 ...*........
 5 ...*........
 6 ...********.
 7 ............
 8 ...........*
 9 .....*****..
(Your move)>Miss
(CPU move)>C6
Miss
   ABCDEFGHIJKL
 1 ///////////.
 2 //********//
 3 ////././.*..
 4 //.././.**/.
 5 //..//./**//
 6 ///..///***/
 7 ....///.*///
 8 ////////*/..
 9 //./////////
===
   ABCDEFGHIJKL
 1 ...3........
 2 ...*........
 3 ...*........
 4 ...*........
 5 ...*........
 6 ...********.
 7 ............
 8 ...........*
 9 .....*****..
(Your move)>Miss
(CPU move)>L5
Miss
   ABCDEFGHIJKL
 1 ///////////.
 2 //********//
 3 ////././.*..
 4 //.././.**/.
 5 //..//./**//
 6 ///..///***/
 7 ....///.*///
 8 ////////*/./
 9 //./////////
===
   ABCDEFGHIJKL
 1 ...3........
 2 ...*........
 3 ...*........
 4 ...*........
 5 ...*........
 6 ...********.
 7 ............
 8 ...........*
 9 .....*****..
(Your move)>Miss
(CPU move)>J4
Miss
   ABCDEFGHIJKL
 1 ///////////.
 2 //********//
 3 ////././.*..
 4 ///././.**/.
 5 //..//./**//
 6 ///..///***/
 7 ....///.*///
 8 ////////*/./
 9 //./////////
===
   ABCDEFGHIJKL
 1 ...3........
 2 ...*........
 3 ...*........
 4 ...*........
 5 ...*........
 6 ...********.
 7 ............
 8 ...........*
 9 .....*****..
(Your move)>Miss
(CPU move)>G1
Miss
   ABCDEFGHIJKL
 1 ///////////.
 2 //********//
 3 ////././.*..
 4 ///././.**//
 5 //..//./**//
 6 ///..///***/
 7 ....///.*///
 8 ////////*/./
 9 //./////////
===
   ABCDEFGHIJKL
 1 ...3........
 2 ...*........
 3 ...*........
 4 ...*........
 5 ...*........
 6 ...********.
 7 ............
 8 ...........*
 9 .....*****..
(Your move)>Miss
(CPU move)>I8
Miss
   ABCDEFGHIJKL
 1 ///////////.
 2 //********//
 3 ////././.*..
 4 ///././.**//
 5 //..//./**//
 6 ////.///***/
 7 ....///.*///
 8 ////////*/./
 9 //./////////
===
   ABCDEFGHIJKL
 1 ...3........
 2 ...*........
 3 ...*........
 4 ...*........
 5 ...*........
 6 ...********.
 7 ............
 8 ...........*
 9 .....*****..
(Your move)>Miss
(CPU move)>E9
Miss
   ABCDEFGHIJKL
 1 ///////////.
 2 //********//
 3 ////././.*..
 4 ///.///.**//
 5 //..//./**//
 6 ////.///***/
 7 ....///.*///
 8 ////////*/./
 9 //./////////
===
   ABCDEFGHIJKL
 1 ...3........
 2 ...*........
 3 ...*........
 4 ...*........
 5 ...*........
 6 ...********.
 7 ............
 8 ...........*
 9 .....*****..
(Your move)>Miss
(CPU move)>A5
Miss
   ABCDEFGHIJKL
 1 ///////////.
 2 //********//
 3 ////././.*..
 4 ///.///.**//
 5 //..////**//
 6 ////.///***/
 7 ....///.*///
 8 ////////*/./
 9 //./////////
===
   ABCDEFGHIJKL
 1 ...3........
 2 ...*........
 3 ...*........
 4 ...*........
 5 ...*........
 6 ...********.
 7 ............
 8 ...........*
 9 .....*****..
(Your move)>Miss
(CPU move)>I7
Miss
   ABCDEFGHIJKL
 1 ///////////.
 2 //********//
 3 ////././.*..
 4 ///.///.**//
 5 //..////**//
 6 ////.///***/
 7 ./..///.*///
 8 ////////*/./
 9 //./////////
===
   ABCDEFGHIJKL
 1 ...3........
 2 ...*........
 3 ...*........
 4 ...*........
 5 ...*........
 6 ...********.
 7 ............
 8 ...........*
 9 .....*****..
(Your move)>Hit
Ship sunk
Game over - you win
