   ABCDE
 1 .....
 2 .....
 3 .....
 4 .....
===
   ABCDE
 1 ..3..
 2 ..3..
 3 .2211
 4 .....
(Your move)>Bad guess
(Your move)>Hit
(CPU move)>D4
Miss
   ABCDE
 1 .....
 2 .*...
 3 .....
 4 .....
===
   ABCDE
 1 ..3..
 2 ..3..
 3 .2211
 4 .....
(Your move)>Miss
(CPU move)>E2
Miss
   ABCDE
 1 ./...
 2 .*...
 3 .....
 4 .....
===
   ABCDE
 1 ..3..
 2 ..3..
 3 .2211
 4 .....
(Your move)>Hit
Ship sunk
(CPU move)>D1
Miss
   ABCDE
 1 ./...
 2 .*...
 3 .*...
 4 .....
===
   ABCDE
 1 ..3..
 2 ..3..
 3 .2211
 4 .....
(Your move)>Bad guess
(Your move)>Miss
(CPU move)>E4
Miss
   ABCDE
 1 ./...
 2 /*...
 3 .*...
 4 .....
===
   ABCDE
 1 ..3..
 2 ..3..
 3 .2211
 4 .....
(Your move)>Hit
(CPU move)>B1
Miss
   ABCDE
 1 ./...
 2 /**..
 3 .*...
 4 .....
===
   ABCDE
 1 ..3..
 2 ..3..
 3 .2211
 4 .....
(Your move)>Miss
(CPU move)>C3
Hit
   ABCDE
 1 .//..
 2 /**..
 3 .*...
 4 .....
===
   ABCDE
 1 ..3..
 2 ..3..
 3 .2*11
 4 .....
(Your move)>Miss
(CPU move)>C2
Hit
   ABCDE
 1 .//..
 2 /**..
 3 .*...
 4 .../.
===
   ABCDE
 1 ..3..
 2 ..*..
 3 .2*11
 4 .....
(Your move)>Hit
Ship sunk
(CPU move)>C4
Miss
   ABCDE
 1 .//..
 2 /**..
 3 .**..
 4 .../.
===
   ABCDE
 1 ..3..
 2 ..*..
 3 .2*11
 4 .....
(Your move)>Miss
(CPU move)>B3
Hit
Ship sunk
   ABCDE
 1 .//..
 2 /**..
 3 .**..
 4 ..//.
===
   ABCDE
 1 ..3..
 2 ..*..
 3 .**11
 4 .....
(Your move)>Miss
(CPU move)>D3
Hit
   ABCDE
 1 .//..
 2 /**..
 3 .**/.
 4 ..//.
===
   ABCDE
 1 ..3..
 2 ..*..
 3 .***1
 4 .....
(Your move)>Miss
(CPU move)>A4
Miss
   ABCDE
 1 .//..
 2 /**..
 3 .**/.
 4 /.//.
===
   ABCDE
 1 ..3..
 2 ..*..
 3 .***1
 4 .....
(Your move)>Miss
(CPU move)>A3
Miss
   ABCDE
 1 .//..
 2 /**/.
 3 .**/.
 4 /.//.
===
   ABCDE
 1 ..3..
 2 ..*..
 3 .***1
 4 .....
(Your move)>Miss
(CPU move)>A2
Miss
   ABCDE
 1 ///..
 2 /**/.
 3 .**/.
 4 /.//.
===
   ABCDE
 1 ..3..
 2 ..*..
 3 .***1
 4 .....
(Your move)>Hit
(CPU move)>C1
Hit
Ship sunk
   ABCDE
 1 ///*.
 2 /**/.
 3 .**/.
 4 /.//.
===
   ABCDE
 1 ..*..
 2 ..*..
 3 .***1
 4 .....
(Your move)>Repeated guess
(Your move)>Repeated guess
(Your move)>Hit
Ship sunk
Game over - you win
