   ABCDEFGHIJ
 1 ..........
 2 ..........
 3 ..........
 4 ..........
 5 ..........
 6 ..........
 7 ..........
 8 ..........
 9 ..........
10 ..........
===
   ABCDEFGHIJ
 1 ...1.6....
 2 .....63...
 3 ......3...
 4 ......3.2.
 5 ......3.2.
 6 ....4.3...
 7 ....4.....
 8 ....4.....
 9 ....4.....
10 555555....
(Your move)>Miss
(CPU move)>I10
Miss
   ABCDEFGHIJ
 1 ..........
 2 ..........
 3 ..........
 4 ..........
 5 ..........
 6 ..........
 7 ..........
 8 .../......
 9 ..........
10 ..........
===
   ABCDEFGHIJ
 1 ...1.6....
 2 .....63...
 3 ......3...
 4 ......3.2.
 5 ......3.2.
 6 ....4.3...
 7 ....4.....
 8 ....4.....
 9 ....4.....
10 555555....
(Your move)>Hit
(CPU move)>A2
Miss
   ABCDEFGHIJ
 1 .*........
 2 ..........
 3 ..........
 4 ..........
 5 ..........
 6 ..........
 7 ..........
 8 .../......
 9 ..........
10 ..........
===
   ABCDEFGHIJ
 1 ...1.6....
 2 .....63...
 3 ......3...
 4 ......3.2.
 5 ......3.2.
 6 ....4.3...
 7 ....4.....
 8 ....4.....
 9 ....4.....
10 555555....
(Your move)>Miss
(CPU move)>F9
Miss
   ABCDEFGHIJ
 1 .*........
 2 ./........
 3 ..........
 4 ..........
 5 ..........
 6 ..........
 7 ..........
 8 .../......
 9 ..........
10 ..........
===
   ABCDEFGHIJ
 1 ...1.6....
 2 .....63...
 3 ......3...
 4 ......3.2.
 5 ......3.2.
 6 ....4.3...
 7 ....4.....
 8 ....4.....
 9 ....4.....
10 555555....
(Your move)>Miss
(CPU move)>I5
Hit
   ABCDEFGHIJ
 1 /*........
 2 ./........
 3 ..........
 4 ..........
 5 ..........
 6 ..........
 7 ..........
 8 .../......
 9 ..........
10 ..........
===
   ABCDEFGHIJ
 1 ...1.6....
 2 .....63...
 3 ......3...
 4 ......3.2.
 5 ......3.*.
 6 ....4.3...
 7 ....4.....
 8 ....4.....
 9 ....4.....
10 555555....
(Your move)>Hit
(CPU move)>I4
Hit
Ship sunk
   ABCDEFGHIJ
 1 /**.......
 2 ./........
 3 ..........
 4 ..........
 5 ..........
 6 ..........
 7 ..........
 8 .../......
 9 ..........
10 ..........
===
   ABCDEFGHIJ
 1 ...1.6....
 2 .....63...
 3 ......3...
 4 ......3.*.
 5 ......3.*.
 6 ....4.3...
 7 ....4.....
 8 ....4.....
 9 ....4.....
10 555555....
(Your move)>Miss
(CPU move)>I6
Miss
   ABCDEFGHIJ
 1 /**.......
 2 ./........
 3 ..........
 4 ..........
 5 ..........
 6 ..........
 7 ..........
 8 .../......
 9 ..........
10 ......../.
===
   ABCDEFGHIJ
 1 ...1.6....
 2 .....63...
 3 ......3...
 4 ......3.*.
 5 ......3.*.
 6 ....4.3...
 7 ....4.....
 8 ....4.....
 9 ....4.....
10 555555....
(Your move)>Miss
(CPU move)>H5
Miss
   ABCDEFGHIJ
 1 /**.......
 2 ./........
 3 ..........
 4 ..........
 5 ..........
 6 ..........
 7 ..........
 8 .../......
 9 ....../...
10 ......../.
===
   ABCDEFGHIJ
 1 ...1.6....
 2 .....63...
 3 ......3...
 4 ......3.*.
 5 ......3.*.
 6 ....4.3...
 7 ....4.....
 8 ....4.....
 9 ....4.....
10 555555....
(Your move)>Miss
(CPU move)>J5
Miss
   ABCDEFGHIJ
 1 /**.......
 2 ./........
 3 ..........
 4 ..../.....
 5 ..........
 6 ..........
 7 ..........
 8 .../......
 9 ....../...
10 ......../.
===
   ABCDEFGHIJ
 1 ...1.6....
 2 .....63...
 3 ......3...
 4 ......3.*.
 5 ......3.*.
 6 ....4.3...
 7 ....4.....
 8 ....4.....
 9 ....4.....
10 555555....
(Your move)>Hit
(CPU move)>C1
Miss
   ABCDEFGHIJ
 1 /**.......
 2 ./........
 3 ..........
 4 .*../.....
 5 ..........
 6 ..........
 7 ..........
 8 .../......
 9 ....../...
10 ......../.
===
   ABCDEFGHIJ
 1 ...1.6....
 2 .....63...
 3 ......3...
 4 ......3.*.
 5 ......3.*.
 6 ....4.3...
 7 ....4.....
 8 ....4.....
 9 ....4.....
10 555555....
(Your move)>Hit
(CPU move)>G1
Miss
   ABCDEFGHIJ
 1 /**.......
 2 ./........
 3 .*........
 4 .*../.....
 5 ..........
 6 ..........
 7 ..........
 8 .../......
 9 ....../...
10 ......../.
===
   ABCDEFGHIJ
 1 ...1.6....
 2 .....63...
 3 ......3...
 4 ......3.*.
 5 ......3.*.
 6 ....4.3...
 7 ....4.....
 8 ....4.....
 9 ....4.....
10 555555....
(Your move)>Miss
(CPU move)>C7
Miss
   ABCDEFGHIJ
 1 /**.......
 2 ./........
 3 .*........
 4 .*../.....
 5 ./........
 6 ..........
 7 ..........
 8 .../......
 9 ....../...
10 ......../.
===
   ABCDEFGHIJ
 1 ...1.6....
 2 .....63...
 3 ......3...
 4 ......3.*.
 5 ......3.*.
 6 ....4.3...
 7 ....4.....
 8 ....4.....
 9 ....4.....
10 555555....
(Your move)>Miss
(CPU move)>F2
Hit
   ABCDEFGHIJ
 1 /**.......
 2 ./........
 3 .*........
 4 /*../.....
 5 ./........
 6 ..........
 7 ..........
 8 .../......
 9 ....../...
10 ......../.
===
   ABCDEFGHIJ
 1 ...1.6....
 2 .....*3...
 3 ......3...
 4 ......3.*.
 5 ......3.*.
 6 ....4.3...
 7 ....4.....
 8 ....4.....
 9 ....4.....
10 555555....
(Your move)>Hit
Ship sunk
(CPU move)>F1
Hit
Ship sunk
   ABCDEFGHIJ
 1 /**.......
 2 ./........
 3 .*........
 4 /**./.....
 5 ./........
 6 ..........
 7 ..........
 8 .../......
 9 ....../...
10 ......../.
===
   ABCDEFGHIJ
 1 ...1.*....
 2 .....*3...
 3 ......3...
 4 ......3.*.
 5 ......3.*.
 6 ....4.3...
 7 ....4.....
 8 ....4.....
 9 ....4.....
10 555555....
(Your move)>Miss
(CPU move)>F3
Miss
   ABCDEFGHIJ
 1 /**.......
 2 ./........
 3 .*........
 4 /**./.....
 5 ./........
 6 ..........
 7 ./........
 8 .../......
 9 ....../...
10 ......../.
===
   ABCDEFGHIJ
 1 ...1.*....
 2 .....*3...
 3 ......3...
 4 ......3.*.
 5 ......3.*.
 6 ....4.3...
 7 ....4.....
 8 ....4.....
 9 ....4.....
10 555555....
(Your move)>Miss
(CPU move)>E2
Miss
   ABCDEFGHIJ
 1 /**.......
 2 ./.../....
 3 .*........
 4 /**./.....
 5 ./........
 6 ..........
 7 ./........
 8 .../......
 9 ....../...
10 ......../.
===
   ABCDEFGHIJ
 1 ...1.*....
 2 .....*3...
 3 ......3...
 4 ......3.*.
 5 ......3.*.
 6 ....4.3...
 7 ....4.....
 8 ....4.....
 9 ....4.....
10 555555....
(Your move)>Hit
(CPU move)>G2
Hit
   ABCDEFGHIJ
 1 /**.......
 2 ./.../....
 3 .*........
 4 /**./.....
 5 ./........
 6 ........*.
 7 ./........
 8 .../......
 9 ....../...
10 ......../.
===
   ABCDEFGHIJ
 1 ...1.*....
 2 .....**...
 3 ......3...
 4 ......3.*.
 5 ......3.*.
 6 ....4.3...
 7 ....4.....
 8 ....4.....
 9 ....4.....
10 555555....
(Your move)>Hit
(CPU move)>H2
Miss
   ABCDEFGHIJ
 1 /**.......
 2 ./.../....
 3 .*........
 4 /**./.....
 5 ./......*.
 6 ........*.
 7 ./........
 8 .../......
 9 ....../...
10 ......../.
===
   ABCDEFGHIJ
 1 ...1.*....
 2 .....**...
 3 ......3...
 4 ......3.*.
 5 ......3.*.
 6 ....4.3...
 7 ....4.....
 8 ....4.....
 9 ....4.....
10 555555....
(Your move)>Hit
(CPU move)>E9
Hit
   ABCDEFGHIJ
 1 /**.......
 2 ./.../....
 3 .*........
 4 /**./.....
 5 ./......*.
 6 ........*.
 7 ./......*.
 8 .../......
 9 ....../...
10 ......../.
===
   ABCDEFGHIJ
 1 ...1.*....
 2 .....**...
 3 ......3...
 4 ......3.*.
 5 ......3.*.
 6 ....4.3...
 7 ....4.....
 8 ....4.....
 9 ....*.....
10 555555....
(Your move)>Miss
(CPU move)>E8
Hit
   ABCDEFGHIJ
 1 /**.......
 2 ./.../....
 3 .*........
 4 /**./.....
 5 ./......*.
 6 ......./*.
 7 ./......*.
 8 .../......
 9 ....../...
10 ......../.
===
   ABCDEFGHIJ
 1 ...1.*....
 2 .....**...
 3 ......3...
 4 ......3.*.
 5 ......3.*.
 6 ....4.3...
 7 ....4.....
 8 ....*.....
 9 ....*.....
10 555555....
(Your move)>Miss
(CPU move)>E10
Hit
   ABCDEFGHIJ
 1 /**.......
 2 ./.../....
 3 .*........
 4 /**./.....
 5 ./......*.
 6 ......./*/
 7 ./......*.
 8 .../......
 9 ....../...
10 ......../.
===
   ABCDEFGHIJ
 1 ...1.*....
 2 .....**...
 3 ......3...
 4 ......3.*.
 5 ......3.*.
 6 ....4.3...
 7 ....4.....
 8 ....*.....
 9 ....*.....
10 5555*5....
(Your move)>Miss
(CPU move)>D9
Miss
   ABCDEFGHIJ
 1 /**.......
 2 ./.../....
 3 .*........
 4 /**./.....
 5 ./......*.
 6 ......./*/
 7 ./......*.
 8 .../......
 9 ....../...
10 .../..../.
===
   ABCDEFGHIJ
 1 ...1.*....
 2 .....**...
 3 ......3...
 4 ......3.*.
 5 ......3.*.
 6 ....4.3...
 7 ....4.....
 8 ....*.....
 9 ....*.....
10 5555*5....
(Your move)>Miss
(CPU move)>F9
Repeated guess
(CPU move)>H3
Miss
   ABCDEFGHIJ
 1 /**.......
 2 ./.../....
 3 .*........
 4 /**./.....
 5 ./......*.
 6 ......./*/
 7 ./......*.
 8 .../......
 9 ....../...
10 ..././../.
===
   ABCDEFGHIJ
 1 ...1.*....
 2 .....**...
 3 ......3...
 4 ......3.*.
 5 ......3.*.
 6 ....4.3...
 7 ....4.....
 8 ....*.....
 9 ....*.....
10 5555*5....
(Your move)>Miss
(CPU move)>D1
Hit
Ship sunk
   ABCDEFGHIJ
 1 /**../....
 2 ./.../....
 3 .*........
 4 /**./.....
 5 ./......*.
 6 ......./*/
 7 ./......*.
 8 .../......
 9 ....../...
10 ..././../.
===
   ABCDEFGHIJ
 1 ...*.*....
 2 .....**...
 3 ......3...
 4 ......3.*.
 5 ......3.*.
 6 ....4.3...
 7 ....4.....
 8 ....*.....
 9 ....*.....
10 5555*5....
(Your move)>Miss
(CPU move)>D2
Miss
   ABCDEFGHIJ
 1 /**../....
 2 ./.../....
 3 .*........
 4 /**./.....
 5 ./......*.
 6 ......./*/
 7 ./......*.
 8 .../......
 9 ....../...
10 ..//./../.
===
   ABCDEFGHIJ
 1 ...*.*....
 2 .....**...
 3 ......3...
 4 ......3.*.
 5 ......3.*.
 6 ....4.3...
 7 ....4.....
 8 ....*.....
 9 ....*.....
10 5555*5....
(Your move)>Miss
(CPU move)>C1
Repeated guess
(CPU move)>E1
Miss
   ABCDEFGHIJ
 1 /**../....
 2 ./.../....
 3 .*........
 4 /**./.....
 5 ./......*.
 6 ......./*/
 7 ./......*.
 8 .../......
 9 .....././.
10 ..//./../.
===
   ABCDEFGHIJ
 1 ...*.*....
 2 .....**...
 3 ......3...
 4 ......3.*.
 5 ......3.*.
 6 ....4.3...
 7 ....4.....
 8 ....*.....
 9 ....*.....
10 5555*5....
(Your move)>Miss
(CPU move)>B5
Miss
   ABCDEFGHIJ
 1 /**../....
 2 .//../....
 3 .*........
 4 /**./.....
 5 ./......*.
 6 ......./*/
 7 ./......*.
 8 .../......
 9 .....././.
10 ..//./../.
===
   ABCDEFGHIJ
 1 ...*.*....
 2 .....**...
 3 ......3...
 4 ......3.*.
 5 ......3.*.
 6 ....4.3...
 7 ....4.....
 8 ....*.....
 9 ....*.....
10 5555*5....
(Your move)>Miss
(CPU move)>C4
Miss
   ABCDEFGHIJ
 1 /**../....
 2 .//../....
 3 .*........
 4 /**./.....
 5 ./......*/
 6 ......./*/
 7 ./......*.
 8 .../......
 9 .....././.
10 ..//./../.
===
   ABCDEFGHIJ
 1 ...*.*....
 2 .....**...
 3 ......3...
 4 ......3.*.
 5 ......3.*.
 6 ....4.3...
 7 ....4.....
 8 ....*.....
 9 ....*.....
10 5555*5....
(Your move)>Miss
(CPU move)>I3
Miss
   ABCDEFGHIJ
 1 /**../....
 2 .//../....
 3 .*........
 4 /**./.....
 5 ./......*/
 6 ......./*/
 7 //......*.
 8 .../......
 9 .....././.
10 ..//./../.
===
   ABCDEFGHIJ
 1 ...*.*....
 2 .....**...
 3 ......3...
 4 ......3.*.
 5 ......3.*.
 6 ....4.3...
 7 ....4.....
 8 ....*.....
 9 ....*.....
10 5555*5....
(Your move)>Hit
(CPU move)>A4
Miss
   ABCDEFGHIJ
 1 /**../....
 2 .//../....
 3 .*.*......
 4 /**./.....
 5 ./......*/
 6 ......./*/
 7 //......*.
 8 .../......
 9 .....././.
10 ..//./../.
===
   ABCDEFGHIJ
 1 ...*.*....
 2 .....**...
 3 ......3...
 4 ......3.*.
 5 ......3.*.
 6 ....4.3...
 7 ....4.....
 8 ....*.....
 9 ....*.....
10 5555*5....
(Your move)>Miss
(CPU move)>