   ABCDEFGH
 1 ........
 2 ........
 3 ........
 4 ........
 5 ........
 6 ........
 7 ........
 8 ........
===
   ABCDEFGH
 1 ........
 2 ........
 3 ........
 4 44..333.
 5 ........
 6 ..11111.
 7 ....5...
 8 2222....
(Your move)>Miss
(CPU move)>A4
Hit
   ABCDEFGH
 1 /.......
 2 ........
 3 ........
 4 ........
 5 ........
 6 ........
 7 ........
 8 ........
===
   ABCDEFGH
 1 ........
 2 ........
 3 ........
 4 *4..333.
 5 ........
 6 ..11111.
 7 ....5...
 8 2222....
(Your move)>Miss
(CPU move)>B4
Hit
Ship sunk
   ABCDEFGH
 1 //......
 2 ........
 3 ........
 4 ........
 5 ........
 6 ........
 7 ........
 8 ........
===
   ABCDEFGH
 1 ........
 2 ........
 3 ........
 4 **..333.
 5 ........
 6 ..11111.
 7 ....5...
 8 2222....
(Your move)>Miss
(CPU move)>E4
Hit
   ABCDEFGH
 1 ///.....
 2 ........
 3 ........
 4 ........
 5 ........
 6 ........
 7 ........
 8 ........
===
   ABCDEFGH
 1 ........
 2 ........
 3 ........
 4 **..*33.
 5 ........
 6 ..11111.
 7 ....5...
 8 2222....
(Your move)>Miss
(CPU move)>F4
Hit
   ABCDEFGH
 1 ////....
 2 ........
 3 ........
 4 ........
 5 ........
 6 ........
 7 ........
 8 ........
===
   ABCDEFGH
 1 ........
 2 ........
 3 ........
 4 **..**3.
 5 ........
 6 ..11111.
 7 ....5...
 8 2222....
(Your move)>Miss
(CPU move)>G4
Hit
Ship sunk
   ABCDEFGH
 1 /////...
 2 ........
 3 ........
 4 ........
 5 ........
 6 ........
 7 ........
 8 ........
===
   ABCDEFGH
 1 ........
 2 ........
 3 ........
 4 **..***.
 5 ........
 6 ..11111.
 7 ....5...
 8 2222....
(Your move)>Miss
(CPU move)>C6
Hit
   ABCDEFGH
 1 //////..
 2 ........
 3 ........
 4 ........
 5 ........
 6 ........
 7 ........
 8 ........
===
   ABCDEFGH
 1 ........
 2 ........
 3 ........
 4 **..***.
 5 ........
 6 ..*1111.
 7 ....5...
 8 2222....
(Your move)>Miss
(CPU move)>D6
Hit
   ABCDEFGH
 1 ///////.
 2 ........
 3 ........
 4 ........
 5 ........
 6 ........
 7 ........
 8 ........
===
   ABCDEFGH
 1 ........
 2 ........
 3 ........
 4 **..***.
 5 ........
 6 ..**111.
 7 ....5...
 8 2222....
(Your move)>Miss
(CPU move)>E6
Hit
   ABCDEFGH
 1 ////////
 2 ........
 3 ........
 4 ........
 5 ........
 6 ........
 7 ........
 8 ........
===
   ABCDEFGH
 1 ........
 2 ........
 3 ........
 4 **..***.
 5 ........
 6 ..***11.
 7 ....5...
 8 2222....
(Your move)>Miss
(CPU move)>F6
Hit
   ABCDEFGH
 1 ////////
 2 ........
 3 /.......
 4 ........
 5 ........
 6 ........
 7 ........
 8 ........
===
   ABCDEFGH
 1 ........
 2 ........
 3 ........
 4 **..***.
 5 ........
 6 ..****1.
 7 ....5...
 8 2222....
(Your move)>Miss
(CPU move)>G6
Hit
Ship sunk
   ABCDEFGH
 1 ////////
 2 ........
 3 //......
 4 ........
 5 ........
 6 ........
 7 ........
 8 ........
===
   ABCDEFGH
 1 ........
 2 ........
 3 ........
 4 **..***.
 5 ........
 6 ..*****.
 7 ....5...
 8 2222....
(Your move)>Miss
(CPU move)>E7
Hit
Ship sunk
   ABCDEFGH
 1 ////////
 2 ........
 3 ///.....
 4 ........
 5 ........
 6 ........
 7 ........
 8 ........
===
   ABCDEFGH
 1 ........
 2 ........
 3 ........
 4 **..***.
 5 ........
 6 ..*****.
 7 ....*...
 8 2222....
(Your move)>Miss
(CPU move)>A8
Hit
   ABCDEFGH
 1 ////////
 2 ........
 3 ////....
 4 ........
 5 ........
 6 ........
 7 ........
 8 ........
===
   ABCDEFGH
 1 ........
 2 ........
 3 ........
 4 **..***.
 5 ........
 6 ..*****.
 7 ....*...
 8 *222....
(Your move)>Miss
(CPU move)>B8
Hit
   ABCDEFGH
 1 ////////
 2 ........
 3 /////...
 4 ........
 5 ........
 6 ........
 7 ........
 8 ........
===
   ABCDEFGH
 1 ........
 2 ........
 3 ........
 4 **..***.
 5 ........
 6 ..*****.
 7 ....*...
 8 **22....
(Your move)>Miss
(CPU move)>C8
Hit
   ABCDEFGH
 1 ////////
 2 ........
 3 //////..
 4 ........
 5 ........
 6 ........
 7 ........
 8 ........
===
   ABCDEFGH
 1 ........
 2 ........
 3 ........
 4 **..***.
 5 ........
 6 ..*****.
 7 ....*...
 8 ***2....
(Your move)>Miss
(CPU move)>D8
Hit
Ship sunk
Game over - you lose
