   ABCDEFGH
 1 ........
 2 ........
 3 ........
 4 ........
 5 ........
 6 ........
 7 ........
 8 ........
===
   ABCDEFGH
 1 .....2..
 2 .....2..
 3 .....25.
 4 1....2..
 5 1.......
 6 1.4..333
 7 1.4.....
 8 1.......
(Your move)>Miss
(CPU move)>A4
Hit
   ABCDEFGH
 1 ........
 2 ........
 3 ........
 4 ........
 5 ........
 6 ........
 7 ........
 8 ...../..
===
   ABCDEFGH
 1 .....2..
 2 .....2..
 3 .....25.
 4 *....2..
 5 1.......
 6 1.4..333
 7 1.4.....
 8 1.......
(Your move)>Miss
(CPU move)>A5
Hit
   ABCDEFGH
 1 ........
 2 ........
 3 ...../..
 4 ........
 5 ........
 6 ........
 7 ........
 8 ...../..
===
   ABCDEFGH
 1 .....2..
 2 .....2..
 3 .....25.
 4 *....2..
 5 *.......
 6 1.4..333
 7 1.4.....
 8 1.......
(Your move)>Miss
(CPU move)>A6
Hit
   ABCDEFGH
 1 ...../..
 2 ........
 3 ...../..
 4 ........
 5 ........
 6 ........
 7 ........
 8 ...../..
===
   ABCDEFGH
 1 .....2..
 2 .....2..
 3 .....25.
 4 *....2..
 5 *.......
 6 *.4..333
 7 1.4.....
 8 1.......
(Your move)>Miss
(CPU move)>A7
Hit
   ABCDEFGH
 1 ...../..
 2 ....../.
 3 ...../..
 4 ........
 5 ........
 6 ........
 7 ........
 8 ...../..
===
   ABCDEFGH
 1 .....2..
 2 .....2..
 3 .....25.
 4 *....2..
 5 *.......
 6 *.4..333
 7 *.4.....
 8 1.......
(Your move)>Miss
(CPU move)>A8
Hit
Ship sunk
   ABCDEFGH
 1 ...../..
 2 .....//.
 3 ...../..
 4 ........
 5 ........
 6 ........
 7 ........
 8 ...../..
===
   ABCDEFGH
 1 .....2..
 2 .....2..
 3 .....25.
 4 *....2..
 5 *.......
 6 *.4..333
 7 *.4.....
 8 *.......
(Your move)>Miss
(CPU move)>B8
Miss
   ABCDEFGH
 1 /..../..
 2 .....//.
 3 ...../..
 4 ........
 5 ........
 6 ........
 7 ........
 8 ...../..
===
   ABCDEFGH
 1 .....2..
 2 .....2..
 3 .....25.
 4 *....2..
 5 *.......
 6 *.4..333
 7 *.4.....
 8 *.......
(Your move)>Miss
(CPU move)>B7
Miss
   ABCDEFGH
 1 /..../..
 2 .....//.
 3 ...../..
 4 ........
 5 ........
 6 ........
 7 ........
 8 .....//.
===
   ABCDEFGH
 1 .....2..
 2 .....2..
 3 .....25.
 4 *....2..
 5 *.......
 6 *.4..333
 7 *.4.....
 8 *.......
(Your move)>Miss
(CPU move)>B6
Miss
   ABCDEFGH
 1 /..../..
 2 .....//.
 3 ...../..
 4 ........
 5 ..../...
 6 ........
 7 ........
 8 .....//.
===
   ABCDEFGH
 1 .....2..
 2 .....2..
 3 .....25.
 4 *....2..
 5 *.......
 6 *.4..333
 7 *.4.....
 8 *.......
(Your move)>Hit
(CPU move)>B5
Miss
   ABCDEFGH
 1 /..../..
 2 .....//.
 3 ...../..
 4 .......*
 5 ..../...
 6 ........
 7 ........
 8 .....//.
===
   ABCDEFGH
 1 .....2..
 2 .....2..
 3 .....25.
 4 *....2..
 5 *.......
 6 *.4..333
 7 *.4.....
 8 *.......
(Your move)>Hit
(CPU move)>A3
Miss
   ABCDEFGH
 1 /..../..
 2 .....//.
 3 ...../..
 4 .......*
 5 ..../..*
 6 ........
 7 ........
 8 .....//.
===
   ABCDEFGH
 1 .....2..
 2 .....2..
 3 .....25.
 4 *....2..
 5 *.......
 6 *.4..333
 7 *.4.....
 8 *.......
(Your move)>Miss
(CPU move)>B4
Miss
   ABCDEFGH
 1 /..../..
 2 .....//.
 3 ...../..
 4 .......*
 5 ..../..*
 6 ......./
 7 ........
 8 .....//.
===
   ABCDEFGH
 1 .....2..
 2 .....2..
 3 .....25.
 4 *....2..
 5 *.......
 6 *.4..333
 7 *.4.....
 8 *.......
(Your move)>Miss
(CPU move)>C5
Miss
   ABCDEFGH
 1 /..../..
 2 .....//.
 3 ...../..
 4 .......*
 5 ...././*
 6 ......./
 7 ........
 8 .....//.
===
   ABCDEFGH
 1 .....2..
 2 .....2..
 3 .....25.
 4 *....2..
 5 *.......
 6 *.4..333
 7 *.4.....
 8 *.......
(Your move)>Hit
Ship sunk
(CPU move)>H7
Miss
   ABCDEFGH
 1 /..../..
 2 .....//.
 3 ...../.*
 4 .......*
 5 ...././*
 6 ......./
 7 ........
 8 .....//.
===
   ABCDEFGH
 1 .....2..
 2 .....2..
 3 .....25.
 4 *....2..
 5 *.......
 6 *.4..333
 7 *.4.....
 8 *.......
(Your move)>Miss
(CPU move)>G7
Miss
   ABCDEFGH
 1 /..../..
 2 .....///
 3 ...../.*
 4 .......*
 5 ...././*
 6 ......./
 7 ........
 8 .....//.
===
   ABCDEFGH
 1 .....2..
 2 .....2..
 3 .....25.
 4 *....2..
 5 *.......
 6 *.4..333
 7 *.4.....
 8 *.......
(Your move)>Miss
(CPU move)>F7
Miss
   ABCDEFGH
 1 /..../..
 2 .....///
 3 .....//*
 4 .......*
 5 ...././*
 6 ......./
 7 ........
 8 .....//.
===
   ABCDEFGH
 1 .....2..
 2 .....2..
 3 .....25.
 4 *....2..
 5 *.......
 6 *.4..333
 7 *.4.....
 8 *.......
(Your move)>Miss
(CPU move)>D2
Miss
   ABCDEFGH
 1 /..../..
 2 .....///
 3 .....//*
 4 ....../*
 5 ...././*
 6 ......./
 7 ........
 8 .....//.
===
   ABCDEFGH
 1 .....2..
 2 .....2..
 3 .....25.
 4 *....2..
 5 *.......
 6 *.4..333
 7 *.4.....
 8 *.......
(Your move)>Hit
(CPU move)>B2
Miss
   ABCDEFGH
 1 /..../..
 2 .....///
 3 ...*.//*
 4 ....../*
 5 ...././*
 6 ......./
 7 ........
 8 .....//.
===
   ABCDEFGH
 1 .....2..
 2 .....2..
 3 .....25.
 4 *....2..
 5 *.......
 6 *.4..333
 7 *.4.....
 8 *.......
(Your move)>Miss
(CPU move)>E2
Miss
   ABCDEFGH
 1 /..../..
 2 .....///
 3 ...*.//*
 4 .../../*
 5 ...././*
 6 ......./
 7 ........
 8 .....//.
===
   ABCDEFGH
 1 .....2..
 2 .....2..
 3 .....25.
 4 *....2..
 5 *.......
 6 *.4..333
 7 *.4.....
 8 *.......
(Your move)>Miss
(CPU move)>D6
Miss
   ABCDEFGH
 1 /..../..
 2 ..././//
 3 ...*.//*
 4 .../../*
 5 ...././*
 6 ......./
 7 ........
 8 .....//.
===
   ABCDEFGH
 1 .....2..
 2 .....2..
 3 .....25.
 4 *....2..
 5 *.......
 6 *.4..333
 7 *.4.....
 8 *.......
(Your move)>Hit
(CPU move)>E4
Miss
   ABCDEFGH
 1 /..../..
 2 ..././//
 3 ..**.//*
 4 .../../*
 5 ...././*
 6 ......./
 7 ........
 8 .....//.
===
   ABCDEFGH
 1 .....2..
 2 .....2..
 3 .....25.
 4 *....2..
 5 *.......
 6 *.4..333
 7 *.4.....
 8 *.......
(Your move)>Miss
(CPU move)>E5
Miss
   ABCDEFGH
 1 /..../..
 2 ..././//
 3 ..**.//*
 4 ..//../*
 5 ...././*
 6 ......./
 7 ........
 8 .....//.
===
   ABCDEFGH
 1 .....2..
 2 .....2..
 3 .....25.
 4 *....2..
 5 *.......
 6 *.4..333
 7 *.4.....
 8 *.......
(Your move)>Miss
(CPU move)>E8
Miss
   ABCDEFGH
 1 /..../..
 2 ..//.///
 3 ..**.//*
 4 ..//../*
 5 ...././*
 6 ......./
 7 ........
 8 .....//.
===
   ABCDEFGH
 1 .....2..
 2 .....2..
 3 .....25.
 4 *....2..
 5 *.......
 6 *.4..333
 7 *.4.....
 8 *.......
(Your move)>Hit
(CPU move)>G2
Miss
   ABCDEFGH
 1 /..../..
 2 ..//.///
 3 .***.//*
 4 ..//../*
 5 ...././*
 6 ......./
 7 ........
 8 .....//.
===
   ABCDEFGH
 1 .....2..
 2 .....2..
 3 .....25.
 4 *....2..
 5 *.......
 6 *.4..333
 7 *.4.....
 8 *.......
(Your move)>Hit
(CPU move)>H1
Miss
   ABCDEFGH
 1 /..../..
 2 ..//.///
 3 .***.//*
 4 .*//../*
 5 ...././*
 6 ......./
 7 ........
 8 .....//.
===
   ABCDEFGH
 1 .....2..
 2 .....2..
 3 .....25.
 4 *....2..
 5 *.......
 6 *.4..333
 7 *.4.....
 8 *.......
(Your move)>Hit
(CPU move)>F5
Miss
   ABCDEFGH
 1 /..../..
 2 ..//.///
 3 .***.//*
 4 .*//../*
 5 .*.././*
 6 ......./
 7 ........
 8 .....//.
===
   ABCDEFGH
 1 .....2..
 2 .....2..
 3 .....25.
 4 *....2..
 5 *.......
 6 *.4..333
 7 *.4.....
 8 *.......
(Your move)>Hit
(CPU move)>C4
Miss
   ABCDEFGH
 1 /..../..
 2 ..//.///
 3 .***.//*
 4 .*//../*
 5 .*.././*
 6 .*...../
 7 ........
 8 .....//.
===
   ABCDEFGH
 1 .....2..
 2 .....2..
 3 .....25.
 4 *....2..
 5 *.......
 6 *.4..333
 7 *.4.....
 8 *.......
(Your move)>Hit
(CPU move)>C3
Miss
   ABCDEFGH
 1 /..../..
 2 ..//.///
 3 .***.//*
 4 .*//../*
 5 .*.././*
 6 .*...../
 7 .*......
 8 .....//.
===
   ABCDEFGH
 1 .....2..
 2 .....2..
 3 .....25.
 4 *....2..
 5 *.......
 6 *.4..333
 7 *.4.....
 8 *.......
(Your move)>Hit
Ship sunk
(CPU move)>B1
Miss
   ABCDEFGH
 1 /..../..
 2 ..//.///
 3 .***.//*
 4 .*//../*
 5 .*.././*
 6 .*...../
 7 .*......
 8 .*...//.
===
   ABCDEFGH
 1 .....2..
 2 .....2..
 3 .....25.
 4 *....2..
 5 *.......
 6 *.4..333
 7 *.4.....
 8 *.......
(Your move)>Miss
(CPU move)>G3
Hit
Ship sunk
   ABCDEFGH
 1 /..../..
 2 ..//.///
 3 .***.//*
 4 .*//../*
 5 .*.././*
 6 .*...../
 7 .*......
 8 /*...//.
===
   ABCDEFGH
 1 .....2..
 2 .....2..
 3 .....2*.
 4 *....2..
 5 *.......
 6 *.4..333
 7 *.4.....
 8 *.......
(Your move)>Miss
(CPU move)>G4
Miss
   ABCDEFGH
 1 /..../..
 2 ..//.///
 3 .***.//*
 4 .*//../*
 5 .*.././*
 6 .*...../
 7 .*......
 8 /*/..//.
===
   ABCDEFGH
 1 .....2..
 2 .....2..
 3 .....2*.
 4 *....2..
 5 *.......
 6 *.4..333
 7 *.4.....
 8 *.......
(Your move)>Miss
(CPU move)>F3
Hit
   ABCDEFGH
 1 /..../..
 2 ..//.///
 3 .***.//*
 4 .*//../*
 5 .*.././*
 6 .*...../
 7 /*......
 8 /*/..//.
===
   ABCDEFGH
 1 .....2..
 2 .....2..
 3 .....**.
 4 *....2..
 5 *.......
 6 *.4..333
 7 *.4.....
 8 *.......
(Your move)>Miss
(CPU move)>F4
Hit
   ABCDEFGH
 1 /..../..
 2 ..//.///
 3 .***.//*
 4 .*//../*
 5 .*.././*
 6 .*...../
 7 /*/.....
 8 /*/..//.
===
   ABCDEFGH
 1 .....2..
 2 .....2..
 3 .....**.
 4 *....*..
 5 *.......
 6 *.4..333
 7 *.4.....
 8 *.......
(Your move)>Miss
(CPU move)>F2
Hit
   ABCDEFGH
 1 /..../..
 2 ..//.///
 3 .***.//*
 4 .*//../*
 5 .*.././*
 6 /*...../
 7 /*/.....
 8 /*/..//.
===
   ABCDEFGH
 1 .....2..
 2 .....*..
 3 .....**.
 4 *....*..
 5 *.......
 6 *.4..333
 7 *.4.....
 8 *.......
(Your move)>Miss
(CPU move)>F1
Hit
Ship sunk
   ABCDEFGH
 1 /..../..
 2 ..//.///
 3 .***.//*
 4 .*//../*
 5 .*.././*
 6 /*/..../
 7 /*/.....
 8 /*/..//.
===
   ABCDEFGH
 1 .....*..
 2 .....*..
 3 .....**.
 4 *....*..
 5 *.......
 6 *.4..333
 7 *.4.....
 8 *.......
(Your move)>Miss
(CPU move)>E1
Miss
   ABCDEFGH
 1 /..../..
 2 ..//.///
 3 .***.//*
 4 .*//../*
 5 /*.././*
 6 /*/..../
 7 /*/.....
 8 /*/..//.
===
   ABCDEFGH
 1 .....*..
 2 .....*..
 3 .....**.
 4 *....*..
 5 *.......
 6 *.4..333
 7 *.4.....
 8 *.......
(Your move)>Miss
(CPU move)>G1
Miss
   ABCDEFGH
 1 /..../..
 2 ..//.///
 3 .***.//*
 4 .*//../*
 5 /*/././*
 6 /*/..../
 7 /*/.....
 8 /*/..//.
===
   ABCDEFGH
 1 .....*..
 2 .....*..
 3 .....**.
 4 *....*..
 5 *.......
 6 *.4..333
 7 *.4.....
 8 *.......
(Your move)>Miss
(CPU move)>E3
Miss
   ABCDEFGH
 1 /..../..
 2 ..//.///
 3 .***.//*
 4 /*//../*
 5 /*/././*
 6 /*/..../
 7 /*/.....
 8 /*/..//.
===
   ABCDEFGH
 1 .....*..
 2 .....*..
 3 .....**.
 4 *....*..
 5 *.......
 6 *.4..333
 7 *.4.....
 8 *.......
(Your move)>Hit
Ship sunk
(CPU move)>H3
Miss
   ABCDEFGH
 1 /..../..
 2 .*//.///
 3 .***.//*
 4 /*//../*
 5 /*/././*
 6 /*/..../
 7 /*/.....
 8 /*/..//.
===
   ABCDEFGH
 1 .....*..
 2 .....*..
 3 .....**.
 4 *....*..
 5 *.......
 6 *.4..333
 7 *.4.....
 8 *.......
(Your move)>Miss
(CPU move)>D7
Miss
   ABCDEFGH
 1 //.../..
 2 .*//.///
 3 .***.//*
 4 /*//../*
 5 /*/././*
 6 /*/..../
 7 /*/.....
 8 /*/..//.
===
   ABCDEFGH
 1 .....*..
 2 .....*..
 3 .....**.
 4 *....*..
 5 *.......
 6 *.4..333
 7 *.4.....
 8 *.......
(Your move)>Miss
(CPU move)>H5
Miss
   ABCDEFGH
 1 //.../..
 2 /*//.///
 3 .***.//*
 4 /*//../*
 5 /*/././*
 6 /*/..../
 7 /*/.....
 8 /*/..//.
===
   ABCDEFGH
 1 .....*..
 2 .....*..
 3 .....**.
 4 *....*..
 5 *.......
 6 *.4..333
 7 *.4.....
 8 *.......
(Your move)>Miss
(CPU move)>D8
Miss
   ABCDEFGH
 1 //.../..
 2 /*//.///
 3 /***.//*
 4 /*//../*
 5 /*/././*
 6 /*/..../
 7 /*/.....
 8 /*/..//.
===
   ABCDEFGH
 1 .....*..
 2 .....*..
 3 .....**.
 4 *....*..
 5 *.......
 6 *.4..333
 7 *.4.....
 8 *.......
(Your move)>Hit
Ship sunk
(CPU move)>C1
Miss
   ABCDEFGH
 1 //.../..
 2 /*//.///
 3 /****//*
 4 /*//../*
 5 /*/././*
 6 /*/..../
 7 /*/.....
 8 /*/..//.
===
   ABCDEFGH
 1 .....*..
 2 .....*..
 3 .....**.
 4 *....*..
 5 *.......
 6 *.4..333
 7 *.4.....
 8 *.......
(Your move)>Miss
(CPU move)>C8
Miss
   ABCDEFGH
 1 //.../..
 2 /*//.///
 3 /****//*
 4 /*///./*
 5 /*/././*
 6 /*/..../
 7 /*/.....
 8 /*/..//.
===
   ABCDEFGH
 1 .....*..
 2 .....*..
 3 .....**.
 4 *....*..
 5 *.......
 6 *.4..333
 7 *.4.....
 8 *.......
(Your move)>Miss
(CPU move)>H8
Miss
   ABCDEFGH
 1 //.../..
 2 /*//////
 3 /****//*
 4 /*///./*
 5 /*/././*
 6 /*/..../
 7 /*/.....
 8 /*/..//.
===
   ABCDEFGH
 1 .....*..
 2 .....*..
 3 .....**.
 4 *....*..
 5 *.......
 6 *.4..333
 7 *.4.....
 8 *.......
(Your move)>Miss
(CPU move)>F6
Hit
   ABCDEFGH
 1 //.../..
 2 /*//////
 3 /****//*
 4 /*///./*
 5 /*/.///*
 6 /*/..../
 7 /*/.....
 8 /*/..//.
===
   ABCDEFGH
 1 .....*..
 2 .....*..
 3 .....**.
 4 *....*..
 5 *.......
 6 *.4..*33
 7 *.4.....
 8 *.......
(Your move)>Miss
(CPU move)>E6
Miss
   ABCDEFGH
 1 //..././
 2 /*//////
 3 /****//*
 4 /*///./*
 5 /*/.///*
 6 /*/..../
 7 /*/.....
 8 /*/..//.
===
   ABCDEFGH
 1 .....*..
 2 .....*..
 3 .....**.
 4 *....*..
 5 *.......
 6 *.4..*33
 7 *.4.....
 8 *.......
(Your move)>Miss
(CPU move)>G6
Hit
   ABCDEFGH
 1 //..././
 2 /*//////
 3 /****//*
 4 /*///./*
 5 /*/.///*
 6 /*/..../
 7 /*/..../
 8 /*/..//.
===
   ABCDEFGH
 1 .....*..
 2 .....*..
 3 .....**.
 4 *....*..
 5 *.......
 6 *.4..**3
 7 *.4.....
 8 *.......
(Your move)>Miss
(CPU move)>G5
Miss
   ABCDEFGH
 1 //..././
 2 /*//////
 3 /****//*
 4 /*///./*
 5 /*/.///*
 6 /*/..../
 7 /*/./../
 8 /*/..//.
===
   ABCDEFGH
 1 .....*..
 2 .....*..
 3 .....**.
 4 *....*..
 5 *.......
 6 *.4..**3
 7 *.4.....
 8 *.......
(Your move)>Miss
(CPU move)>H6
Hit
Ship sunk
   ABCDEFGH
 1 //...///
 2 /*//////
 3 /****//*
 4 /*///./*
 5 /*/.///*
 6 /*/..../
 7 /*/./../
 8 /*/..//.
===
   ABCDEFGH
 1 .....*..
 2 .....*..
 3 .....**.
 4 *....*..
 5 *.......
 6 *.4..***
 7 *.4.....
 8 *.......
(Your move)>Hit
(CPU move)>A1
Miss
   ABCDEFGH
 1 //.*.///
 2 /*//////
 3 /****//*
 4 /*///./*
 5 /*/.///*
 6 /*/..../
 7 /*/./../
 8 /*/..//.
===
   ABCDEFGH
 1 .....*..
 2 .....*..
 3 .....**.
 4 *....*..
 5 *.......
 6 *.4..***
 7 *.4.....
 8 *.......
(Your move)>Miss
(CPU move)>H4
Miss
   ABCDEFGH
 1 ///*.///
 2 /*//////
 3 /****//*
 4 /*///./*
 5 /*/.///*
 6 /*/..../
 7 /*/./../
 8 /*/..//.
===
   ABCDEFGH
 1 .....*..
 2 .....*..
 3 .....**.
 4 *....*..
 5 *.......
 6 *.4..***
 7 *.4.....
 8 *.......
(Your move)>Hit
Ship sunk
Game over - you win
