   ABCDEFGH
 1 ........
 2 ........
 3 ........
 4 ........
 5 ........
 6 ........
 7 ........
 8 ........
===
   ABCDEFGH
 1 ........
 2 5...441.
 3 ...3331.
 4 ......1.
 5 ......1.
 6 ......1.
 7 ........
 8 ....2222
(Your move)>Hit
(CPU move)>C3
Miss
   ABCDEFGH
 1 ........
 2 ........
 3 ........
 4 ........
 5 ........
 6 ........
 7 ..*.....
 8 ........
===
   ABCDEFGH
 1 ........
 2 5...441.
 3 ...3331.
 4 ......1.
 5 ......1.
 6 ......1.
 7 ........
 8 ....2222
(Your move)>Hit
Ship sunk
(CPU move)>G5
Hit
   ABCDEFGH
 1 ........
 2 ........
 3 ........
 4 ........
 5 ........
 6 ........
 7 ..*.....
 8 ..*.....
===
   ABCDEFGH
 1 ........
 2 5...441.
 3 ...3331.
 4 ......1.
 5 ......*.
 6 ......1.
 7 ........
 8 ....2222
(Your move)>