   ABCDEFGH
 1 ........
 2 ........
 3 ........
 4 ........
 5 ........
 6 ........
 7 ........
 8 ........
===
   ABCDEFGH
 1 ........
 2 ....5.44
 3 ........
 4 ..11111.
 5 ........
 6 ....333.
 7 ........
 8 ..2222..
(Your move)>Miss
(CPU move)>D2
Miss
   ABCDEFGH
 1 ........
 2 ........
 3 ........
 4 ../.....
 5 ........
 6 ........
 7 ........
 8 ........
===
   ABCDEFGH
 1 ........
 2 ....5.44
 3 ........
 4 ..11111.
 5 ........
 6 ....333.
 7 ........
 8 ..2222..
(Your move)>Hit
(CPU move)>G2
Hit
   ABCDEFGH
 1 ........
 2 ........
 3 ........
 4 ../.....
 5 ........
 6 ....*...
 7 ........
 8 ........
===
   ABCDEFGH
 1 ........
 2 ....5.*4
 3 ........
 4 ..11111.
 5 ........
 6 ....333.
 7 ........
 8 ..2222..
(Your move)>Hit
(CPU move)>G3
Miss
   ABCDEFGH
 1 ........
 2 ........
 3 ........
 4 ../.....
 5 ........
 6 ....*...
 7 ....*...
 8 ........
===
   ABCDEFGH
 1 ........
 2 ....5.*4
 3 ........
 4 ..11111.
 5 ........
 6 ....333.
 7 ........
 8 ..2222..
(Your move)>Miss
(CPU move)>G1
Miss
   ABCDEFGH
 1 ........
 2 ........
 3 ........
 4 ../.....
 5 ........
 6 ....*...
 7 ....*...
 8 ..../...
===
   ABCDEFGH
 1 ........
 2 ....5.*4
 3 ........
 4 ..11111.
 5 ........
 6 ....333.
 7 ........
 8 ..2222..
(Your move)>Hit
(CPU move)>F2
Miss
   ABCDEFGH
 1 ........
 2 ........
 3 ........
 4 ../.....
 5 ........
 6 ....*...
 7 ...**...
 8 ..../...
===
   ABCDEFGH
 1 ........
 2 ....5.*4
 3 ........
 4 ..11111.
 5 ........
 6 ....333.
 7 ........
 8 ..2222..
(Your move)>Miss
(CPU move)>H2
Hit
Ship sunk
   ABCDEFGH
 1 ........
 2 ........
 3 ........
 4 ../.....
 5 ........
 6 ....*...
 7 ...**...
 8 ...//...
===
   ABCDEFGH
 1 ........
 2 ....5.**
 3 ........
 4 ..11111.
 5 ........
 6 ....333.
 7 ........
 8 ..2222..
(Your move)>Hit
(CPU move)>H3
Miss
   ABCDEFGH
 1 ........
 2 ........
 3 ........
 4 ../.....
 5 ........
 6 ....*...
 7 ..***...
 8 ...//...
===
   ABCDEFGH
 1 ........
 2 ....5.**
 3 ........
 4 ..11111.
 5 ........
 6 ....333.
 7 ........
 8 ..2222..
(Your move)>Miss
(CPU move)>H1
Miss
   ABCDEFGH
 1 ........
 2 ........
 3 ........
 4 ../.....
 5 ........
 6 ....*...
 7 ..***...
 8 ..///...
===
   ABCDEFGH
 1 ........
 2 ....5.**
 3 ........
 4 ..11111.
 5 ........
 6 ....333.
 7 ........
 8 ..2222..
(Your move)>Hit
(CPU move)>C4
Hit
   ABCDEFGH
 1 ........
 2 ........
 3 ........
 4 ../.....
 5 ........
 6 ..*.*...
 7 ..***...
 8 ..///...
===
   ABCDEFGH
 1 ........
 2 ....5.**
 3 ........
 4 ..*1111.
 5 ........
 6 ....333.
 7 ........
 8 ..2222..
(Your move)>Miss
(CPU move)>C5
Miss
   ABCDEFGH
 1 ........
 2 ........
 3 ........
 4 ../.....
 5 ../.....
 6 ..*.*...
 7 ..***...
 8 ..///...
===
   ABCDEFGH
 1 ........
 2 ....5.**
 3 ........
 4 ..*1111.
 5 ........
 6 ....333.
 7 ........
 8 ..2222..
(Your move)>Miss
(CPU move)>C3
Miss
   ABCDEFGH
 1 ........
 2 ........
 3 ........
 4 ../.....
 5 ../.....
 6 ./*.*...
 7 ..***...
 8 ..///...
===
   ABCDEFGH
 1 ........
 2 ....5.**
 3 ........
 4 ..*1111.
 5 ........
 6 ....333.
 7 ........
 8 ..2222..
(Your move)>Miss
(CPU move)>B4
Miss
   ABCDEFGH
 1 ........
 2 ........
 3 ........
 4 ../.....
 5 ../.....
 6 ./*.*...
 7 ./***...
 8 ..///...
===
   ABCDEFGH
 1 ........
 2 ....5.**
 3 ........
 4 ..*1111.
 5 ........
 6 ....333.
 7 ........
 8 ..2222..
(Your move)>Hit
Ship sunk
(CPU move)>D4
Hit
   ABCDEFGH
 1 ........
 2 ........
 3 ........
 4 ../.....
 5 ../.....
 6 ./*.*...
 7 ./****..
 8 ..///...
===
   ABCDEFGH
 1 ........
 2 ....5.**
 3 ........
 4 ..**111.
 5 ........
 6 ....333.
 7 ........
 8 ..2222..
(Your move)>Miss
(CPU move)>D5
Miss
   ABCDEFGH
 1 ........
 2 ........
 3 ........
 4 ../.....
 5 ../.....
 6 ./*.*...
 7 ./****..
 8 ..////..
===
   ABCDEFGH
 1 ........
 2 ....5.**
 3 ........
 4 ..**111.
 5 ........
 6 ....333.
 7 ........
 8 ..2222..
(Your move)>Miss
(CPU move)>D3
Miss
   ABCDEFGH
 1 ........
 2 ........
 3 ........
 4 ../.....
 5 ../.....
 6 ./*.*...
 7 ./****/.
 8 ..////..
===
   ABCDEFGH
 1 ........
 2 ....5.**
 3 ........
 4 ..**111.
 5 ........
 6 ....333.
 7 ........
 8 ..2222..
(Your move)>Miss
(CPU move)>E4
Hit
   ABCDEFGH
 1 ........
 2 ........
 3 ........
 4 ../.....
 5 .././...
 6 ./*.*...
 7 ./****/.
 8 ..////..
===
   ABCDEFGH
 1 ........
 2 ....5.**
 3 ........
 4 ..***11.
 5 ........
 6 ....333.
 7 ........
 8 ..2222..
(Your move)>Hit
(CPU move)>E5
Miss
   ABCDEFGH
 1 ........
 2 ........
 3 ........
 4 ../.....
 5 .././...
 6 ./***...
 7 ./****/.
 8 ..////..
===
   ABCDEFGH
 1 ........
 2 ....5.**
 3 ........
 4 ..***11.
 5 ........
 6 ....333.
 7 ........
 8 ..2222..
(Your move)>Miss
(CPU move)>E3
Miss
   ABCDEFGH
 1 ........
 2 ........
 3 ........
 4 ../.....
 5 ..///...
 6 ./***...
 7 ./****/.
 8 ..////..
===
   ABCDEFGH
 1 ........
 2 ....5.**
 3 ........
 4 ..***11.
 5 ........
 6 ....333.
 7 ........
 8 ..2222..
(Your move)>Hit
(CPU move)>F4
Hit
   ABCDEFGH
 1 ........
 2 ........
 3 ........
 4 ../.....
 5 ..///...
 6 ./****..
 7 ./****/.
 8 ..////..
===
   ABCDEFGH
 1 ........
 2 ....5.**
 3 ........
 4 ..****1.
 5 ........
 6 ....333.
 7 ........
 8 ..2222..
(Your move)>Miss
(CPU move)>F5
Miss
   ABCDEFGH
 1 ........
 2 ........
 3 ........
 4 ../.....
 5 ..////..
 6 ./****..
 7 ./****/.
 8 ..////..
===
   ABCDEFGH
 1 ........
 2 ....5.**
 3 ........
 4 ..****1.
 5 ........
 6 ....333.
 7 ........
 8 ..2222..
(Your move)>Hit
Ship sunk
(CPU move)>F3
Miss
   ABCDEFGH
 1 ........
 2 ........
 3 ........
 4 ../.....
 5 ..////..
 6 ./*****.
 7 ./****/.
 8 ..////..
===
   ABCDEFGH
 1 ........
 2 ....5.**
 3 ........
 4 ..****1.
 5 ........
 6 ....333.
 7 ........
 8 ..2222..
(Your move)>Miss
(CPU move)>G4
Hit
Ship sunk
   ABCDEFGH
 1 ........
 2 ........
 3 ........
 4 ../.....
 5 ../////.
 6 ./*****.
 7 ./****/.
 8 ..////..
===
   ABCDEFGH
 1 ........
 2 ....5.**
 3 ........
 4 ..*****.
 5 ........
 6 ....333.
 7 ........
 8 ..2222..
(Your move)>Hit
Ship sunk
(CPU move)>G5
Miss
   ABCDEFGH
 1 ........
 2 ........
 3 ........
 4 ../.....
 5 ../////.
 6 ./******
 7 ./****/.
 8 ..////..
===
   ABCDEFGH
 1 ........
 2 ....5.**
 3 ........
 4 ..*****.
 5 ........
 6 ....333.
 7 ........
 8 ..2222..
(Your move)>Miss
(CPU move)>H4
Miss
   ABCDEFGH
 1 ........
 2 ........
 3 ........
 4 ../.....
 5 ../////.
 6 ./******
 7 ./****//
 8 ..////..
===
   ABCDEFGH
 1 ........
 2 ....5.**
 3 ........
 4 ..*****.
 5 ........
 6 ....333.
 7 ........
 8 ..2222..
(Your move)>Miss
(CPU move)>B1
Miss
   ABCDEFGH
 1 ........
 2 ........
 3 ........
 4 ../.....
 5 ..//////
 6 ./******
 7 ./****//
 8 ..////..
===
   ABCDEFGH
 1 ........
 2 ....5.**
 3 ........
 4 ..*****.
 5 ........
 6 ....333.
 7 ........
 8 ..2222..
(Your move)>Miss
(CPU move)>H6
Miss
   ABCDEFGH
 1 ........
 2 ....../.
 3 ........
 4 ../.....
 5 ..//////
 6 ./******
 7 ./****//
 8 ..////..
===
   ABCDEFGH
 1 ........
 2 ....5.**
 3 ........
 4 ..*****.
 5 ........
 6 ....333.
 7 ........
 8 ..2222..
(Your move)>Hit
(CPU move)>A5
Miss
   ABCDEFGH
 1 ........
 2 ....../.
 3 ........
 4 ../....*
 5 ..//////
 6 ./******
 7 ./****//
 8 ..////..
===
   ABCDEFGH
 1 ........
 2 ....5.**
 3 ........
 4 ..*****.
 5 ........
 6 ....333.
 7 ........
 8 ..2222..
(Your move)>Miss
(CPU move)>B3
Miss
   ABCDEFGH
 1 ........
 2 ....../.
 3 ......./
 4 ../....*
 5 ..//////
 6 ./******
 7 ./****//
 8 ..////..
===
   ABCDEFGH
 1 ........
 2 ....5.**
 3 ........
 4 ..*****.
 5 ........
 6 ....333.
 7 ........
 8 ..2222..
(Your move)>Hit
(CPU move)>F8
Hit
   ABCDEFGH
 1 ........
 2 ....../.
 3 ......./
 4 ../...**
 5 ..//////
 6 ./******
 7 ./****//
 8 ..////..
===
   ABCDEFGH
 1 ........
 2 ....5.**
 3 ........
 4 ..*****.
 5 ........
 6 ....333.
 7 ........
 8 ..222*..
(Your move)>Miss
(CPU move)>F7
Miss
   ABCDEFGH
 1 ........
 2 ....../.
 3 ......//
 4 ../...**
 5 ..//////
 6 ./******
 7 ./****//
 8 ..////..
===
   ABCDEFGH
 1 ........
 2 ....5.**
 3 ........
 4 ..*****.
 5 ........
 6 ....333.
 7 ........
 8 ..222*..
(Your move)>Hit
Ship sunk
(CPU move)>E8
Hit
   ABCDEFGH
 1 ........
 2 ....../.
 3 ......//
 4 ../..***
 5 ..//////
 6 ./******
 7 ./****//
 8 ..////..
===
   ABCDEFGH
 1 ........
 2 ....5.**
 3 ........
 4 ..*****.
 5 ........
 6 ....333.
 7 ........
 8 ..22**..
(Your move)>Miss
(CPU move)>E7
Miss
   ABCDEFGH
 1 ........
 2 ....../.
 3 .....///
 4 ../..***
 5 ..//////
 6 ./******
 7 ./****//
 8 ..////..
===
   ABCDEFGH
 1 ........
 2 ....5.**
 3 ........
 4 ..*****.
 5 ........
 6 ....333.
 7 ........
 8 ..22**..
(Your move)>Miss
(CPU move)>D8
Hit
   ABCDEFGH
 1 ........
 2 ....../.
 3 .....///
 4 .././***
 5 ..//////
 6 ./******
 7 ./****//
 8 ..////..
===
   ABCDEFGH
 1 ........
 2 ....5.**
 3 ........
 4 ..*****.
 5 ........
 6 ....333.
 7 ........
 8 ..2***..
(Your move)>Miss
(CPU move)>D7
Miss
   ABCDEFGH
 1 ........
 2 ....../.
 3 .....///
 4 ..///***
 5 ..//////
 6 ./******
 7 ./****//
 8 ..////..
===
   ABCDEFGH
 1 ........
 2 ....5.**
 3 ........
 4 ..*****.
 5 ........
 6 ....333.
 7 ........
 8 ..2***..
(Your move)>Miss
(CPU move)>C8
Hit
Ship sunk
   ABCDEFGH
 1 ........
 2 .../../.
 3 .....///
 4 ..///***
 5 ..//////
 6 ./******
 7 ./****//
 8 ..////..
===
   ABCDEFGH
 1 ........
 2 ....5.**
 3 ........
 4 ..*****.
 5 ........
 6 ....333.
 7 ........
 8 ..****..
(Your move)>Miss
(CPU move)>C7
Miss
   ABCDEFGH
 1 ........
 2 ..././/.
 3 .....///
 4 ..///***
 5 ..//////
 6 ./******
 7 ./****//
 8 ..////..
===
   ABCDEFGH
 1 ........
 2 ....5.**
 3 ........
 4 ..*****.
 5 ........
 6 ....333.
 7 ........
 8 ..****..
(Your move)>Miss
(CPU move)>B8
Miss
   ABCDEFGH
 1 ........
 2 ...////.
 3 .....///
 4 ..///***
 5 ..//////
 6 ./******
 7 ./****//
 8 ..////..
===
   ABCDEFGH
 1 ........
 2 ....5.**
 3 ........
 4 ..*****.
 5 ........
 6 ....333.
 7 ........
 8 ..****..
(Your move)>Miss
(CPU move)>G8
Miss
   ABCDEFGH
 1 ......./
 2 ...////.
 3 .....///
 4 ..///***
 5 ..//////
 6 ./******
 7 ./****//
 8 ..////..
===
   ABCDEFGH
 1 ........
 2 ....5.**
 3 ........
 4 ..*****.
 5 ........
 6 ....333.
 7 ........
 8 ..****..
(Your move)>Miss
(CPU move)>H5
Miss
   ABCDEFGH
 1 ..../../
 2 ...////.
 3 .....///
 4 ..///***
 5 ..//////
 6 ./******
 7 ./****//
 8 ..////..
===
   ABCDEFGH
 1 ........
 2 ....5.**
 3 ........
 4 ..*****.
 5 ........
 6 ....333.
 7 ........
 8 ..****..
(Your move)>Miss
(CPU move)>C1
Miss
   ABCDEFGH
 1 ...//../
 2 ...////.
 3 .....///
 4 ..///***
 5 ..//////
 6 ./******
 7 ./****//
 8 ..////..
===
   ABCDEFGH
 1 ........
 2 ....5.**
 3 ........
 4 ..*****.
 5 ........
 6 ....333.
 7 ........
 8 ..****..
(Your move)>Miss
(CPU move)>B6
Miss
   ABCDEFGH
 1 ...///./
 2 ...////.
 3 .....///
 4 ..///***
 5 ..//////
 6 ./******
 7 ./****//
 8 ..////..
===
   ABCDEFGH
 1 ........
 2 ....5.**
 3 ........
 4 ..*****.
 5 ........
 6 ....333.
 7 ........
 8 ..****..
(Your move)>Miss
(CPU move)>D1
Miss
   ABCDEFGH
 1 ...///./
 2 ../////.
 3 .....///
 4 ..///***
 5 ..//////
 6 ./******
 7 ./****//
 8 ..////..
===
   ABCDEFGH
 1 ........
 2 ....5.**
 3 ........
 4 ..*****.
 5 ........
 6 ....333.
 7 ........
 8 ..****..
(Your move)>Miss
(CPU move)>G6
Hit
   ABCDEFGH
 1 ...///./
 2 ../////.
 3 .....///
 4 ..///***
 5 ..//////
 6 //******
 7 ./****//
 8 ..////..
===
   ABCDEFGH
 1 ........
 2 ....5.**
 3 ........
 4 ..*****.
 5 ........
 6 ....33*.
 7 ........
 8 ..****..
(Your move)>Miss
(CPU move)>G7
Miss
   ABCDEFGH
 1 ...///./
 2 ../////.
 3 .....///
 4 .////***
 5 ..//////
 6 //******
 7 ./****//
 8 ..////..
===
   ABCDEFGH
 1 ........
 2 ....5.**
 3 ........
 4 ..*****.
 5 ........
 6 ....33*.
 7 ........
 8 ..****..
(Your move)>Miss
(CPU move)>F6
Hit
   ABCDEFGH
 1 ...///./
 2 ../////.
 3 ....////
 4 .////***
 5 ..//////
 6 //******
 7 ./****//
 8 ..////..
===
   ABCDEFGH
 1 ........
 2 ....5.**
 3 ........
 4 ..*****.
 5 ........
 6 ....3**.
 7 ........
 8 ..****..
(Your move)>Miss
(CPU move)>E6
Hit
Ship sunk
   ABCDEFGH
 1 ...///./
 2 ../////.
 3 ....////
 4 .////***
 5 .///////
 6 //******
 7 ./****//
 8 ..////..
===
   ABCDEFGH
 1 ........
 2 ....5.**
 3 ........
 4 ..*****.
 5 ........
 6 ....***.
 7 ........
 8 ..****..
(Your move)>Miss
(CPU move)>D6
Miss
   ABCDEFGH
 1 ...///./
 2 ../////.
 3 ....////
 4 .////***
 5 ////////
 6 //******
 7 ./****//
 8 ..////..
===
   ABCDEFGH
 1 ........
 2 ....5.**
 3 ........
 4 ..*****.
 5 ........
 6 ....***.
 7 ........
 8 ..****..
(Your move)>Miss
(CPU move)>B5
Miss
   ABCDEFGH
 1 ...///./
 2 ../////.
 3 ....////
 4 .////***
 5 ////////
 6 //******
 7 //****//
 8 ..////..
===
   ABCDEFGH
 1 ........
 2 ....5.**
 3 ........
 4 ..*****.
 5 ........
 6 ....***.
 7 ........
 8 ..****..
(Your move)>Hit
(CPU move)>E1
Miss
   ABCDEFGH
 1 ...///./
 2 ../////.
 3 ..*.////
 4 .////***
 5 ////////
 6 //******
 7 //****//
 8 ..////..
===
   ABCDEFGH
 1 ........
 2 ....5.**
 3 ........
 4 ..*****.
 5 ........
 6 ....***.
 7 ........
 8 ..****..
(Your move)>Miss
(CPU move)>H8
Miss
   ABCDEFGH
 1 ...///./
 2 ../////.
 3 ./*.////
 4 .////***
 5 ////////
 6 //******
 7 //****//
 8 ..////..
===
   ABCDEFGH
 1 ........
 2 ....5.**
 3 ........
 4 ..*****.
 5 ........
 6 ....***.
 7 ........
 8 ..****..
(Your move)>Hit
Ship sunk
Game over - you win
