   ABCDEFGH
 1 ........
 2 ........
 3 ........
 4 ........
 5 ........
 6 ........
 7 ........
 8 ........
===
   ABCDEFGH
 1 ..3.1...
 2 ..3.1...
 3 ..3.1...
 4 ....1...
 5 ....12.4
 6 5....2.4
 7 .....2..
 8 .....2..
(Your move)>Hit
(CPU move)>H5
Hit
   ABCDEFGH
 1 ........
 2 ........
 3 ......*.
 4 ........
 5 ........
 6 ........
 7 ........
 8 ........
===
   ABCDEFGH
 1 ..3.1...
 2 ..3.1...
 3 ..3.1...
 4 ....1...
 5 ....12.*
 6 5....2.4
 7 .....2..
 8 .....2..
(Your move)>Hit
(CPU move)>H6
Hit
Ship sunk
   ABCDEFGH
 1 ........
 2 ........
 3 .....**.
 4 ........
 5 ........
 6 ........
 7 ........
 8 ........
===
   ABCDEFGH
 1 ..3.1...
 2 ..3.1...
 3 ..3.1...
 4 ....1...
 5 ....12.*
 6 5....2.*
 7 .....2..
 8 .....2..
(Your move)>Hit
Ship sunk
(CPU move)>H4
Miss
   ABCDEFGH
 1 ........
 2 ........
 3 .....***
 4 ........
 5 ........
 6 ........
 7 ........
 8 ........
===
   ABCDEFGH
 1 ..3.1...
 2 ..3.1...
 3 ..3.1...
 4 ....1...
 5 ....12.*
 6 5....2.*
 7 .....2..
 8 .....2..
(Your move)>