   ABCDEFGH
 1 ........
 2 ........
 3 ........
 4 ........
 5 ........
 6 ........
 7 ........
 8 ........
===
   ABCDEFGH
 1 ........
 2 ........
 3 ...44...
 4 .333....
 5 2222....
 6 ..5.....
 7 ........
 8 ..11111.
(Your move)>Miss
(CPU move)>F5
Miss
   ABCDEFGH
 1 ........
 2 ........
 3 ........
 4 ../.....
 5 ........
 6 ........
 7 ........
 8 ........
===
   ABCDEFGH
 1 ........
 2 ........
 3 ...44...
 4 .333....
 5 2222....
 6 ..5.....
 7 ........
 8 ..11111.
(Your move)>Miss
(CPU move)>A7
Miss
   ABCDEFGH
 1 ........
 2 ........
 3 ........
 4 ../.....
 5 ../.....
 6 ........
 7 ........
 8 ........
===
   ABCDEFGH
 1 ........
 2 ........
 3 ...44...
 4 .333....
 5 2222....
 6 ..5.....
 7 ........
 8 ..11111.
(Your move)>Miss
(CPU move)>G1
Miss
   ABCDEFGH
 1 ........
 2 ........
 3 ........
 4 ../.....
 5 ../.....
 6 ../.....
 7 ........
 8 ........
===
   ABCDEFGH
 1 ........
 2 ........
 3 ...44...
 4 .333....
 5 2222....
 6 ..5.....
 7 ........
 8 ..11111.
(Your move)>Miss
(CPU move)>G2
Miss
   ABCDEFGH
 1 ........
 2 ........
 3 ........
 4 ../.....
 5 ../.....
 6 ../.....
 7 ../.....
 8 ........
===
   ABCDEFGH
 1 ........
 2 ........
 3 ...44...
 4 .333....
 5 2222....
 6 ..5.....
 7 ........
 8 ..11111.
(Your move)>Miss
(CPU move)>G3
Miss
   ABCDEFGH
 1 ........
 2 ........
 3 ........
 4 ../.....
 5 ../.....
 6 .//.....
 7 ../.....
 8 ........
===
   ABCDEFGH
 1 ........
 2 ........
 3 ...44...
 4 .333....
 5 2222....
 6 ..5.....
 7 ........
 8 ..11111.
(Your move)>Miss
(CPU move)>G4
Miss
   ABCDEFGH
 1 ........
 2 ........
 3 ........
 4 ../.....
 5 .//.....
 6 .//.....
 7 ../.....
 8 ........
===
   ABCDEFGH
 1 ........
 2 ........
 3 ...44...
 4 .333....
 5 2222....
 6 ..5.....
 7 ........
 8 ..11111.
(Your move)>Miss
(CPU move)>F3
Miss
   ABCDEFGH
 1 ........
 2 ........
 3 ........
 4 .//.....
 5 .//.....
 6 .//.....
 7 ../.....
 8 ........
===
   ABCDEFGH
 1 ........
 2 ........
 3 ...44...
 4 .333....
 5 2222....
 6 ..5.....
 7 ........
 8 ..11111.
(Your move)>Miss
(CPU move)>H3
Miss
   ABCDEFGH
 1 ........
 2 ........
 3 ./......
 4 .//.....
 5 .//.....
 6 .//.....
 7 ../.....
 8 ........
===
   ABCDEFGH
 1 ........
 2 ........
 3 ...44...
 4 .333....
 5 2222....
 6 ..5.....
 7 ........
 8 ..11111.
(Your move)>Miss
(CPU move)>F2
Miss
   ABCDEFGH
 1 ........
 2 ./......
 3 ./......
 4 .//.....
 5 .//.....
 6 .//.....
 7 ../.....
 8 ........
===
   ABCDEFGH
 1 ........
 2 ........
 3 ...44...
 4 .333....
 5 2222....
 6 ..5.....
 7 ........
 8 ..11111.
(Your move)>Miss
(CPU move)>H2
Miss
   ABCDEFGH
 1 ./......
 2 ./......
 3 ./......
 4 .//.....
 5 .//.....
 6 .//.....
 7 ../.....
 8 ........
===
   ABCDEFGH
 1 ........
 2 ........
 3 ...44...
 4 .333....
 5 2222....
 6 ..5.....
 7 ........
 8 ..11111.
(Your move)>Miss
(CPU move)>F1
Miss
   ABCDEFGH
 1 ./......
 2 ./......
 3 ./......
 4 .//.....
 5 ///.....
 6 .//.....
 7 ../.....
 8 ........
===
   ABCDEFGH
 1 ........
 2 ........
 3 ...44...
 4 .333....
 5 2222....
 6 ..5.....
 7 ........
 8 ..11111.
(Your move)>Bad guess
(Your move)>