   ABCDEFGH
 1 ........
 2 ........
 3 ........
 4 ........
 5 ........
 6 ........
 7 ........
 8 ........
===
   ABCDEFGH
 1 11111...
 2 ........
 3 ...5....
 4 2222.333
 5 ........
 6 ........
 7 ........
 8 ......44
(Your move)>Miss
(CPU move)>F4
Hit
   ABCDEFGH
 1 ........
 2 ........
 3 ........
 4 ../.....
 5 ........
 6 ........
 7 ........
 8 ........
===
   ABCDEFGH
 1 11111...
 2 ........
 3 ...5....
 4 2222.*33
 5 ........
 6 ........
 7 ........
 8 ......44
(Your move)>Miss
(CPU move)>G4
Hit
   ABCDEFGH
 1 ........
 2 ........
 3 ........
 4 ..//....
 5 ........
 6 ........
 7 ........
 8 ........
===
   ABCDEFGH
 1 11111...
 2 ........
 3 ...5....
 4 2222.**3
 5 ........
 6 ........
 7 ........
 8 ......44
(Your move)>Hit
(CPU move)>H4
Hit
Ship sunk
   ABCDEFGH
 1 ........
 2 ........
 3 ........
 4 ..//*...
 5 ........
 6 ........
 7 ........
 8 ........
===
   ABCDEFGH
 1 11111...
 2 ........
 3 ...5....
 4 2222.***
 5 ........
 6 ........
 7 ........
 8 ......44
(Your move)>