   ABCDEFGH
 1 ........
 2 ........
 3 ........
 4 ........
 5 ........
 6 ........
 7 ........
 8 ........
===
   ABCDEFGH
 1 ........
 2 .2.....3
 3 .2....13
 4 .2....13
 5 42....1.
 6 4....51.
 7 ......1.
 8 ........
(Your move)>Hit
(CPU move)>A2
Miss
   ABCDEFGH
 1 ........
 2 ........
 3 ........
 4 ........
 5 ........
 6 ....*...
 7 ........
 8 ........
===
   ABCDEFGH
 1 ........
 2 .2.....3
 3 .2....13
 4 .2....13
 5 42....1.
 6 4....51.
 7 ......1.
 8 ........
(Your move)>Miss
(CPU move)>D4
Miss
   ABCDEFGH
 1 ........
 2 ........
 3 ........
 4 ........
 5 ........
 6 ....*...
 7 ..../...
 8 ........
===
   ABCDEFGH
 1 ........
 2 .2.....3
 3 .2....13
 4 .2....13
 5 42....1.
 6 4....51.
 7 ......1.
 8 ........
(Your move)>Hit
Ship sunk
(CPU move)>D2
Miss
   ABCDEFGH
 1 ........
 2 ........
 3 ........
 4 ........
 5 ....*...
 6 ....*...
 7 ..../...
 8 ........
===
   ABCDEFGH
 1 ........
 2 .2.....3
 3 .2....13
 4 .2....13
 5 42....1.
 6 4....51.
 7 ......1.
 8 ........
(Your move)>Miss
(CPU move)>E1
Miss
   ABCDEFGH
 1 ........
 2 ........
 3 ........
 4 ..../...
 5 ....*...
 6 ....*...
 7 ..../...
 8 ........
===
   ABCDEFGH
 1 ........
 2 .2.....3
 3 .2....13
 4 .2....13
 5 42....1.
 6 4....51.
 7 ......1.
 8 ........
(Your move)>Miss
(CPU move)>E32
Bad guess
(CPU move)>C32
Bad guess
(CPU move)>C7
Miss
   ABCDEFGH
 1 ........
 2 ........
 3 ........
 4 ..../...
 5 .../*...
 6 ....*...
 7 ..../...
 8 ........
===
   ABCDEFGH
 1 ........
 2 .2.....3
 3 .2....13
 4 .2....13
 5 42....1.
 6 4....51.
 7 ......1.
 8 ........
(Your move)>Hit
(CPU move)>B4
Hit
   ABCDEFGH
 1 ........
 2 ........
 3 ........
 4 ..../...
 5 .../**..
 6 ....*...
 7 ..../...
 8 ........
===
   ABCDEFGH
 1 ........
 2 .2.....3
 3 .2....13
 4 .*....13
 5 42....1.
 6 4....51.
 7 ......1.
 8 ........
(Your move)>Miss
(CPU move)>A0
Bad guess
(CPU move)>B5
Hit
   ABCDEFGH
 1 ........
 2 ........
 3 ........
 4 ....//..
 5 .../**..
 6 ....*...
 7 ..../...
 8 ........
===
   ABCDEFGH
 1 ........
 2 .2.....3
 3 .2....13
 4 .*....13
 5 4*....1.
 6 4....51.
 7 ......1.
 8 ........
(Your move)>Miss
(CPU move)>B6
Miss
   ABCDEFGH
 1 ........
 2 ........
 3 ........
 4 ....//..
 5 .../**/.
 6 ....*...
 7 ..../...
 8 ........
===
   ABCDEFGH
 1 ........
 2 .2.....3
 3 .2....13
 4 .*....13
 5 4*....1.
 6 4....51.
 7 ......1.
 8 ........
(Your move)>Miss
(CPU move)>A5
Hit
   ABCDEFGH
 1 ........
 2 ........
 3 ........
 4 ....//..
 5 .../**/.
 6 .../*...
 7 ..../...
 8 ........
===
   ABCDEFGH
 1 ........
 2 .2.....3
 3 .2....13
 4 .*....13
 5 **....1.
 6 4....51.
 7 ......1.
 8 ........
(Your move)>Hit
(CPU move)>F31
Bad guess
(CPU move)>A6
Hit
Ship sunk
   ABCDEFGH
 1 ........
 2 ........
 3 ........
 4 ....//..
 5 .../**/.
 6 .../**..
 7 ..../...
 8 ........
===
   ABCDEFGH
 1 ........
 2 .2.....3
 3 .2....13
 4 .*....13
 5 **....1.
 6 *....51.
 7 ......1.
 8 ........
(Your move)>Hit
(CPU move)>A7
Miss
   ABCDEFGH
 1 ........
 2 ........
 3 ........
 4 ....//..
 5 .../**/.
 6 .../**..
 7 ..../*..
 8 ........
===
   ABCDEFGH
 1 ........
 2 .2.....3
 3 .2....13
 4 .*....13
 5 **....1.
 6 *....51.
 7 ......1.
 8 ........
(Your move)>Hit
Ship sunk
(CPU move)>C5
Miss
   ABCDEFGH
 1 ........
 2 ........
 3 ........
 4 ....//..
 5 .../**/.
 6 .../**..
 7 ..../*..
 8 .....*..
===
   ABCDEFGH
 1 ........
 2 .2.....3
 3 .2....13
 4 .*....13
 5 **....1.
 6 *....51.
 7 ......1.
 8 ........
(Your move)>Miss
(CPU move)>B3
Hit
   ABCDEFGH
 1 ........
 2 ........
 3 ........
 4 ....//..
 5 .../**/.
 6 .../**..
 7 ..../*..
 8 ..../*..
===
   ABCDEFGH
 1 ........
 2 .2.....3
 3 .*....13
 4 .*....13
 5 **....1.
 6 *....51.
 7 ......1.
 8 ........
(Your move)>Miss
(CPU move)>B2
Hit
Ship sunk
   ABCDEFGH
 1 ........
 2 ........
 3 ........
 4 ....//..
 5 .../**/.
 6 .../**..
 7 ..../*..
 8 ..../*/.
===
   ABCDEFGH
 1 ........
 2 .*.....3
 3 .*....13
 4 .*....13
 5 **....1.
 6 *....51.
 7 ......1.
 8 ........
(Your move)>Miss
(CPU move)>B1
Miss
   ABCDEFGH
 1 ........
 2 ........
 3 ........
 4 ....//..
 5 .../**/.
 6 .../**..
 7 ..../*/.
 8 ..../*/.
===
   ABCDEFGH
 1 ........
 2 .*.....3
 3 .*....13
 4 .*....13
 5 **....1.
 6 *....51.
 7 ......1.
 8 ........
(Your move)>Miss
(CPU move)>C2
Miss
   ABCDEFGH
 1 ........
 2 ........
 3 ........
 4 ....//..
 5 .../**/.
 6 .../**/.
 7 ..../*/.
 8 ..../*/.
===
   ABCDEFGH
 1 ........
 2 .*.....3
 3 .*....13
 4 .*....13
 5 **....1.
 6 *....51.
 7 ......1.
 8 ........
(Your move)>Hit
(CPU move)>A3
Miss
   ABCDEFGH
 1 ........
 2 ........
 3 ........
 4 ..*.//..
 5 .../**/.
 6 .../**/.
 7 ..../*/.
 8 ..../*/.
===
   ABCDEFGH
 1 ........
 2 .*.....3
 3 .*....13
 4 .*....13
 5 **....1.
 6 *....51.
 7 ......1.
 8 ........
(Your move)>Hit
(CPU move)>C3
Miss
   ABCDEFGH
 1 ........
 2 ........
 3 ........
 4 ..*.//..
 5 ..*/**/.
 6 .../**/.
 7 ..../*/.
 8 ..../*/.
===
   ABCDEFGH
 1 ........
 2 .*.....3
 3 .*....13
 4 .*....13
 5 **....1.
 6 *....51.
 7 ......1.
 8 ........
(Your move)>Hit
Ship sunk
(CPU move)>A4
Miss
   ABCDEFGH
 1 ........
 2 ........
 3 ........
 4 ..*.//..
 5 ..*/**/.
 6 ..*/**/.
 7 ..../*/.
 8 ..../*/.
===
   ABCDEFGH
 1 ........
 2 .*.....3
 3 .*....13
 4 .*....13
 5 **....1.
 6 *....51.
 7 ......1.
 8 ........
(Your move)>Miss
(CPU move)>C4
Miss
   ABCDEFGH
 1 ........
 2 ........
 3 ........
 4 ..*.//..
 5 ..*/**/.
 6 ..*/**/.
 7 .././*/.
 8 ..../*/.
===
   ABCDEFGH
 1 ........
 2 .*.....3
 3 .*....13
 4 .*....13
 5 **....1.
 6 *....51.
 7 ......1.
 8 ........
(Your move)>Miss
(CPU move)>E7
Miss
   ABCDEFGH
 1 ........
 2 ........
 3 ........
 4 ..*.//..
 5 ..*/**/.
 6 ./*/**/.
 7 .././*/.
 8 ..../*/.
===
   ABCDEFGH
 1 ........
 2 .*.....3
 3 .*....13
 4 .*....13
 5 **....1.
 6 *....51.
 7 ......1.
 8 ........
(Your move)>Miss
(CPU move)>A1
Miss
   ABCDEFGH
 1 ........
 2 ........
 3 ........
 4 ..*.//..
 5 ./*/**/.
 6 ./*/**/.
 7 .././*/.
 8 ..../*/.
===
   ABCDEFGH
 1 ........
 2 .*.....3
 3 .*....13
 4 .*....13
 5 **....1.
 6 *....51.
 7 ......1.
 8 ........
(Your move)>Miss
(CPU move)>F8
Miss
   ABCDEFGH
 1 ........
 2 ........
 3 ../.....
 4 ..*.//..
 5 ./*/**/.
 6 ./*/**/.
 7 .././*/.
 8 ..../*/.
===
   ABCDEFGH
 1 ........
 2 .*.....3
 3 .*....13
 4 .*....13
 5 **....1.
 6 *....51.
 7 ......1.
 8 ........
(Your move)>Miss
(CPU move)>F6
Hit
Ship sunk
   ABCDEFGH
 1 ........
 2 ........
 3 ../.....
 4 ./*.//..
 5 ./*/**/.
 6 ./*/**/.
 7 .././*/.
 8 ..../*/.
===
   ABCDEFGH
 1 ........
 2 .*.....3
 3 .*....13
 4 .*....13
 5 **....1.
 6 *....*1.
 7 ......1.
 8 ........
(Your move)>Miss
(CPU move)>F7
Miss
   ABCDEFGH
 1 ........
 2 ........
 3 ../.....
 4 ./*///..
 5 ./*/**/.
 6 ./*/**/.
 7 .././*/.
 8 ..../*/.
===
   ABCDEFGH
 1 ........
 2 .*.....3
 3 .*....13
 4 .*....13
 5 **....1.
 6 *....*1.
 7 ......1.
 8 ........
(Your move)>Miss
(CPU move)>F5
Miss
   ABCDEFGH
 1 ....../.
 2 ........
 3 ../.....
 4 ./*///..
 5 ./*/**/.
 6 ./*/**/.
 7 .././*/.
 8 ..../*/.
===
   ABCDEFGH
 1 ........
 2 .*.....3
 3 .*....13
 4 .*....13
 5 **....1.
 6 *....*1.
 7 ......1.
 8 ........
(Your move)>Hit
Ship sunk
(CPU move)>E6
Miss
   ABCDEFGH
 1 ....../.
 2 ........
 3 ../.....
 4 ./*///..
 5 ./*/**/.
 6 ./*/**/.
 7 .*/./*/.
 8 ..../*/.
===
   ABCDEFGH
 1 ........
 2 .*.....3
 3 .*....13
 4 .*....13
 5 **....1.
 6 *....*1.
 7 ......1.
 8 ........
(Your move)>Miss
(CPU move)>G6
Hit
   ABCDEFGH
 1 ....../.
 2 ........
 3 ../.....
 4 ./*///..
 5 ./*/**/.
 6 ./*/**/.
 7 .*/./*/.
 8 ./../*/.
===
   ABCDEFGH
 1 ........
 2 .*.....3
 3 .*....13
 4 .*....13
 5 **....1.
 6 *....**.
 7 ......1.
 8 ........
(Your move)>Miss
(CPU move)>G7
Hit
   ABCDEFGH
 1 ....../.
 2 ........
 3 ../.....
 4 ./*///..
 5 ./*/**/.
 6 ./*/**/.
 7 /*/./*/.
 8 ./../*/.
===
   ABCDEFGH
 1 ........
 2 .*.....3
 3 .*....13
 4 .*....13
 5 **....1.
 6 *....**.
 7 ......*.
 8 ........
(Your move)>Miss
(CPU move)>G8
Miss
   ABCDEFGH
 1 ....../.
 2 ........
 3 .././...
 4 ./*///..
 5 ./*/**/.
 6 ./*/**/.
 7 /*/./*/.
 8 ./../*/.
===
   ABCDEFGH
 1 ........
 2 .*.....3
 3 .*....13
 4 .*....13
 5 **....1.
 6 *....**.
 7 ......*.
 8 ........
(Your move)>Miss
(CPU move)>H7
Miss
   ABCDEFGH
 1 ....../.
 2 .../....
 3 .././...
 4 ./*///..
 5 ./*/**/.
 6 ./*/**/.
 7 /*/./*/.
 8 ./../*/.
===
   ABCDEFGH
 1 ........
 2 .*.....3
 3 .*....13
 4 .*....13
 5 **....1.
 6 *....**.
 7 ......*.
 8 ........
(Your move)>Hit
(CPU move)>G5
Hit
   ABCDEFGH
 1 ....../.
 2 .../....
 3 .././...
 4 ./*///..
 5 */*/**/.
 6 ./*/**/.
 7 /*/./*/.
 8 ./../*/.
===
   ABCDEFGH
 1 ........
 2 .*.....3
 3 .*....13
 4 .*....13
 5 **....*.
 6 *....**.
 7 ......*.
 8 ........
(Your move)>Hit
(CPU move)>G4
Hit
   ABCDEFGH
 1 ....../.
 2 .../....
 3 .././...
 4 ./*///..
 5 */*/**/.
 6 */*/**/.
 7 /*/./*/.
 8 ./../*/.
===
   ABCDEFGH
 1 ........
 2 .*.....3
 3 .*....13
 4 .*....*3
 5 **....*.
 6 *....**.
 7 ......*.
 8 ........
(Your move)>Hit
(CPU move)>G3
Hit
Ship sunk
   ABCDEFGH
 1 ....../.
 2 .../....
 3 .././...
 4 */*///..
 5 */*/**/.
 6 */*/**/.
 7 /*/./*/.
 8 ./../*/.
===
   ABCDEFGH
 1 ........
 2 .*.....3
 3 .*....*3
 4 .*....*3
 5 **....*.
 6 *....**.
 7 ......*.
 8 ........
(Your move)>Hit
(CPU move)>G2
Miss
   ABCDEFGH
 1 ....../.
 2 .../....
 3 *././...
 4 */*///..
 5 */*/**/.
 6 */*/**/.
 7 /*/./*/.
 8 ./../*/.
===
   ABCDEFGH
 1 ........
 2 .*.....3
 3 .*....*3
 4 .*....*3
 5 **....*.
 6 *....**.
 7 ......*.
 8 ........
(Your move)>Hit
Ship sunk
Game over - you win
