   ABCDEFGH
 1 ........
 2 ........
 3 ........
 4 ........
 5 ........
 6 ........
 7 ........
 8 ........
===
   ABCDEFGH
 1 ........
 2 ........
 3 .411111.
 4 .4.5....
 5 ..333...
 6 ........
 7 ....2222
 8 ........
(Your move)>Hit
(CPU move)>E7
Hit
   ABCDEFGH
 1 ........
 2 ........
 3 ........
 4 ...*....
 5 ........
 6 ........
 7 ........
 8 ........
===
   ABCDEFGH
 1 ........
 2 ........
 3 .411111.
 4 .4.5....
 5 ..333...
 6 ........
 7 ....*222
 8 ........
(Your move)>Miss
(CPU move)>H7
Hit
   ABCDEFGH
 1 ........
 2 ........
 3 ........
 4 ...*....
 5 ../.....
 6 ........
 7 ........
 8 ........
===
   ABCDEFGH
 1 ........
 2 ........
 3 .411111.
 4 .4.5....
 5 ..333...
 6 ........
 7 ....*22*
 8 ........
(Your move)>Hit
(CPU move)>F7
Hit
   ABCDEFGH
 1 ........
 2 ........
 3 ........
 4 ...*....
 5 ../.*...
 6 ........
 7 ........
 8 ........
===
   ABCDEFGH
 1 ........
 2 ........
 3 .411111.
 4 .4.5....
 5 ..333...
 6 ........
 7 ....**2*
 8 ........
(Your move)>Hit
(CPU move)>G7
Hit
Ship sunk
   ABCDEFGH
 1 ........
 2 ........
 3 ........
 4 ...*....
 5 ../**...
 6 ........
 7 ........
 8 ........
===
   ABCDEFGH
 1 ........
 2 ........
 3 .411111.
 4 .4.5....
 5 ..333...
 6 ........
 7 ....****
 8 ........
(Your move)>