   ABCDEFGH
 1 ........
 2 ........
 3 ........
 4 ........
 5 ........
 6 ........
 7 ........
 8 ........
===
   ABCDEFGH
 1 ........
 2 .....5..
 3 ........
 4 ......44
 5 2222....
 6 ...11111
 7 ........
 8 333.....
(Your move)>Bad guess
(Your move)>Hit
(CPU move)>G6
Hit
   ABCDEFGH
 1 ........
 2 ..*.....
 3 ........
 4 ........
 5 ........
 6 ........
 7 ........
 8 ........
===
   ABCDEFGH
 1 ........
 2 .....5..
 3 ........
 4 ......44
 5 2222....
 6 ...111*1
 7 ........
 8 333.....
(Your move)>Hit
(CPU move)>G6
Repeated guess
(CPU move)>G7
Miss
   ABCDEFGH
 1 ........
 2 ..*.....
 3 ..*.....
 4 ........
 5 ........
 6 ........
 7 ........
 8 ........
===
   ABCDEFGH
 1 ........
 2 .....5..
 3 ........
 4 ......44
 5 2222....
 6 ...111*1
 7 ........
 8 333.....
(Your move)>Miss
(CPU move)>G5
Miss
   ABCDEFGH
 1 ........
 2 ..*.....
 3 ..*.....
 4 ../.....
 5 ........
 6 ........
 7 ........
 8 ........
===
   ABCDEFGH
 1 ........
 2 .....5..
 3 ........
 4 ......44
 5 2222....
 6 ...111*1
 7 ........
 8 333.....
(Your move)>Hit
(CPU move)>F6
Hit
   ABCDEFGH
 1 ........
 2 ..*.....
 3 .**.....
 4 ../.....
 5 ........
 6 ........
 7 ........
 8 ........
===
   ABCDEFGH
 1 ........
 2 .....5..
 3 ........
 4 ......44
 5 2222....
 6 ...11**1
 7 ........
 8 333.....
(Your move)>Miss
(CPU move)>F7
Miss
   ABCDEFGH
 1 ........
 2 ..*.....
 3 .**.....
 4 .//.....
 5 ........
 6 ........
 7 ........
 8 ........
===
   ABCDEFGH
 1 ........
 2 .....5..
 3 ........
 4 ......44
 5 2222....
 6 ...11**1
 7 ........
 8 333.....
(Your move)>Miss
(CPU move)>F5
Miss
   ABCDEFGH
 1 ........
 2 ..*.....
 3 /**.....
 4 .//.....
 5 ........
 6 ........
 7 ........
 8 ........
===
   ABCDEFGH
 1 ........
 2 .....5..
 3 ........
 4 ......44
 5 2222....
 6 ...11**1
 7 ........
 8 333.....
(Your move)>Hit
(CPU move)>E6
Hit
   ABCDEFGH
 1 ........
 2 ..*.....
 3 /***....
 4 .//.....
 5 ........
 6 ........
 7 ........
 8 ........
===
   ABCDEFGH
 1 ........
 2 .....5..
 3 ........
 4 ......44
 5 2222....
 6 ...1***1
 7 ........
 8 333.....
(Your move)>Miss
(CPU move)>E7
Miss
   ABCDEFGH
 1 ........
 2 ..*.....
 3 /***....
 4 .///....
 5 ........
 6 ........
 7 ........
 8 ........
===
   ABCDEFGH
 1 ........
 2 .....5..
 3 ........
 4 ......44
 5 2222....
 6 ...1***1
 7 ........
 8 333.....
(Your move)>Repeated guess
(Your move)>Hit
(CPU move)>E5
Miss
   ABCDEFGH
 1 ........
 2 ..*.....
 3 /****...
 4 .///....
 5 ........
 6 ........
 7 ........
 8 ........
===
   ABCDEFGH
 1 ........
 2 .....5..
 3 ........
 4 ......44
 5 2222....
 6 ...1***1
 7 ........
 8 333.....
(Your move)>Miss
(CPU move)>D6
Hit
   ABCDEFGH
 1 ........
 2 ..*.....
 3 /****...
 4 .////...
 5 ........
 6 ........
 7 ........
 8 ........
===
   ABCDEFGH
 1 ........
 2 .....5..
 3 ........
 4 ......44
 5 2222....
 6 ...****1
 7 ........
 8 333.....
(Your move)>Miss
(CPU move)>D7
Miss
   ABCDEFGH
 1 ........
 2 ..*./...
 3 /****...
 4 .////...
 5 ........
 6 ........
 7 ........
 8 ........
===
   ABCDEFGH
 1 ........
 2 .....5..
 3 ........
 4 ......44
 5 2222....
 6 ...****1
 7 ........
 8 333.....
(Your move)>Hit
Ship sunk
(CPU move)>D5
Hit
   ABCDEFGH
 1 ........
 2 ..*./...
 3 /*****..
 4 .////...
 5 ........
 6 ........
 7 ........
 8 ........
===
   ABCDEFGH
 1 ........
 2 .....5..
 3 ........
 4 ......44
 5 222*....
 6 ...****1
 7 ........
 8 333.....
(Your move)>Miss
(CPU move)>D4
Miss
   ABCDEFGH
 1 ........
 2 ..*./...
 3 /*****..
 4 ./////..
 5 ........
 6 ........
 7 ........
 8 ........
===
   ABCDEFGH
 1 ........
 2 .....5..
 3 ........
 4 ......44
 5 222*....
 6 ...****1
 7 ........
 8 333.....
(Your move)>Miss
(CPU move)>C5
Hit
   ABCDEFGH
 1 ........
 2 ..*.//..
 3 /*****..
 4 ./////..
 5 ........
 6 ........
 7 ........
 8 ........
===
   ABCDEFGH
 1 ........
 2 .....5..
 3 ........
 4 ......44
 5 22**....
 6 ...****1
 7 ........
 8 333.....
(Your move)>Miss
(CPU move)>C4
Miss
   ABCDEFGH
 1 ........
 2 ..*.//..
 3 /*****/.
 4 ./////..
 5 ........
 6 ........
 7 ........
 8 ........
===
   ABCDEFGH
 1 ........
 2 .....5..
 3 ........
 4 ......44
 5 22**....
 6 ...****1
 7 ........
 8 333.....
(Your move)>Miss
(CPU move)>B5
Hit
   ABCDEFGH
 1 ../.....
 2 ..*.//..
 3 /*****/.
 4 ./////..
 5 ........
 6 ........
 7 ........
 8 ........
===
   ABCDEFGH
 1 ........
 2 .....5..
 3 ........
 4 ......44
 5 2***....
 6 ...****1
 7 ........
 8 333.....
(Your move)>Hit
(CPU move)>B6
Miss
   ABCDEFGH
 1 ../.....
 2 .**.//..
 3 /*****/.
 4 ./////..
 5 ........
 6 ........
 7 ........
 8 ........
===
   ABCDEFGH
 1 ........
 2 .....5..
 3 ........
 4 ......44
 5 2***....
 6 ...****1
 7 ........
 8 333.....
(Your move)>Miss
(CPU move)>B4
Miss
   ABCDEFGH
 1 .//.....
 2 .**.//..
 3 /*****/.
 4 ./////..
 5 ........
 6 ........
 7 ........
 8 ........
===
   ABCDEFGH
 1 ........
 2 .....5..
 3 ........
 4 ......44
 5 2***....
 6 ...****1
 7 ........
 8 333.....
(Your move)>Hit
(CPU move)>A5
Hit
Ship sunk
   ABCDEFGH
 1 .//.....
 2 ***.//..
 3 /*****/.
 4 ./////..
 5 ........
 6 ........
 7 ........
 8 ........
===
   ABCDEFGH
 1 ........
 2 .....5..
 3 ........
 4 ......44
 5 ****....
 6 ...****1
 7 ........
 8 333.....
(Your move)>Miss
(CPU move)>A6
Miss
   ABCDEFGH
 1 ///.....
 2 ***.//..
 3 /*****/.
 4 ./////..
 5 ........
 6 ........
 7 ........
 8 ........
===
   ABCDEFGH
 1 ........
 2 .....5..
 3 ........
 4 ......44
 5 ****....
 6 ...****1
 7 ........
 8 333.....
(Your move)>Hit
Ship sunk
(CPU move)>A4
Miss
   ABCDEFGH
 1 ///.....
 2 ****//..
 3 /*****/.
 4 ./////..
 5 ........
 6 ........
 7 ........
 8 ........
===
   ABCDEFGH
 1 ........
 2 .....5..
 3 ........
 4 ......44
 5 ****....
 6 ...****1
 7 ........
 8 333.....
(Your move)>Miss
(CPU move)>C6
Miss
   ABCDEFGH
 1 ////....
 2 ****//..
 3 /*****/.
 4 ./////..
 5 ........
 6 ........
 7 ........
 8 ........
===
   ABCDEFGH
 1 ........
 2 .....5..
 3 ........
 4 ......44
 5 ****....
 6 ...****1
 7 ........
 8 333.....
(Your move)>Miss
(CPU move)>H6
Hit
Ship sunk
   ABCDEFGH
 1 ////....
 2 ****//..
 3 /*****/.
 4 ./////..
 5 ........
 6 ........
 7 ........
 8 ../.....
===
   ABCDEFGH
 1 ........
 2 .....5..
 3 ........
 4 ......44
 5 ****....
 6 ...*****
 7 ........
 8 333.....
(Your move)>Miss
(CPU move)>H7
Miss
   ABCDEFGH
 1 ////....
 2 ****//..
 3 /*****//
 4 ./////..
 5 ........
 6 ........
 7 ........
 8 ../.....
===
   ABCDEFGH
 1 ........
 2 .....5..
 3 ........
 4 ......44
 5 ****....
 6 ...*****
 7 ........
 8 333.....
(Your move)>Miss
(CPU move)>H5
Miss
   ABCDEFGH
 1 ////....
 2 ****//..
 3 /*****//
 4 ./////..
 5 ........
 6 ......./
 7 ........
 8 ../.....
===
   ABCDEFGH
 1 ........
 2 .....5..
 3 ........
 4 ......44
 5 ****....
 6 ...*****
 7 ........
 8 333.....
(Your move)>Miss
(CPU move)>F1
Miss
   ABCDEFGH
 1 ////....
 2 ****//..
 3 /*****//
 4 ./////..
 5 ........
 6 ......./
 7 ........
 8 ../.../.
===
   ABCDEFGH
 1 ........
 2 .....5..
 3 ........
 4 ......44
 5 ****....
 6 ...*****
 7 ........
 8 333.....
(Your move)>Miss
(CPU move)>F4
Miss
   ABCDEFGH
 1 ////....
 2 ****//..
 3 /*****//
 4 ./////..
 5 ..../...
 6 ......./
 7 ........
 8 ../.../.
===
   ABCDEFGH
 1 ........
 2 .....5..
 3 ........
 4 ......44
 5 ****....
 6 ...*****
 7 ........
 8 333.....
(Your move)>Miss
(CPU move)>A8
Hit
   ABCDEFGH
 1 ////....
 2 ****//..
 3 /*****//
 4 ./////..
 5 ..../...
 6 ......./
 7 ....../.
 8 ../.../.
===
   ABCDEFGH
 1 ........
 2 .....5..
 3 ........
 4 ......44
 5 ****....
 6 ...*****
 7 ........
 8 *33.....
(Your move)>Miss
(CPU move)>A7
Miss
   ABCDEFGH
 1 ////....
 2 ****//..
 3 /*****//
 4 ./////..
 5 ..../...
 6 ......./
 7 ../.../.
 8 ../.../.
===
   ABCDEFGH
 1 ........
 2 .....5..
 3 ........
 4 ......44
 5 ****....
 6 ...*****
 7 ........
 8 *33.....
(Your move)>Miss
(CPU move)>B8
Hit
   ABCDEFGH
 1 ////....
 2 ****//./
 3 /*****//
 4 ./////..
 5 ..../...
 6 ......./
 7 ../.../.
 8 ../.../.
===
   ABCDEFGH
 1 ........
 2 .....5..
 3 ........
 4 ......44
 5 ****....
 6 ...*****
 7 ........
 8 **3.....
(Your move)>Miss
(CPU move)>B7
Miss
   ABCDEFGH
 1 ////....
 2 ****//./
 3 /*****//
 4 ./////..
 5 ..../...
 6 ./...../
 7 ../.../.
 8 ../.../.
===
   ABCDEFGH
 1 ........
 2 .....5..
 3 ........
 4 ......44
 5 ****....
 6 ...*****
 7 ........
 8 **3.....
(Your move)>Miss
(CPU move)>C8
Hit
Ship sunk
   ABCDEFGH
 1 ////....
 2 ****//./
 3 /*****//
 4 ./////..
 5 ...//...
 6 ./...../
 7 ../.../.
 8 ../.../.
===
   ABCDEFGH
 1 ........
 2 .....5..
 3 ........
 4 ......44
 5 ****....
 6 ...*****
 7 ........
 8 ***.....
(Your move)>Miss
(CPU move)>C7
Miss
   ABCDEFGH
 1 ////....
 2 ****//./
 3 /*****//
 4 ./////..
 5 ...//...
 6 ./...../
 7 ../.../.
 8 ../...//
===
   ABCDEFGH
 1 ........
 2 .....5..
 3 ........
 4 ......44
 5 ****....
 6 ...*****
 7 ........
 8 ***.....
(Your move)>Miss
(CPU move)>D8
Miss
   ABCDEFGH
 1 ////....
 2 ****//./
 3 /*****//
 4 ./////..
 5 ...//...
 6 .//..../
 7 ../.../.
 8 ../...//
===
   ABCDEFGH
 1 ........
 2 .....5..
 3 ........
 4 ......44
 5 ****....
 6 ...*****
 7 ........
 8 ***.....
(Your move)>Miss
(CPU move)>E2
Miss
   ABCDEFGH
 1 /////...
 2 ****//./
 3 /*****//
 4 ./////..
 5 ...//...
 6 .//..../
 7 ../.../.
 8 ../...//
===
   ABCDEFGH
 1 ........
 2 .....5..
 3 ........
 4 ......44
 5 ****....
 6 ...*****
 7 ........
 8 ***.....
(Your move)>Miss
(CPU move)>H4
Hit
   ABCDEFGH
 1 /////...
 2 ****//./
 3 /*****//
 4 ./////..
 5 ...//...
 6 .///.../
 7 ../.../.
 8 ../...//
===
   ABCDEFGH
 1 ........
 2 .....5..
 3 ........
 4 ......4*
 5 ****....
 6 ...*****
 7 ........
 8 ***.....
(Your move)>Miss
(CPU move)>H3
Miss
   ABCDEFGH
 1 /////...
 2 ****//./
 3 /*****//
 4 //////..
 5 ...//...
 6 .///.../
 7 ../.../.
 8 ../...//
===
   ABCDEFGH
 1 ........
 2 .....5..
 3 ........
 4 ......4*
 5 ****....
 6 ...*****
 7 ........
 8 ***.....
(Your move)>Hit
(CPU move)>G4
Hit
Ship sunk
   ABCDEFGH
 1 /////...
 2 ****//./
 3 /*****//
 4 //////..
 5 ...//...
 6 .///.../
 7 .*/.../.
 8 ../...//
===
   ABCDEFGH
 1 ........
 2 .....5..
 3 ........
 4 ......**
 5 ****....
 6 ...*****
 7 ........
 8 ***.....
(Your move)>Miss
(CPU move)>G3
Miss
   ABCDEFGH
 1 /////...
 2 ****//./
 3 /*****//
 4 //////..
 5 ...//...
 6 .///.../
 7 .*/.../.
 8 .//...//
===
   ABCDEFGH
 1 ........
 2 .....5..
 3 ........
 4 ......**
 5 ****....
 6 ...*****
 7 ........
 8 ***.....
(Your move)>Hit
Ship sunk
(CPU move)>B2
Miss
   ABCDEFGH
 1 /////...
 2 ****//./
 3 /*****//
 4 //////..
 5 ...//...
 6 .///.../
 7 **/.../.
 8 .//...//
===
   ABCDEFGH
 1 ........
 2 .....5..
 3 ........
 4 ......**
 5 ****....
 6 ...*****
 7 ........
 8 ***.....
(Your move)>Miss
(CPU move)>A3
Miss
   ABCDEFGH
 1 /////...
 2 ****//./
 3 /*****//
 4 //////..
 5 ...//...
 6 .///.../
 7 **/.../.
 8 ///...//
===
   ABCDEFGH
 1 ........
 2 .....5..
 3 ........
 4 ......**
 5 ****....
 6 ...*****
 7 ........
 8 ***.....
(Your move)>Miss
(CPU move)>D1
Miss
   ABCDEFGH
 1 /////...
 2 ****//./
 3 /*****//
 4 //////..
 5 ...//...
 6 ////.../
 7 **/.../.
 8 ///...//
===
   ABCDEFGH
 1 ........
 2 .....5..
 3 ........
 4 ......**
 5 ****....
 6 ...*****
 7 ........
 8 ***.....
(Your move)>Miss
(CPU move)>E8
Miss
   ABCDEFGH
 1 /////...
 2 ****//./
 3 /*****//
 4 //////..
 5 ...//...
 6 ////.../
 7 **/.../.
 8 ///..///
===
   ABCDEFGH
 1 ........
 2 .....5..
 3 ........
 4 ......**
 5 ****....
 6 ...*****
 7 ........
 8 ***.....
(Your move)>Miss
(CPU move)>H2
Miss
   ABCDEFGH
 1 /////...
 2 ****//./
 3 /*****//
 4 //////..
 5 ...//...
 6 ////.../
 7 **/..//.
 8 ///..///
===
   ABCDEFGH
 1 ........
 2 .....5..
 3 ........
 4 ......**
 5 ****....
 6 ...*****
 7 ........
 8 ***.....
(Your move)>Miss
(CPU move)>C2
Miss
   ABCDEFGH
 1 /////...
 2 ****//./
 3 /*****//
 4 //////..
 5 ...//...
 6 ////.../
 7 **/..//.
 8 ////.///
===
   ABCDEFGH
 1 ........
 2 .....5..
 3 ........
 4 ......**
 5 ****....
 6 ...*****
 7 ........
 8 ***.....
(Your move)>Miss
(CPU move)>F8
Miss
   ABCDEFGH
 1 /////...
 2 ****//./
 3 /*****//
 4 //////..
 5 ...//...
 6 ////.../
 7 **/.///.
 8 ////.///
===
   ABCDEFGH
 1 ........
 2 .....5..
 3 ........
 4 ......**
 5 ****....
 6 ...*****
 7 ........
 8 ***.....
(Your move)>Miss
(CPU move)>C1
Miss
   ABCDEFGH
 1 /////...
 2 ****//./
 3 /*****//
 4 //////..
 5 ...//../
 6 ////.../
 7 **/.///.
 8 ////.///
===
   ABCDEFGH
 1 ........
 2 .....5..
 3 ........
 4 ......**
 5 ****....
 6 ...*****
 7 ........
 8 ***.....
(Your move)>Miss
(CPU move)>F45
Bad guess
(CPU move)>F2
Hit
Ship sunk
Game over - you lose
