   ABCDEFGH
 1 ........
 2 ........
 3 ........
 4 ........
 5 ........
 6 ........
 7 ........
 8 ........
===
   ABCDEFGH
 1 .4......
 2 .4.2222.
 3 ........
 4 ..333...
 5 ....5...
 6 ...11111
 7 ........
 8 ........
(Your move)>Miss
(CPU move)>H6
Hit
   ABCDEFGH
 1 ........
 2 ........
 3 ........
 4 ........
 5 ........
 6 ../.....
 7 ........
 8 ........
===
   ABCDEFGH
 1 .4......
 2 .4.2222.
 3 ........
 4 ..333...
 5 ....5...
 6 ...1111*
 7 ........
 8 ........
(Your move)>Repeated guess
(Your move)>Bad guess
(Your move)>Miss
(CPU move)>H6
Repeated guess
(CPU move)>Y_U_DO_THIS?
Bad guess
(CPU move)>H7
Miss
   ABCDEFGH
 1 ........
 2 ....../.
 3 ........
 4 ........
 5 ........
 6 ../.....
 7 ........
 8 ........
===
   ABCDEFGH
 1 .4......
 2 .4.2222.
 3 ........
 4 ..333...
 5 ....5...
 6 ...1111*
 7 ........
 8 ........
(Your move)>Hit
(CPU move)>H5
Miss
   ABCDEFGH
 1 ........
 2 ....../.
 3 ........
 4 ........
 5 ...*....
 6 ../.....
 7 ........
 8 ........
===
   ABCDEFGH
 1 .4......
 2 .4.2222.
 3 ........
 4 ..333...
 5 ....5...
 6 ...1111*
 7 ........
 8 ........
(Your move)>Miss
(CPU move)>G6
Hit
   ABCDEFGH
 1 ........
 2 ....../.
 3 ........
 4 ........
 5 ...*....
 6 ..//....
 7 ........
 8 ........
===
   ABCDEFGH
 1 .4......
 2 .4.2222.
 3 ........
 4 ..333...
 5 ....5...
 6 ...111**
 7 ........
 8 ........
(Your move)>Miss
(CPU move)>G6
Repeated guess
(CPU move)>G7
Miss
   ABCDEFGH
 1 ........
 2 ....../.
 3 ........
 4 .../....
 5 ...*....
 6 ..//....
 7 ........
 8 ........
===
   ABCDEFGH
 1 .4......
 2 .4.2222.
 3 ........
 4 ..333...
 5 ....5...
 6 ...111**
 7 ........
 8 ........
(Your move)>Miss
(CPU move)>G5
Miss
   ABCDEFGH
 1 ........
 2 ....../.
 3 ........
 4 .../....
 5 ../*....
 6 ..//....
 7 ........
 8 ........
===
   ABCDEFGH
 1 .4......
 2 .4.2222.
 3 ........
 4 ..333...
 5 ....5...
 6 ...111**
 7 ........
 8 ........
(Your move)>Hit
(CPU move)>F6
Hit
   ABCDEFGH
 1 ........
 2 ....../.
 3 ........
 4 .../....
 5 ../**...
 6 ..//....
 7 ........
 8 ........
===
   ABCDEFGH
 1 .4......
 2 .4.2222.
 3 ........
 4 ..333...
 5 ....5...
 6 ...11***
 7 ........
 8 ........
(Your move)>Hit
(CPU move)>F7
Miss
   ABCDEFGH
 1 ........
 2 ....../.
 3 ........
 4 .../....
 5 ../**...
 6 ..//*...
 7 ........
 8 ........
===
   ABCDEFGH
 1 .4......
 2 .4.2222.
 3 ........
 4 ..333...
 5 ....5...
 6 ...11***
 7 ........
 8 ........
(Your move)>Repeated guess
(Your move)>Miss
(CPU move)>NO_DEAL!
Bad guess
(CPU move)>F5
Miss
   ABCDEFGH
 1 ........
 2 ....../.
 3 ........
 4 .../....
 5 ../**...
 6 ..//*...
 7 ..../...
 8 ........
===
   ABCDEFGH
 1 .4......
 2 .4.2222.
 3 ........
 4 ..333...
 5 ....5...
 6 ...11***
 7 ........
 8 ........
(Your move)>Hit
(CPU move)>E6
Hit
   ABCDEFGH
 1 ........
 2 ....../.
 3 ........
 4 .../....
 5 ../**...
 6 ..//**..
 7 ..../...
 8 ........
===
   ABCDEFGH
 1 .4......
 2 .4.2222.
 3 ........
 4 ..333...
 5 ....5...
 6 ...1****
 7 ........
 8 ........
(Your move)>Miss
(CPU move)>E7
Miss
   ABCDEFGH
 1 ........
 2 ....../.
 3 ........
 4 .../....
 5 ../**...
 6 ..//**..
 7 ....//..
 8 ........
===
   ABCDEFGH
 1 .4......
 2 .4.2222.
 3 ........
 4 ..333...
 5 ....5...
 6 ...1****
 7 ........
 8 ........
(Your move)>Repeated guess
(Your move)>Hit
Ship sunk
(CPU move)>E5
Hit
Ship sunk
   ABCDEFGH
 1 ........
 2 ....../.
 3 ........
 4 .../....
 5 ../**...
 6 ..//***.
 7 ....//..
 8 ........
===
   ABCDEFGH
 1 .4......
 2 .4.2222.
 3 ........
 4 ..333...
 5 ....*...
 6 ...1****
 7 ........
 8 ........
(Your move)>Miss
(CPU move)>E4
Hit
   ABCDEFGH
 1 ........
 2 ....../.
 3 ........
 4 .../....
 5 ../**...
 6 ..//***.
 7 ....///.
 8 ........
===
   ABCDEFGH
 1 .4......
 2 .4.2222.
 3 ........
 4 ..33*...
 5 ....*...
 6 ...1****
 7 ........
 8 ........
(Your move)>Hit
(CPU move)>E3
Miss
   ABCDEFGH
 1 ........
 2 ....../.
 3 ........
 4 .../....
 5 ../**.*.
 6 ..//***.
 7 ....///.
 8 ........
===
   ABCDEFGH
 1 .4......
 2 .4.2222.
 3 ........
 4 ..33*...
 5 ....*...
 6 ...1****
 7 ........
 8 ........
(Your move)>Miss
(CPU move)>D4
Hit
   ABCDEFGH
 1 ........
 2 ....../.
 3 ........
 4 .../../.
 5 ../**.*.
 6 ..//***.
 7 ....///.
 8 ........
===
   ABCDEFGH
 1 .4......
 2 .4.2222.
 3 ........
 4 ..3**...
 5 ....*...
 6 ...1****
 7 ........
 8 ........
(Your move)>Hit
(CPU move)>D3
Miss
   ABCDEFGH
 1 ........
 2 ....../.
 3 ........
 4 .../../.
 5 ../**.**
 6 ..//***.
 7 ....///.
 8 ........
===
   ABCDEFGH
 1 .4......
 2 .4.2222.
 3 ........
 4 ..3**...
 5 ....*...
 6 ...1****
 7 ........
 8 ........
(Your move)>Miss
(CPU move)>C4
Hit
Ship sunk
   ABCDEFGH
 1 ........
 2 ....../.
 3 ........
 4 .../..//
 5 ../**.**
 6 ..//***.
 7 ....///.
 8 ........
===
   ABCDEFGH
 1 .4......
 2 .4.2222.
 3 ........
 4 ..***...
 5 ....*...
 6 ...1****
 7 ........
 8 ........
(Your move)>Miss
(CPU move)>C5
Miss
   ABCDEFGH
 1 ........
 2 ....../.
 3 ........
 4 .../..//
 5 ../**.**
 6 ..//***/
 7 ....///.
 8 ........
===
   ABCDEFGH
 1 .4......
 2 .4.2222.
 3 ........
 4 ..***...
 5 ....*...
 6 ...1****
 7 ........
 8 ........
(Your move)>Miss
(CPU move)>C3
Miss
   ABCDEFGH
 1 ........
 2 ....../.
 3 ........
 4 ...//.//
 5 ../**.**
 6 ..//***/
 7 ....///.
 8 ........
===
   ABCDEFGH
 1 .4......
 2 .4.2222.
 3 ........
 4 ..***...
 5 ....*...
 6 ...1****
 7 ........
 8 ........
(Your move)>Hit
Ship sunk
(CPU move)>B4
Miss
   ABCDEFGH
 1 ........
 2 ....../.
 3 ........
 4 ...//.//
 5 ../*****
 6 ..//***/
 7 ....///.
 8 ........
===
   ABCDEFGH
 1 .4......
 2 .4.2222.
 3 ........
 4 ..***...
 5 ....*...
 6 ...1****
 7 ........
 8 ........
(Your move)>Miss
(CPU move)>F4
Miss
   ABCDEFGH
 1 ........
 2 ....../.
 3 ........
 4 .../////
 5 ../*****
 6 ..//***/
 7 ....///.
 8 ........
===
   ABCDEFGH
 1 .4......
 2 .4.2222.
 3 ........
 4 ..***...
 5 ....*...
 6 ...1****
 7 ........
 8 ........
(Your move)>Hit
(CPU move)>D5
Miss
   ABCDEFGH
 1 ........
 2 ....../.
 3 ........
 4 .../////
 5 ../*****
 6 ..//***/
 7 ....///.
 8 ......*.
===
   ABCDEFGH
 1 .4......
 2 .4.2222.
 3 ........
 4 ..***...
 5 ....*...
 6 ...1****
 7 ........
 8 ........
(Your move)>Hit
(CPU move)>D6
Hit
Ship sunk
   ABCDEFGH
 1 ........
 2 ....../.
 3 ........
 4 .../////
 5 ../*****
 6 ..//***/
 7 ....///.
 8 .....**.
===
   ABCDEFGH
 1 .4......
 2 .4.2222.
 3 ........
 4 ..***...
 5 ....*...
 6 ...*****
 7 ........
 8 ........
(Your move)>Hit
(CPU move)>D7
Miss
   ABCDEFGH
 1 ........
 2 ....../.
 3 ........
 4 .../////
 5 ../*****
 6 ..//***/
 7 ....///.
 8 ....***.
===
   ABCDEFGH
 1 .4......
 2 .4.2222.
 3 ........
 4 ..***...
 5 ....*...
 6 ...*****
 7 ........
 8 ........
(Your move)>Hit
Ship sunk
(CPU move)>C6
Miss
   ABCDEFGH
 1 ........
 2 ....../.
 3 ........
 4 .../////
 5 ../*****
 6 ..//***/
 7 ....///.
 8 ...****.
===
   ABCDEFGH
 1 .4......
 2 .4.2222.
 3 ........
 4 ..***...
 5 ....*...
 6 ...*****
 7 ........
 8 ........
(Your move)>Miss
(CPU move)>A4
Miss
   ABCDEFGH
 1 ........
 2 ....../.
 3 ........
 4 .../////
 5 ../*****
 6 ..//***/
 7 ...////.
 8 ...****.
===
   ABCDEFGH
 1 .4......
 2 .4.2222.
 3 ........
 4 ..***...
 5 ....*...
 6 ...*****
 7 ........
 8 ........
(Your move)>Miss
(CPU move)>G2
Hit
   ABCDEFGH
 1 ........
 2 ....../.
 3 ........
 4 .../////
 5 ../*****
 6 ..//***/
 7 ...////.
 8 ../****.
===
   ABCDEFGH
 1 .4......
 2 .4.222*.
 3 ........
 4 ..***...
 5 ....*...
 6 ...*****
 7 ........
 8 ........
(Your move)>Miss
(CPU move)>G3
Miss
   ABCDEFGH
 1 ........
 2 ....../.
 3 ........
 4 .../////
 5 ../*****
 6 ..//***/
 7 ...////.
 8 ../****/
===
   ABCDEFGH
 1 .4......
 2 .4.222*.
 3 ........
 4 ..***...
 5 ....*...
 6 ...*****
 7 ........
 8 ........
(Your move)>Miss
(CPU move)>G1
Miss
   ABCDEFGH
 1 ......./
 2 ....../.
 3 ........
 4 .../////
 5 ../*****
 6 ..//***/
 7 ...////.
 8 ../****/
===
   ABCDEFGH
 1 .4......
 2 .4.222*.
 3 ........
 4 ..***...
 5 ....*...
 6 ...*****
 7 ........
 8 ........
(Your move)>Miss
(CPU move)>F2
Hit
   ABCDEFGH
 1 ......./
 2 ....../.
 3 ..../...
 4 .../////
 5 ../*****
 6 ..//***/
 7 ...////.
 8 ../****/
===
   ABCDEFGH
 1 .4......
 2 .4.22**.
 3 ........
 4 ..***...
 5 ....*...
 6 ...*****
 7 ........
 8 ........
(Your move)>Miss
(CPU move)>F3
Miss
   ABCDEFGH
 1 ......./
 2 ....../.
 3 ..../...
 4 .../////
 5 ../*****
 6 .///***/
 7 ...////.
 8 ../****/
===
   ABCDEFGH
 1 .4......
 2 .4.22**.
 3 ........
 4 ..***...
 5 ....*...
 6 ...*****
 7 ........
 8 ........
(Your move)>Miss
(CPU move)>F1
Miss
   ABCDEFGH
 1 ......./
 2 ....../.
 3 .././...
 4 .../////
 5 ../*****
 6 .///***/
 7 ...////.
 8 ../****/
===
   ABCDEFGH
 1 .4......
 2 .4.22**.
 3 ........
 4 ..***...
 5 ....*...
 6 ...*****
 7 ........
 8 ........
(Your move)>Miss
(CPU move)>E2
Hit
   ABCDEFGH
 1 ......./
 2 .../../.
 3 .././...
 4 .../////
 5 ../*****
 6 .///***/
 7 ...////.
 8 ../****/
===
   ABCDEFGH
 1 .4......
 2 .4.2***.
 3 ........
 4 ..***...
 5 ....*...
 6 ...*****
 7 ........
 8 ........
(Your move)>Miss
(CPU move)>E1
Miss
   ABCDEFGH
 1 ......./
 2 .../../.
 3 .././...
 4 .../////
 5 /./*****
 6 .///***/
 7 ...////.
 8 ../****/
===
   ABCDEFGH
 1 .4......
 2 .4.2***.
 3 ........
 4 ..***...
 5 ....*...
 6 ...*****
 7 ........
 8 ........
(Your move)>Miss
(CPU move)>D2
Hit
Ship sunk
   ABCDEFGH
 1 ......./
 2 .../../.
 3 .././...
 4 .../////
 5 /./*****
 6 .///***/
 7 ...////.
 8 /./****/
===
   ABCDEFGH
 1 .4......
 2 .4.****.
 3 ........
 4 ..***...
 5 ....*...
 6 ...*****
 7 ........
 8 ........
(Your move)>Miss
(CPU move)>D1
Miss
   ABCDEFGH
 1 ......./
 2 .../../.
 3 ..///...
 4 .../////
 5 /./*****
 6 .///***/
 7 ...////.
 8 /./****/
===
   ABCDEFGH
 1 .4......
 2 .4.****.
 3 ........
 4 ..***...
 5 ....*...
 6 ...*****
 7 ........
 8 ........
(Your move)>Miss
(CPU move)>C2
Miss
   ABCDEFGH
 1 ......./
 2 .../../.
 3 ..///...
 4 .../////
 5 /./*****
 6 .///***/
 7 ../////.
 8 /./****/
===
   ABCDEFGH
 1 .4......
 2 .4.****.
 3 ........
 4 ..***...
 5 ....*...
 6 ...*****
 7 ........
 8 ........
(Your move)>Miss
(CPU move)>H2
Miss
   ABCDEFGH
 1 ......./
 2 .../../.
 3 ..///...
 4 .../////
 5 /./*****
 6 .///***/
 7 ../////.
 8 ///****/
===
   ABCDEFGH
 1 .4......
 2 .4.****.
 3 ........
 4 ..***...
 5 ....*...
 6 ...*****
 7 ........
 8 ........
(Your move)>Miss
(CPU move)>A2
Miss
   ABCDEFGH
 1 ......./
 2 .../../.
 3 /.///...
 4 .../////
 5 /./*****
 6 .///***/
 7 ../////.
 8 ///****/
===
   ABCDEFGH
 1 .4......
 2 .4.****.
 3 ........
 4 ..***...
 5 ....*...
 6 ...*****
 7 ........
 8 ........
(Your move)>Miss
(CPU move)>A6
Miss
   ABCDEFGH
 1 ......./
 2 .../../.
 3 /.///...
 4 /../////
 5 /./*****
 6 .///***/
 7 ../////.
 8 ///****/
===
   ABCDEFGH
 1 .4......
 2 .4.****.
 3 ........
 4 ..***...
 5 ....*...
 6 ...*****
 7 ........
 8 ........
(Your move)>Miss
(CPU move)>H4
Miss
   ABCDEFGH
 1 ../..../
 2 .../../.
 3 /.///...
 4 /../////
 5 /./*****
 6 .///***/
 7 ../////.
 8 ///****/
===
   ABCDEFGH
 1 .4......
 2 .4.****.
 3 ........
 4 ..***...
 5 ....*...
 6 ...*****
 7 ........
 8 ........
(Your move)>Miss
(CPU move)>B8
Miss
   ABCDEFGH
 1 /./..../
 2 .../../.
 3 /.///...
 4 /../////
 5 /./*****
 6 .///***/
 7 ../////.
 8 ///****/
===
   ABCDEFGH
 1 .4......
 2 .4.****.
 3 ........
 4 ..***...
 5 ....*...
 6 ...*****
 7 ........
 8 ........
(Your move)>Miss
(CPU move)>A8
Miss
   ABCDEFGH
 1 /./..../
 2 .../../.
 3 /.///...
 4 /.//////
 5 /./*****
 6 .///***/
 7 ../////.
 8 ///****/
===
   ABCDEFGH
 1 .4......
 2 .4.****.
 3 ........
 4 ..***...
 5 ....*...
 6 ...*****
 7 ........
 8 ........
(Your move)>Miss
(CPU move)>A1
Miss
   ABCDEFGH
 1 /./..../
 2 .../../.
 3 /.///../
 4 /.//////
 5 /./*****
 6 .///***/
 7 ../////.
 8 ///****/
===
   ABCDEFGH
 1 .4......
 2 .4.****.
 3 ........
 4 ..***...
 5 ....*...
 6 ...*****
 7 ........
 8 ........
(Your move)>Miss
(CPU move)>H8
Miss
   ABCDEFGH
 1 ///..../
 2 .../../.
 3 /.///../
 4 /.//////
 5 /./*****
 6 .///***/
 7 ../////.
 8 ///****/
===
   ABCDEFGH
 1 .4......
 2 .4.****.
 3 ........
 4 ..***...
 5 ....*...
 6 ...*****
 7 ........
 8 ........
(Your move)>Miss
(CPU move)>A5
Miss
   ABCDEFGH
 1 ///..../
 2 .../../.
 3 /.////./
 4 /.//////
 5 /./*****
 6 .///***/
 7 ../////.
 8 ///****/
===
   ABCDEFGH
 1 .4......
 2 .4.****.
 3 ........
 4 ..***...
 5 ....*...
 6 ...*****
 7 ........
 8 ........
(Your move)>Miss
(CPU move)>C8
Miss
   ABCDEFGH
 1 ///..../
 2 .../../.
 3 //////./
 4 /.//////
 5 /./*****
 6 .///***/
 7 ../////.
 8 ///****/
===
   ABCDEFGH
 1 .4......
 2 .4.****.
 3 ........
 4 ..***...
 5 ....*...
 6 ...*****
 7 ........
 8 ........
(Your move)>Miss
(CPU move)>A3
Miss
   ABCDEFGH
 1 ///..../
 2 .../../.
 3 ////////
 4 /.//////
 5 /./*****
 6 .///***/
 7 ../////.
 8 ///****/
===
   ABCDEFGH
 1 .4......
 2 .4.****.
 3 ........
 4 ..***...
 5 ....*...
 6 ...*****
 7 ........
 8 ........
(Your move)>Miss
(CPU move)>B5
Miss
   ABCDEFGH
 1 ///..../
 2 .../../.
 3 ////////
 4 /.//////
 5 ///*****
 6 .///***/
 7 ../////.
 8 ///****/
===
   ABCDEFGH
 1 .4......
 2 .4.****.
 3 ........
 4 ..***...
 5 ....*...
 6 ...*****
 7 ........
 8 ........
(Your move)>Miss
(CPU move)>C1
Miss
   ABCDEFGH
 1 ///..../
 2 .../../.
 3 ////////
 4 /.//////
 5 ///*****
 6 .///***/
 7 /./////.
 8 ///****/
===
   ABCDEFGH
 1 .4......
 2 .4.****.
 3 ........
 4 ..***...
 5 ....*...
 6 ...*****
 7 ........
 8 ........
(Your move)>Miss
(CPU move)>G4
Miss
   ABCDEFGH
 1 ///..../
 2 /../../.
 3 ////////
 4 /.//////
 5 ///*****
 6 .///***/
 7 /./////.
 8 ///****/
===
   ABCDEFGH
 1 .4......
 2 .4.****.
 3 ........
 4 ..***...
 5 ....*...
 6 ...*****
 7 ........
 8 ........
(Your move)>Miss
(CPU move)>H3
Miss
   ABCDEFGH
 1 ////.../
 2 /../../.
 3 ////////
 4 /.//////
 5 ///*****
 6 .///***/
 7 /./////.
 8 ///****/
===
   ABCDEFGH
 1 .4......
 2 .4.****.
 3 ........
 4 ..***...
 5 ....*...
 6 ...*****
 7 ........
 8 ........
(Your move)>Miss
(CPU move)>B7
Miss
   ABCDEFGH
 1 ////.../
 2 /..//./.
 3 ////////
 4 /.//////
 5 ///*****
 6 .///***/
 7 /./////.
 8 ///****/
===
   ABCDEFGH
 1 .4......
 2 .4.****.
 3 ........
 4 ..***...
 5 ....*...
 6 ...*****
 7 ........
 8 ........
(Your move)>Miss
(CPU move)>B1
Hit
   ABCDEFGH
 1 ////.../
 2 /.///./.
 3 ////////
 4 /.//////
 5 ///*****
 6 .///***/
 7 /./////.
 8 ///****/
===
   ABCDEFGH
 1 .*......
 2 .4.****.
 3 ........
 4 ..***...
 5 ....*...
 6 ...*****
 7 ........
 8 ........
(Your move)>Hit
(CPU move)>B2
Hit
Ship sunk
Game over - you lose
