   ABCDEFGH
 1 ........
 2 ........
 3 ........
 4 ........
 5 ........
 6 ........
 7 ........
 8 ........
===
   ABCDEFGH
 1 24.11111
 2 24......
 3 2.......
 4 2......3
 5 .....5.3
 6 .......3
 7 ........
 8 ........
(Your move)>Hit
(CPU move)>D2
Miss
   ABCDEFGH
 1 ........
 2 ........
 3 ........
 4 ........
 5 ........
 6 ........
 7 .*......
 8 ........
===
   ABCDEFGH
 1 24.11111
 2 24......
 3 2.......
 4 2......3
 5 .....5.3
 6 .......3
 7 ........
 8 ........
(Your move)>Miss
(CPU move)>H5
Hit
   ABCDEFGH
 1 ........
 2 ........
 3 ........
 4 ........
 5 ........
 6 ........
 7 .*......
 8 ./......
===
   ABCDEFGH
 1 24.11111
 2 24......
 3 2.......
 4 2......3
 5 .....5.*
 6 .......3
 7 ........
 8 ........
(Your move)>Miss
(CPU move)>H6
Hit
   ABCDEFGH
 1 ........
 2 ........
 3 ........
 4 ........
 5 ........
 6 ./......
 7 .*......
 8 ./......
===
   ABCDEFGH
 1 24.11111
 2 24......
 3 2.......
 4 2......3
 5 .....5.*
 6 .......*
 7 ........
 8 ........
(Your move)>Hit
(CPU move)>H7
Miss
   ABCDEFGH
 1 ........
 2 ........
 3 ........
 4 ........
 5 ........
 6 ./......
 7 **......
 8 ./......
===
   ABCDEFGH
 1 24.11111
 2 24......
 3 2.......
 4 2......3
 5 .....5.*
 6 .......*
 7 ........
 8 ........
(Your move)>Miss
(CPU move)>G6
Miss
   ABCDEFGH
 1 ........
 2 ........
 3 ........
 4 ........
 5 ........
 6 ./......
 7 **......
 8 //......
===
   ABCDEFGH
 1 24.11111
 2 24......
 3 2.......
 4 2......3
 5 .....5.*
 6 .......*
 7 ........
 8 ........
(Your move)>Miss
(CPU move)>H4
Hit
Ship sunk
   ABCDEFGH
 1 ........
 2 ........
 3 ........
 4 ........
 5 ........
 6 //......
 7 **......
 8 //......
===
   ABCDEFGH
 1 24.11111
 2 24......
 3 2.......
 4 2......*
 5 .....5.*
 6 .......*
 7 ........
 8 ........
(Your move)>Hit
(CPU move)>H3
Miss
   ABCDEFGH
 1 ........
 2 ........
 3 ........
 4 ........
 5 ........
 6 //......
 7 ***.....
 8 //......
===
   ABCDEFGH
 1 24.11111
 2 24......
 3 2.......
 4 2......*
 5 .....5.*
 6 .......*
 7 ........
 8 ........
(Your move)>Miss
(CPU move)>G4
Miss
   ABCDEFGH
 1 ........
 2 ........
 3 ........
 4 ........
 5 ........
 6 //......
 7 ***.....
 8 ///.....
===
   ABCDEFGH
 1 24.11111
 2 24......
 3 2.......
 4 2......*
 5 .....5.*
 6 .......*
 7 ........
 8 ........
(Your move)>Miss
(CPU move)>G5
Miss
   ABCDEFGH
 1 ........
 2 ........
 3 ........
 4 ........
 5 ........
 6 ///.....
 7 ***.....
 8 ///.....
===
   ABCDEFGH
 1 24.11111
 2 24......
 3 2.......
 4 2......*
 5 .....5.*
 6 .......*
 7 ........
 8 ........
(Your move)>Hit
Ship sunk
(CPU move)>B2
Hit
   ABCDEFGH
 1 ........
 2 ........
 3 ........
 4 ........
 5 ........
 6 ///.....
 7 ****....
 8 ///.....
===
   ABCDEFGH
 1 24.11111
 2 2*......
 3 2.......
 4 2......*
 5 .....5.*
 6 .......*
 7 ........
 8 ........
(Your move)>Miss
(CPU move)>B3
Miss
   ABCDEFGH
 1 ........
 2 ........
 3 ........
 4 ........
 5 ........
 6 ///.....
 7 ****....
 8 ////....
===
   ABCDEFGH
 1 24.11111
 2 2*......
 3 2.......
 4 2......*
 5 .....5.*
 6 .......*
 7 ........
 8 ........
(Your move)>Miss
(CPU move)>B1
Hit
Ship sunk
   ABCDEFGH
 1 ........
 2 ........
 3 ........
 4 ........
 5 ........
 6 ////....
 7 ****....
 8 ////....
===
   ABCDEFGH
 1 2*.11111
 2 2*......
 3 2.......
 4 2......*
 5 .....5.*
 6 .......*
 7 ........
 8 ........
(Your move)>Hit
(CPU move)>A1
Hit
   ABCDEFGH
 1 ........
 2 ........
 3 ........
 4 ........
 5 ........
 6 ////....
 7 *****...
 8 ////....
===
   ABCDEFGH
 1 **.11111
 2 2*......
 3 2.......
 4 2......*
 5 .....5.*
 6 .......*
 7 ........
 8 ........
(Your move)>Miss
(CPU move)>C1
Miss
   ABCDEFGH
 1 ........
 2 ........
 3 ........
 4 ........
 5 ........
 6 ////....
 7 *****...
 8 /////...
===
   ABCDEFGH
 1 **.11111
 2 2*......
 3 2.......
 4 2......*
 5 .....5.*
 6 .......*
 7 ........
 8 ........
(Your move)>Miss
(CPU move)>A2
Hit
   ABCDEFGH
 1 ........
 2 ........
 3 ........
 4 ........
 5 ........
 6 /////...
 7 *****...
 8 /////...
===
   ABCDEFGH
 1 **.11111
 2 **......
 3 2.......
 4 2......*
 5 .....5.*
 6 .......*
 7 ........
 8 ........
(Your move)>Hit
(CPU move)>A3
Hit
   ABCDEFGH
 1 ........
 2 ........
 3 ........
 4 ........
 5 ........
 6 /////...
 7 ******..
 8 /////...
===
   ABCDEFGH
 1 **.11111
 2 **......
 3 *.......
 4 2......*
 5 .....5.*
 6 .......*
 7 ........
 8 ........
(Your move)>Miss
(CPU move)>A4
Hit
Ship sunk
   ABCDEFGH
 1 ........
 2 ........
 3 ........
 4 ........
 5 ........
 6 /////...
 7 ******..
 8 //////..
===
   ABCDEFGH
 1 **.11111
 2 **......
 3 *.......
 4 *......*
 5 .....5.*
 6 .......*
 7 ........
 8 ........
(Your move)>Miss
(CPU move)>A5
Miss
   ABCDEFGH
 1 ........
 2 ........
 3 ........
 4 ........
 5 ........
 6 //////..
 7 ******..
 8 //////..
===
   ABCDEFGH
 1 **.11111
 2 **......
 3 *.......
 4 *......*
 5 .....5.*
 6 .......*
 7 ........
 8 ........
(Your move)>Hit
Ship sunk
(CPU move)>B4
Miss
   ABCDEFGH
 1 ........
 2 ........
 3 ........
 4 ........
 5 ........
 6 //////..
 7 *******.
 8 //////..
===
   ABCDEFGH
 1 **.11111
 2 **......
 3 *.......
 4 *......*
 5 .....5.*
 6 .......*
 7 ........
 8 ........
(Your move)>Miss
(CPU move)>C2
Miss
   ABCDEFGH
 1 ........
 2 ........
 3 ........
 4 ........
 5 ........
 6 //////..
 7 *******.
 8 ///////.
===
   ABCDEFGH
 1 **.11111
 2 **......
 3 *.......
 4 *......*
 5 .....5.*
 6 .......*
 7 ........
 8 ........
(Your move)>Miss
(CPU move)>H1
Hit
   ABCDEFGH
 1 ........
 2 ........
 3 ........
 4 ........
 5 ........
 6 ///////.
 7 *******.
 8 ///////.
===
   ABCDEFGH
 1 **.1111*
 2 **......
 3 *.......
 4 *......*
 5 .....5.*
 6 .......*
 7 ........
 8 ........
(Your move)>Miss
(CPU move)>H2
Miss
   ABCDEFGH
 1 ........
 2 ........
 3 ........
 4 ........
 5 ........
 6 ///////.
 7 *******/
 8 ///////.
===
   ABCDEFGH
 1 **.1111*
 2 **......
 3 *.......
 4 *......*
 5 .....5.*
 6 .......*
 7 ........
 8 ........
(Your move)>Miss
(CPU move)>G1
Hit
   ABCDEFGH
 1 ........
 2 ........
 3 ........
 4 ........
 5 ./......
 6 ///////.
 7 *******/
 8 ///////.
===
   ABCDEFGH
 1 **.111**
 2 **......
 3 *.......
 4 *......*
 5 .....5.*
 6 .......*
 7 ........
 8 ........
(Your move)>Miss
(CPU move)>G2
Miss
   ABCDEFGH
 1 ........
 2 ........
 3 ....../.
 4 ........
 5 ./......
 6 ///////.
 7 *******/
 8 ///////.
===
   ABCDEFGH
 1 **.111**
 2 **......
 3 *.......
 4 *......*
 5 .....5.*
 6 .......*
 7 ........
 8 ........
(Your move)>Miss
(CPU move)>F1
Hit
   ABCDEFGH
 1 ./......
 2 ........
 3 ....../.
 4 ........
 5 ./......
 6 ///////.
 7 *******/
 8 ///////.
===
   ABCDEFGH
 1 **.11***
 2 **......
 3 *.......
 4 *......*
 5 .....5.*
 6 .......*
 7 ........
 8 ........
(Your move)>Miss
(CPU move)>F2
Miss
   ABCDEFGH
 1 ./......
 2 /.......
 3 ....../.
 4 ........
 5 ./......
 6 ///////.
 7 *******/
 8 ///////.
===
   ABCDEFGH
 1 **.11***
 2 **......
 3 *.......
 4 *......*
 5 .....5.*
 6 .......*
 7 ........
 8 ........
(Your move)>Miss
(CPU move)>E1
Hit
   ABCDEFGH
 1 ./......
 2 /.......
 3 ....../.
 4 /.......
 5 ./......
 6 ///////.
 7 *******/
 8 ///////.
===
   ABCDEFGH
 1 **.1****
 2 **......
 3 *.......
 4 *......*
 5 .....5.*
 6 .......*
 7 ........
 8 ........
(Your move)>Miss
(CPU move)>E2
Miss
   ABCDEFGH
 1 ./......
 2 /.......
 3 ....../.
 4 /...../.
 5 ./......
 6 ///////.
 7 *******/
 8 ///////.
===
   ABCDEFGH
 1 **.1****
 2 **......
 3 *.......
 4 *......*
 5 .....5.*
 6 .......*
 7 ........
 8 ........
(Your move)>Hit
(CPU move)>D1
Hit
Ship sunk
   ABCDEFGH
 1 ./......
 2 /.......
 3 ....../.
 4 /...../.
 5 ./..*...
 6 ///////.
 7 *******/
 8 ///////.
===
   ABCDEFGH
 1 **.*****
 2 **......
 3 *.......
 4 *......*
 5 .....5.*
 6 .......*
 7 ........
 8 ........
(Your move)>Miss
(CPU move)>D3
Miss
   ABCDEFGH
 1 ./......
 2 /.......
 3 ....../.
 4 /..././.
 5 ./..*...
 6 ///////.
 7 *******/
 8 ///////.
===
   ABCDEFGH
 1 **.*****
 2 **......
 3 *.......
 4 *......*
 5 .....5.*
 6 .......*
 7 ........
 8 ........
(Your move)>Hit
(CPU move)>D5
Miss
   ABCDEFGH
 1 ./......
 2 /.......
 3 ....../.
 4 /..././.
 5 ./.**...
 6 ///////.
 7 *******/
 8 ///////.
===
   ABCDEFGH
 1 **.*****
 2 **......
 3 *.......
 4 *......*
 5 .....5.*
 6 .......*
 7 ........
 8 ........
(Your move)>Hit
Ship sunk
(CPU move)>F7
Miss
   ABCDEFGH
 1 ./......
 2 /.......
 3 ....../.
 4 /..*/./.
 5 ./.**...
 6 ///////.
 7 *******/
 8 ///////.
===
   ABCDEFGH
 1 **.*****
 2 **......
 3 *.......
 4 *......*
 5 .....5.*
 6 .......*
 7 ........
 8 ........
(Your move)>Hit
(CPU move)>B6
Miss
   ABCDEFGH
 1 ./......
 2 /.......
 3 ...*../.
 4 /..*/./.
 5 ./.**...
 6 ///////.
 7 *******/
 8 ///////.
===
   ABCDEFGH
 1 **.*****
 2 **......
 3 *.......
 4 *......*
 5 .....5.*
 6 .......*
 7 ........
 8 ........
(Your move)>Miss
(CPU move)>F6
Miss
   ABCDEFGH
 1 ./......
 2 /../....
 3 ...*../.
 4 /..*/./.
 5 ./.**...
 6 ///////.
 7 *******/
 8 ///////.
===
   ABCDEFGH
 1 **.*****
 2 **......
 3 *.......
 4 *......*
 5 .....5.*
 6 .......*
 7 ........
 8 ........
(Your move)>Miss
(CPU move)>A7
Miss
   ABCDEFGH
 1 ./......
 2 /../....
 3 ../*../.
 4 /..*/./.
 5 ./.**...
 6 ///////.
 7 *******/
 8 ///////.
===
   ABCDEFGH
 1 **.*****
 2 **......
 3 *.......
 4 *......*
 5 .....5.*
 6 .......*
 7 ........
 8 ........
(Your move)>Hit
Ship sunk
(CPU move)>E8
Miss
   ABCDEFGH
 1 ./......
 2 /../....
 3 ../**./.
 4 /..*/./.
 5 ./.**...
 6 ///////.
 7 *******/
 8 ///////.
===
   ABCDEFGH
 1 **.*****
 2 **......
 3 *.......
 4 *......*
 5 .....5.*
 6 .......*
 7 ........
 8 ........
(Your move)>Miss
(CPU move)>E7
Miss
   ABCDEFGH
 1 ./......
 2 /..//...
 3 ../**./.
 4 /..*/./.
 5 ./.**...
 6 ///////.
 7 *******/
 8 ///////.
===
   ABCDEFGH
 1 **.*****
 2 **......
 3 *.......
 4 *......*
 5 .....5.*
 6 .......*
 7 ........
 8 ........
(Your move)>Miss
(CPU move)>G8
Miss
   ABCDEFGH
 1 ./......
 2 /..//...
 3 ../**//.
 4 /..*/./.
 5 ./.**...
 6 ///////.
 7 *******/
 8 ///////.
===
   ABCDEFGH
 1 **.*****
 2 **......
 3 *.......
 4 *......*
 5 .....5.*
 6 .......*
 7 ........
 8 ........
(Your move)>Miss
(CPU move)>B5
Miss
   ABCDEFGH
 1 ./......
 2 /..//...
 3 ../**//.
 4 /./*/./.
 5 ./.**...
 6 ///////.
 7 *******/
 8 ///////.
===
   ABCDEFGH
 1 **.*****
 2 **......
 3 *.......
 4 *......*
 5 .....5.*
 6 .......*
 7 ........
 8 ........
(Your move)>Hit
(CPU move)>C8
Miss
   ABCDEFGH
 1 ./......
 2 /..//...
 3 ../**//.
 4 /./*/./.
 5 ./***...
 6 ///////.
 7 *******/
 8 ///////.
===
   ABCDEFGH
 1 **.*****
 2 **......
 3 *.......
 4 *......*
 5 .....5.*
 6 .......*
 7 ........
 8 ........
(Your move)>Hit
(CPU move)>A6
Miss
   ABCDEFGH
 1 ./......
 2 /..//...
 3 ../**//.
 4 /./*/./.
 5 ./****..
 6 ///////.
 7 *******/
 8 ///////.
===
   ABCDEFGH
 1 **.*****
 2 **......
 3 *.......
 4 *......*
 5 .....5.*
 6 .......*
 7 ........
 8 ........
(Your move)>Miss
(CPU move)>D6
Miss
   ABCDEFGH
 1 ./......
 2 /..//...
 3 ../**//.
 4 /./*///.
 5 ./****..
 6 ///////.
 7 *******/
 8 ///////.
===
   ABCDEFGH
 1 **.*****
 2 **......
 3 *.......
 4 *......*
 5 .....5.*
 6 .......*
 7 ........
 8 ........
(Your move)>Hit
Ship sunk
Game over - you win
