   ABCDEFGH
 1 ........
 2 ........
 3 ........
 4 ........
 5 ........
 6 ........
 7 ........
 8 ........
===
   ABCDEFGH
 1 ..5.....
 2 .....3.2
 3 .4...3.2
 4 .41..3.2
 5 ..1....2
 6 ..1.....
 7 ..1.....
 8 ..1.....
(Your move)>Miss
(CPU move)>a4
Bad guess
(CPU move)>C7
Hit
   ABCDEFGH
 1 ........
 2 ........
 3 ./......
 4 ........
 5 ........
 6 ........
 7 ........
 8 ........
===
   ABCDEFGH
 1 ..5.....
 2 .....3.2
 3 .4...3.2
 4 .41..3.2
 5 ..1....2
 6 ..1.....
 7 ..*.....
 8 ..1.....
(Your move)>Miss
(CPU move)>