   ABCDEFGH
 1 ........
 2 ........
 3 ........
 4 ........
 5 ........
 6 ........
 7 ........
 8 ........
===
   ABCDEFGH
 1 ..2.....
 2 ..2...1.
 3 ..2...1.
 4 ..2...1.
 5 ....441.
 6 ...53.1.
 7 ....3...
 8 ....3...
(Your move)>Miss
(CPU move)>X32
Bad guess
(CPU move)>AE
Bad guess
(CPU move)>A2
Miss
   ABCDEFGH
 1 ........
 2 ./......
 3 ........
 4 ........
 5 ........
 6 ........
 7 ........
 8 ........
===
   ABCDEFGH
 1 ..2.....
 2 ..2...1.
 3 ..2...1.
 4 ..2...1.
 5 ....441.
 6 ...53.1.
 7 ....3...
 8 ....3...
(Your move)>Hit
(CPU move)>Xii
Bad guess
(CPU move)>E7
Hit
   ABCDEFGH
 1 ........
 2 ./......
 3 ........
 4 ........
 5 ....*...
 6 ........
 7 ........
 8 ........
===
   ABCDEFGH
 1 ..2.....
 2 ..2...1.
 3 ..2...1.
 4 ..2...1.
 5 ....441.
 6 ...53.1.
 7 ....*...
 8 ....3...
(Your move)>Miss
(CPU move)>E8
Hit
   ABCDEFGH
 1 ........
 2 ./......
 3 ........
 4 ........
 5 ....*...
 6 ..../...
 7 ........
 8 ........
===
   ABCDEFGH
 1 ..2.....
 2 ..2...1.
 3 ..2...1.
 4 ..2...1.
 5 ....441.
 6 ...53.1.
 7 ....*...
 8 ....*...
(Your move)>Miss
(CPU move)>D8
Miss
   ABCDEFGH
 1 ........
 2 ./......
 3 ........
 4 ..../...
 5 ....*...
 6 ..../...
 7 ........
 8 ........
===
   ABCDEFGH
 1 ..2.....
 2 ..2...1.
 3 ..2...1.
 4 ..2...1.
 5 ....441.
 6 ...53.1.
 7 ....*...
 8 ....*...
(Your move)>Hit
(CPU move)>F8
Miss
   ABCDEFGH
 1 ........
 2 ./......
 3 ........
 4 ..../...
 5 ...**...
 6 ..../...
 7 ........
 8 ........
===
   ABCDEFGH
 1 ..2.....
 2 ..2...1.
 3 ..2...1.
 4 ..2...1.
 5 ....441.
 6 ...53.1.
 7 ....*...
 8 ....*...
(Your move)>Miss
(CPU move)>E6
Hit
Ship sunk
   ABCDEFGH
 1 ........
 2 ./......
 3 ........
 4 ..../...
 5 ...**...
 6 ...//...
 7 ........
 8 ........
===
   ABCDEFGH
 1 ..2.....
 2 ..2...1.
 3 ..2...1.
 4 ..2...1.
 5 ....441.
 6 ...5*.1.
 7 ....*...
 8 ....*...
(Your move)>Miss
(CPU move)>E5
Hit
   ABCDEFGH
 1 ........
 2 ./......
 3 ........
 4 ...//...
 5 ...**...
 6 ...//...
 7 ........
 8 ........
===
   ABCDEFGH
 1 ..2.....
 2 ..2...1.
 3 ..2...1.
 4 ..2...1.
 5 ....*41.
 6 ...5*.1.
 7 ....*...
 8 ....*...
(Your move)>Hit
Ship sunk
(CPU move)>E4
Miss
   ABCDEFGH
 1 ........
 2 ./......
 3 ........
 4 ...//...
 5 ..***...
 6 ...//...
 7 ........
 8 ........
===
   ABCDEFGH
 1 ..2.....
 2 ..2...1.
 3 ..2...1.
 4 ..2...1.
 5 ....*41.
 6 ...5*.1.
 7 ....*...
 8 ....*...
(Your move)>Miss
(CPU move)>D5
Miss
   ABCDEFGH
 1 ........
 2 ./......
 3 ........
 4 ...//...
 5 ..***...
 6 ..///...
 7 ........
 8 ........
===
   ABCDEFGH
 1 ..2.....
 2 ..2...1.
 3 ..2...1.
 4 ..2...1.
 5 ....*41.
 6 ...5*.1.
 7 ....*...
 8 ....*...
(Your move)>Miss
(CPU move)>F5
Hit
Ship sunk
   ABCDEFGH
 1 ........
 2 ./......
 3 ........
 4 ..///...
 5 ..***...
 6 ..///...
 7 ........
 8 ........
===
   ABCDEFGH
 1 ..2.....
 2 ..2...1.
 3 ..2...1.
 4 ..2...1.
 5 ....**1.
 6 ...5*.1.
 7 ....*...
 8 ....*...
(Your move)>Miss
(CPU move)>F4
Miss
   ABCDEFGH
 1 ........
 2 ./......
 3 ........
 4 ..///...
 5 ./***...
 6 ..///...
 7 ........
 8 ........
===
   ABCDEFGH
 1 ..2.....
 2 ..2...1.
 3 ..2...1.
 4 ..2...1.
 5 ....**1.
 6 ...5*.1.
 7 ....*...
 8 ....*...
(Your move)>Miss
(CPU move)>G5
Hit
   ABCDEFGH
 1 ........
 2 ./......
 3 ........
 4 ..///...
 5 ./***/..
 6 ..///...
 7 ........
 8 ........
===
   ABCDEFGH
 1 ..2.....
 2 ..2...1.
 3 ..2...1.
 4 ..2...1.
 5 ....***.
 6 ...5*.1.
 7 ....*...
 8 ....*...
(Your move)>Miss
(CPU move)>G6
Hit
   ABCDEFGH
 1 ........
 2 ./......
 3 ........
 4 ..///...
 5 ./***/..
 6 ..///...
 7 ........
 8 ...../..
===
   ABCDEFGH
 1 ..2.....
 2 ..2...1.
 3 ..2...1.
 4 ..2...1.
 5 ....***.
 6 ...5*.*.
 7 ....*...
 8 ....*...
(Your move)>Miss
(CPU move)>G7
Miss
   ABCDEFGH
 1 /.......
 2 ./......
 3 ........
 4 ..///...
 5 ./***/..
 6 ..///...
 7 ........
 8 ...../..
===
   ABCDEFGH
 1 ..2.....
 2 ..2...1.
 3 ..2...1.
 4 ..2...1.
 5 ....***.
 6 ...5*.*.
 7 ....*...
 8 ....*...
(Your move)>Miss
(CPU move)>H6
Miss
   ABCDEFGH
 1 /.......
 2 ./......
 3 ........
 4 ..///...
 5 ./***/..
 6 ..///...
 7 ......./
 8 ...../..
===
   ABCDEFGH
 1 ..2.....
 2 ..2...1.
 3 ..2...1.
 4 ..2...1.
 5 ....***.
 6 ...5*.*.
 7 ....*...
 8 ....*...
(Your move)>Miss
(CPU move)>G4
Hit
   ABCDEFGH
 1 /.......
 2 ./......
 3 ........
 4 ..///...
 5 ./***/..
 6 ..///...
 7 ......./
 8 ../../..
===
   ABCDEFGH
 1 ..2.....
 2 ..2...1.
 3 ..2...1.
 4 ..2...*.
 5 ....***.
 6 ...5*.*.
 7 ....*...
 8 ....*...
(Your move)>Miss
(CPU move)>G3
Hit
   ABCDEFGH
 1 /.......
 2 ./......
 3 ........
 4 ..///./.
 5 ./***/..
 6 ..///...
 7 ......./
 8 ../../..
===
   ABCDEFGH
 1 ..2.....
 2 ..2...1.
 3 ..2...*.
 4 ..2...*.
 5 ....***.
 6 ...5*.*.
 7 ....*...
 8 ....*...
(Your move)>Miss
(CPU move)>G2
Hit
Ship sunk
   ABCDEFGH
 1 /.......
 2 ./..../.
 3 ........
 4 ..///./.
 5 ./***/..
 6 ..///...
 7 ......./
 8 ../../..
===
   ABCDEFGH
 1 ..2.....
 2 ..2...*.
 3 ..2...*.
 4 ..2...*.
 5 ....***.
 6 ...5*.*.
 7 ....*...
 8 ....*...
(Your move)>Hit
(CPU move)>G1
Miss
   ABCDEFGH
 1 /.......
 2 ./..../.
 3 ........
 4 ..///./.
 5 */***/..
 6 ..///...
 7 ......./
 8 ../../..
===
   ABCDEFGH
 1 ..2.....
 2 ..2...*.
 3 ..2...*.
 4 ..2...*.
 5 ....***.
 6 ...5*.*.
 7 ....*...
 8 ....*...
(Your move)>Hit
(CPU move)>F2
Miss
   ABCDEFGH
 1 /.......
 2 ./..../.
 3 ........
 4 ..///./.
 5 */***/..
 6 *.///...
 7 ......./
 8 ../../..
===
   ABCDEFGH
 1 ..2.....
 2 ..2...*.
 3 ..2...*.
 4 ..2...*.
 5 ....***.
 6 ...5*.*.
 7 ....*...
 8 ....*...
(Your move)>Hit
(CPU move)>H2
Miss
   ABCDEFGH
 1 /.......
 2 ./..../.
 3 ........
 4 ..///./.
 5 */***/..
 6 *.///...
 7 *....../
 8 ../../..
===
   ABCDEFGH
 1 ..2.....
 2 ..2...*.
 3 ..2...*.
 4 ..2...*.
 5 ....***.
 6 ...5*.*.
 7 ....*...
 8 ....*...
(Your move)>Miss
(CPU move)>F3
Miss
   ABCDEFGH
 1 /.......
 2 ./..../.
 3 ........
 4 ..///./.
 5 */***/..
 6 *.///...
 7 *....../
 8 /./../..
===
   ABCDEFGH
 1 ..2.....
 2 ..2...*.
 3 ..2...*.
 4 ..2...*.
 5 ....***.
 6 ...5*.*.
 7 ....*...
 8 ....*...
(Your move)>Hit
(CPU move)>H3
Miss
   ABCDEFGH
 1 /.......
 2 ./..../.
 3 ........
 4 ..///./.
 5 */***/..
 6 *.///...
 7 **...../
 8 /./../..
===
   ABCDEFGH
 1 ..2.....
 2 ..2...*.
 3 ..2...*.
 4 ..2...*.
 5 ....***.
 6 ...5*.*.
 7 ....*...
 8 ....*...
(Your move)>Miss
(CPU move)>H4
Miss
   ABCDEFGH
 1 /.......
 2 ./..../.
 3 ........
 4 ..///./.
 5 */***/..
 6 *.///...
 7 **...../
 8 ///../..
===
   ABCDEFGH
 1 ..2.....
 2 ..2...*.
 3 ..2...*.
 4 ..2...*.
 5 ....***.
 6 ...5*.*.
 7 ....*...
 8 ....*...
(Your move)>Hit
Ship sunk
(CPU move)>H5
Miss
   ABCDEFGH
 1 /.......
 2 ./..../.
 3 ........
 4 ..///./.
 5 */***/..
 6 *.///...
 7 ***..../
 8 ///../..
===
   ABCDEFGH
 1 ..2.....
 2 ..2...*.
 3 ..2...*.
 4 ..2...*.
 5 ....***.
 6 ...5*.*.
 7 ....*...
 8 ....*...
(Your move)>Miss
(CPU move)>D6
Hit
Ship sunk
   ABCDEFGH
 1 /.......
 2 ./..../.
 3 ........
 4 ..///./.
 5 */***/..
 6 *.///...
 7 ***/.../
 8 ///../..
===
   ABCDEFGH
 1 ..2.....
 2 ..2...*.
 3 ..2...*.
 4 ..2...*.
 5 ....***.
 6 ...**.*.
 7 ....*...
 8 ....*...
(Your move)>Miss
(CPU move)>C6
Miss
   ABCDEFGH
 1 /.......
 2 ./..../.
 3 ........
 4 ..///./.
 5 */***/..
 6 *////...
 7 ***/.../
 8 ///../..
===
   ABCDEFGH
 1 ..2.....
 2 ..2...*.
 3 ..2...*.
 4 ..2...*.
 5 ....***.
 6 ...**.*.
 7 ....*...
 8 ....*...
(Your move)>Hit
Ship sunk
(CPU move)>F6
Miss
   ABCDEFGH
 1 /.......
 2 ./..../.
 3 ........
 4 *.///./.
 5 */***/..
 6 *////...
 7 ***/.../
 8 ///../..
===
   ABCDEFGH
 1 ..2.....
 2 ..2...*.
 3 ..2...*.
 4 ..2...*.
 5 ....***.
 6 ...**.*.
 7 ....*...
 8 ....*...
(Your move)>Hit
(CPU move)>D7
Miss
   ABCDEFGH
 1 /.......
 2 ./..../.
 3 *.......
 4 *.///./.
 5 */***/..
 6 *////...
 7 ***/.../
 8 ///../..
===
   ABCDEFGH
 1 ..2.....
 2 ..2...*.
 3 ..2...*.
 4 ..2...*.
 5 ....***.
 6 ...**.*.
 7 ....*...
 8 ....*...
(Your move)>Miss
(CPU move)>F7
Miss
   ABCDEFGH
 1 /.......
 2 //..../.
 3 *.......
 4 *.///./.
 5 */***/..
 6 *////...
 7 ***/.../
 8 ///../..
===
   ABCDEFGH
 1 ..2.....
 2 ..2...*.
 3 ..2...*.
 4 ..2...*.
 5 ....***.
 6 ...**.*.
 7 ....*...
 8 ....*...
(Your move)>Hit
(CPU move)>A1
Miss
   ABCDEFGH
 1 /.......
 2 //..../.
 3 **......
 4 *.///./.
 5 */***/..
 6 *////...
 7 ***/.../
 8 ///../..
===
   ABCDEFGH
 1 ..2.....
 2 ..2...*.
 3 ..2...*.
 4 ..2...*.
 5 ....***.
 6 ...**.*.
 7 ....*...
 8 ....*...
(Your move)>Hit
(CPU move)>C8
Miss
   ABCDEFGH
 1 /.......
 2 //..../.
 3 ***.....
 4 *.///./.
 5 */***/..
 6 *////...
 7 ***/.../
 8 ///../..
===
   ABCDEFGH
 1 ..2.....
 2 ..2...*.
 3 ..2...*.
 4 ..2...*.
 5 ....***.
 6 ...**.*.
 7 ....*...
 8 ....*...
(Your move)>Miss
(CPU move)>E1
Miss
   ABCDEFGH
 1 /.......
 2 ///.../.
 3 ***.....
 4 *.///./.
 5 */***/..
 6 *////...
 7 ***/.../
 8 ///../..
===
   ABCDEFGH
 1 ..2.....
 2 ..2...*.
 3 ..2...*.
 4 ..2...*.
 5 ....***.
 6 ...**.*.
 7 ....*...
 8 ....*...
(Your move)>Hit
(CPU move)>D4
Miss
   ABCDEFGH
 1 /.......
 2 ///.../.
 3 ****....
 4 *.///./.
 5 */***/..
 6 *////...
 7 ***/.../
 8 ///../..
===
   ABCDEFGH
 1 ..2.....
 2 ..2...*.
 3 ..2...*.
 4 ..2...*.
 5 ....***.
 6 ...**.*.
 7 ....*...
 8 ....*...
(Your move)>Miss
(CPU move)>H7
Miss
   ABCDEFGH
 1 /.......
 2 ////../.
 3 ****....
 4 *.///./.
 5 */***/..
 6 *////...
 7 ***/.../
 8 ///../..
===
   ABCDEFGH
 1 ..2.....
 2 ..2...*.
 3 ..2...*.
 4 ..2...*.
 5 ....***.
 6 ...**.*.
 7 ....*...
 8 ....*...
(Your move)>Hit
Ship sunk
(CPU move)>B8
Miss
   ABCDEFGH
 1 /.......
 2 ////../.
 3 *****...
 4 *.///./.
 5 */***/..
 6 *////...
 7 ***/.../
 8 ///../..
===
   ABCDEFGH
 1 ..2.....
 2 ..2...*.
 3 ..2...*.
 4 ..2...*.
 5 ....***.
 6 ...**.*.
 7 ....*...
 8 ....*...
(Your move)>Miss
(CPU move)>H1
Miss
   ABCDEFGH
 1 /.......
 2 /////./.
 3 *****...
 4 *.///./.
 5 */***/..
 6 *////...
 7 ***/.../
 8 ///../..
===
   ABCDEFGH
 1 ..2.....
 2 ..2...*.
 3 ..2...*.
 4 ..2...*.
 5 ....***.
 6 ...**.*.
 7 ....*...
 8 ....*...
(Your move)>Miss
(CPU move)>C3
Hit
   ABCDEFGH
 1 /.......
 2 /////./.
 3 *****/..
 4 *.///./.
 5 */***/..
 6 *////...
 7 ***/.../
 8 ///../..
===
   ABCDEFGH
 1 ..2.....
 2 ..2...*.
 3 ..*...*.
 4 ..2...*.
 5 ....***.
 6 ...**.*.
 7 ....*...
 8 ....*...
(Your move)>Miss
(CPU move)>C4
Hit
   ABCDEFGH
 1 /.......
 2 /////./.
 3 *****/..
 4 *////./.
 5 */***/..
 6 *////...
 7 ***/.../
 8 ///../..
===
   ABCDEFGH
 1 ..2.....
 2 ..2...*.
 3 ..*...*.
 4 ..*...*.
 5 ....***.
 6 ...**.*.
 7 ....*...
 8 ....*...
(Your move)>Miss
(CPU move)>C5
Miss
   ABCDEFGH
 1 /.......
 2 /////./.
 3 *****/..
 4 *////./.
 5 */***/..
 6 *////../
 7 ***/.../
 8 ///../..
===
   ABCDEFGH
 1 ..2.....
 2 ..2...*.
 3 ..*...*.
 4 ..*...*.
 5 ....***.
 6 ...**.*.
 7 ....*...
 8 ....*...
(Your move)>Miss
(CPU move)>B4
Miss
   ABCDEFGH
 1 /.......
 2 /////./.
 3 *****/..
 4 *////./.
 5 */***/..
 6 *////../
 7 ***//../
 8 ///../..
===
   ABCDEFGH
 1 ..2.....
 2 ..2...*.
 3 ..*...*.
 4 ..*...*.
 5 ....***.
 6 ...**.*.
 7 ....*...
 8 ....*...
(Your move)>Miss
(CPU move)>C2
Hit
   ABCDEFGH
 1 /..../..
 2 /////./.
 3 *****/..
 4 *////./.
 5 */***/..
 6 *////../
 7 ***//../
 8 ///../..
===
   ABCDEFGH
 1 ..2.....
 2 ..*...*.
 3 ..*...*.
 4 ..*...*.
 5 ....***.
 6 ...**.*.
 7 ....*...
 8 ....*...
(Your move)>Miss
(CPU move)>C1
Hit
Ship sunk
Game over - you lose
