   ABCDEFGH
 1 ........
 2 ........
 3 ........
 4 ........
 5 ........
 6 ........
 7 ........
 8 ........
===
   ABCDEFGH
 1 ........
 2 ........
 3 ........
 4 2222....
 5 .11111..
 6 ........
 7 44......
 8 .3335...
(Your move)>Miss
(CPU move)>F45
Bad guess
(CPU move)>D2
Miss
   ABCDEFGH
 1 /.......
 2 ........
 3 ........
 4 ........
 5 ........
 6 ........
 7 ........
 8 ........
===
   ABCDEFGH
 1 ........
 2 ........
 3 ........
 4 2222....
 5 .11111..
 6 ........
 7 44......
 8 .3335...
(Your move)>