   ABCDEFGH
 1 ........
 2 ........
 3 ........
 4 ........
 5 ........
 6 ........
 7 ........
 8 ........
===
   ABCDEFGH
 1 .253....
 2 .2.3....
 3 .2.3....
 4 .2......
 5 .11111..
 6 ........
 7 ........
 8 ....44..
(Your move)>Bad guess
(Your move)>Miss
(CPU move)>D6
Miss
   ABCDEFGH
 1 ........
 2 ........
 3 ........
 4 ....../.
 5 ........
 6 ........
 7 ........
 8 ........
===
   ABCDEFGH
 1 .253....
 2 .2.3....
 3 .2.3....
 4 .2......
 5 .11111..
 6 ........
 7 ........
 8 ....44..
(Your move)>Miss
(CPU move)>A4
Miss
   ABCDEFGH
 1 ........
 2 ........
 3 ........
 4 ....../.
 5 ...../..
 6 ........
 7 ........
 8 ........
===
   ABCDEFGH
 1 .253....
 2 .2.3....
 3 .2.3....
 4 .2......
 5 .11111..
 6 ........
 7 ........
 8 ....44..
(Your move)>Miss
(CPU move)>A7
Miss
   ABCDEFGH
 1 ......./
 2 ........
 3 ........
 4 ....../.
 5 ...../..
 6 ........
 7 ........
 8 ........
===
   ABCDEFGH
 1 .253....
 2 .2.3....
 3 .2.3....
 4 .2......
 5 .11111..
 6 ........
 7 ........
 8 ....44..
(Your move)>Miss
(CPU move)>E4
Miss
   ABCDEFGH
 1 ......./
 2 .../....
 3 ........
 4 ....../.
 5 ...../..
 6 ........
 7 ........
 8 ........
===
   ABCDEFGH
 1 .253....
 2 .2.3....
 3 .2.3....
 4 .2......
 5 .11111..
 6 ........
 7 ........
 8 ....44..
(Your move)>Miss
(CPU move)>F3
Miss
   ABCDEFGH
 1 ../..../
 2 .../....
 3 ........
 4 ....../.
 5 ...../..
 6 ........
 7 ........
 8 ........
===
   ABCDEFGH
 1 .253....
 2 .2.3....
 3 .2.3....
 4 .2......
 5 .11111..
 6 ........
 7 ........
 8 ....44..
(Your move)>Miss
(CPU move)>E6
Miss
   ABCDEFGH
 1 .//..../
 2 .../....
 3 ........
 4 ....../.
 5 ...../..
 6 ........
 7 ........
 8 ........
===
   ABCDEFGH
 1 .253....
 2 .2.3....
 3 .2.3....
 4 .2......
 5 .11111..
 6 ........
 7 ........
 8 ....44..
(Your move)>Hit
(CPU move)>G8
Miss
   ABCDEFGH
 1 .//..../
 2 *../....
 3 ........
 4 ....../.
 5 ...../..
 6 ........
 7 ........
 8 ........
===
   ABCDEFGH
 1 .253....
 2 .2.3....
 3 .2.3....
 4 .2......
 5 .11111..
 6 ........
 7 ........
 8 ....44..
(Your move)>Miss
(CPU move)>A1
Miss
   ABCDEFGH
 1 .//..../
 2 *../....
 3 /.......
 4 ....../.
 5 ...../..
 6 ........
 7 ........
 8 ........
===
   ABCDEFGH
 1 .253....
 2 .2.3....
 3 .2.3....
 4 .2......
 5 .11111..
 6 ........
 7 ........
 8 ....44..
(Your move)>Hit
Ship sunk
(CPU move)>B1
Hit
   ABCDEFGH
 1 *//..../
 2 *../....
 3 /.......
 4 ....../.
 5 ...../..
 6 ........
 7 ........
 8 ........
===
   ABCDEFGH
 1 .*53....
 2 .2.3....
 3 .2.3....
 4 .2......
 5 .11111..
 6 ........
 7 ........
 8 ....44..
(Your move)>Hit
Ship sunk
(CPU move)>B2
Hit
   ABCDEFGH
 1 *//..../
 2 **./....
 3 /.......
 4 ....../.
 5 ...../..
 6 ........
 7 ........
 8 ........
===
   ABCDEFGH
 1 .*53....
 2 .*.3....
 3 .2.3....
 4 .2......
 5 .11111..
 6 ........
 7 ........
 8 ....44..
(Your move)>Hit
(CPU move)>B3
Hit
   ABCDEFGH
 1 *//..../
 2 **./....
 3 /*......
 4 ....../.
 5 ...../..
 6 ........
 7 ........
 8 ........
===
   ABCDEFGH
 1 .*53....
 2 .*.3....
 3 .*.3....
 4 .2......
 5 .11111..
 6 ........
 7 ........
 8 ....44..
(Your move)>Miss
(CPU move)>B4
Hit
Ship sunk
   ABCDEFGH
 1 *//..../
 2 **./....
 3 /*......
 4 ./..../.
 5 ...../..
 6 ........
 7 ........
 8 ........
===
   ABCDEFGH
 1 .*53....
 2 .*.3....
 3 .*.3....
 4 .*......
 5 .11111..
 6 ........
 7 ........
 8 ....44..
(Your move)>Hit
(CPU move)>B5
Hit
   ABCDEFGH
 1 *//..../
 2 **./....
 3 /**.....
 4 ./..../.
 5 ...../..
 6 ........
 7 ........
 8 ........
===
   ABCDEFGH
 1 .*53....
 2 .*.3....
 3 .*.3....
 4 .*......
 5 .*1111..
 6 ........
 7 ........
 8 ....44..
(Your move)>Hit
(CPU move)>B6
Miss
   ABCDEFGH
 1 *//..../
 2 **./....
 3 /**.....
 4 ./*.../.
 5 ...../..
 6 ........
 7 ........
 8 ........
===
   ABCDEFGH
 1 .*53....
 2 .*.3....
 3 .*.3....
 4 .*......
 5 .*1111..
 6 ........
 7 ........
 8 ....44..
(Your move)>Hit
(CPU move)>A5
Miss
   ABCDEFGH
 1 *//..../
 2 **./....
 3 /**.....
 4 ./*.../.
 5 ..*../..
 6 ........
 7 ........
 8 ........
===
   ABCDEFGH
 1 .*53....
 2 .*.3....
 3 .*.3....
 4 .*......
 5 .*1111..
 6 ........
 7 ........
 8 ....44..
(Your move)>Hit
(CPU move)>C5
Hit
   ABCDEFGH
 1 *//..../
 2 **./....
 3 /**.....
 4 ./*.../.
 5 ..*../..
 6 ..*.....
 7 ........
 8 ........
===
   ABCDEFGH
 1 .*53....
 2 .*.3....
 3 .*.3....
 4 .*......
 5 .**111..
 6 ........
 7 ........
 8 ....44..
(Your move)>Hit
(CPU move)>C6
Miss
   ABCDEFGH
 1 *//..../
 2 **./....
 3 /**.....
 4 ./*.../.
 5 ..*../..
 6 ..*.....
 7 ..*.....
 8 ........
===
   ABCDEFGH
 1 .*53....
 2 .*.3....
 3 .*.3....
 4 .*......
 5 .**111..
 6 ........
 7 ........
 8 ....44..
(Your move)>Hit
Ship sunk
(CPU move)>D5
Hit
   ABCDEFGH
 1 *//..../
 2 **./....
 3 /**.....
 4 ./*.../.
 5 ..*../..
 6 ..*.....
 7 ..*.....
 8 ..*.....
===
   ABCDEFGH
 1 .*53....
 2 .*.3....
 3 .*.3....
 4 .*......
 5 .***11..
 6 ........
 7 ........
 8 ....44..
(Your move)>Miss
(CPU move)>D4
Miss
   ABCDEFGH
 1 *//..../
 2 **./....
 3 /**.....
 4 ./*.../.
 5 ..*../..
 6 ..*.....
 7 ..*.....
 8 ./*.....
===
   ABCDEFGH
 1 .*53....
 2 .*.3....
 3 .*.3....
 4 .*......
 5 .***11..
 6 ........
 7 ........
 8 ....44..
(Your move)>Miss
(CPU move)>E5
Hit
   ABCDEFGH
 1 *//..../
 2 **./....
 3 /**.....
 4 ./*.../.
 5 ..*../..
 6 ..*.....
 7 ..*.....
 8 ./*/....
===
   ABCDEFGH
 1 .*53....
 2 .*.3....
 3 .*.3....
 4 .*......
 5 .****1..
 6 ........
 7 ........
 8 ....44..
(Your move)>Miss
(CPU move)>F5
Hit
Ship sunk
   ABCDEFGH
 1 *//..../
 2 **./....
 3 /**.....
 4 ./*.../.
 5 ..*../..
 6 ..*.....
 7 ./*.....
 8 ./*/....
===
   ABCDEFGH
 1 .*53....
 2 .*.3....
 3 .*.3....
 4 .*......
 5 .*****..
 6 ........
 7 ........
 8 ....44..
(Your move)>Miss
(CPU move)>F6
Miss
   ABCDEFGH
 1 *//..../
 2 **./....
 3 /**.....
 4 ./*.../.
 5 ..*../..
 6 ..*.....
 7 ./*/....
 8 ./*/....
===
   ABCDEFGH
 1 .*53....
 2 .*.3....
 3 .*.3....
 4 .*......
 5 .*****..
 6 ........
 7 ........
 8 ....44..
(Your move)>Miss
(CPU move)>F4
Miss
   ABCDEFGH
 1 *//..../
 2 **./....
 3 /**.....
 4 ./*.../.
 5 ..*../..
 6 ./*.....
 7 ./*/....
 8 ./*/....
===
   ABCDEFGH
 1 .*53....
 2 .*.3....
 3 .*.3....
 4 .*......
 5 .*****..
 6 ........
 7 ........
 8 ....44..
(Your move)>Miss
(CPU move)>G5
Miss
   ABCDEFGH
 1 *//..../
 2 **./....
 3 /**.....
 4 ./*.../.
 5 ..*../..
 6 ./*/....
 7 ./*/....
 8 ./*/....
===
   ABCDEFGH
 1 .*53....
 2 .*.3....
 3 .*.3....
 4 .*......
 5 .*****..
 6 ........
 7 ........
 8 ....44..
(Your move)>Miss
(CPU move)>C4
Miss
   ABCDEFGH
 1 *//..../
 2 **./....
 3 /**.....
 4 ./*.../.
 5 ./*../..
 6 ./*/....
 7 ./*/....
 8 ./*/....
===
   ABCDEFGH
 1 .*53....
 2 .*.3....
 3 .*.3....
 4 .*......
 5 .*****..
 6 ........
 7 ........
 8 ....44..
(Your move)>Miss
(CPU move)>A3
Miss
   ABCDEFGH
 1 *//..../
 2 **./....
 3 /**.....
 4 ./*.../.
 5 ./*/./..
 6 ./*/....
 7 ./*/....
 8 ./*/....
===
   ABCDEFGH
 1 .*53....
 2 .*.3....
 3 .*.3....
 4 .*......
 5 .*****..
 6 ........
 7 ........
 8 ....44..
(Your move)>Hit
(CPU move)>C3
Miss
   ABCDEFGH
 1 *//..../
 2 **./....
 3 /**.....
 4 ./**../.
 5 ./*/./..
 6 ./*/....
 7 ./*/....
 8 ./*/....
===
   ABCDEFGH
 1 .*53....
 2 .*.3....
 3 .*.3....
 4 .*......
 5 .*****..
 6 ........
 7 ........
 8 ....44..
(Your move)>Hit
(CPU move)>A2
Miss
   ABCDEFGH
 1 *//..../
 2 **./....
 3 /**.....
 4 ./***./.
 5 ./*/./..
 6 ./*/....
 7 ./*/....
 8 ./*/....
===
   ABCDEFGH
 1 .*53....
 2 .*.3....
 3 .*.3....
 4 .*......
 5 .*****..
 6 ........
 7 ........
 8 ....44..
(Your move)>Miss
(CPU move)>C2
Miss
   ABCDEFGH
 1 *//..../
 2 **./....
 3 /**.....
 4 ./***./.
 5 ./*///..
 6 ./*/....
 7 ./*/....
 8 ./*/....
===
   ABCDEFGH
 1 .*53....
 2 .*.3....
 3 .*.3....
 4 .*......
 5 .*****..
 6 ........
 7 ........
 8 ....44..
(Your move)>Hit
(CPU move)>C1
Hit
Ship sunk
   ABCDEFGH
 1 *//..../
 2 **./....
 3 /**.*...
 4 ./***./.
 5 ./*///..
 6 ./*/....
 7 ./*/....
 8 ./*/....
===
   ABCDEFGH
 1 .**3....
 2 .*.3....
 3 .*.3....
 4 .*......
 5 .*****..
 6 ........
 7 ........
 8 ....44..
(Your move)>Miss
(CPU move)>D1
Hit
   ABCDEFGH
 1 *//..../
 2 **.//...
 3 /**.*...
 4 ./***./.
 5 ./*///..
 6 ./*/....
 7 ./*/....
 8 ./*/....
===
   ABCDEFGH
 1 .***....
 2 .*.3....
 3 .*.3....
 4 .*......
 5 .*****..
 6 ........
 7 ........
 8 ....44..
(Your move)>Miss
(CPU move)>D2
Hit
   ABCDEFGH
 1 *//..../
 2 **.//...
 3 /**.*/..
 4 ./***./.
 5 ./*///..
 6 ./*/....
 7 ./*/....
 8 ./*/....
===
   ABCDEFGH
 1 .***....
 2 .*.*....
 3 .*.3....
 4 .*......
 5 .*****..
 6 ........
 7 ........
 8 ....44..
(Your move)>Hit
Ship sunk
(CPU move)>D3
Hit
Ship sunk
   ABCDEFGH
 1 *//..../
 2 **.//...
 3 /**.*/..
 4 ./****/.
 5 ./*///..
 6 ./*/....
 7 ./*/....
 8 ./*/....
===
   ABCDEFGH
 1 .***....
 2 .*.*....
 3 .*.*....
 4 .*......
 5 .*****..
 6 ........
 7 ........
 8 ....44..
(Your move)>Hit
Ship sunk
Game over - you win
