   ABCDEFGH
 1 ........
 2 ........
 3 ........
 4 ........
 5 ........
 6 ........
 7 ........
 8 ........
===
   ABCDEFGH
 1 2.......
 2 2.......
 3 2.......
 4 2..11111
 5 .....44.
 6 .333....
 7 ........
 8 ...5....
(Your move)>Miss
(CPU move)>F2
Miss
   ABCDEFGH
 1 ../.....
 2 ........
 3 ........
 4 ........
 5 ........
 6 ........
 7 ........
 8 ........
===
   ABCDEFGH
 1 2.......
 2 2.......
 3 2.......
 4 2..11111
 5 .....44.
 6 .333....
 7 ........
 8 ...5....
(Your move)>Hit
(CPU move)>H4
Hit
   ABCDEFGH
 1 ../.....
 2 ........
 3 ........
 4 ........
 5 .*......
 6 ........
 7 ........
 8 ........
===
   ABCDEFGH
 1 2.......
 2 2.......
 3 2.......
 4 2..1111*
 5 .....44.
 6 .333....
 7 ........
 8 ...5....
(Your move)>Hit
(CPU move)>H5
Miss
   ABCDEFGH
 1 ../.....
 2 ........
 3 ........
 4 ........
 5 .*......
 6 .*......
 7 ........
 8 ........
===
   ABCDEFGH
 1 2.......
 2 2.......
 3 2.......
 4 2..1111*
 5 .....44.
 6 .333....
 7 ........
 8 ...5....
(Your move)>Miss
(CPU move)>H3
Miss
   ABCDEFGH
 1 ../.....
 2 ........
 3 ........
 4 ........
 5 .*......
 6 .*......
 7 ./......
 8 ........
===
   ABCDEFGH
 1 2.......
 2 2.......
 3 2.......
 4 2..1111*
 5 .....44.
 6 .333....
 7 ........
 8 ...5....
(Your move)>Hit
(CPU move)>G4
Hit
   ABCDEFGH
 1 ../.....
 2 ........
 3 ........
 4 ........
 5 .*......
 6 **......
 7 ./......
 8 ........
===
   ABCDEFGH
 1 2.......
 2 2.......
 3 2.......
 4 2..111**
 5 .....44.
 6 .333....
 7 ........
 8 ...5....
(Your move)>Miss
(CPU move)>G5
Hit
   ABCDEFGH
 1 ../.....
 2 ........
 3 ........
 4 ........
 5 .*......
 6 **......
 7 //......
 8 ........
===
   ABCDEFGH
 1 2.......
 2 2.......
 3 2.......
 4 2..111**
 5 .....4*.
 6 .333....
 7 ........
 8 ...5....
(Your move)>Hit
(CPU move)>G6
Miss
   ABCDEFGH
 1 ../.....
 2 ........
 3 ........
 4 ........
 5 .*......
 6 ***.....
 7 //......
 8 ........
===
   ABCDEFGH
 1 2.......
 2 2.......
 3 2.......
 4 2..111**
 5 .....4*.
 6 .333....
 7 ........
 8 ...5....
(Your move)>Bad guess
(Your move)>Miss
(CPU move)>F5
Hit
Ship sunk
   ABCDEFGH
 1 ../.....
 2 ........
 3 ........
 4 ........
 5 .*......
 6 ***.....
 7 ///.....
 8 ........
===
   ABCDEFGH
 1 2.......
 2 2.......
 3 2.......
 4 2..111**
 5 .....**.
 6 .333....
 7 ........
 8 ...5....
(Your move)>Hit
Ship sunk
(CPU move)>F6
Miss
   ABCDEFGH
 1 ../.....
 2 ........
 3 ........
 4 ........
 5 .*......
 6 ****....
 7 ///.....
 8 ........
===
   ABCDEFGH
 1 2.......
 2 2.......
 3 2.......
 4 2..111**
 5 .....**.
 6 .333....
 7 ........
 8 ...5....
(Your move)>Hit
(CPU move)>E5
Miss
   ABCDEFGH
 1 ../.....
 2 ........
 3 ........
 4 ........
 5 .*......
 6 ****....
 7 ///*....
 8 ........
===
   ABCDEFGH
 1 2.......
 2 2.......
 3 2.......
 4 2..111**
 5 .....**.
 6 .333....
 7 ........
 8 ...5....
(Your move)>Miss
(CPU move)>G3
Miss
   ABCDEFGH
 1 ../.....
 2 ........
 3 ........
 4 ........
 5 .*......
 6 ****....
 7 ///*....
 8 .../....
===
   ABCDEFGH
 1 2.......
 2 2.......
 3 2.......
 4 2..111**
 5 .....**.
 6 .333....
 7 ........
 8 ...5....
(Your move)>Hit
(CPU move)>F4
Hit
   ABCDEFGH
 1 ../.....
 2 ........
 3 ........
 4 ........
 5 .*......
 6 ****....
 7 ///**...
 8 .../....
===
   ABCDEFGH
 1 2.......
 2 2.......
 3 2.......
 4 2..11***
 5 .....**.
 6 .333....
 7 ........
 8 ...5....
(Your move)>Miss
(CPU move)>F3
Miss
   ABCDEFGH
 1 ../.....
 2 ........
 3 ........
 4 ........
 5 .*......
 6 ****....
 7 ///**...
 8 ...//...
===
   ABCDEFGH
 1 2.......
 2 2.......
 3 2.......
 4 2..11***
 5 .....**.
 6 .333....
 7 ........
 8 ...5....
(Your move)>Hit
(CPU move)>E4
Hit
   ABCDEFGH
 1 ../.....
 2 ........
 3 ........
 4 ........
 5 .*......
 6 ****....
 7 ///***..
 8 ...//...
===
   ABCDEFGH
 1 2.......
 2 2.......
 3 2.......
 4 2..1****
 5 .....**.
 6 .333....
 7 ........
 8 ...5....
(Your move)>Bad guess
(Your move)>Miss
(CPU move)>E3
Miss
   ABCDEFGH
 1 ../.....
 2 ........
 3 ........
 4 ........
 5 .*......
 6 ****....
 7 ///***..
 8 ...///..
===
   ABCDEFGH
 1 2.......
 2 2.......
 3 2.......
 4 2..1****
 5 .....**.
 6 .333....
 7 ........
 8 ...5....
(Your move)>Hit
Ship sunk
(CPU move)>D4
Hit
Ship sunk
   ABCDEFGH
 1 ../.....
 2 ........
 3 ........
 4 ........
 5 .*......
 6 ****.*..
 7 ///***..
 8 ...///..
===
   ABCDEFGH
 1 2.......
 2 2.......
 3 2.......
 4 2..*****
 5 .....**.
 6 .333....
 7 ........
 8 ...5....
(Your move)>Miss
(CPU move)>D5
Miss
   ABCDEFGH
 1 ../.....
 2 ........
 3 ........
 4 ........
 5 .*.../..
 6 ****.*..
 7 ///***..
 8 ...///..
===
   ABCDEFGH
 1 2.......
 2 2.......
 3 2.......
 4 2..*****
 5 .....**.
 6 .333....
 7 ........
 8 ...5....
(Your move)>Miss
(CPU move)>D3
Miss
   ABCDEFGH
 1 ../.....
 2 ........
 3 ........
 4 ........
 5 .*.../..
 6 ****.*/.
 7 ///***..
 8 ...///..
===
   ABCDEFGH
 1 2.......
 2 2.......
 3 2.......
 4 2..*****
 5 .....**.
 6 .333....
 7 ........
 8 ...5....
(Your move)>Hit
(CPU move)>C4
Miss
   ABCDEFGH
 1 ../.....
 2 ........
 3 ........
 4 ........
 5 .*.../..
 6 ****.*/.
 7 ///****.
 8 ...///..
===
   ABCDEFGH
 1 2.......
 2 2.......
 3 2.......
 4 2..*****
 5 .....**.
 6 .333....
 7 ........
 8 ...5....
(Your move)>Miss
(CPU move)>A2
Hit
   ABCDEFGH
 1 ../.....
 2 ........
 3 ........
 4 ........
 5 .*.../..
 6 ****.*/.
 7 ///****.
 8 ...////.
===
   ABCDEFGH
 1 2.......
 2 *.......
 3 2.......
 4 2..*****
 5 .....**.
 6 .333....
 7 ........
 8 ...5....
(Your move)>Hit
Ship sunk
(CPU move)>A3
Hit
   ABCDEFGH
 1 ../.....
 2 ........
 3 ........
 4 ........
 5 .*.../..
 6 ****.*/.
 7 ///*****
 8 ...////.
===
   ABCDEFGH
 1 2.......
 2 *.......
 3 *.......
 4 2..*****
 5 .....**.
 6 .333....
 7 ........
 8 ...5....
(Your move)>Miss
(CPU move)>A4
Hit
   ABCDEFGH
 1 ../.....
 2 ........
 3 ........
 4 ........
 5 .*.../..
 6 ****.*/.
 7 ///*****
 8 .../////
===
   ABCDEFGH
 1 2.......
 2 *.......
 3 *.......
 4 *..*****
 5 .....**.
 6 .333....
 7 ........
 8 ...5....
(Your move)>Miss
(CPU move)>A5
Miss
   ABCDEFGH
 1 ../.....
 2 ........
 3 ........
 4 ........
 5 .*.../..
 6 ****.*//
 7 ///*****
 8 .../////
===
   ABCDEFGH
 1 2.......
 2 *.......
 3 *.......
 4 *..*****
 5 .....**.
 6 .333....
 7 ........
 8 ...5....
(Your move)>Miss
(CPU move)>B4
Miss
   ABCDEFGH
 1 ../.....
 2 ........
 3 ........
 4 ........
 5 .*././..
 6 ****.*//
 7 ///*****
 8 .../////
===
   ABCDEFGH
 1 2.......
 2 *.......
 3 *.......
 4 *..*****
 5 .....**.
 6 .333....
 7 ........
 8 ...5....
(Your move)>Miss
(CPU move)>B3
Miss
   ABCDEFGH
 1 ../.....
 2 ........
 3 ........
 4 ........
 5 .*././..
 6 ****/*//
 7 ///*****
 8 .../////
===
   ABCDEFGH
 1 2.......
 2 *.......
 3 *.......
 4 *..*****
 5 .....**.
 6 .333....
 7 ........
 8 ...5....
(Your move)>Hit
Ship sunk
(CPU move)>A1
Hit
Ship sunk
   ABCDEFGH
 1 ../.....
 2 ........
 3 ........
 4 .*......
 5 .*././..
 6 ****/*//
 7 ///*****
 8 .../////
===
   ABCDEFGH
 1 *.......
 2 *.......
 3 *.......
 4 *..*****
 5 .....**.
 6 .333....
 7 ........
 8 ...5....
(Your move)>Miss
(CPU move)>B1
Miss
   ABCDEFGH
 1 ../.....
 2 ........
 3 ./......
 4 .*......
 5 .*././..
 6 ****/*//
 7 ///*****
 8 .../////
===
   ABCDEFGH
 1 *.......
 2 *.......
 3 *.......
 4 *..*****
 5 .....**.
 6 .333....
 7 ........
 8 ...5....
(Your move)>Miss
(CPU move)>B2
Miss
   ABCDEFGH
 1 ../.....
 2 ........
 3 ./......
 4 /*......
 5 .*././..
 6 ****/*//
 7 ///*****
 8 .../////
===
   ABCDEFGH
 1 *.......
 2 *.......
 3 *.......
 4 *..*****
 5 .....**.
 6 .333....
 7 ........
 8 ...5....
(Your move)>Miss
(CPU move)>B8
Miss
   ABCDEFGH
 1 ../.....
 2 ........
 3 ./......
 4 /*/.....
 5 .*././..
 6 ****/*//
 7 ///*****
 8 .../////
===
   ABCDEFGH
 1 *.......
 2 *.......
 3 *.......
 4 *..*****
 5 .....**.
 6 .333....
 7 ........
 8 ...5....
(Your move)>Miss
(CPU move)>C1
Miss
   ABCDEFGH
 1 ../.....
 2 ........
 3 ./......
 4 /*/.....
 5 /*././..
 6 ****/*//
 7 ///*****
 8 .../////
===
   ABCDEFGH
 1 *.......
 2 *.......
 3 *.......
 4 *..*****
 5 .....**.
 6 .333....
 7 ........
 8 ...5....
(Your move)>Miss
(CPU move)>D2
Miss
   ABCDEFGH
 1 ../.....
 2 ........
 3 ./......
 4 /*/.....
 5 /*//./..
 6 ****/*//
 7 ///*****
 8 .../////
===
   ABCDEFGH
 1 *.......
 2 *.......
 3 *.......
 4 *..*****
 5 .....**.
 6 .333....
 7 ........
 8 ...5....
(Your move)>Miss
(CPU move)>B6
Hit
   ABCDEFGH
 1 ../.....
 2 ./......
 3 ./......
 4 /*/.....
 5 /*//./..
 6 ****/*//
 7 ///*****
 8 .../////
===
   ABCDEFGH
 1 *.......
 2 *.......
 3 *.......
 4 *..*****
 5 .....**.
 6 .*33....
 7 ........
 8 ...5....
(Your move)>Miss
(CPU move)>B7
Miss
   ABCDEFGH
 1 ../.....
 2 ./......
 3 ./......
 4 /*/.../.
 5 /*//./..
 6 ****/*//
 7 ///*****
 8 .../////
===
   ABCDEFGH
 1 *.......
 2 *.......
 3 *.......
 4 *..*****
 5 .....**.
 6 .*33....
 7 ........
 8 ...5....
(Your move)>Miss
(CPU move)>B5
Miss
   ABCDEFGH
 1 ../../..
 2 ./......
 3 ./......
 4 /*/.../.
 5 /*//./..
 6 ****/*//
 7 ///*****
 8 .../////
===
   ABCDEFGH
 1 *.......
 2 *.......
 3 *.......
 4 *..*****
 5 .....**.
 6 .*33....
 7 ........
 8 ...5....
(Your move)>Miss
(CPU move)>A6
Miss
   ABCDEFGH
 1 ../../..
 2 ././....
 3 ./......
 4 /*/.../.
 5 /*//./..
 6 ****/*//
 7 ///*****
 8 .../////
===
   ABCDEFGH
 1 *.......
 2 *.......
 3 *.......
 4 *..*****
 5 .....**.
 6 .*33....
 7 ........
 8 ...5....
(Your move)>Miss
(CPU move)>C6
Hit
   ABCDEFGH
 1 ../../..
 2 ././....
 3 ./......
 4 /*/.../.
 5 /*//.//.
 6 ****/*//
 7 ///*****
 8 .../////
===
   ABCDEFGH
 1 *.......
 2 *.......
 3 *.......
 4 *..*****
 5 .....**.
 6 .**3....
 7 ........
 8 ...5....
(Your move)>Miss
(CPU move)>C7
Miss
   ABCDEFGH
 1 ../../..
 2 ././....
 3 ./../...
 4 /*/.../.
 5 /*//.//.
 6 ****/*//
 7 ///*****
 8 .../////
===
   ABCDEFGH
 1 *.......
 2 *.......
 3 *.......
 4 *..*****
 5 .....**.
 6 .**3....
 7 ........
 8 ...5....
(Your move)>Miss
(CPU move)>C5
Miss
   ABCDEFGH
 1 ../../..
 2 ./././..
 3 ./../...
 4 /*/.../.
 5 /*//.//.
 6 ****/*//
 7 ///*****
 8 .../////
===
   ABCDEFGH
 1 *.......
 2 *.......
 3 *.......
 4 *..*****
 5 .....**.
 6 .**3....
 7 ........
 8 ...5....
(Your move)>Miss
(CPU move)>D6
Hit
Ship sunk
   ABCDEFGH
 1 ../../..
 2 ./././..
 3 ./../...
 4 /*/.../.
 5 /*//.//.
 6 ****/*//
 7 ///*****
 8 /../////
===
   ABCDEFGH
 1 *.......
 2 *.......
 3 *.......
 4 *..*****
 5 .....**.
 6 .***....
 7 ........
 8 ...5....
(Your move)>Miss
(CPU move)>D7
Miss
   ABCDEFGH
 1 ../../..
 2 ./././..
 3 .//./...
 4 /*/.../.
 5 /*//.//.
 6 ****/*//
 7 ///*****
 8 /../////
===
   ABCDEFGH
 1 *.......
 2 *.......
 3 *.......
 4 *..*****
 5 .....**.
 6 .***....
 7 ........
 8 ...5....
(Your move)>Miss
(CPU move)>E6
Miss
   ABCDEFGH
 1 ../../..
 2 ./././..
 3 .//.//..
 4 /*/.../.
 5 /*//.//.
 6 ****/*//
 7 ///*****
 8 /../////
===
   ABCDEFGH
 1 *.......
 2 *.......
 3 *.......
 4 *..*****
 5 .....**.
 6 .***....
 7 ........
 8 ...5....
(Your move)>Miss
(CPU move)>F8
Miss
   ABCDEFGH
 1 ../../..
 2 .///./..
 3 .//.//..
 4 /*/.../.
 5 /*//.//.
 6 ****/*//
 7 ///*****
 8 /../////
===
   ABCDEFGH
 1 *.......
 2 *.......
 3 *.......
 4 *..*****
 5 .....**.
 6 .***....
 7 ........
 8 ...5....
(Your move)>Miss
(CPU move)>G1
Miss
   ABCDEFGH
 1 ../../..
 2 .///./..
 3 .//.//..
 4 /*/.../.
 5 /*/////.
 6 ****/*//
 7 ///*****
 8 /../////
===
   ABCDEFGH
 1 *.......
 2 *.......
 3 *.......
 4 *..*****
 5 .....**.
 6 .***....
 7 ........
 8 ...5....
(Your move)>Miss
(CPU move)>H7
Miss
   ABCDEFGH
 1 ../..//.
 2 .///./..
 3 .//.//..
 4 /*/.../.
 5 /*/////.
 6 ****/*//
 7 ///*****
 8 /../////
===
   ABCDEFGH
 1 *.......
 2 *.......
 3 *.......
 4 *..*****
 5 .....**.
 6 .***....
 7 ........
 8 ...5....
(Your move)>Miss
(CPU move)>C3
Miss
   ABCDEFGH
 1 ../..//.
 2 ./////..
 3 .//.//..
 4 /*/.../.
 5 /*/////.
 6 ****/*//
 7 ///*****
 8 /../////
===
   ABCDEFGH
 1 *.......
 2 *.......
 3 *.......
 4 *..*****
 5 .....**.
 6 .***....
 7 ........
 8 ...5....
(Your move)>Miss
(CPU move)>A8
Miss
   ABCDEFGH
 1 ../..//.
 2 ./////..
 3 ///.//..
 4 /*/.../.
 5 /*/////.
 6 ****/*//
 7 ///*****
 8 /../////
===
   ABCDEFGH
 1 *.......
 2 *.......
 3 *.......
 4 *..*****
 5 .....**.
 6 .***....
 7 ........
 8 ...5....
(Your move)>Hit
(CPU move)>E7
Miss
   ABCDEFGH
 1 ../..//.
 2 ./////..
 3 ///.//..
 4 /*/.../*
 5 /*/////.
 6 ****/*//
 7 ///*****
 8 /../////
===
   ABCDEFGH
 1 *.......
 2 *.......
 3 *.......
 4 *..*****
 5 .....**.
 6 .***....
 7 ........
 8 ...5....
(Your move)>Miss
(CPU move)>H6
Miss
   ABCDEFGH
 1 ../..//.
 2 ./////..
 3 ///.//..
 4 /*/.../*
 5 /*//////
 6 ****/*//
 7 ///*****
 8 /../////
===
   ABCDEFGH
 1 *.......
 2 *.......
 3 *.......
 4 *..*****
 5 .....**.
 6 .***....
 7 ........
 8 ...5....
(Your move)>Hit
(CPU move)>D1
Miss
   ABCDEFGH
 1 ../..//.
 2 ./////..
 3 ///.//.*
 4 /*/.../*
 5 /*//////
 6 ****/*//
 7 ///*****
 8 /../////
===
   ABCDEFGH
 1 *.......
 2 *.......
 3 *.......
 4 *..*****
 5 .....**.
 6 .***....
 7 ........
 8 ...5....
(Your move)>Hit
Ship sunk
Game over - you win
