   ABCDEFGH
 1 ........
 2 ........
 3 ........
 4 ........
 5 ........
 6 ........
 7 ........
 8 ........
===
   ABCDEFGH
 1 ...2....
 2 3..2....
 3 3.42..5.
 4 3.42....
 5 ........
 6 ........
 7 11111...
 8 ........
(Your move)>Miss
(CPU move)>B4
Miss
   ABCDEFGH
 1 ........
 2 ........
 3 ........
 4 ./......
 5 ........
 6 ........
 7 ........
 8 ........
===
   ABCDEFGH
 1 ...2....
 2 3..2....
 3 3.42..5.
 4 3.42....
 5 ........
 6 ........
 7 11111...
 8 ........
(Your move)>Miss
(CPU move)>G1
Miss
   ABCDEFGH
 1 ........
 2 ........
 3 ........
 4 ././....
 5 ........
 6 ........
 7 ........
 8 ........
===
   ABCDEFGH
 1 ...2....
 2 3..2....
 3 3.42..5.
 4 3.42....
 5 ........
 6 ........
 7 11111...
 8 ........
(Your move)>Miss
(CPU move)>C8
Miss
   ABCDEFGH
 1 ........
 2 ........
 3 ........
 4 ././....
 5 ........
 6 ........
 7 ...../..
 8 ........
===
   ABCDEFGH
 1 ...2....
 2 3..2....
 3 3.42..5.
 4 3.42....
 5 ........
 6 ........
 7 11111...
 8 ........
(Your move)>Miss
(CPU move)>B5
Miss
   ABCDEFGH
 1 ........
 2 ........
 3 ........
 4 ././....
 5 ........
 6 ........
 7 ....//..
 8 ........
===
   ABCDEFGH
 1 ...2....
 2 3..2....
 3 3.42..5.
 4 3.42....
 5 ........
 6 ........
 7 11111...
 8 ........
(Your move)>Hit
(CPU move)>B7
Hit
   ABCDEFGH
 1 ........
 2 ........
 3 ........
 4 ././...*
 5 ........
 6 ........
 7 ....//..
 8 ........
===
   ABCDEFGH
 1 ...2....
 2 3..2....
 3 3.42..5.
 4 3.42....
 5 ........
 6 ........
 7 1*111...
 8 ........
(Your move)>Hit
(CPU move)>B8
Miss
   ABCDEFGH
 1 ........
 2 ........
 3 ........
 4 ././...*
 5 .......*
 6 ........
 7 ....//..
 8 ........
===
   ABCDEFGH
 1 ...2....
 2 3..2....
 3 3.42..5.
 4 3.42....
 5 ........
 6 ........
 7 1*111...
 8 ........
(Your move)>Miss
(CPU move)>B6
Miss
   ABCDEFGH
 1 ........
 2 ........
 3 ........
 4 ././...*
 5 .......*
 6 ......./
 7 ....//..
 8 ........
===
   ABCDEFGH
 1 ...2....
 2 3..2....
 3 3.42..5.
 4 3.42....
 5 ........
 6 ........
 7 1*111...
 8 ........
(Your move)>Miss
(CPU move)>A7
Hit
   ABCDEFGH
 1 ........
 2 ........
 3 ........
 4 ././...*
 5 ....../*
 6 ......./
 7 ....//..
 8 ........
===
   ABCDEFGH
 1 ...2....
 2 3..2....
 3 3.42..5.
 4 3.42....
 5 ........
 6 ........
 7 **111...
 8 ........
(Your move)>Hit
(CPU move)>A8
Miss
   ABCDEFGH
 1 ........
 2 ........
 3 .......*
 4 ././...*
 5 ....../*
 6 ......./
 7 ....//..
 8 ........
===
   ABCDEFGH
 1 ...2....
 2 3..2....
 3 3.42..5.
 4 3.42....
 5 ........
 6 ........
 7 **111...
 8 ........
(Your move)>Hit
(CPU move)>A6
Miss
   ABCDEFGH
 1 ........
 2 .......*
 3 .......*
 4 ././...*
 5 ....../*
 6 ......./
 7 ....//..
 8 ........
===
   ABCDEFGH
 1 ...2....
 2 3..2....
 3 3.42..5.
 4 3.42....
 5 ........
 6 ........
 7 **111...
 8 ........
(Your move)>Hit
Ship sunk
(CPU move)>C7
Hit
   ABCDEFGH
 1 .......*
 2 .......*
 3 .......*
 4 ././...*
 5 ....../*
 6 ......./
 7 ....//..
 8 ........
===
   ABCDEFGH
 1 ...2....
 2 3..2....
 3 3.42..5.
 4 3.42....
 5 ........
 6 ........
 7 ***11...
 8 ........
(Your move)>Miss
(CPU move)>C6
Miss
   ABCDEFGH
 1 ....../*
 2 .......*
 3 .......*
 4 ././...*
 5 ....../*
 6 ......./
 7 ....//..
 8 ........
===
   ABCDEFGH
 1 ...2....
 2 3..2....
 3 3.42..5.
 4 3.42....
 5 ........
 6 ........
 7 ***11...
 8 ........
(Your move)>Miss
(CPU move)>D7
Hit
   ABCDEFGH
 1 ....../*
 2 ....../*
 3 .......*
 4 ././...*
 5 ....../*
 6 ......./
 7 ....//..
 8 ........
===
   ABCDEFGH
 1 ...2....
 2 3..2....
 3 3.42..5.
 4 3.42....
 5 ........
 6 ........
 7 ****1...
 8 ........
(Your move)>Miss
(CPU move)>D8
Miss
   ABCDEFGH
 1 ....../*
 2 ....../*
 3 ....../*
 4 ././...*
 5 ....../*
 6 ......./
 7 ....//..
 8 ........
===
   ABCDEFGH
 1 ...2....
 2 3..2....
 3 3.42..5.
 4 3.42....
 5 ........
 6 ........
 7 ****1...
 8 ........
(Your move)>